{"/workspace/AIProfilesPure/AIProfileManager.ts": {"path":"/workspace/AIProfilesPure/AIProfileManager.ts","statementMap":{"0":{"start":{"line":2,"column":0},"end":{"line":2,"column":62}},"1":{"start":{"line":3,"column":0},"end":{"line":3,"column":34}},"2":{"start":{"line":6,"column":8},"end":{"line":6,"column":34}},"3":{"start":{"line":7,"column":8},"end":{"line":7,"column":27}},"4":{"start":{"line":10,"column":8},"end":{"line":10,"column":30}},"5":{"start":{"line":11,"column":8},"end":{"line":12,"column":39}},"6":{"start":{"line":12,"column":12},"end":{"line":12,"column":39}},"7":{"start":{"line":15,"column":8},"end":{"line":15,"column":48}},"8":{"start":{"line":18,"column":8},"end":{"line":18,"column":40}},"9":{"start":{"line":21,"column":18},"end":{"line":21,"column":36}},"10":{"start":{"line":22,"column":8},"end":{"line":22,"column":22}},"11":{"start":{"line":23,"column":8},"end":{"line":23,"column":49}},"12":{"start":{"line":26,"column":18},"end":{"line":26,"column":36}},"13":{"start":{"line":27,"column":8},"end":{"line":27,"column":30}},"14":{"start":{"line":30,"column":18},"end":{"line":30,"column":36}},"15":{"start":{"line":31,"column":8},"end":{"line":31,"column":28}},"16":{"start":{"line":34,"column":8},"end":{"line":34,"column":49}},"17":{"start":{"line":37,"column":18},"end":{"line":37,"column":36}},"18":{"start":{"line":38,"column":8},"end":{"line":38,"column":50}},"19":{"start":{"line":39,"column":24},"end":{"line":39,"column":26}},"20":{"start":{"line":40,"column":8},"end":{"line":64,"column":9}},"21":{"start":{"line":42,"column":16},"end":{"line":42,"column":41}},"22":{"start":{"line":43,"column":16},"end":{"line":44,"column":41}},"23":{"start":{"line":44,"column":20},"end":{"line":44,"column":41}},"24":{"start":{"line":45,"column":16},"end":{"line":45,"column":22}},"25":{"start":{"line":47,"column":16},"end":{"line":48,"column":60}},"26":{"start":{"line":48,"column":20},"end":{"line":48,"column":60}},"27":{"start":{"line":49,"column":16},"end":{"line":50,"column":41}},"28":{"start":{"line":50,"column":20},"end":{"line":50,"column":41}},"29":{"start":{"line":51,"column":16},"end":{"line":51,"column":22}},"30":{"start":{"line":53,"column":16},"end":{"line":53,"column":39}},"31":{"start":{"line":54,"column":16},"end":{"line":54,"column":22}},"32":{"start":{"line":56,"column":16},"end":{"line":56,"column":39}},"33":{"start":{"line":57,"column":16},"end":{"line":57,"column":22}},"34":{"start":{"line":59,"column":16},"end":{"line":62,"column":41}},"35":{"start":{"line":60,"column":20},"end":{"line":60,"column":60}},"36":{"start":{"line":62,"column":20},"end":{"line":62,"column":41}},"37":{"start":{"line":63,"column":16},"end":{"line":63,"column":22}},"38":{"start":{"line":66,"column":22},"end":{"line":66,"column":43}},"39":{"start":{"line":67,"column":8},"end":{"line":70,"column":9}},"40":{"start":{"line":68,"column":12},"end":{"line":68,"column":67}},"41":{"start":{"line":69,"column":12},"end":{"line":69,"column":57}},"42":{"start":{"line":71,"column":8},"end":{"line":71,"column":90}},"43":{"start":{"line":74,"column":16},"end":{"line":74,"column":40}},"44":{"start":{"line":75,"column":8},"end":{"line":78,"column":9}},"45":{"start":{"line":76,"column":12},"end":{"line":76,"column":48}},"46":{"start":{"line":77,"column":12},"end":{"line":77,"column":40}},"47":{"start":{"line":79,"column":8},"end":{"line":79,"column":17}},"48":{"start":{"line":82,"column":0},"end":{"line":82,"column":44}}},"fnMap":{"0":{"name":"(anonymous_0)","decl":{"start":{"line":5,"column":4},"end":{"line":5,"column":5}},"loc":{"start":{"line":5,"column":28},"end":{"line":8,"column":5}},"line":5},"1":{"name":"(anonymous_1)","decl":{"start":{"line":9,"column":4},"end":{"line":9,"column":5}},"loc":{"start":{"line":9,"column":19},"end":{"line":13,"column":5}},"line":9},"2":{"name":"(anonymous_2)","decl":{"start":{"line":14,"column":4},"end":{"line":14,"column":5}},"loc":{"start":{"line":14,"column":19},"end":{"line":16,"column":5}},"line":14},"3":{"name":"(anonymous_3)","decl":{"start":{"line":17,"column":4},"end":{"line":17,"column":5}},"loc":{"start":{"line":17,"column":22},"end":{"line":19,"column":5}},"line":17},"4":{"name":"(anonymous_4)","decl":{"start":{"line":20,"column":4},"end":{"line":20,"column":5}},"loc":{"start":{"line":20,"column":28},"end":{"line":24,"column":5}},"line":20},"5":{"name":"(anonymous_5)","decl":{"start":{"line":25,"column":4},"end":{"line":25,"column":5}},"loc":{"start":{"line":25,"column":32},"end":{"line":28,"column":5}},"line":25},"6":{"name":"(anonymous_6)","decl":{"start":{"line":29,"column":4},"end":{"line":29,"column":5}},"loc":{"start":{"line":29,"column":30},"end":{"line":32,"column":5}},"line":29},"7":{"name":"(anonymous_7)","decl":{"start":{"line":33,"column":4},"end":{"line":33,"column":5}},"loc":{"start":{"line":33,"column":23},"end":{"line":35,"column":5}},"line":33},"8":{"name":"(anonymous_8)","decl":{"start":{"line":36,"column":4},"end":{"line":36,"column":5}},"loc":{"start":{"line":36,"column":28},"end":{"line":72,"column":5}},"line":36},"9":{"name":"(anonymous_9)","decl":{"start":{"line":73,"column":4},"end":{"line":73,"column":5}},"loc":{"start":{"line":73,"column":18},"end":{"line":80,"column":5}},"line":73}},"branchMap":{"0":{"loc":{"start":{"line":5,"column":16},"end":{"line":5,"column":26}},"type":"default-arg","locations":[{"start":{"line":5,"column":24},"end":{"line":5,"column":26}}],"line":5},"1":{"loc":{"start":{"line":34,"column":15},"end":{"line":34,"column":48}},"type":"binary-expr","locations":[{"start":{"line":34,"column":15},"end":{"line":34,"column":42}},{"start":{"line":34,"column":46},"end":{"line":34,"column":48}}],"line":34},"2":{"loc":{"start":{"line":40,"column":8},"end":{"line":64,"column":9}},"type":"switch","locations":[{"start":{"line":41,"column":12},"end":{"line":45,"column":22}},{"start":{"line":46,"column":12},"end":{"line":51,"column":22}},{"start":{"line":52,"column":12},"end":{"line":54,"column":22}},{"start":{"line":55,"column":12},"end":{"line":57,"column":22}},{"start":{"line":58,"column":12},"end":{"line":63,"column":22}}],"line":40},"3":{"loc":{"start":{"line":43,"column":16},"end":{"line":44,"column":41}},"type":"if","locations":[{"start":{"line":43,"column":16},"end":{"line":44,"column":41}},{"start":{},"end":{}}],"line":43},"4":{"loc":{"start":{"line":47,"column":16},"end":{"line":48,"column":60}},"type":"if","locations":[{"start":{"line":47,"column":16},"end":{"line":48,"column":60}},{"start":{},"end":{}}],"line":47},"5":{"loc":{"start":{"line":49,"column":16},"end":{"line":50,"column":41}},"type":"if","locations":[{"start":{"line":49,"column":16},"end":{"line":50,"column":41}},{"start":{},"end":{}}],"line":49},"6":{"loc":{"start":{"line":59,"column":16},"end":{"line":62,"column":41}},"type":"if","locations":[{"start":{"line":59,"column":16},"end":{"line":62,"column":41}},{"start":{"line":62,"column":20},"end":{"line":62,"column":41}}],"line":59},"7":{"loc":{"start":{"line":66,"column":23},"end":{"line":66,"column":39}},"type":"binary-expr","locations":[{"start":{"line":66,"column":23},"end":{"line":66,"column":33}},{"start":{"line":66,"column":37},"end":{"line":66,"column":39}}],"line":66},"8":{"loc":{"start":{"line":67,"column":8},"end":{"line":70,"column":9}},"type":"if","locations":[{"start":{"line":67,"column":8},"end":{"line":70,"column":9}},{"start":{},"end":{}}],"line":67},"9":{"loc":{"start":{"line":75,"column":8},"end":{"line":78,"column":9}},"type":"if","locations":[{"start":{"line":75,"column":8},"end":{"line":78,"column":9}},{"start":{},"end":{}}],"line":75}},"s":{"0":0,"1":0,"2":0,"3":0,"4":0,"5":0,"6":0,"7":0,"8":0,"9":0,"10":0,"11":0,"12":0,"13":0,"14":0,"15":0,"16":0,"17":0,"18":0,"19":0,"20":0,"21":0,"22":0,"23":0,"24":0,"25":0,"26":0,"27":0,"28":0,"29":0,"30":0,"31":0,"32":0,"33":0,"34":0,"35":0,"36":0,"37":0,"38":0,"39":0,"40":0,"41":0,"42":0,"43":0,"44":0,"45":0,"46":0,"47":0,"48":0},"f":{"0":0,"1":0,"2":0,"3":0,"4":0,"5":0,"6":0,"7":0,"8":0,"9":0},"b":{"0":[0],"1":[0,0],"2":[0,0,0,0,0],"3":[0,0],"4":[0,0],"5":[0,0],"6":[0,0],"7":[0,0],"8":[0,0],"9":[0,0]}}
,"/workspace/AIProfilesPure/cliHarness.ts": {"path":"/workspace/AIProfilesPure/cliHarness.ts","statementMap":{"0":{"start":{"line":3,"column":22},"end":{"line":5,"column":1}},"1":{"start":{"line":4,"column":4},"end":{"line":4,"column":62}},"2":{"start":{"line":6,"column":0},"end":{"line":6,"column":62}},"3":{"start":{"line":7,"column":13},"end":{"line":7,"column":43}},"4":{"start":{"line":8,"column":15},"end":{"line":8,"column":47}},"5":{"start":{"line":9,"column":27},"end":{"line":9,"column":56}},"6":{"start":{"line":11,"column":25},"end":{"line":11,"column":81}},"7":{"start":{"line":12,"column":25},"end":{"line":12,"column":46}},"8":{"start":{"line":13,"column":16},"end":{"line":13,"column":100}},"9":{"start":{"line":14,"column":16},"end":{"line":14,"column":18}},"10":{"start":{"line":15,"column":23},"end":{"line":15,"column":32}},"11":{"start":{"line":16,"column":22},"end":{"line":16,"column":31}},"12":{"start":{"line":17,"column":16},"end":{"line":33,"column":6}},"13":{"start":{"line":19,"column":24},"end":{"line":19,"column":40}},"14":{"start":{"line":20,"column":12},"end":{"line":23,"column":13}},"15":{"start":{"line":21,"column":16},"end":{"line":21,"column":36}},"16":{"start":{"line":22,"column":16},"end":{"line":22,"column":51}},"17":{"start":{"line":26,"column":24},"end":{"line":26,"column":62}},"18":{"start":{"line":27,"column":12},"end":{"line":30,"column":13}},"19":{"start":{"line":28,"column":16},"end":{"line":28,"column":35}},"20":{"start":{"line":29,"column":16},"end":{"line":29,"column":30}},"21":{"start":{"line":32,"column":38},"end":{"line":32,"column":68}},"22":{"start":{"line":34,"column":4},"end":{"line":34,"column":27}},"23":{"start":{"line":35,"column":17},"end":{"line":35,"column":143}},"24":{"start":{"line":36,"column":20},"end":{"line":36,"column":22}},"25":{"start":{"line":37,"column":4},"end":{"line":56,"column":5}},"26":{"start":{"line":38,"column":8},"end":{"line":55,"column":9}},"27":{"start":{"line":39,"column":12},"end":{"line":39,"column":79}},"28":{"start":{"line":40,"column":13},"end":{"line":55,"column":9}},"29":{"start":{"line":41,"column":12},"end":{"line":41,"column":56}},"30":{"start":{"line":42,"column":13},"end":{"line":55,"column":9}},"31":{"start":{"line":43,"column":12},"end":{"line":43,"column":85}},"32":{"start":{"line":44,"column":13},"end":{"line":55,"column":9}},"33":{"start":{"line":45,"column":12},"end":{"line":45,"column":44}},"34":{"start":{"line":46,"column":12},"end":{"line":46,"column":77}},"35":{"start":{"line":48,"column":13},"end":{"line":55,"column":9}},"36":{"start":{"line":49,"column":12},"end":{"line":49,"column":48}},"37":{"start":{"line":50,"column":12},"end":{"line":50,"column":85}},"38":{"start":{"line":52,"column":13},"end":{"line":55,"column":9}},"39":{"start":{"line":53,"column":12},"end":{"line":53,"column":46}},"40":{"start":{"line":54,"column":12},"end":{"line":54,"column":82}},"41":{"start":{"line":57,"column":4},"end":{"line":57,"column":59}},"42":{"start":{"line":59,"column":0},"end":{"line":60,"column":11}},"43":{"start":{"line":60,"column":4},"end":{"line":60,"column":11}}},"fnMap":{"0":{"name":"(anonymous_0)","decl":{"start":{"line":3,"column":56},"end":{"line":3,"column":57}},"loc":{"start":{"line":3,"column":71},"end":{"line":5,"column":1}},"line":3},"1":{"name":"main","decl":{"start":{"line":10,"column":9},"end":{"line":10,"column":13}},"loc":{"start":{"line":10,"column":16},"end":{"line":58,"column":1}},"line":10},"2":{"name":"(anonymous_2)","decl":{"start":{"line":18,"column":23},"end":{"line":18,"column":24}},"loc":{"start":{"line":18,"column":37},"end":{"line":24,"column":9}},"line":18},"3":{"name":"(anonymous_3)","decl":{"start":{"line":25,"column":27},"end":{"line":25,"column":28}},"loc":{"start":{"line":25,"column":38},"end":{"line":31,"column":9}},"line":25},"4":{"name":"(anonymous_4)","decl":{"start":{"line":32,"column":24},"end":{"line":32,"column":25}},"loc":{"start":{"line":32,"column":38},"end":{"line":32,"column":68}},"line":32}},"branchMap":{"0":{"loc":{"start":{"line":3,"column":22},"end":{"line":5,"column":1}},"type":"binary-expr","locations":[{"start":{"line":3,"column":23},"end":{"line":3,"column":27}},{"start":{"line":3,"column":31},"end":{"line":3,"column":51}},{"start":{"line":3,"column":56},"end":{"line":5,"column":1}}],"line":3},"1":{"loc":{"start":{"line":4,"column":11},"end":{"line":4,"column":61}},"type":"cond-expr","locations":[{"start":{"line":4,"column":37},"end":{"line":4,"column":40}},{"start":{"line":4,"column":43},"end":{"line":4,"column":61}}],"line":4},"2":{"loc":{"start":{"line":4,"column":12},"end":{"line":4,"column":33}},"type":"binary-expr","locations":[{"start":{"line":4,"column":12},"end":{"line":4,"column":15}},{"start":{"line":4,"column":19},"end":{"line":4,"column":33}}],"line":4},"3":{"loc":{"start":{"line":11,"column":25},"end":{"line":11,"column":81}},"type":"binary-expr","locations":[{"start":{"line":11,"column":25},"end":{"line":11,"column":40}},{"start":{"line":11,"column":44},"end":{"line":11,"column":81}}],"line":11},"4":{"loc":{"start":{"line":12,"column":25},"end":{"line":12,"column":46}},"type":"binary-expr","locations":[{"start":{"line":12,"column":25},"end":{"line":12,"column":40}},{"start":{"line":12,"column":44},"end":{"line":12,"column":46}}],"line":12},"5":{"loc":{"start":{"line":20,"column":12},"end":{"line":23,"column":13}},"type":"if","locations":[{"start":{"line":20,"column":12},"end":{"line":23,"column":13}},{"start":{},"end":{}}],"line":20},"6":{"loc":{"start":{"line":27,"column":12},"end":{"line":30,"column":13}},"type":"if","locations":[{"start":{"line":27,"column":12},"end":{"line":30,"column":13}},{"start":{},"end":{}}],"line":27},"7":{"loc":{"start":{"line":35,"column":17},"end":{"line":35,"column":143}},"type":"cond-expr","locations":[{"start":{"line":35,"column":32},"end":{"line":35,"column":116}},{"start":{"line":35,"column":119},"end":{"line":35,"column":143}}],"line":35},"8":{"loc":{"start":{"line":38,"column":8},"end":{"line":55,"column":9}},"type":"if","locations":[{"start":{"line":38,"column":8},"end":{"line":55,"column":9}},{"start":{"line":40,"column":13},"end":{"line":55,"column":9}}],"line":38},"9":{"loc":{"start":{"line":40,"column":13},"end":{"line":55,"column":9}},"type":"if","locations":[{"start":{"line":40,"column":13},"end":{"line":55,"column":9}},{"start":{"line":42,"column":13},"end":{"line":55,"column":9}}],"line":40},"10":{"loc":{"start":{"line":42,"column":13},"end":{"line":55,"column":9}},"type":"if","locations":[{"start":{"line":42,"column":13},"end":{"line":55,"column":9}},{"start":{"line":44,"column":13},"end":{"line":55,"column":9}}],"line":42},"11":{"loc":{"start":{"line":44,"column":13},"end":{"line":55,"column":9}},"type":"if","locations":[{"start":{"line":44,"column":13},"end":{"line":55,"column":9}},{"start":{"line":48,"column":13},"end":{"line":55,"column":9}}],"line":44},"12":{"loc":{"start":{"line":48,"column":13},"end":{"line":55,"column":9}},"type":"if","locations":[{"start":{"line":48,"column":13},"end":{"line":55,"column":9}},{"start":{"line":52,"column":13},"end":{"line":55,"column":9}}],"line":48},"13":{"loc":{"start":{"line":52,"column":13},"end":{"line":55,"column":9}},"type":"if","locations":[{"start":{"line":52,"column":13},"end":{"line":55,"column":9}},{"start":{},"end":{}}],"line":52},"14":{"loc":{"start":{"line":59,"column":0},"end":{"line":60,"column":11}},"type":"if","locations":[{"start":{"line":59,"column":0},"end":{"line":60,"column":11}},{"start":{},"end":{}}],"line":59}},"s":{"0":0,"1":0,"2":0,"3":0,"4":0,"5":0,"6":0,"7":0,"8":0,"9":0,"10":0,"11":0,"12":0,"13":0,"14":0,"15":0,"16":0,"17":0,"18":0,"19":0,"20":0,"21":0,"22":0,"23":0,"24":0,"25":0,"26":0,"27":0,"28":0,"29":0,"30":0,"31":0,"32":0,"33":0,"34":0,"35":0,"36":0,"37":0,"38":0,"39":0,"40":0,"41":0,"42":0,"43":0},"f":{"0":0,"1":0,"2":0,"3":0,"4":0},"b":{"0":[0,0,0],"1":[0,0],"2":[0,0],"3":[0,0],"4":[0,0],"5":[0,0],"6":[0,0],"7":[0,0],"8":[0,0],"9":[0,0],"10":[0,0],"11":[0,0],"12":[0,0],"13":[0,0],"14":[0,0]}}
,"/workspace/AudioMixerPure/cliHarness.ts": {"path":"/workspace/AudioMixerPure/cliHarness.ts","statementMap":{"0":{"start":{"line":3,"column":4},"end":{"line":4,"column":19}},"1":{"start":{"line":4,"column":8},"end":{"line":4,"column":19}},"2":{"start":{"line":5,"column":4},"end":{"line":5,"column":66}},"3":{"start":{"line":9,"column":8},"end":{"line":9,"column":25}},"4":{"start":{"line":10,"column":8},"end":{"line":10,"column":23}},"5":{"start":{"line":12,"column":29},"end":{"line":12,"column":63}},"6":{"start":{"line":13,"column":27},"end":{"line":13,"column":59}},"7":{"start":{"line":14,"column":13},"end":{"line":14,"column":73}},"8":{"start":{"line":17,"column":14},"end":{"line":17,"column":28}},"9":{"start":{"line":18,"column":16},"end":{"line":18,"column":18}},"10":{"start":{"line":19,"column":4},"end":{"line":31,"column":5}},"11":{"start":{"line":20,"column":8},"end":{"line":30,"column":59}},"12":{"start":{"line":21,"column":12},"end":{"line":28,"column":13}},"13":{"start":{"line":22,"column":16},"end":{"line":22,"column":50}},"14":{"start":{"line":23,"column":16},"end":{"line":23,"column":45}},"15":{"start":{"line":25,"column":17},"end":{"line":28,"column":13}},"16":{"start":{"line":26,"column":16},"end":{"line":26,"column":48}},"17":{"start":{"line":27,"column":16},"end":{"line":27,"column":43}},"18":{"start":{"line":30,"column":13},"end":{"line":30,"column":59}},"19":{"start":{"line":32,"column":4},"end":{"line":32,"column":36}},"20":{"start":{"line":35,"column":20},"end":{"line":35,"column":35}},"21":{"start":{"line":36,"column":4},"end":{"line":39,"column":5}},"22":{"start":{"line":37,"column":8},"end":{"line":37,"column":62}},"23":{"start":{"line":38,"column":8},"end":{"line":38,"column":24}},"24":{"start":{"line":40,"column":17},"end":{"line":40,"column":73}},"25":{"start":{"line":41,"column":16},"end":{"line":41,"column":25}},"26":{"start":{"line":42,"column":4},"end":{"line":42,"column":46}},"27":{"start":{"line":44,"column":0},"end":{"line":45,"column":11}},"28":{"start":{"line":45,"column":4},"end":{"line":45,"column":11}}},"fnMap":{"0":{"name":"linearToDb","decl":{"start":{"line":2,"column":9},"end":{"line":2,"column":19}},"loc":{"start":{"line":2,"column":28},"end":{"line":6,"column":1}},"line":2},"1":{"name":"(anonymous_1)","decl":{"start":{"line":8,"column":4},"end":{"line":8,"column":5}},"loc":{"start":{"line":8,"column":18},"end":{"line":11,"column":5}},"line":8},"2":{"name":"(anonymous_2)","decl":{"start":{"line":12,"column":4},"end":{"line":12,"column":5}},"loc":{"start":{"line":12,"column":27},"end":{"line":12,"column":65}},"line":12},"3":{"name":"(anonymous_3)","decl":{"start":{"line":13,"column":4},"end":{"line":13,"column":5}},"loc":{"start":{"line":13,"column":25},"end":{"line":13,"column":61}},"line":13},"4":{"name":"(anonymous_4)","decl":{"start":{"line":14,"column":4},"end":{"line":14,"column":5}},"loc":{"start":{"line":14,"column":11},"end":{"line":14,"column":75}},"line":14},"5":{"name":"run","decl":{"start":{"line":16,"column":9},"end":{"line":16,"column":12}},"loc":{"start":{"line":16,"column":19},"end":{"line":33,"column":1}},"line":16},"6":{"name":"main","decl":{"start":{"line":34,"column":9},"end":{"line":34,"column":13}},"loc":{"start":{"line":34,"column":16},"end":{"line":43,"column":1}},"line":34}},"branchMap":{"0":{"loc":{"start":{"line":3,"column":4},"end":{"line":4,"column":19}},"type":"if","locations":[{"start":{"line":3,"column":4},"end":{"line":4,"column":19}},{"start":{},"end":{}}],"line":3},"1":{"loc":{"start":{"line":20,"column":8},"end":{"line":30,"column":59}},"type":"if","locations":[{"start":{"line":20,"column":8},"end":{"line":30,"column":59}},{"start":{"line":30,"column":13},"end":{"line":30,"column":59}}],"line":20},"2":{"loc":{"start":{"line":21,"column":12},"end":{"line":28,"column":13}},"type":"if","locations":[{"start":{"line":21,"column":12},"end":{"line":28,"column":13}},{"start":{"line":25,"column":17},"end":{"line":28,"column":13}}],"line":21},"3":{"loc":{"start":{"line":25,"column":17},"end":{"line":28,"column":13}},"type":"if","locations":[{"start":{"line":25,"column":17},"end":{"line":28,"column":13}},{"start":{},"end":{}}],"line":25},"4":{"loc":{"start":{"line":30,"column":13},"end":{"line":30,"column":59}},"type":"if","locations":[{"start":{"line":30,"column":13},"end":{"line":30,"column":59}},{"start":{},"end":{}}],"line":30},"5":{"loc":{"start":{"line":36,"column":4},"end":{"line":39,"column":5}},"type":"if","locations":[{"start":{"line":36,"column":4},"end":{"line":39,"column":5}},{"start":{},"end":{}}],"line":36},"6":{"loc":{"start":{"line":44,"column":0},"end":{"line":45,"column":11}},"type":"if","locations":[{"start":{"line":44,"column":0},"end":{"line":45,"column":11}},{"start":{},"end":{}}],"line":44}},"s":{"0":0,"1":0,"2":0,"3":0,"4":0,"5":0,"6":0,"7":0,"8":0,"9":0,"10":0,"11":0,"12":0,"13":0,"14":0,"15":0,"16":0,"17":0,"18":0,"19":0,"20":0,"21":0,"22":0,"23":0,"24":0,"25":0,"26":0,"27":0,"28":0},"f":{"0":0,"1":0,"2":0,"3":0,"4":0,"5":0,"6":0},"b":{"0":[0,0],"1":[0,0],"2":[0,0],"3":[0,0],"4":[0,0],"5":[0,0],"6":[0,0]}}
,"/workspace/AutoBuilderCLI/cli.ts": {"path":"/workspace/AutoBuilderCLI/cli.ts","statementMap":{"0":{"start":{"line":3,"column":22},"end":{"line":5,"column":1}},"1":{"start":{"line":4,"column":4},"end":{"line":4,"column":62}},"2":{"start":{"line":6,"column":0},"end":{"line":6,"column":62}},"3":{"start":{"line":7,"column":13},"end":{"line":7,"column":43}},"4":{"start":{"line":8,"column":15},"end":{"line":8,"column":47}},"5":{"start":{"line":9,"column":28},"end":{"line":9,"column":77}},"6":{"start":{"line":11,"column":17},"end":{"line":11,"column":30}},"7":{"start":{"line":12,"column":4},"end":{"line":15,"column":5}},"8":{"start":{"line":13,"column":8},"end":{"line":13,"column":21}},"9":{"start":{"line":14,"column":8},"end":{"line":14,"column":24}},"10":{"start":{"line":16,"column":21},"end":{"line":16,"column":28}},"11":{"start":{"line":17,"column":14},"end":{"line":17,"column":16}},"12":{"start":{"line":18,"column":16},"end":{"line":18,"column":21}},"13":{"start":{"line":19,"column":14},"end":{"line":19,"column":25}},"14":{"start":{"line":20,"column":4},"end":{"line":31,"column":5}},"15":{"start":{"line":20,"column":17},"end":{"line":20,"column":18}},"16":{"start":{"line":21,"column":18},"end":{"line":21,"column":25}},"17":{"start":{"line":22,"column":8},"end":{"line":30,"column":9}},"18":{"start":{"line":23,"column":12},"end":{"line":23,"column":56}},"19":{"start":{"line":25,"column":13},"end":{"line":30,"column":9}},"20":{"start":{"line":26,"column":12},"end":{"line":26,"column":25}},"21":{"start":{"line":28,"column":13},"end":{"line":30,"column":9}},"22":{"start":{"line":29,"column":12},"end":{"line":29,"column":43}},"23":{"start":{"line":32,"column":4},"end":{"line":32,"column":52}},"24":{"start":{"line":35,"column":4},"end":{"line":35,"column":365}},"25":{"start":{"line":39,"column":16},"end":{"line":39,"column":56}},"26":{"start":{"line":40,"column":14},"end":{"line":40,"column":41}},"27":{"start":{"line":41,"column":4},"end":{"line":43,"column":5}},"28":{"start":{"line":42,"column":8},"end":{"line":42,"column":59}},"29":{"start":{"line":44,"column":4},"end":{"line":44,"column":13}},"30":{"start":{"line":48,"column":4},"end":{"line":56,"column":5}},"31":{"start":{"line":50,"column":23},"end":{"line":54,"column":11}},"32":{"start":{"line":50,"column":52},"end":{"line":54,"column":9}},"33":{"start":{"line":55,"column":8},"end":{"line":55,"column":26}},"34":{"start":{"line":58,"column":4},"end":{"line":63,"column":6}},"35":{"start":{"line":66,"column":23},"end":{"line":66,"column":45}},"36":{"start":{"line":67,"column":4},"end":{"line":98,"column":9}},"37":{"start":{"line":101,"column":32},"end":{"line":101,"column":55}},"38":{"start":{"line":102,"column":4},"end":{"line":128,"column":5}},"39":{"start":{"line":103,"column":24},"end":{"line":103,"column":55}},"40":{"start":{"line":105,"column":20},"end":{"line":105,"column":36}},"41":{"start":{"line":106,"column":24},"end":{"line":106,"column":28}},"42":{"start":{"line":107,"column":8},"end":{"line":116,"column":9}},"43":{"start":{"line":108,"column":12},"end":{"line":108,"column":48}},"44":{"start":{"line":110,"column":13},"end":{"line":116,"column":9}},"45":{"start":{"line":111,"column":12},"end":{"line":111,"column":42}},"46":{"start":{"line":113,"column":13},"end":{"line":116,"column":9}},"47":{"start":{"line":114,"column":24},"end":{"line":114,"column":43}},"48":{"start":{"line":115,"column":12},"end":{"line":115,"column":69}},"49":{"start":{"line":117,"column":8},"end":{"line":119,"column":9}},"50":{"start":{"line":118,"column":12},"end":{"line":118,"column":103}},"51":{"start":{"line":120,"column":23},"end":{"line":120,"column":80}},"52":{"start":{"line":121,"column":21},"end":{"line":121,"column":45}},"53":{"start":{"line":122,"column":8},"end":{"line":122,"column":85}},"54":{"start":{"line":123,"column":8},"end":{"line":123,"column":130}},"55":{"start":{"line":126,"column":8},"end":{"line":126,"column":95}},"56":{"start":{"line":127,"column":8},"end":{"line":127,"column":24}},"57":{"start":{"line":130,"column":0},"end":{"line":132,"column":1}},"58":{"start":{"line":131,"column":4},"end":{"line":131,"column":11}}},"fnMap":{"0":{"name":"(anonymous_0)","decl":{"start":{"line":3,"column":56},"end":{"line":3,"column":57}},"loc":{"start":{"line":3,"column":71},"end":{"line":5,"column":1}},"line":3},"1":{"name":"parseArgs","decl":{"start":{"line":10,"column":9},"end":{"line":10,"column":18}},"loc":{"start":{"line":10,"column":25},"end":{"line":33,"column":1}},"line":10},"2":{"name":"printUsage","decl":{"start":{"line":34,"column":9},"end":{"line":34,"column":19}},"loc":{"start":{"line":34,"column":22},"end":{"line":36,"column":1}},"line":34},"3":{"name":"resolveScenarioModule","decl":{"start":{"line":37,"column":9},"end":{"line":37,"column":30}},"loc":{"start":{"line":37,"column":41},"end":{"line":45,"column":1}},"line":37},"4":{"name":"toGameStateFromScenarioOutput","decl":{"start":{"line":46,"column":9},"end":{"line":46,"column":38}},"loc":{"start":{"line":46,"column":61},"end":{"line":64,"column":1}},"line":46},"5":{"name":"(anonymous_5)","decl":{"start":{"line":50,"column":43},"end":{"line":50,"column":44}},"loc":{"start":{"line":50,"column":52},"end":{"line":54,"column":9}},"line":50},"6":{"name":"buildHtml","decl":{"start":{"line":65,"column":9},"end":{"line":65,"column":18}},"loc":{"start":{"line":65,"column":34},"end":{"line":99,"column":1}},"line":65},"7":{"name":"main","decl":{"start":{"line":100,"column":9},"end":{"line":100,"column":13}},"loc":{"start":{"line":100,"column":16},"end":{"line":129,"column":1}},"line":100}},"branchMap":{"0":{"loc":{"start":{"line":3,"column":22},"end":{"line":5,"column":1}},"type":"binary-expr","locations":[{"start":{"line":3,"column":23},"end":{"line":3,"column":27}},{"start":{"line":3,"column":31},"end":{"line":3,"column":51}},{"start":{"line":3,"column":56},"end":{"line":5,"column":1}}],"line":3},"1":{"loc":{"start":{"line":4,"column":11},"end":{"line":4,"column":61}},"type":"cond-expr","locations":[{"start":{"line":4,"column":37},"end":{"line":4,"column":40}},{"start":{"line":4,"column":43},"end":{"line":4,"column":61}}],"line":4},"2":{"loc":{"start":{"line":4,"column":12},"end":{"line":4,"column":33}},"type":"binary-expr","locations":[{"start":{"line":4,"column":12},"end":{"line":4,"column":15}},{"start":{"line":4,"column":19},"end":{"line":4,"column":33}}],"line":4},"3":{"loc":{"start":{"line":12,"column":4},"end":{"line":15,"column":5}},"type":"if","locations":[{"start":{"line":12,"column":4},"end":{"line":15,"column":5}},{"start":{},"end":{}}],"line":12},"4":{"loc":{"start":{"line":12,"column":8},"end":{"line":12,"column":91}},"type":"binary-expr","locations":[{"start":{"line":12,"column":8},"end":{"line":12,"column":25}},{"start":{"line":12,"column":29},"end":{"line":12,"column":47}},{"start":{"line":12,"column":51},"end":{"line":12,"column":71}},{"start":{"line":12,"column":75},"end":{"line":12,"column":91}}],"line":12},"5":{"loc":{"start":{"line":22,"column":8},"end":{"line":30,"column":9}},"type":"if","locations":[{"start":{"line":22,"column":8},"end":{"line":30,"column":9}},{"start":{"line":25,"column":13},"end":{"line":30,"column":9}}],"line":22},"6":{"loc":{"start":{"line":23,"column":18},"end":{"line":23,"column":55}},"type":"binary-expr","locations":[{"start":{"line":23,"column":18},"end":{"line":23,"column":49}},{"start":{"line":23,"column":53},"end":{"line":23,"column":55}}],"line":23},"7":{"loc":{"start":{"line":23,"column":27},"end":{"line":23,"column":44}},"type":"binary-expr","locations":[{"start":{"line":23,"column":27},"end":{"line":23,"column":36}},{"start":{"line":23,"column":40},"end":{"line":23,"column":44}}],"line":23},"8":{"loc":{"start":{"line":25,"column":13},"end":{"line":30,"column":9}},"type":"if","locations":[{"start":{"line":25,"column":13},"end":{"line":30,"column":9}},{"start":{"line":28,"column":13},"end":{"line":30,"column":9}}],"line":25},"9":{"loc":{"start":{"line":28,"column":13},"end":{"line":30,"column":9}},"type":"if","locations":[{"start":{"line":28,"column":13},"end":{"line":30,"column":9}},{"start":{},"end":{}}],"line":28},"10":{"loc":{"start":{"line":29,"column":18},"end":{"line":29,"column":42}},"type":"binary-expr","locations":[{"start":{"line":29,"column":18},"end":{"line":29,"column":27}},{"start":{"line":29,"column":31},"end":{"line":29,"column":42}}],"line":29},"11":{"loc":{"start":{"line":41,"column":4},"end":{"line":43,"column":5}},"type":"if","locations":[{"start":{"line":41,"column":4},"end":{"line":43,"column":5}},{"start":{},"end":{}}],"line":41},"12":{"loc":{"start":{"line":48,"column":4},"end":{"line":56,"column":5}},"type":"if","locations":[{"start":{"line":48,"column":4},"end":{"line":56,"column":5}},{"start":{},"end":{}}],"line":48},"13":{"loc":{"start":{"line":48,"column":8},"end":{"line":48,"column":109}},"type":"binary-expr","locations":[{"start":{"line":48,"column":8},"end":{"line":48,"column":14}},{"start":{"line":48,"column":18},"end":{"line":48,"column":48}},{"start":{"line":48,"column":52},"end":{"line":48,"column":78}},{"start":{"line":48,"column":82},"end":{"line":48,"column":109}}],"line":48},"14":{"loc":{"start":{"line":85,"column":47},"end":{"line":85,"column":75}},"type":"cond-expr","locations":[{"start":{"line":85,"column":61},"end":{"line":85,"column":70}},{"start":{"line":85,"column":73},"end":{"line":85,"column":75}}],"line":85},"15":{"loc":{"start":{"line":91,"column":88},"end":{"line":91,"column":118}},"type":"cond-expr","locations":[{"start":{"line":91,"column":102},"end":{"line":91,"column":108}},{"start":{"line":91,"column":111},"end":{"line":91,"column":118}}],"line":91},"16":{"loc":{"start":{"line":107,"column":8},"end":{"line":116,"column":9}},"type":"if","locations":[{"start":{"line":107,"column":8},"end":{"line":116,"column":9}},{"start":{"line":110,"column":13},"end":{"line":116,"column":9}}],"line":107},"17":{"loc":{"start":{"line":110,"column":13},"end":{"line":116,"column":9}},"type":"if","locations":[{"start":{"line":110,"column":13},"end":{"line":116,"column":9}},{"start":{"line":113,"column":13},"end":{"line":116,"column":9}}],"line":110},"18":{"loc":{"start":{"line":113,"column":13},"end":{"line":116,"column":9}},"type":"if","locations":[{"start":{"line":113,"column":13},"end":{"line":116,"column":9}},{"start":{},"end":{}}],"line":113},"19":{"loc":{"start":{"line":117,"column":8},"end":{"line":119,"column":9}},"type":"if","locations":[{"start":{"line":117,"column":8},"end":{"line":119,"column":9}},{"start":{},"end":{}}],"line":117},"20":{"loc":{"start":{"line":130,"column":0},"end":{"line":132,"column":1}},"type":"if","locations":[{"start":{"line":130,"column":0},"end":{"line":132,"column":1}},{"start":{},"end":{}}],"line":130}},"s":{"0":0,"1":0,"2":0,"3":0,"4":0,"5":0,"6":0,"7":0,"8":0,"9":0,"10":0,"11":0,"12":0,"13":0,"14":0,"15":0,"16":0,"17":0,"18":0,"19":0,"20":0,"21":0,"22":0,"23":0,"24":0,"25":0,"26":0,"27":0,"28":0,"29":0,"30":0,"31":0,"32":0,"33":0,"34":0,"35":0,"36":0,"37":0,"38":0,"39":0,"40":0,"41":0,"42":0,"43":0,"44":0,"45":0,"46":0,"47":0,"48":0,"49":0,"50":0,"51":0,"52":0,"53":0,"54":0,"55":0,"56":0,"57":0,"58":0},"f":{"0":0,"1":0,"2":0,"3":0,"4":0,"5":0,"6":0,"7":0},"b":{"0":[0,0,0],"1":[0,0],"2":[0,0],"3":[0,0],"4":[0,0,0,0],"5":[0,0],"6":[0,0],"7":[0,0],"8":[0,0],"9":[0,0],"10":[0,0],"11":[0,0],"12":[0,0],"13":[0,0,0,0],"14":[0,0],"15":[0,0],"16":[0,0],"17":[0,0],"18":[0,0],"19":[0,0],"20":[0,0]}}
,"/workspace/BridgeInspectorPure/Manager.ts": {"path":"/workspace/BridgeInspectorPure/Manager.ts","statementMap":{"0":{"start":{"line":4,"column":22},"end":{"line":6,"column":1}},"1":{"start":{"line":5,"column":4},"end":{"line":5,"column":62}},"2":{"start":{"line":7,"column":0},"end":{"line":7,"column":62}},"3":{"start":{"line":8,"column":0},"end":{"line":8,"column":40}},"4":{"start":{"line":9,"column":17},"end":{"line":9,"column":54}},"5":{"start":{"line":10,"column":13},"end":{"line":10,"column":43}},"6":{"start":{"line":11,"column":15},"end":{"line":11,"column":47}},"7":{"start":{"line":14,"column":8},"end":{"line":14,"column":29}},"8":{"start":{"line":20,"column":8},"end":{"line":65,"column":9}},"9":{"start":{"line":22,"column":37},"end":{"line":22,"column":98}},"10":{"start":{"line":23,"column":12},"end":{"line":36,"column":13}},"11":{"start":{"line":24,"column":16},"end":{"line":35,"column":18}},"12":{"start":{"line":38,"column":31},"end":{"line":38,"column":61}},"13":{"start":{"line":39,"column":12},"end":{"line":50,"column":14}},"14":{"start":{"line":53,"column":12},"end":{"line":64,"column":14}},"15":{"start":{"line":71,"column":8},"end":{"line":115,"column":9}},"16":{"start":{"line":72,"column":32},"end":{"line":72,"column":34}},"17":{"start":{"line":73,"column":30},"end":{"line":73,"column":31}},"18":{"start":{"line":74,"column":32},"end":{"line":74,"column":33}},"19":{"start":{"line":75,"column":12},"end":{"line":87,"column":13}},"20":{"start":{"line":76,"column":33},"end":{"line":76,"column":62}},"21":{"start":{"line":77,"column":16},"end":{"line":79,"column":17}},"22":{"start":{"line":78,"column":20},"end":{"line":78,"column":29}},"23":{"start":{"line":80,"column":39},"end":{"line":80,"column":75}},"24":{"start":{"line":81,"column":16},"end":{"line":86,"column":17}},"25":{"start":{"line":82,"column":39},"end":{"line":82,"column":79}},"26":{"start":{"line":83,"column":20},"end":{"line":83,"column":49}},"27":{"start":{"line":84,"column":20},"end":{"line":84,"column":66}},"28":{"start":{"line":85,"column":20},"end":{"line":85,"column":70}},"29":{"start":{"line":88,"column":34},"end":{"line":88,"column":74}},"30":{"start":{"line":89,"column":12},"end":{"line":100,"column":14}},"31":{"start":{"line":103,"column":12},"end":{"line":114,"column":14}},"32":{"start":{"line":121,"column":8},"end":{"line":150,"column":9}},"33":{"start":{"line":123,"column":12},"end":{"line":135,"column":13}},"34":{"start":{"line":125,"column":20},"end":{"line":125,"column":67}},"35":{"start":{"line":126,"column":20},"end":{"line":126,"column":26}},"36":{"start":{"line":128,"column":20},"end":{"line":128,"column":71}},"37":{"start":{"line":129,"column":20},"end":{"line":129,"column":26}},"38":{"start":{"line":131,"column":20},"end":{"line":131,"column":67}},"39":{"start":{"line":132,"column":20},"end":{"line":132,"column":26}},"40":{"start":{"line":134,"column":20},"end":{"line":134,"column":94}},"41":{"start":{"line":137,"column":30},"end":{"line":137,"column":64}},"42":{"start":{"line":138,"column":12},"end":{"line":140,"column":13}},"43":{"start":{"line":139,"column":16},"end":{"line":139,"column":71}},"44":{"start":{"line":142,"column":12},"end":{"line":142,"column":69}},"45":{"start":{"line":143,"column":12},"end":{"line":143,"column":37}},"46":{"start":{"line":146,"column":12},"end":{"line":149,"column":14}},"47":{"start":{"line":153,"column":23},"end":{"line":153,"column":25}},"48":{"start":{"line":154,"column":25},"end":{"line":154,"column":27}},"49":{"start":{"line":156,"column":8},"end":{"line":159,"column":9}},"50":{"start":{"line":157,"column":33},"end":{"line":157,"column":61}},"51":{"start":{"line":158,"column":12},"end":{"line":158,"column":41}},"52":{"start":{"line":161,"column":28},"end":{"line":161,"column":60}},"53":{"start":{"line":162,"column":8},"end":{"line":165,"column":9}},"54":{"start":{"line":163,"column":31},"end":{"line":163,"column":68}},"55":{"start":{"line":164,"column":12},"end":{"line":164,"column":39}},"56":{"start":{"line":167,"column":24},"end":{"line":167,"column":52}},"57":{"start":{"line":168,"column":8},"end":{"line":171,"column":9}},"58":{"start":{"line":169,"column":33},"end":{"line":169,"column":62}},"59":{"start":{"line":170,"column":12},"end":{"line":170,"column":41}},"60":{"start":{"line":173,"column":25},"end":{"line":173,"column":54}},"61":{"start":{"line":174,"column":8},"end":{"line":177,"column":9}},"62":{"start":{"line":175,"column":35},"end":{"line":175,"column":66}},"63":{"start":{"line":176,"column":12},"end":{"line":176,"column":43}},"64":{"start":{"line":179,"column":30},"end":{"line":179,"column":64}},"65":{"start":{"line":180,"column":8},"end":{"line":183,"column":9}},"66":{"start":{"line":181,"column":40},"end":{"line":181,"column":81}},"67":{"start":{"line":182,"column":12},"end":{"line":182,"column":48}},"68":{"start":{"line":185,"column":8},"end":{"line":187,"column":9}},"69":{"start":{"line":186,"column":12},"end":{"line":186,"column":108}},"70":{"start":{"line":189,"column":24},"end":{"line":189,"column":107}},"71":{"start":{"line":190,"column":8},"end":{"line":202,"column":10}},"72":{"start":{"line":205,"column":23},"end":{"line":205,"column":25}},"73":{"start":{"line":206,"column":33},"end":{"line":206,"column":94}},"74":{"start":{"line":207,"column":8},"end":{"line":214,"column":11}},"75":{"start":{"line":208,"column":12},"end":{"line":213,"column":15}},"76":{"start":{"line":215,"column":8},"end":{"line":215,"column":65}},"77":{"start":{"line":218,"column":31},"end":{"line":218,"column":33}},"78":{"start":{"line":219,"column":28},"end":{"line":219,"column":30}},"79":{"start":{"line":220,"column":29},"end":{"line":220,"column":31}},"80":{"start":{"line":221,"column":29},"end":{"line":221,"column":31}},"81":{"start":{"line":222,"column":25},"end":{"line":222,"column":26}},"82":{"start":{"line":223,"column":8},"end":{"line":237,"column":11}},"83":{"start":{"line":224,"column":12},"end":{"line":236,"column":13}},"84":{"start":{"line":225,"column":16},"end":{"line":232,"column":19}},"85":{"start":{"line":226,"column":20},"end":{"line":226,"column":79}},"86":{"start":{"line":227,"column":20},"end":{"line":227,"column":33}},"87":{"start":{"line":229,"column":20},"end":{"line":231,"column":21}},"88":{"start":{"line":230,"column":24},"end":{"line":230,"column":71}},"89":{"start":{"line":235,"column":16},"end":{"line":235,"column":68}},"90":{"start":{"line":238,"column":8},"end":{"line":244,"column":10}},"91":{"start":{"line":247,"column":23},"end":{"line":247,"column":25}},"92":{"start":{"line":248,"column":8},"end":{"line":255,"column":11}},"93":{"start":{"line":249,"column":12},"end":{"line":254,"column":15}},"94":{"start":{"line":256,"column":8},"end":{"line":263,"column":9}},"95":{"start":{"line":257,"column":12},"end":{"line":262,"column":15}},"96":{"start":{"line":264,"column":8},"end":{"line":264,"column":65}},"97":{"start":{"line":267,"column":31},"end":{"line":267,"column":33}},"98":{"start":{"line":268,"column":28},"end":{"line":268,"column":30}},"99":{"start":{"line":269,"column":32},"end":{"line":269,"column":34}},"100":{"start":{"line":270,"column":31},"end":{"line":270,"column":33}},"101":{"start":{"line":271,"column":27},"end":{"line":271,"column":28}},"102":{"start":{"line":272,"column":8},"end":{"line":291,"column":11}},"103":{"start":{"line":273,"column":12},"end":{"line":290,"column":13}},"104":{"start":{"line":274,"column":16},"end":{"line":289,"column":19}},"105":{"start":{"line":275,"column":20},"end":{"line":275,"column":35}},"106":{"start":{"line":277,"column":20},"end":{"line":282,"column":21}},"107":{"start":{"line":278,"column":24},"end":{"line":278,"column":97}},"108":{"start":{"line":281,"column":24},"end":{"line":281,"column":94}},"109":{"start":{"line":284,"column":20},"end":{"line":284,"column":83}},"110":{"start":{"line":286,"column":20},"end":{"line":288,"column":21}},"111":{"start":{"line":287,"column":24},"end":{"line":287,"column":67}},"112":{"start":{"line":292,"column":8},"end":{"line":298,"column":10}},"113":{"start":{"line":301,"column":23},"end":{"line":301,"column":25}},"114":{"start":{"line":302,"column":8},"end":{"line":309,"column":11}},"115":{"start":{"line":303,"column":12},"end":{"line":308,"column":15}},"116":{"start":{"line":310,"column":8},"end":{"line":317,"column":9}},"117":{"start":{"line":311,"column":12},"end":{"line":316,"column":15}},"118":{"start":{"line":318,"column":8},"end":{"line":318,"column":65}},"119":{"start":{"line":321,"column":30},"end":{"line":321,"column":32}},"120":{"start":{"line":322,"column":30},"end":{"line":322,"column":32}},"121":{"start":{"line":323,"column":33},"end":{"line":323,"column":66}},"122":{"start":{"line":324,"column":29},"end":{"line":324,"column":58}},"123":{"start":{"line":325,"column":26},"end":{"line":325,"column":52}},"124":{"start":{"line":326,"column":26},"end":{"line":326,"column":52}},"125":{"start":{"line":327,"column":8},"end":{"line":328,"column":48}},"126":{"start":{"line":328,"column":12},"end":{"line":328,"column":48}},"127":{"start":{"line":329,"column":8},"end":{"line":330,"column":44}},"128":{"start":{"line":330,"column":12},"end":{"line":330,"column":44}},"129":{"start":{"line":331,"column":8},"end":{"line":332,"column":41}},"130":{"start":{"line":332,"column":12},"end":{"line":332,"column":41}},"131":{"start":{"line":333,"column":8},"end":{"line":334,"column":41}},"132":{"start":{"line":334,"column":12},"end":{"line":334,"column":41}},"133":{"start":{"line":336,"column":8},"end":{"line":338,"column":9}},"134":{"start":{"line":337,"column":12},"end":{"line":337,"column":92}},"135":{"start":{"line":339,"column":8},"end":{"line":346,"column":10}},"136":{"start":{"line":349,"column":23},"end":{"line":349,"column":25}},"137":{"start":{"line":350,"column":8},"end":{"line":357,"column":11}},"138":{"start":{"line":351,"column":12},"end":{"line":356,"column":15}},"139":{"start":{"line":358,"column":8},"end":{"line":365,"column":9}},"140":{"start":{"line":359,"column":12},"end":{"line":364,"column":15}},"141":{"start":{"line":366,"column":8},"end":{"line":366,"column":65}},"142":{"start":{"line":369,"column":39},"end":{"line":369,"column":41}},"143":{"start":{"line":370,"column":36},"end":{"line":370,"column":38}},"144":{"start":{"line":371,"column":35},"end":{"line":371,"column":37}},"145":{"start":{"line":372,"column":36},"end":{"line":372,"column":40}},"146":{"start":{"line":373,"column":8},"end":{"line":395,"column":11}},"147":{"start":{"line":375,"column":12},"end":{"line":387,"column":13}},"148":{"start":{"line":376,"column":16},"end":{"line":386,"column":19}},"149":{"start":{"line":377,"column":20},"end":{"line":385,"column":21}},"150":{"start":{"line":378,"column":24},"end":{"line":378,"column":81}},"151":{"start":{"line":380,"column":25},"end":{"line":385,"column":21}},"152":{"start":{"line":381,"column":24},"end":{"line":381,"column":77}},"153":{"start":{"line":383,"column":25},"end":{"line":385,"column":21}},"154":{"start":{"line":384,"column":24},"end":{"line":384,"column":76}},"155":{"start":{"line":389,"column":12},"end":{"line":391,"column":13}},"156":{"start":{"line":390,"column":16},"end":{"line":390,"column":90}},"157":{"start":{"line":392,"column":12},"end":{"line":394,"column":13}},"158":{"start":{"line":393,"column":16},"end":{"line":393,"column":90}},"159":{"start":{"line":396,"column":8},"end":{"line":399,"column":9}},"160":{"start":{"line":397,"column":12},"end":{"line":397,"column":42}},"161":{"start":{"line":398,"column":12},"end":{"line":398,"column":74}},"162":{"start":{"line":400,"column":8},"end":{"line":405,"column":10}},"163":{"start":{"line":408,"column":23},"end":{"line":408,"column":25}},"164":{"start":{"line":409,"column":8},"end":{"line":416,"column":9}},"165":{"start":{"line":410,"column":12},"end":{"line":415,"column":15}},"166":{"start":{"line":417,"column":8},"end":{"line":424,"column":11}},"167":{"start":{"line":418,"column":12},"end":{"line":423,"column":15}},"168":{"start":{"line":425,"column":8},"end":{"line":425,"column":65}},"169":{"start":{"line":428,"column":25},"end":{"line":428,"column":27}},"170":{"start":{"line":430,"column":8},"end":{"line":437,"column":9}},"171":{"start":{"line":431,"column":12},"end":{"line":436,"column":15}},"172":{"start":{"line":439,"column":8},"end":{"line":446,"column":9}},"173":{"start":{"line":440,"column":12},"end":{"line":445,"column":15}},"174":{"start":{"line":448,"column":8},"end":{"line":455,"column":9}},"175":{"start":{"line":449,"column":12},"end":{"line":454,"column":15}},"176":{"start":{"line":457,"column":8},"end":{"line":464,"column":9}},"177":{"start":{"line":458,"column":12},"end":{"line":463,"column":15}},"178":{"start":{"line":465,"column":8},"end":{"line":465,"column":24}},"179":{"start":{"line":468,"column":28},"end":{"line":468,"column":78}},"180":{"start":{"line":468,"column":51},"end":{"line":468,"column":77}},"181":{"start":{"line":469,"column":30},"end":{"line":469,"column":82}},"182":{"start":{"line":469,"column":53},"end":{"line":469,"column":81}},"183":{"start":{"line":470,"column":28},"end":{"line":470,"column":108}},"184":{"start":{"line":470,"column":50},"end":{"line":470,"column":107}},"185":{"start":{"line":471,"column":33},"end":{"line":471,"column":119}},"186":{"start":{"line":471,"column":55},"end":{"line":471,"column":118}},"187":{"start":{"line":472,"column":29},"end":{"line":472,"column":110}},"188":{"start":{"line":472,"column":51},"end":{"line":472,"column":109}},"189":{"start":{"line":473,"column":30},"end":{"line":473,"column":112}},"190":{"start":{"line":473,"column":52},"end":{"line":473,"column":111}},"191":{"start":{"line":474,"column":35},"end":{"line":474,"column":122}},"192":{"start":{"line":474,"column":57},"end":{"line":474,"column":121}},"193":{"start":{"line":475,"column":28},"end":{"line":475,"column":34}},"194":{"start":{"line":476,"column":8},"end":{"line":481,"column":9}},"195":{"start":{"line":477,"column":12},"end":{"line":477,"column":35}},"196":{"start":{"line":479,"column":13},"end":{"line":481,"column":9}},"197":{"start":{"line":480,"column":12},"end":{"line":480,"column":38}},"198":{"start":{"line":482,"column":8},"end":{"line":491,"column":10}},"199":{"start":{"line":495,"column":8},"end":{"line":497,"column":9}},"200":{"start":{"line":496,"column":12},"end":{"line":496,"column":43}},"201":{"start":{"line":499,"column":24},"end":{"line":503,"column":25}},"202":{"start":{"line":500,"column":26},"end":{"line":500,"column":42}},"203":{"start":{"line":501,"column":29},"end":{"line":501,"column":34}},"204":{"start":{"line":502,"column":26},"end":{"line":502,"column":50}},"205":{"start":{"line":504,"column":30},"end":{"line":504,"column":51}},"206":{"start":{"line":505,"column":8},"end":{"line":507,"column":9}},"207":{"start":{"line":506,"column":12},"end":{"line":506,"column":51}},"208":{"start":{"line":508,"column":8},"end":{"line":508,"column":31}},"209":{"start":{"line":512,"column":8},"end":{"line":514,"column":9}},"210":{"start":{"line":513,"column":12},"end":{"line":513,"column":43}},"211":{"start":{"line":516,"column":24},"end":{"line":520,"column":25}},"212":{"start":{"line":517,"column":26},"end":{"line":517,"column":42}},"213":{"start":{"line":518,"column":29},"end":{"line":518,"column":34}},"214":{"start":{"line":519,"column":26},"end":{"line":519,"column":50}},"215":{"start":{"line":521,"column":30},"end":{"line":521,"column":51}},"216":{"start":{"line":522,"column":8},"end":{"line":524,"column":9}},"217":{"start":{"line":523,"column":12},"end":{"line":523,"column":36}},"218":{"start":{"line":525,"column":8},"end":{"line":525,"column":25}},"219":{"start":{"line":528,"column":28},"end":{"line":528,"column":103}},"220":{"start":{"line":528,"column":59},"end":{"line":528,"column":102}},"221":{"start":{"line":529,"column":28},"end":{"line":529,"column":106}},"222":{"start":{"line":529,"column":59},"end":{"line":529,"column":105}},"223":{"start":{"line":530,"column":8},"end":{"line":531,"column":26}},"224":{"start":{"line":531,"column":12},"end":{"line":531,"column":26}},"225":{"start":{"line":532,"column":8},"end":{"line":533,"column":29}},"226":{"start":{"line":533,"column":12},"end":{"line":533,"column":29}},"227":{"start":{"line":534,"column":8},"end":{"line":534,"column":22}},"228":{"start":{"line":537,"column":8},"end":{"line":546,"column":9}},"229":{"start":{"line":538,"column":12},"end":{"line":540,"column":13}},"230":{"start":{"line":539,"column":16},"end":{"line":539,"column":28}},"231":{"start":{"line":541,"column":28},"end":{"line":541,"column":72}},"232":{"start":{"line":542,"column":12},"end":{"line":542,"column":39}},"233":{"start":{"line":545,"column":12},"end":{"line":545,"column":24}},"234":{"start":{"line":549,"column":25},"end":{"line":549,"column":27}},"235":{"start":{"line":551,"column":8},"end":{"line":553,"column":9}},"236":{"start":{"line":552,"column":12},"end":{"line":552,"column":36}},"237":{"start":{"line":554,"column":8},"end":{"line":561,"column":9}},"238":{"start":{"line":555,"column":12},"end":{"line":560,"column":13}},"239":{"start":{"line":556,"column":16},"end":{"line":556,"column":59}},"240":{"start":{"line":559,"column":16},"end":{"line":559,"column":56}},"241":{"start":{"line":562,"column":8},"end":{"line":571,"column":9}},"242":{"start":{"line":563,"column":12},"end":{"line":570,"column":15}},"243":{"start":{"line":564,"column":16},"end":{"line":566,"column":17}},"244":{"start":{"line":565,"column":20},"end":{"line":565,"column":51}},"245":{"start":{"line":567,"column":16},"end":{"line":569,"column":17}},"246":{"start":{"line":568,"column":20},"end":{"line":568,"column":43}},"247":{"start":{"line":572,"column":8},"end":{"line":572,"column":99}},"248":{"start":{"line":572,"column":42},"end":{"line":572,"column":97}},"249":{"start":{"line":575,"column":22},"end":{"line":575,"column":24}},"250":{"start":{"line":576,"column":8},"end":{"line":576,"column":49}},"251":{"start":{"line":577,"column":8},"end":{"line":577,"column":23}},"252":{"start":{"line":578,"column":8},"end":{"line":578,"column":61}},"253":{"start":{"line":579,"column":8},"end":{"line":579,"column":59}},"254":{"start":{"line":580,"column":8},"end":{"line":580,"column":23}},"255":{"start":{"line":581,"column":8},"end":{"line":622,"column":11}},"256":{"start":{"line":582,"column":12},"end":{"line":582,"column":87}},"257":{"start":{"line":583,"column":12},"end":{"line":583,"column":27}},"258":{"start":{"line":584,"column":12},"end":{"line":584,"column":88}},"259":{"start":{"line":585,"column":12},"end":{"line":585,"column":74}},"260":{"start":{"line":586,"column":12},"end":{"line":586,"column":78}},"261":{"start":{"line":587,"column":12},"end":{"line":587,"column":72}},"262":{"start":{"line":588,"column":12},"end":{"line":588,"column":76}},"263":{"start":{"line":589,"column":12},"end":{"line":589,"column":27}},"264":{"start":{"line":590,"column":12},"end":{"line":597,"column":13}},"265":{"start":{"line":591,"column":16},"end":{"line":591,"column":41}},"266":{"start":{"line":592,"column":16},"end":{"line":595,"column":19}},"267":{"start":{"line":593,"column":37},"end":{"line":593,"column":114}},"268":{"start":{"line":594,"column":20},"end":{"line":594,"column":88}},"269":{"start":{"line":596,"column":16},"end":{"line":596,"column":31}},"270":{"start":{"line":598,"column":12},"end":{"line":607,"column":13}},"271":{"start":{"line":599,"column":16},"end":{"line":599,"column":43}},"272":{"start":{"line":600,"column":16},"end":{"line":605,"column":19}},"273":{"start":{"line":601,"column":20},"end":{"line":601,"column":83}},"274":{"start":{"line":602,"column":20},"end":{"line":604,"column":21}},"275":{"start":{"line":603,"column":24},"end":{"line":603,"column":76}},"276":{"start":{"line":606,"column":16},"end":{"line":606,"column":31}},"277":{"start":{"line":608,"column":12},"end":{"line":621,"column":13}},"278":{"start":{"line":609,"column":16},"end":{"line":609,"column":56}},"279":{"start":{"line":610,"column":16},"end":{"line":610,"column":82}},"280":{"start":{"line":611,"column":16},"end":{"line":613,"column":19}},"281":{"start":{"line":612,"column":20},"end":{"line":612,"column":56}},"282":{"start":{"line":614,"column":16},"end":{"line":614,"column":31}},"283":{"start":{"line":615,"column":16},"end":{"line":615,"column":51}},"284":{"start":{"line":616,"column":16},"end":{"line":616,"column":82}},"285":{"start":{"line":617,"column":16},"end":{"line":619,"column":19}},"286":{"start":{"line":618,"column":20},"end":{"line":618,"column":56}},"287":{"start":{"line":620,"column":16},"end":{"line":620,"column":31}},"288":{"start":{"line":623,"column":8},"end":{"line":623,"column":32}},"289":{"start":{"line":626,"column":22},"end":{"line":626,"column":24}},"290":{"start":{"line":627,"column":8},"end":{"line":627,"column":38}},"291":{"start":{"line":628,"column":8},"end":{"line":628,"column":29}},"292":{"start":{"line":629,"column":8},"end":{"line":629,"column":29}},"293":{"start":{"line":630,"column":8},"end":{"line":630,"column":62}},"294":{"start":{"line":631,"column":8},"end":{"line":631,"column":30}},"295":{"start":{"line":632,"column":8},"end":{"line":632,"column":77}},"296":{"start":{"line":633,"column":8},"end":{"line":633,"column":90}},"297":{"start":{"line":634,"column":8},"end":{"line":634,"column":109}},"298":{"start":{"line":635,"column":8},"end":{"line":635,"column":71}},"299":{"start":{"line":636,"column":8},"end":{"line":636,"column":71}},"300":{"start":{"line":637,"column":8},"end":{"line":637,"column":74}},"301":{"start":{"line":638,"column":8},"end":{"line":638,"column":84}},"302":{"start":{"line":639,"column":8},"end":{"line":639,"column":92}},"303":{"start":{"line":640,"column":8},"end":{"line":640,"column":94}},"304":{"start":{"line":641,"column":8},"end":{"line":641,"column":91}},"305":{"start":{"line":642,"column":8},"end":{"line":642,"column":107}},"306":{"start":{"line":643,"column":8},"end":{"line":643,"column":31}},"307":{"start":{"line":644,"column":8},"end":{"line":644,"column":30}},"308":{"start":{"line":645,"column":8},"end":{"line":645,"column":29}},"309":{"start":{"line":646,"column":8},"end":{"line":646,"column":43}},"310":{"start":{"line":647,"column":8},"end":{"line":647,"column":56}},"311":{"start":{"line":648,"column":8},"end":{"line":648,"column":85}},"312":{"start":{"line":649,"column":8},"end":{"line":649,"column":83}},"313":{"start":{"line":650,"column":8},"end":{"line":650,"column":29}},"314":{"start":{"line":651,"column":8},"end":{"line":681,"column":11}},"315":{"start":{"line":652,"column":12},"end":{"line":652,"column":90}},"316":{"start":{"line":653,"column":12},"end":{"line":653,"column":93}},"317":{"start":{"line":654,"column":12},"end":{"line":654,"column":108}},"318":{"start":{"line":655,"column":12},"end":{"line":655,"column":94}},"319":{"start":{"line":656,"column":12},"end":{"line":656,"column":98}},"320":{"start":{"line":657,"column":12},"end":{"line":657,"column":92}},"321":{"start":{"line":658,"column":12},"end":{"line":658,"column":96}},"322":{"start":{"line":659,"column":12},"end":{"line":668,"column":13}},"323":{"start":{"line":660,"column":16},"end":{"line":660,"column":46}},"324":{"start":{"line":661,"column":16},"end":{"line":667,"column":19}},"325":{"start":{"line":662,"column":42},"end":{"line":662,"column":67}},"326":{"start":{"line":663,"column":41},"end":{"line":663,"column":118}},"327":{"start":{"line":664,"column":20},"end":{"line":664,"column":71}},"328":{"start":{"line":665,"column":20},"end":{"line":665,"column":103}},"329":{"start":{"line":666,"column":20},"end":{"line":666,"column":41}},"330":{"start":{"line":669,"column":12},"end":{"line":679,"column":13}},"331":{"start":{"line":670,"column":16},"end":{"line":670,"column":48}},"332":{"start":{"line":671,"column":16},"end":{"line":678,"column":19}},"333":{"start":{"line":672,"column":20},"end":{"line":672,"column":56}},"334":{"start":{"line":673,"column":20},"end":{"line":673,"column":94}},"335":{"start":{"line":674,"column":20},"end":{"line":676,"column":21}},"336":{"start":{"line":675,"column":24},"end":{"line":675,"column":93}},"337":{"start":{"line":677,"column":20},"end":{"line":677,"column":41}},"338":{"start":{"line":680,"column":12},"end":{"line":680,"column":33}},"339":{"start":{"line":682,"column":8},"end":{"line":682,"column":30}},"340":{"start":{"line":683,"column":8},"end":{"line":683,"column":30}},"341":{"start":{"line":684,"column":8},"end":{"line":684,"column":32}},"342":{"start":{"line":687,"column":0},"end":{"line":687,"column":56}}},"fnMap":{"0":{"name":"(anonymous_0)","decl":{"start":{"line":4,"column":56},"end":{"line":4,"column":57}},"loc":{"start":{"line":4,"column":71},"end":{"line":6,"column":1}},"line":4},"1":{"name":"(anonymous_1)","decl":{"start":{"line":13,"column":4},"end":{"line":13,"column":5}},"loc":{"start":{"line":13,"column":24},"end":{"line":15,"column":5}},"line":13},"2":{"name":"(anonymous_2)","decl":{"start":{"line":19,"column":4},"end":{"line":19,"column":5}},"loc":{"start":{"line":19,"column":28},"end":{"line":66,"column":5}},"line":19},"3":{"name":"(anonymous_3)","decl":{"start":{"line":70,"column":4},"end":{"line":70,"column":5}},"loc":{"start":{"line":70,"column":34},"end":{"line":116,"column":5}},"line":70},"4":{"name":"(anonymous_4)","decl":{"start":{"line":120,"column":4},"end":{"line":120,"column":5}},"loc":{"start":{"line":120,"column":46},"end":{"line":151,"column":5}},"line":120},"5":{"name":"(anonymous_5)","decl":{"start":{"line":152,"column":4},"end":{"line":152,"column":5}},"loc":{"start":{"line":152,"column":38},"end":{"line":203,"column":5}},"line":152},"6":{"name":"(anonymous_6)","decl":{"start":{"line":204,"column":4},"end":{"line":204,"column":5}},"loc":{"start":{"line":204,"column":28},"end":{"line":216,"column":5}},"line":204},"7":{"name":"(anonymous_7)","decl":{"start":{"line":207,"column":33},"end":{"line":207,"column":34}},"loc":{"start":{"line":207,"column":42},"end":{"line":214,"column":9}},"line":207},"8":{"name":"(anonymous_8)","decl":{"start":{"line":217,"column":4},"end":{"line":217,"column":5}},"loc":{"start":{"line":217,"column":32},"end":{"line":245,"column":5}},"line":217},"9":{"name":"(anonymous_9)","decl":{"start":{"line":223,"column":36},"end":{"line":223,"column":37}},"loc":{"start":{"line":223,"column":44},"end":{"line":237,"column":9}},"line":223},"10":{"name":"(anonymous_10)","decl":{"start":{"line":225,"column":57},"end":{"line":225,"column":58}},"loc":{"start":{"line":225,"column":78},"end":{"line":232,"column":17}},"line":225},"11":{"name":"(anonymous_11)","decl":{"start":{"line":246,"column":4},"end":{"line":246,"column":5}},"loc":{"start":{"line":246,"column":37},"end":{"line":265,"column":5}},"line":246},"12":{"name":"(anonymous_12)","decl":{"start":{"line":248,"column":41},"end":{"line":248,"column":42}},"loc":{"start":{"line":248,"column":49},"end":{"line":255,"column":9}},"line":248},"13":{"name":"(anonymous_13)","decl":{"start":{"line":266,"column":4},"end":{"line":266,"column":5}},"loc":{"start":{"line":266,"column":28},"end":{"line":299,"column":5}},"line":266},"14":{"name":"(anonymous_14)","decl":{"start":{"line":272,"column":36},"end":{"line":272,"column":37}},"loc":{"start":{"line":272,"column":44},"end":{"line":291,"column":9}},"line":272},"15":{"name":"(anonymous_15)","decl":{"start":{"line":274,"column":37},"end":{"line":274,"column":38}},"loc":{"start":{"line":274,"column":47},"end":{"line":289,"column":17}},"line":274},"16":{"name":"(anonymous_16)","decl":{"start":{"line":300,"column":4},"end":{"line":300,"column":5}},"loc":{"start":{"line":300,"column":29},"end":{"line":319,"column":5}},"line":300},"17":{"name":"(anonymous_17)","decl":{"start":{"line":302,"column":39},"end":{"line":302,"column":40}},"loc":{"start":{"line":302,"column":49},"end":{"line":309,"column":9}},"line":302},"18":{"name":"(anonymous_18)","decl":{"start":{"line":320,"column":4},"end":{"line":320,"column":5}},"loc":{"start":{"line":320,"column":29},"end":{"line":347,"column":5}},"line":320},"19":{"name":"(anonymous_19)","decl":{"start":{"line":348,"column":4},"end":{"line":348,"column":5}},"loc":{"start":{"line":348,"column":31},"end":{"line":367,"column":5}},"line":348},"20":{"name":"(anonymous_20)","decl":{"start":{"line":350,"column":39},"end":{"line":350,"column":40}},"loc":{"start":{"line":350,"column":48},"end":{"line":357,"column":9}},"line":350},"21":{"name":"(anonymous_21)","decl":{"start":{"line":368,"column":4},"end":{"line":368,"column":5}},"loc":{"start":{"line":368,"column":34},"end":{"line":406,"column":5}},"line":368},"22":{"name":"(anonymous_22)","decl":{"start":{"line":373,"column":36},"end":{"line":373,"column":37}},"loc":{"start":{"line":373,"column":44},"end":{"line":395,"column":9}},"line":373},"23":{"name":"(anonymous_23)","decl":{"start":{"line":376,"column":54},"end":{"line":376,"column":55}},"loc":{"start":{"line":376,"column":64},"end":{"line":386,"column":17}},"line":376},"24":{"name":"(anonymous_24)","decl":{"start":{"line":407,"column":4},"end":{"line":407,"column":5}},"loc":{"start":{"line":407,"column":41},"end":{"line":426,"column":5}},"line":407},"25":{"name":"(anonymous_25)","decl":{"start":{"line":417,"column":49},"end":{"line":417,"column":50}},"loc":{"start":{"line":417,"column":60},"end":{"line":424,"column":9}},"line":417},"26":{"name":"(anonymous_26)","decl":{"start":{"line":427,"column":4},"end":{"line":427,"column":5}},"loc":{"start":{"line":427,"column":77},"end":{"line":466,"column":5}},"line":427},"27":{"name":"(anonymous_27)","decl":{"start":{"line":467,"column":4},"end":{"line":467,"column":5}},"loc":{"start":{"line":467,"column":83},"end":{"line":492,"column":5}},"line":467},"28":{"name":"(anonymous_28)","decl":{"start":{"line":468,"column":42},"end":{"line":468,"column":43}},"loc":{"start":{"line":468,"column":51},"end":{"line":468,"column":77}},"line":468},"29":{"name":"(anonymous_29)","decl":{"start":{"line":469,"column":44},"end":{"line":469,"column":45}},"loc":{"start":{"line":469,"column":53},"end":{"line":469,"column":81}},"line":469},"30":{"name":"(anonymous_30)","decl":{"start":{"line":470,"column":41},"end":{"line":470,"column":42}},"loc":{"start":{"line":470,"column":50},"end":{"line":470,"column":107}},"line":470},"31":{"name":"(anonymous_31)","decl":{"start":{"line":471,"column":46},"end":{"line":471,"column":47}},"loc":{"start":{"line":471,"column":55},"end":{"line":471,"column":118}},"line":471},"32":{"name":"(anonymous_32)","decl":{"start":{"line":472,"column":42},"end":{"line":472,"column":43}},"loc":{"start":{"line":472,"column":51},"end":{"line":472,"column":109}},"line":472},"33":{"name":"(anonymous_33)","decl":{"start":{"line":473,"column":43},"end":{"line":473,"column":44}},"loc":{"start":{"line":473,"column":52},"end":{"line":473,"column":111}},"line":473},"34":{"name":"(anonymous_34)","decl":{"start":{"line":474,"column":48},"end":{"line":474,"column":49}},"loc":{"start":{"line":474,"column":57},"end":{"line":474,"column":121}},"line":474},"35":{"name":"(anonymous_35)","decl":{"start":{"line":493,"column":4},"end":{"line":493,"column":5}},"loc":{"start":{"line":493,"column":29},"end":{"line":509,"column":5}},"line":493},"36":{"name":"(anonymous_36)","decl":{"start":{"line":500,"column":18},"end":{"line":500,"column":19}},"loc":{"start":{"line":500,"column":26},"end":{"line":500,"column":42}},"line":500},"37":{"name":"(anonymous_37)","decl":{"start":{"line":501,"column":20},"end":{"line":501,"column":21}},"loc":{"start":{"line":501,"column":29},"end":{"line":501,"column":34}},"line":501},"38":{"name":"(anonymous_38)","decl":{"start":{"line":502,"column":17},"end":{"line":502,"column":18}},"loc":{"start":{"line":502,"column":26},"end":{"line":502,"column":50}},"line":502},"39":{"name":"(anonymous_39)","decl":{"start":{"line":510,"column":4},"end":{"line":510,"column":5}},"loc":{"start":{"line":510,"column":29},"end":{"line":526,"column":5}},"line":510},"40":{"name":"(anonymous_40)","decl":{"start":{"line":517,"column":18},"end":{"line":517,"column":19}},"loc":{"start":{"line":517,"column":26},"end":{"line":517,"column":42}},"line":517},"41":{"name":"(anonymous_41)","decl":{"start":{"line":518,"column":20},"end":{"line":518,"column":21}},"loc":{"start":{"line":518,"column":29},"end":{"line":518,"column":34}},"line":518},"42":{"name":"(anonymous_42)","decl":{"start":{"line":519,"column":17},"end":{"line":519,"column":18}},"loc":{"start":{"line":519,"column":26},"end":{"line":519,"column":50}},"line":519},"43":{"name":"(anonymous_43)","decl":{"start":{"line":527,"column":4},"end":{"line":527,"column":5}},"loc":{"start":{"line":527,"column":40},"end":{"line":535,"column":5}},"line":527},"44":{"name":"(anonymous_44)","decl":{"start":{"line":528,"column":45},"end":{"line":528,"column":46}},"loc":{"start":{"line":528,"column":59},"end":{"line":528,"column":102}},"line":528},"45":{"name":"(anonymous_45)","decl":{"start":{"line":529,"column":45},"end":{"line":529,"column":46}},"loc":{"start":{"line":529,"column":59},"end":{"line":529,"column":105}},"line":529},"46":{"name":"(anonymous_46)","decl":{"start":{"line":536,"column":4},"end":{"line":536,"column":5}},"loc":{"start":{"line":536,"column":29},"end":{"line":547,"column":5}},"line":536},"47":{"name":"(anonymous_47)","decl":{"start":{"line":548,"column":4},"end":{"line":548,"column":5}},"loc":{"start":{"line":548,"column":36},"end":{"line":573,"column":5}},"line":548},"48":{"name":"(anonymous_48)","decl":{"start":{"line":563,"column":53},"end":{"line":563,"column":54}},"loc":{"start":{"line":563,"column":66},"end":{"line":570,"column":13}},"line":563},"49":{"name":"(anonymous_49)","decl":{"start":{"line":572,"column":31},"end":{"line":572,"column":32}},"loc":{"start":{"line":572,"column":42},"end":{"line":572,"column":97}},"line":572},"50":{"name":"(anonymous_50)","decl":{"start":{"line":574,"column":4},"end":{"line":574,"column":5}},"loc":{"start":{"line":574,"column":40},"end":{"line":624,"column":5}},"line":574},"51":{"name":"(anonymous_51)","decl":{"start":{"line":581,"column":28},"end":{"line":581,"column":29}},"loc":{"start":{"line":581,"column":51},"end":{"line":622,"column":9}},"line":581},"52":{"name":"(anonymous_52)","decl":{"start":{"line":592,"column":42},"end":{"line":592,"column":43}},"loc":{"start":{"line":592,"column":51},"end":{"line":595,"column":17}},"line":592},"53":{"name":"(anonymous_53)","decl":{"start":{"line":600,"column":44},"end":{"line":600,"column":45}},"loc":{"start":{"line":600,"column":55},"end":{"line":605,"column":17}},"line":600},"54":{"name":"(anonymous_54)","decl":{"start":{"line":611,"column":78},"end":{"line":611,"column":79}},"loc":{"start":{"line":611,"column":99},"end":{"line":613,"column":17}},"line":611},"55":{"name":"(anonymous_55)","decl":{"start":{"line":617,"column":74},"end":{"line":617,"column":75}},"loc":{"start":{"line":617,"column":95},"end":{"line":619,"column":17}},"line":617},"56":{"name":"(anonymous_56)","decl":{"start":{"line":625,"column":4},"end":{"line":625,"column":5}},"loc":{"start":{"line":625,"column":36},"end":{"line":685,"column":5}},"line":625},"57":{"name":"(anonymous_57)","decl":{"start":{"line":651,"column":28},"end":{"line":651,"column":29}},"loc":{"start":{"line":651,"column":51},"end":{"line":681,"column":9}},"line":651},"58":{"name":"(anonymous_58)","decl":{"start":{"line":661,"column":42},"end":{"line":661,"column":43}},"loc":{"start":{"line":661,"column":51},"end":{"line":667,"column":17}},"line":661},"59":{"name":"(anonymous_59)","decl":{"start":{"line":671,"column":44},"end":{"line":671,"column":45}},"loc":{"start":{"line":671,"column":55},"end":{"line":678,"column":17}},"line":671}},"branchMap":{"0":{"loc":{"start":{"line":4,"column":22},"end":{"line":6,"column":1}},"type":"binary-expr","locations":[{"start":{"line":4,"column":23},"end":{"line":4,"column":27}},{"start":{"line":4,"column":31},"end":{"line":4,"column":51}},{"start":{"line":4,"column":56},"end":{"line":6,"column":1}}],"line":4},"1":{"loc":{"start":{"line":5,"column":11},"end":{"line":5,"column":61}},"type":"cond-expr","locations":[{"start":{"line":5,"column":37},"end":{"line":5,"column":40}},{"start":{"line":5,"column":43},"end":{"line":5,"column":61}}],"line":5},"2":{"loc":{"start":{"line":5,"column":12},"end":{"line":5,"column":33}},"type":"binary-expr","locations":[{"start":{"line":5,"column":12},"end":{"line":5,"column":15}},{"start":{"line":5,"column":19},"end":{"line":5,"column":33}}],"line":5},"3":{"loc":{"start":{"line":23,"column":12},"end":{"line":36,"column":13}},"type":"if","locations":[{"start":{"line":23,"column":12},"end":{"line":36,"column":13}},{"start":{},"end":{}}],"line":23},"4":{"loc":{"start":{"line":63,"column":47},"end":{"line":63,"column":103}},"type":"cond-expr","locations":[{"start":{"line":63,"column":72},"end":{"line":63,"column":85}},{"start":{"line":63,"column":88},"end":{"line":63,"column":103}}],"line":63},"5":{"loc":{"start":{"line":77,"column":16},"end":{"line":79,"column":17}},"type":"if","locations":[{"start":{"line":77,"column":16},"end":{"line":79,"column":17}},{"start":{},"end":{}}],"line":77},"6":{"loc":{"start":{"line":113,"column":59},"end":{"line":113,"column":115}},"type":"cond-expr","locations":[{"start":{"line":113,"column":84},"end":{"line":113,"column":97}},{"start":{"line":113,"column":100},"end":{"line":113,"column":115}}],"line":113},"7":{"loc":{"start":{"line":123,"column":12},"end":{"line":135,"column":13}},"type":"switch","locations":[{"start":{"line":124,"column":16},"end":{"line":126,"column":26}},{"start":{"line":127,"column":16},"end":{"line":129,"column":26}},{"start":{"line":130,"column":16},"end":{"line":132,"column":26}},{"start":{"line":133,"column":16},"end":{"line":134,"column":94}}],"line":123},"8":{"loc":{"start":{"line":138,"column":12},"end":{"line":140,"column":13}},"type":"if","locations":[{"start":{"line":138,"column":12},"end":{"line":140,"column":13}},{"start":{},"end":{}}],"line":138},"9":{"loc":{"start":{"line":148,"column":43},"end":{"line":148,"column":99}},"type":"cond-expr","locations":[{"start":{"line":148,"column":68},"end":{"line":148,"column":81}},{"start":{"line":148,"column":84},"end":{"line":148,"column":99}}],"line":148},"10":{"loc":{"start":{"line":156,"column":8},"end":{"line":159,"column":9}},"type":"if","locations":[{"start":{"line":156,"column":8},"end":{"line":159,"column":9}},{"start":{},"end":{}}],"line":156},"11":{"loc":{"start":{"line":162,"column":8},"end":{"line":165,"column":9}},"type":"if","locations":[{"start":{"line":162,"column":8},"end":{"line":165,"column":9}},{"start":{},"end":{}}],"line":162},"12":{"loc":{"start":{"line":168,"column":8},"end":{"line":171,"column":9}},"type":"if","locations":[{"start":{"line":168,"column":8},"end":{"line":171,"column":9}},{"start":{},"end":{}}],"line":168},"13":{"loc":{"start":{"line":174,"column":8},"end":{"line":177,"column":9}},"type":"if","locations":[{"start":{"line":174,"column":8},"end":{"line":177,"column":9}},{"start":{},"end":{}}],"line":174},"14":{"loc":{"start":{"line":180,"column":8},"end":{"line":183,"column":9}},"type":"if","locations":[{"start":{"line":180,"column":8},"end":{"line":183,"column":9}},{"start":{},"end":{}}],"line":180},"15":{"loc":{"start":{"line":185,"column":8},"end":{"line":187,"column":9}},"type":"if","locations":[{"start":{"line":185,"column":8},"end":{"line":187,"column":9}},{"start":{},"end":{}}],"line":185},"16":{"loc":{"start":{"line":193,"column":27},"end":{"line":193,"column":71}},"type":"binary-expr","locations":[{"start":{"line":193,"column":27},"end":{"line":193,"column":58}},{"start":{"line":193,"column":62},"end":{"line":193,"column":71}}],"line":193},"17":{"loc":{"start":{"line":194,"column":29},"end":{"line":194,"column":60}},"type":"binary-expr","locations":[{"start":{"line":194,"column":29},"end":{"line":194,"column":55}},{"start":{"line":194,"column":59},"end":{"line":194,"column":60}}],"line":194},"18":{"loc":{"start":{"line":224,"column":12},"end":{"line":236,"column":13}},"type":"if","locations":[{"start":{"line":224,"column":12},"end":{"line":236,"column":13}},{"start":{"line":234,"column":17},"end":{"line":236,"column":13}}],"line":224},"19":{"loc":{"start":{"line":226,"column":46},"end":{"line":226,"column":73}},"type":"binary-expr","locations":[{"start":{"line":226,"column":46},"end":{"line":226,"column":68}},{"start":{"line":226,"column":72},"end":{"line":226,"column":73}}],"line":226},"20":{"loc":{"start":{"line":229,"column":20},"end":{"line":231,"column":21}},"type":"if","locations":[{"start":{"line":229,"column":20},"end":{"line":231,"column":21}},{"start":{},"end":{}}],"line":229},"21":{"loc":{"start":{"line":229,"column":24},"end":{"line":229,"column":84}},"type":"binary-expr","locations":[{"start":{"line":229,"column":24},"end":{"line":229,"column":42}},{"start":{"line":229,"column":46},"end":{"line":229,"column":62}},{"start":{"line":229,"column":66},"end":{"line":229,"column":84}}],"line":229},"22":{"loc":{"start":{"line":256,"column":8},"end":{"line":263,"column":9}},"type":"if","locations":[{"start":{"line":256,"column":8},"end":{"line":263,"column":9}},{"start":{},"end":{}}],"line":256},"23":{"loc":{"start":{"line":273,"column":12},"end":{"line":290,"column":13}},"type":"if","locations":[{"start":{"line":273,"column":12},"end":{"line":290,"column":13}},{"start":{},"end":{}}],"line":273},"24":{"loc":{"start":{"line":277,"column":20},"end":{"line":282,"column":21}},"type":"if","locations":[{"start":{"line":277,"column":20},"end":{"line":282,"column":21}},{"start":{"line":280,"column":25},"end":{"line":282,"column":21}}],"line":277},"25":{"loc":{"start":{"line":278,"column":57},"end":{"line":278,"column":91}},"type":"binary-expr","locations":[{"start":{"line":278,"column":57},"end":{"line":278,"column":86}},{"start":{"line":278,"column":90},"end":{"line":278,"column":91}}],"line":278},"26":{"loc":{"start":{"line":284,"column":48},"end":{"line":284,"column":77}},"type":"binary-expr","locations":[{"start":{"line":284,"column":48},"end":{"line":284,"column":72}},{"start":{"line":284,"column":76},"end":{"line":284,"column":77}}],"line":284},"27":{"loc":{"start":{"line":286,"column":20},"end":{"line":288,"column":21}},"type":"if","locations":[{"start":{"line":286,"column":20},"end":{"line":288,"column":21}},{"start":{},"end":{}}],"line":286},"28":{"loc":{"start":{"line":310,"column":8},"end":{"line":317,"column":9}},"type":"if","locations":[{"start":{"line":310,"column":8},"end":{"line":317,"column":9}},{"start":{},"end":{}}],"line":310},"29":{"loc":{"start":{"line":327,"column":8},"end":{"line":328,"column":48}},"type":"if","locations":[{"start":{"line":327,"column":8},"end":{"line":328,"column":48}},{"start":{},"end":{}}],"line":327},"30":{"loc":{"start":{"line":329,"column":8},"end":{"line":330,"column":44}},"type":"if","locations":[{"start":{"line":329,"column":8},"end":{"line":330,"column":44}},{"start":{},"end":{}}],"line":329},"31":{"loc":{"start":{"line":331,"column":8},"end":{"line":332,"column":41}},"type":"if","locations":[{"start":{"line":331,"column":8},"end":{"line":332,"column":41}},{"start":{},"end":{}}],"line":331},"32":{"loc":{"start":{"line":333,"column":8},"end":{"line":334,"column":41}},"type":"if","locations":[{"start":{"line":333,"column":8},"end":{"line":334,"column":41}},{"start":{},"end":{}}],"line":333},"33":{"loc":{"start":{"line":336,"column":8},"end":{"line":338,"column":9}},"type":"if","locations":[{"start":{"line":336,"column":8},"end":{"line":338,"column":9}},{"start":{},"end":{}}],"line":336},"34":{"loc":{"start":{"line":336,"column":12},"end":{"line":336,"column":71}},"type":"binary-expr","locations":[{"start":{"line":336,"column":12},"end":{"line":336,"column":28}},{"start":{"line":336,"column":32},"end":{"line":336,"column":71}}],"line":336},"35":{"loc":{"start":{"line":358,"column":8},"end":{"line":365,"column":9}},"type":"if","locations":[{"start":{"line":358,"column":8},"end":{"line":365,"column":9}},{"start":{},"end":{}}],"line":358},"36":{"loc":{"start":{"line":375,"column":12},"end":{"line":387,"column":13}},"type":"if","locations":[{"start":{"line":375,"column":12},"end":{"line":387,"column":13}},{"start":{},"end":{}}],"line":375},"37":{"loc":{"start":{"line":377,"column":20},"end":{"line":385,"column":21}},"type":"if","locations":[{"start":{"line":377,"column":20},"end":{"line":385,"column":21}},{"start":{"line":380,"column":25},"end":{"line":385,"column":21}}],"line":377},"38":{"loc":{"start":{"line":380,"column":25},"end":{"line":385,"column":21}},"type":"if","locations":[{"start":{"line":380,"column":25},"end":{"line":385,"column":21}},{"start":{"line":383,"column":25},"end":{"line":385,"column":21}}],"line":380},"39":{"loc":{"start":{"line":383,"column":25},"end":{"line":385,"column":21}},"type":"if","locations":[{"start":{"line":383,"column":25},"end":{"line":385,"column":21}},{"start":{},"end":{}}],"line":383},"40":{"loc":{"start":{"line":389,"column":12},"end":{"line":391,"column":13}},"type":"if","locations":[{"start":{"line":389,"column":12},"end":{"line":391,"column":13}},{"start":{},"end":{}}],"line":389},"41":{"loc":{"start":{"line":389,"column":16},"end":{"line":389,"column":62}},"type":"binary-expr","locations":[{"start":{"line":389,"column":16},"end":{"line":389,"column":29}},{"start":{"line":389,"column":33},"end":{"line":389,"column":62}}],"line":389},"42":{"loc":{"start":{"line":392,"column":12},"end":{"line":394,"column":13}},"type":"if","locations":[{"start":{"line":392,"column":12},"end":{"line":394,"column":13}},{"start":{},"end":{}}],"line":392},"43":{"loc":{"start":{"line":392,"column":16},"end":{"line":392,"column":81}},"type":"binary-expr","locations":[{"start":{"line":392,"column":16},"end":{"line":392,"column":29}},{"start":{"line":392,"column":34},"end":{"line":392,"column":55}},{"start":{"line":392,"column":59},"end":{"line":392,"column":80}}],"line":392},"44":{"loc":{"start":{"line":396,"column":8},"end":{"line":399,"column":9}},"type":"if","locations":[{"start":{"line":396,"column":8},"end":{"line":399,"column":9}},{"start":{},"end":{}}],"line":396},"45":{"loc":{"start":{"line":409,"column":8},"end":{"line":416,"column":9}},"type":"if","locations":[{"start":{"line":409,"column":8},"end":{"line":416,"column":9}},{"start":{},"end":{}}],"line":409},"46":{"loc":{"start":{"line":430,"column":8},"end":{"line":437,"column":9}},"type":"if","locations":[{"start":{"line":430,"column":8},"end":{"line":437,"column":9}},{"start":{},"end":{}}],"line":430},"47":{"loc":{"start":{"line":430,"column":12},"end":{"line":430,"column":65}},"type":"binary-expr","locations":[{"start":{"line":430,"column":12},"end":{"line":430,"column":30}},{"start":{"line":430,"column":34},"end":{"line":430,"column":65}}],"line":430},"48":{"loc":{"start":{"line":439,"column":8},"end":{"line":446,"column":9}},"type":"if","locations":[{"start":{"line":439,"column":8},"end":{"line":446,"column":9}},{"start":{},"end":{}}],"line":439},"49":{"loc":{"start":{"line":448,"column":8},"end":{"line":455,"column":9}},"type":"if","locations":[{"start":{"line":448,"column":8},"end":{"line":455,"column":9}},{"start":{},"end":{}}],"line":448},"50":{"loc":{"start":{"line":457,"column":8},"end":{"line":464,"column":9}},"type":"if","locations":[{"start":{"line":457,"column":8},"end":{"line":464,"column":9}},{"start":{},"end":{}}],"line":457},"51":{"loc":{"start":{"line":470,"colu
[...]
],"line":56},"10":{"loc":{"start":{"line":58,"column":12},"end":{"line":59,"column":25}},"type":"if","locations":[{"start":{"line":58,"column":12},"end":{"line":59,"column":25}},{"start":{},"end":{}}],"line":58},"11":{"loc":{"start":{"line":58,"column":16},"end":{"line":58,"column":70}},"type":"binary-expr","locations":[{"start":{"line":58,"column":16},"end":{"line":58,"column":31}},{"start":{"line":58,"column":35},"end":{"line":58,"column":45}},{"start":{"line":58,"column":49},"end":{"line":58,"column":70}}],"line":58},"12":{"loc":{"start":{"line":60,"column":12},"end":{"line":61,"column":35}},"type":"if","locations":[{"start":{"line":60,"column":12},"end":{"line":61,"column":35}},{"start":{},"end":{}}],"line":60},"13":{"loc":{"start":{"line":65,"column":8},"end":{"line":66,"column":25}},"type":"if","locations":[{"start":{"line":65,"column":8},"end":{"line":66,"column":25}},{"start":{},"end":{}}],"line":65},"14":{"loc":{"start":{"line":65,"column":12},"end":{"line":65,"column":99}},"type":"binary-expr","locations":[{"start":{"line":65,"column":12},"end":{"line":65,"column":22}},{"start":{"line":65,"column":26},"end":{"line":65,"column":42}},{"start":{"line":65,"column":46},"end":{"line":65,"column":64}},{"start":{"line":65,"column":68},"end":{"line":65,"column":99}}],"line":65},"15":{"loc":{"start":{"line":67,"column":8},"end":{"line":68,"column":25}},"type":"if","locations":[{"start":{"line":67,"column":8},"end":{"line":68,"column":25}},{"start":{},"end":{}}],"line":67},"16":{"loc":{"start":{"line":67,"column":12},"end":{"line":67,"column":75}},"type":"binary-expr","locations":[{"start":{"line":67,"column":12},"end":{"line":67,"column":20}},{"start":{"line":67,"column":24},"end":{"line":67,"column":42}},{"start":{"line":67,"column":46},"end":{"line":67,"column":75}}],"line":67},"17":{"loc":{"start":{"line":72,"column":8},"end":{"line":75,"column":9}},"type":"if","locations":[{"start":{"line":72,"column":8},"end":{"line":75,"column":9}},{"start":{},"end":{}}],"line":72},"18":{"loc":{"start":{"line":72,"column":34},"end":{"line":72,"column":52}},"type":"binary-expr","locations":[{"start":{"line":72,"column":34},"end":{"line":72,"column":46}},{"start":{"line":72,"column":50},"end":{"line":72,"column":52}}],"line":72},"19":{"loc":{"start":{"line":76,"column":26},"end":{"line":76,"column":41}},"type":"binary-expr","locations":[{"start":{"line":76,"column":26},"end":{"line":76,"column":35}},{"start":{"line":76,"column":39},"end":{"line":76,"column":41}}],"line":76},"20":{"loc":{"start":{"line":82,"column":12},"end":{"line":104,"column":13}},"type":"if","locations":[{"start":{"line":82,"column":12},"end":{"line":104,"column":13}},{"start":{"line":87,"column":17},"end":{"line":104,"column":13}}],"line":82},"21":{"loc":{"start":{"line":83,"column":28},"end":{"line":83,"column":43}},"type":"binary-expr","locations":[{"start":{"line":83,"column":28},"end":{"line":83,"column":38}},{"start":{"line":83,"column":42},"end":{"line":83,"column":43}}],"line":83},"22":{"loc":{"start":{"line":84,"column":16},"end":{"line":85,"column":33}},"type":"if","locations":[{"start":{"line":84,"column":16},"end":{"line":85,"column":33}},{"start":{},"end":{}}],"line":84},"23":{"loc":{"start":{"line":87,"column":17},"end":{"line":104,"column":13}},"type":"if","locations":[{"start":{"line":87,"column":17},"end":{"line":104,"column":13}},{"start":{"line":96,"column":17},"end":{"line":104,"column":13}}],"line":87},"24":{"loc":{"start":{"line":89,"column":16},"end":{"line":90,"column":33}},"type":"if","locations":[{"start":{"line":89,"column":16},"end":{"line":90,"column":33}},{"start":{},"end":{}}],"line":89},"25":{"loc":{"start":{"line":91,"column":16},"end":{"line":92,"column":33}},"type":"if","locations":[{"start":{"line":91,"column":16},"end":{"line":92,"column":33}},{"start":{},"end":{}}],"line":91},"26":{"loc":{"start":{"line":91,"column":20},"end":{"line":91,"column":53}},"type":"binary-expr","locations":[{"start":{"line":91,"column":20},"end":{"line":91,"column":28}},{"start":{"line":91,"column":32},"end":{"line":91,"column":53}}],"line":91},"27":{"loc":{"start":{"line":93,"column":16},"end":{"line":94,"column":33}},"type":"if","locations":[{"start":{"line":93,"column":16},"end":{"line":94,"column":33}},{"start":{},"end":{}}],"line":93},"28":{"loc":{"start":{"line":93,"column":20},"end":{"line":93,"column":59}},"type":"binary-expr","locations":[{"start":{"line":93,"column":20},"end":{"line":93,"column":37}},{"start":{"line":93,"column":41},"end":{"line":93,"column":59}}],"line":93},"29":{"loc":{"start":{"line":96,"column":17},"end":{"line":104,"column":13}},"type":"if","locations":[{"start":{"line":96,"column":17},"end":{"line":104,"column":13}},{"start":{},"end":{}}],"line":96},"30":{"loc":{"start":{"line":98,"column":16},"end":{"line":103,"column":33}},"type":"if","locations":[{"start":{"line":98,"column":16},"end":{"line":103,"column":33}},{"start":{"line":102,"column":21},"end":{"line":103,"column":33}}],"line":98},"31":{"loc":{"start":{"line":99,"column":20},"end":{"line":100,"column":37}},"type":"if","locations":[{"start":{"line":99,"column":20},"end":{"line":100,"column":37}},{"start":{},"end":{}}],"line":99},"32":{"loc":{"start":{"line":102,"column":21},"end":{"line":103,"column":33}},"type":"if","locations":[{"start":{"line":102,"column":21},"end":{"line":103,"column":33}},{"start":{},"end":{}}],"line":102},"33":{"loc":{"start":{"line":102,"column":25},"end":{"line":102,"column":78}},"type":"binary-expr","locations":[{"start":{"line":102,"column":25},"end":{"line":102,"column":40}},{"start":{"line":102,"column":44},"end":{"line":102,"column":55}},{"start":{"line":102,"column":59},"end":{"line":102,"column":66}},{"start":{"line":102,"column":70},"end":{"line":102,"column":78}}],"line":102},"34":{"loc":{"start":{"line":110,"column":12},"end":{"line":131,"column":13}},"type":"if","locations":[{"start":{"line":110,"column":12},"end":{"line":131,"column":13}},{"start":{"line":114,"column":17},"end":{"line":131,"column":13}}],"line":110},"35":{"loc":{"start":{"line":114,"column":17},"end":{"line":131,"column":13}},"type":"if","locations":[{"start":{"line":114,"column":17},"end":{"line":131,"column":13}},{"start":{"line":119,"column":17},"end":{"line":131,"column":13}}],"line":114},"36":{"loc":{"start":{"line":115,"column":26},"end":{"line":115,"column":41}},"type":"binary-expr","locations":[{"start":{"line":115,"column":26},"end":{"line":115,"column":36}},{"start":{"line":115,"column":40},"end":{"line":115,"column":41}}],"line":115},"37":{"loc":{"start":{"line":119,"column":17},"end":{"line":131,"column":13}},"type":"if","locations":[{"start":{"line":119,"column":17},"end":{"line":131,"column":13}},{"start":{"line":123,"column":17},"end":{"line":131,"column":13}}],"line":119},"38":{"loc":{"start":{"line":121,"column":55},"end":{"line":121,"column":71}},"type":"binary-expr","locations":[{"start":{"line":121,"column":55},"end":{"line":121,"column":61}},{"start":{"line":121,"column":65},"end":{"line":121,"column":71}}],"line":121},"39":{"loc":{"start":{"line":121,"column":82},"end":{"line":121,"column":100}},"type":"binary-expr","locations":[{"start":{"line":121,"column":82},"end":{"line":121,"column":90}},{"start":{"line":121,"column":94},"end":{"line":121,"column":100}}],"line":121},"40":{"loc":{"start":{"line":123,"column":17},"end":{"line":131,"column":13}},"type":"if","locations":[{"start":{"line":123,"column":17},"end":{"line":131,"column":13}},{"start":{"line":127,"column":17},"end":{"line":131,"column":13}}],"line":123},"41":{"loc":{"start":{"line":127,"column":17},"end":{"line":131,"column":13}},"type":"if","locations":[{"start":{"line":127,"column":17},"end":{"line":131,"column":13}},{"start":{},"end":{}}],"line":127},"42":{"loc":{"start":{"line":129,"column":26},"end":{"line":129,"column":41}},"type":"binary-expr","locations":[{"start":{"line":129,"column":26},"end":{"line":129,"column":36}},{"start":{"line":129,"column":40},"end":{"line":129,"column":41}}],"line":129},"43":{"loc":{"start":{"line":130,"column":47},"end":{"line":130,"column":75}},"type":"cond-expr","locations":[{"start":{"line":130,"column":57},"end":{"line":130,"column":70}},{"start":{"line":130,"column":73},"end":{"line":130,"column":75}}],"line":130}},"s":{"0":0,"1":0,"2":0,"3":0,"4":0,"5":0,"6":0,"7":0,"8":0,"9":0,"10":0,"11":0,"12":0,"13":0,"14":0,"15":0,"16":0,"17":0,"18":0,"19":0,"20":0,"21":0,"22":0,"23":0,"24":0,"25":0,"26":0,"27":0,"28":0,"29":0,"30":0,"31":0,"32":0,"33":0,"34":0,"35":0,"36":0,"37":0,"38":0,"39":0,"40":0,"41":0,"42":0,"43":0,"44":0,"45":0,"46":0,"47":0,"48":0,"49":0,"50":0,"51":0,"52":0,"53":0,"54":0,"55":0,"56":0,"57":0,"58":0,"59":0,"60":0,"61":0,"62":0,"63":0,"64":0,"65":0,"66":0,"67":0,"68":0,"69":0,"70":0,"71":0,"72":0,"73":0,"74":0,"75":0,"76":0,"77":0,"78":0,"79":0,"80":0,"81":0,"82":0,"83":0,"84":0,"85":0,"86":0,"87":0,"88":0,"89":0},"f":{"0":0,"1":0,"2":0,"3":0,"4":0,"5":0,"6":0,"7":0,"8":0,"9":0,"10":0,"11":0,"12":0,"13":0},"b":{"0":[0],"1":[0,0],"2":[0,0],"3":[0,0],"4":[0,0],"5":[0,0],"6":[0,0],"7":[0,0],"8":[0,0],"9":[0,0,0],"10":[0,0],"11":[0,0,0],"12":[0,0],"13":[0,0],"14":[0,0,0,0],"15":[0,0],"16":[0,0,0],"17":[0,0],"18":[0,0],"19":[0,0],"20":[0,0],"21":[0,0],"22":[0,0],"23":[0,0],"24":[0,0],"25":[0,0],"26":[0,0],"27":[0,0],"28":[0,0],"29":[0,0],"30":[0,0],"31":[0,0],"32":[0,0],"33":[0,0,0,0],"34":[0,0],"35":[0,0],"36":[0,0],"37":[0,0],"38":[0,0],"39":[0,0],"40":[0,0],"41":[0,0],"42":[0,0],"43":[0,0]}}
,"/workspace/zones_pure/harness.ts": {"path":"/workspace/zones_pure/harness.ts","statementMap":{"0":{"start":{"line":3,"column":22},"end":{"line":5,"column":1}},"1":{"start":{"line":4,"column":4},"end":{"line":4,"column":62}},"2":{"start":{"line":6,"column":0},"end":{"line":6,"column":62}},"3":{"start":{"line":7,"column":13},"end":{"line":7,"column":43}},"4":{"start":{"line":8,"column":15},"end":{"line":8,"column":47}},"5":{"start":{"line":9,"column":22},"end":{"line":9,"column":46}},"6":{"start":{"line":11,"column":17},"end":{"line":11,"column":32}},"7":{"start":{"line":12,"column":4},"end":{"line":15,"column":5}},"8":{"start":{"line":13,"column":8},"end":{"line":13,"column":70}},"9":{"start":{"line":14,"column":8},"end":{"line":14,"column":24}},"10":{"start":{"line":16,"column":17},"end":{"line":16,"column":93}},"11":{"start":{"line":17,"column":16},"end":{"line":17,"column":18}},"12":{"start":{"line":19,"column":22},"end":{"line":19,"column":31}},"13":{"start":{"line":20,"column":19},"end":{"line":20,"column":28}},"14":{"start":{"line":21,"column":18},"end":{"line":21,"column":33}},"15":{"start":{"line":22,"column":16},"end":{"line":50,"column":6}},"16":{"start":{"line":23,"column":23},"end":{"line":23,"column":34}},"17":{"start":{"line":24,"column":39},"end":{"line":24,"column":69}},"18":{"start":{"line":26,"column":32},"end":{"line":26,"column":79}},"19":{"start":{"line":27,"column":32},"end":{"line":27,"column":61}},"20":{"start":{"line":31,"column":28},"end":{"line":31,"column":76}},"21":{"start":{"line":32,"column":16},"end":{"line":33,"column":36}},"22":{"start":{"line":33,"column":20},"end":{"line":33,"column":36}},"23":{"start":{"line":34,"column":16},"end":{"line":35,"column":40}},"24":{"start":{"line":35,"column":20},"end":{"line":35,"column":40}},"25":{"start":{"line":36,"column":16},"end":{"line":36,"column":37}},"26":{"start":{"line":38,"column":31},"end":{"line":38,"column":46}},"27":{"start":{"line":42,"column":16},"end":{"line":42,"column":32}},"28":{"start":{"line":43,"column":16},"end":{"line":43,"column":43}},"29":{"start":{"line":46,"column":26},"end":{"line":46,"column":69}},"30":{"start":{"line":47,"column":16},"end":{"line":47,"column":38}},"31":{"start":{"line":51,"column":4},"end":{"line":64,"column":5}},"32":{"start":{"line":52,"column":8},"end":{"line":63,"column":31}},"33":{"start":{"line":53,"column":12},"end":{"line":53,"column":69}},"34":{"start":{"line":54,"column":13},"end":{"line":63,"column":31}},"35":{"start":{"line":55,"column":12},"end":{"line":55,"column":40}},"36":{"start":{"line":56,"column":13},"end":{"line":63,"column":31}},"37":{"start":{"line":57,"column":12},"end":{"line":57,"column":43}},"38":{"start":{"line":58,"column":13},"end":{"line":63,"column":31}},"39":{"start":{"line":59,"column":12},"end":{"line":59,"column":28}},"40":{"start":{"line":60,"column":13},"end":{"line":63,"column":31}},"41":{"start":{"line":61,"column":12},"end":{"line":61,"column":27}},"42":{"start":{"line":62,"column":13},"end":{"line":63,"column":31}},"43":{"start":{"line":63,"column":12},"end":{"line":63,"column":31}},"44":{"start":{"line":65,"column":16},"end":{"line":71,"column":5}},"45":{"start":{"line":68,"column":76},"end":{"line":68,"column":92}},"46":{"start":{"line":69,"column":63},"end":{"line":69,"column":101}},"47":{"start":{"line":72,"column":4},"end":{"line":72,"column":46}},"48":{"start":{"line":74,"column":0},"end":{"line":75,"column":11}},"49":{"start":{"line":75,"column":4},"end":{"line":75,"column":11}}},"fnMap":{"0":{"name":"(anonymous_0)","decl":{"start":{"line":3,"column":56},"end":{"line":3,"column":57}},"loc":{"start":{"line":3,"column":71},"end":{"line":5,"column":1}},"line":3},"1":{"name":"main","decl":{"start":{"line":10,"column":9},"end":{"line":10,"column":13}},"loc":{"start":{"line":10,"column":16},"end":{"line":73,"column":1}},"line":10},"2":{"name":"(anonymous_2)","decl":{"start":{"line":23,"column":16},"end":{"line":23,"column":17}},"loc":{"start":{"line":23,"column":23},"end":{"line":23,"column":34}},"line":23},"3":{"name":"(anonymous_3)","decl":{"start":{"line":24,"column":31},"end":{"line":24,"column":32}},"loc":{"start":{"line":24,"column":39},"end":{"line":24,"column":69}},"line":24},"4":{"name":"(anonymous_4)","decl":{"start":{"line":26,"column":21},"end":{"line":26,"column":22}},"loc":{"start":{"line":26,"column":32},"end":{"line":26,"column":79}},"line":26},"5":{"name":"(anonymous_5)","decl":{"start":{"line":27,"column":21},"end":{"line":27,"column":22}},"loc":{"start":{"line":27,"column":32},"end":{"line":27,"column":61}},"line":27},"6":{"name":"(anonymous_6)","decl":{"start":{"line":30,"column":21},"end":{"line":30,"column":22}},"loc":{"start":{"line":30,"column":44},"end":{"line":37,"column":13}},"line":30},"7":{"name":"(anonymous_7)","decl":{"start":{"line":38,"column":22},"end":{"line":38,"column":23}},"loc":{"start":{"line":38,"column":31},"end":{"line":38,"column":46}},"line":38},"8":{"name":"(anonymous_8)","decl":{"start":{"line":41,"column":31},"end":{"line":41,"column":32}},"loc":{"start":{"line":41,"column":38},"end":{"line":44,"column":13}},"line":41},"9":{"name":"(anonymous_9)","decl":{"start":{"line":45,"column":21},"end":{"line":45,"column":22}},"loc":{"start":{"line":45,"column":34},"end":{"line":48,"column":13}},"line":45},"10":{"name":"(anonymous_10)","decl":{"start":{"line":68,"column":55},"end":{"line":68,"column":56}},"loc":{"start":{"line":68,"column":76},"end":{"line":68,"column":92}},"line":68},"11":{"name":"(anonymous_11)","decl":{"start":{"line":69,"column":49},"end":{"line":69,"column":50}},"loc":{"start":{"line":69,"column":63},"end":{"line":69,"column":101}},"line":69}},"branchMap":{"0":{"loc":{"start":{"line":3,"column":22},"end":{"line":5,"column":1}},"type":"binary-expr","locations":[{"start":{"line":3,"column":23},"end":{"line":3,"column":27}},{"start":{"line":3,"column":31},"end":{"line":3,"column":51}},{"start":{"line":3,"column":56},"end":{"line":5,"column":1}}],"line":3},"1":{"loc":{"start":{"line":4,"column":11},"end":{"line":4,"column":61}},"type":"cond-expr","locations":[{"start":{"line":4,"column":37},"end":{"line":4,"column":40}},{"start":{"line":4,"column":43},"end":{"line":4,"column":61}}],"line":4},"2":{"loc":{"start":{"line":4,"column":12},"end":{"line":4,"column":33}},"type":"binary-expr","locations":[{"start":{"line":4,"column":12},"end":{"line":4,"column":15}},{"start":{"line":4,"column":19},"end":{"line":4,"column":33}}],"line":4},"3":{"loc":{"start":{"line":12,"column":4},"end":{"line":15,"column":5}},"type":"if","locations":[{"start":{"line":12,"column":4},"end":{"line":15,"column":5}},{"start":{},"end":{}}],"line":12},"4":{"loc":{"start":{"line":26,"column":51},"end":{"line":26,"column":73}},"type":"binary-expr","locations":[{"start":{"line":26,"column":51},"end":{"line":26,"column":68}},{"start":{"line":26,"column":72},"end":{"line":26,"column":73}}],"line":26},"5":{"loc":{"start":{"line":27,"column":33},"end":{"line":27,"column":55}},"type":"binary-expr","locations":[{"start":{"line":27,"column":33},"end":{"line":27,"column":50}},{"start":{"line":27,"column":54},"end":{"line":27,"column":55}}],"line":27},"6":{"loc":{"start":{"line":31,"column":28},"end":{"line":31,"column":76}},"type":"binary-expr","locations":[{"start":{"line":31,"column":28},"end":{"line":31,"column":43}},{"start":{"line":31,"column":47},"end":{"line":31,"column":76}}],"line":31},"7":{"loc":{"start":{"line":32,"column":16},"end":{"line":33,"column":36}},"type":"if","locations":[{"start":{"line":32,"column":16},"end":{"line":33,"column":36}},{"start":{},"end":{}}],"line":32},"8":{"loc":{"start":{"line":34,"column":16},"end":{"line":35,"column":40}},"type":"if","locations":[{"start":{"line":34,"column":16},"end":{"line":35,"column":40}},{"start":{},"end":{}}],"line":34},"9":{"loc":{"start":{"line":46,"column":41},"end":{"line":46,"column":57}},"type":"cond-expr","locations":[{"start":{"line":46,"column":45},"end":{"line":46,"column":52}},{"start":{"line":46,"column":55},"end":{"line":46,"column":57}}],"line":46},"10":{"loc":{"start":{"line":46,"column":61},"end":{"line":46,"column":67}},"type":"binary-expr","locations":[{"start":{"line":46,"column":61},"end":{"line":46,"column":62}},{"start":{"line":46,"column":66},"end":{"line":46,"column":67}}],"line":46},"11":{"loc":{"start":{"line":52,"column":8},"end":{"line":63,"column":31}},"type":"if","locations":[{"start":{"line":52,"column":8},"end":{"line":63,"column":31}},{"start":{"line":54,"column":13},"end":{"line":63,"column":31}}],"line":52},"12":{"loc":{"start":{"line":54,"column":13},"end":{"line":63,"column":31}},"type":"if","locations":[{"start":{"line":54,"column":13},"end":{"line":63,"column":31}},{"start":{"line":56,"column":13},"end":{"line":63,"column":31}}],"line":54},"13":{"loc":{"start":{"line":56,"column":13},"end":{"line":63,"column":31}},"type":"if","locations":[{"start":{"line":56,"column":13},"end":{"line":63,"column":31}},{"start":{"line":58,"column":13},"end":{"line":63,"column":31}}],"line":56},"14":{"loc":{"start":{"line":58,"column":13},"end":{"line":63,"column":31}},"type":"if","locations":[{"start":{"line":58,"column":13},"end":{"line":63,"column":31}},{"start":{"line":60,"column":13},"end":{"line":63,"column":31}}],"line":58},"15":{"loc":{"start":{"line":60,"column":13},"end":{"line":63,"column":31}},"type":"if","locations":[{"start":{"line":60,"column":13},"end":{"line":63,"column":31}},{"start":{"line":62,"column":13},"end":{"line":63,"column":31}}],"line":60},"16":{"loc":{"start":{"line":62,"column":13},"end":{"line":63,"column":31}},"type":"if","locations":[{"start":{"line":62,"column":13},"end":{"line":63,"column":31}},{"start":{},"end":{}}],"line":62},"17":{"loc":{"start":{"line":74,"column":0},"end":{"line":75,"column":11}},"type":"if","locations":[{"start":{"line":74,"column":0},"end":{"line":75,"column":11}},{"start":{},"end":{}}],"line":74}},"s":{"0":0,"1":0,"2":0,"3":0,"4":0,"5":0,"6":0,"7":0,"8":0,"9":0,"10":0,"11":0,"12":0,"13":0,"14":0,"15":0,"16":0,"17":0,"18":0,"19":0,"20":0,"21":0,"22":0,"23":0,"24":0,"25":0,"26":0,"27":0,"28":0,"29":0,"30":0,"31":0,"32":0,"33":0,"34":0,"35":0,"36":0,"37":0,"38":0,"39":0,"40":0,"41":0,"42":0,"43":0,"44":0,"45":0,"46":0,"47":0,"48":0,"49":0},"f":{"0":0,"1":0,"2":0,"3":0,"4":0,"5":0,"6":0,"7":0,"8":0,"9":0,"10":0,"11":0},"b":{"0":[0,0,0],"1":[0,0],"2":[0,0],"3":[0,0],"4":[0,0],"5":[0,0],"6":[0,0],"7":[0,0],"8":[0,0],"9":[0,0],"10":[0,0],"11":[0,0],"12":[0,0],"13":[0,0],"14":[0,0],"15":[0,0],"16":[0,0],"17":[0,0]}}
}
