{"/workspace/AIProfilesPure/AIProfileManager.ts": {"path":"/workspace/AIProfilesPure/AIProfileManager.ts","statementMap":{"0":{"start":{"line":2,"column":0},"end":{"line":2,"column":62}},"1":{"start":{"line":3,"column":0},"end":{"line":3,"column":34}},"2":{"start":{"line":6,"column":8},"end":{"line":6,"column":34}},"3":{"start":{"line":7,"column":8},"end":{"line":7,"column":27}},"4":{"start":{"line":10,"column":8},"end":{"line":10,"column":30}},"5":{"start":{"line":11,"column":8},"end":{"line":12,"column":39}},"6":{"start":{"line":12,"column":12},"end":{"line":12,"column":39}},"7":{"start":{"line":15,"column":8},"end":{"line":15,"column":48}},"8":{"start":{"line":18,"column":8},"end":{"line":18,"column":40}},"9":{"start":{"line":21,"column":18},"end":{"line":21,"column":36}},"10":{"start":{"line":22,"column":8},"end":{"line":22,"column":22}},"11":{"start":{"line":23,"column":8},"end":{"line":23,"column":49}},"12":{"start":{"line":26,"column":18},"end":{"line":26,"column":36}},"13":{"start":{"line":27,"column":8},"end":{"line":27,"column":30}},"14":{"start":{"line":30,"column":18},"end":{"line":30,"column":36}},"15":{"start":{"line":31,"column":8},"end":{"line":31,"column":28}},"16":{"start":{"line":34,"column":8},"end":{"line":34,"column":49}},"17":{"start":{"line":37,"column":18},"end":{"line":37,"column":36}},"18":{"start":{"line":38,"column":8},"end":{"line":38,"column":50}},"19":{"start":{"line":39,"column":24},"end":{"line":39,"column":26}},"20":{"start":{"line":40,"column":8},"end":{"line":64,"column":9}},"21":{"start":{"line":42,"column":16},"end":{"line":42,"column":41}},"22":{"start":{"line":43,"column":16},"end":{"line":44,"column":41}},"23":{"start":{"line":44,"column":20},"end":{"line":44,"column":41}},"24":{"start":{"line":45,"column":16},"end":{"line":45,"column":22}},"25":{"start":{"line":47,"column":16},"end":{"line":48,"column":60}},"26":{"start":{"line":48,"column":20},"end":{"line":48,"column":60}},"27":{"start":{"line":49,"column":16},"end":{"line":50,"column":41}},"28":{"start":{"line":50,"column":20},"end":{"line":50,"column":41}},"29":{"start":{"line":51,"column":16},"end":{"line":51,"column":22}},"30":{"start":{"line":53,"column":16},"end":{"line":53,"column":39}},"31":{"start":{"line":54,"column":16},"end":{"line":54,"column":22}},"32":{"start":{"line":56,"column":16},"end":{"line":56,"column":39}},"33":{"start":{"line":57,"column":16},"end":{"line":57,"column":22}},"34":{"start":{"line":59,"column":16},"end":{"line":62,"column":41}},"35":{"start":{"line":60,"column":20},"end":{"line":60,"column":60}},"36":{"start":{"line":62,"column":20},"end":{"line":62,"column":41}},"37":{"start":{"line":63,"column":16},"end":{"line":63,"column":22}},"38":{"start":{"line":66,"column":22},"end":{"line":66,"column":43}},"39":{"start":{"line":67,"column":8},"end":{"line":70,"column":9}},"40":{"start":{"line":68,"column":12},"end":{"line":68,"column":67}},"41":{"start":{"line":69,"column":12},"end":{"line":69,"column":57}},"42":{"start":{"line":71,"column":8},"end":{"line":71,"column":90}},"43":{"start":{"line":74,"column":16},"end":{"line":74,"column":40}},"44":{"start":{"line":75,"column":8},"end":{"line":78,"column":9}},"45":{"start":{"line":76,"column":12},"end":{"line":76,"column":48}},"46":{"start":{"line":77,"column":12},"end":{"line":77,"column":40}},"47":{"start":{"line":79,"column":8},"end":{"line":79,"column":17}},"48":{"start":{"line":82,"column":0},"end":{"line":82,"column":44}}},"fnMap":{"0":{"name":"(anonymous_0)","decl":{"start":{"line":5,"column":4},"end":{"line":5,"column":5}},"loc":{"start":{"line":5,"column":28},"end":{"line":8,"column":5}},"line":5},"1":{"name":"(anonymous_1)","decl":{"start":{"line":9,"column":4},"end":{"line":9,"column":5}},"loc":{"start":{"line":9,"column":19},"end":{"line":13,"column":5}},"line":9},"2":{"name":"(anonymous_2)","decl":{"start":{"line":14,"column":4},"end":{"line":14,"column":5}},"loc":{"start":{"line":14,"column":19},"end":{"line":16,"column":5}},"line":14},"3":{"name":"(anonymous_3)","decl":{"start":{"line":17,"column":4},"end":{"line":17,"column":5}},"loc":{"start":{"line":17,"column":22},"end":{"line":19,"column":5}},"line":17},"4":{"name":"(anonymous_4)","decl":{"start":{"line":20,"column":4},"end":{"line":20,"column":5}},"loc":{"start":{"line":20,"column":28},"end":{"line":24,"column":5}},"line":20},"5":{"name":"(anonymous_5)","decl":{"start":{"line":25,"column":4},"end":{"line":25,"column":5}},"loc":{"start":{"line":25,"column":32},"end":{"line":28,"column":5}},"line":25},"6":{"name":"(anonymous_6)","decl":{"start":{"line":29,"column":4},"end":{"line":29,"column":5}},"loc":{"start":{"line":29,"column":30},"end":{"line":32,"column":5}},"line":29},"7":{"name":"(anonymous_7)","decl":{"start":{"line":33,"column":4},"end":{"line":33,"column":5}},"loc":{"start":{"line":33,"column":23},"end":{"line":35,"column":5}},"line":33},"8":{"name":"(anonymous_8)","decl":{"start":{"line":36,"column":4},"end":{"line":36,"column":5}},"loc":{"start":{"line":36,"column":28},"end":{"line":72,"column":5}},"line":36},"9":{"name":"(anonymous_9)","decl":{"start":{"line":73,"column":4},"end":{"line":73,"column":5}},"loc":{"start":{"line":73,"column":18},"end":{"line":80,"column":5}},"line":73}},"branchMap":{"0":{"loc":{"start":{"line":5,"column":16},"end":{"line":5,"column":26}},"type":"default-arg","locations":[{"start":{"line":5,"column":24},"end":{"line":5,"column":26}}],"line":5},"1":{"loc":{"start":{"line":34,"column":15},"end":{"line":34,"column":48}},"type":"binary-expr","locations":[{"start":{"line":34,"column":15},"end":{"line":34,"column":42}},{"start":{"line":34,"column":46},"end":{"line":34,"column":48}}],"line":34},"2":{"loc":{"start":{"line":40,"column":8},"end":{"line":64,"column":9}},"type":"switch","locations":[{"start":{"line":41,"column":12},"end":{"line":45,"column":22}},{"start":{"line":46,"column":12},"end":{"line":51,"column":22}},{"start":{"line":52,"column":12},"end":{"line":54,"column":22}},{"start":{"line":55,"column":12},"end":{"line":57,"column":22}},{"start":{"line":58,"column":12},"end":{"line":63,"column":22}}],"line":40},"3":{"loc":{"start":{"line":43,"column":16},"end":{"line":44,"column":41}},"type":"if","locations":[{"start":{"line":43,"column":16},"end":{"line":44,"column":41}},{"start":{},"end":{}}],"line":43},"4":{"loc":{"start":{"line":47,"column":16},"end":{"line":48,"column":60}},"type":"if","locations":[{"start":{"line":47,"column":16},"end":{"line":48,"column":60}},{"start":{},"end":{}}],"line":47},"5":{"loc":{"start":{"line":49,"column":16},"end":{"line":50,"column":41}},"type":"if","locations":[{"start":{"line":49,"column":16},"end":{"line":50,"column":41}},{"start":{},"end":{}}],"line":49},"6":{"loc":{"start":{"line":59,"column":16},"end":{"line":62,"column":41}},"type":"if","locations":[{"start":{"line":59,"column":16},"end":{"line":62,"column":41}},{"start":{"line":62,"column":20},"end":{"line":62,"column":41}}],"line":59},"7":{"loc":{"start":{"line":66,"column":23},"end":{"line":66,"column":39}},"type":"binary-expr","locations":[{"start":{"line":66,"column":23},"end":{"line":66,"column":33}},{"start":{"line":66,"column":37},"end":{"line":66,"column":39}}],"line":66},"8":{"loc":{"start":{"line":67,"column":8},"end":{"line":70,"column":9}},"type":"if","locations":[{"start":{"line":67,"column":8},"end":{"line":70,"column":9}},{"start":{},"end":{}}],"line":67},"9":{"loc":{"start":{"line":75,"column":8},"end":{"line":78,"column":9}},"type":"if","locations":[{"start":{"line":75,"column":8},"end":{"line":78,"column":9}},{"start":{},"end":{}}],"line":75}},"s":{"0":0,"1":0,"2":0,"3":0,"4":0,"5":0,"6":0,"7":0,"8":0,"9":0,"10":0,"11":0,"12":0,"13":0,"14":0,"15":0,"16":0,"17":0,"18":0,"19":0,"20":0,"21":0,"22":0,"23":0,"24":0,"25":0,"26":0,"27":0,"28":0,"29":0,"30":0,"31":0,"32":0,"33":0,"34":0,"35":0,"36":0,"37":0,"38":0,"39":0,"40":0,"41":0,"42":0,"43":0,"44":0,"45":0,"46":0,"47":0,"48":0},"f":{"0":0,"1":0,"2":0,"3":0,"4":0,"5":0,"6":0,"7":0,"8":0,"9":0},"b":{"0":[0],"1":[0,0],"2":[0,0,0,0,0],"3":[0,0],"4":[0,0],"5":[0,0],"6":[0,0],"7":[0,0],"8":[0,0],"9":[0,0]}}
,"/workspace/AIProfilesPure/cliHarness.ts": {"path":"/workspace/AIProfilesPure/cliHarness.ts","statementMap":{"0":{"start":{"line":3,"column":22},"end":{"line":5,"column":1}},"1":{"start":{"line":4,"column":4},"end":{"line":4,"column":62}},"2":{"start":{"line":6,"column":0},"end":{"line":6,"column":62}},"3":{"start":{"line":7,"column":13},"end":{"line":7,"column":43}},"4":{"start":{"line":8,"column":15},"end":{"line":8,"column":47}},"5":{"start":{"line":9,"column":27},"end":{"line":9,"column":56}},"6":{"start":{"line":11,"column":25},"end":{"line":11,"column":81}},"7":{"start":{"line":12,"column":25},"end":{"line":12,"column":46}},"8":{"start":{"line":13,"column":16},"end":{"line":13,"column":100}},"9":{"start":{"line":14,"column":16},"end":{"line":14,"column":18}},"10":{"start":{"line":15,"column":16},"end":{"line":19,"column":6}},"11":{"start":{"line":16,"column":37},"end":{"line":16,"column":71}},"12":{"start":{"line":17,"column":38},"end":{"line":17,"column":86}},"13":{"start":{"line":18,"column":38},"end":{"line":18,"column":68}},"14":{"start":{"line":20,"column":4},"end":{"line":20,"column":27}},"15":{"start":{"line":21,"column":17},"end":{"line":21,"column":143}},"16":{"start":{"line":22,"column":20},"end":{"line":22,"column":22}},"17":{"start":{"line":23,"column":4},"end":{"line":42,"column":5}},"18":{"start":{"line":24,"column":8},"end":{"line":41,"column":9}},"19":{"start":{"line":25,"column":12},"end":{"line":25,"column":79}},"20":{"start":{"line":26,"column":13},"end":{"line":41,"column":9}},"21":{"start":{"line":27,"column":12},"end":{"line":27,"column":56}},"22":{"start":{"line":28,"column":13},"end":{"line":41,"column":9}},"23":{"start":{"line":29,"column":12},"end":{"line":29,"column":85}},"24":{"start":{"line":30,"column":13},"end":{"line":41,"column":9}},"25":{"start":{"line":31,"column":12},"end":{"line":31,"column":44}},"26":{"start":{"line":32,"column":12},"end":{"line":32,"column":77}},"27":{"start":{"line":34,"column":13},"end":{"line":41,"column":9}},"28":{"start":{"line":35,"column":12},"end":{"line":35,"column":48}},"29":{"start":{"line":36,"column":12},"end":{"line":36,"column":85}},"30":{"start":{"line":38,"column":13},"end":{"line":41,"column":9}},"31":{"start":{"line":39,"column":12},"end":{"line":39,"column":46}},"32":{"start":{"line":40,"column":12},"end":{"line":40,"column":82}},"33":{"start":{"line":43,"column":4},"end":{"line":43,"column":59}},"34":{"start":{"line":45,"column":0},"end":{"line":46,"column":11}},"35":{"start":{"line":46,"column":4},"end":{"line":46,"column":11}}},"fnMap":{"0":{"name":"(anonymous_0)","decl":{"start":{"line":3,"column":56},"end":{"line":3,"column":57}},"loc":{"start":{"line":3,"column":71},"end":{"line":5,"column":1}},"line":3},"1":{"name":"main","decl":{"start":{"line":10,"column":9},"end":{"line":10,"column":13}},"loc":{"start":{"line":10,"column":16},"end":{"line":44,"column":1}},"line":10},"2":{"name":"(anonymous_2)","decl":{"start":{"line":16,"column":23},"end":{"line":16,"column":24}},"loc":{"start":{"line":16,"column":37},"end":{"line":16,"column":71}},"line":16},"3":{"name":"(anonymous_3)","decl":{"start":{"line":17,"column":27},"end":{"line":17,"column":28}},"loc":{"start":{"line":17,"column":38},"end":{"line":17,"column":86}},"line":17},"4":{"name":"(anonymous_4)","decl":{"start":{"line":18,"column":24},"end":{"line":18,"column":25}},"loc":{"start":{"line":18,"column":38},"end":{"line":18,"column":68}},"line":18}},"branchMap":{"0":{"loc":{"start":{"line":3,"column":22},"end":{"line":5,"column":1}},"type":"binary-expr","locations":[{"start":{"line":3,"column":23},"end":{"line":3,"column":27}},{"start":{"line":3,"column":31},"end":{"line":3,"column":51}},{"start":{"line":3,"column":56},"end":{"line":5,"column":1}}],"line":3},"1":{"loc":{"start":{"line":4,"column":11},"end":{"line":4,"column":61}},"type":"cond-expr","locations":[{"start":{"line":4,"column":37},"end":{"line":4,"column":40}},{"start":{"line":4,"column":43},"end":{"line":4,"column":61}}],"line":4},"2":{"loc":{"start":{"line":4,"column":12},"end":{"line":4,"column":33}},"type":"binary-expr","locations":[{"start":{"line":4,"column":12},"end":{"line":4,"column":15}},{"start":{"line":4,"column":19},"end":{"line":4,"column":33}}],"line":4},"3":{"loc":{"start":{"line":11,"column":25},"end":{"line":11,"column":81}},"type":"binary-expr","locations":[{"start":{"line":11,"column":25},"end":{"line":11,"column":40}},{"start":{"line":11,"column":44},"end":{"line":11,"column":81}}],"line":11},"4":{"loc":{"start":{"line":12,"column":25},"end":{"line":12,"column":46}},"type":"binary-expr","locations":[{"start":{"line":12,"column":25},"end":{"line":12,"column":40}},{"start":{"line":12,"column":44},"end":{"line":12,"column":46}}],"line":12},"5":{"loc":{"start":{"line":21,"column":17},"end":{"line":21,"column":143}},"type":"cond-expr","locations":[{"start":{"line":21,"column":32},"end":{"line":21,"column":116}},{"start":{"line":21,"column":119},"end":{"line":21,"column":143}}],"line":21},"6":{"loc":{"start":{"line":24,"column":8},"end":{"line":41,"column":9}},"type":"if","locations":[{"start":{"line":24,"column":8},"end":{"line":41,"column":9}},{"start":{"line":26,"column":13},"end":{"line":41,"column":9}}],"line":24},"7":{"loc":{"start":{"line":26,"column":13},"end":{"line":41,"column":9}},"type":"if","locations":[{"start":{"line":26,"column":13},"end":{"line":41,"column":9}},{"start":{"line":28,"column":13},"end":{"line":41,"column":9}}],"line":26},"8":{"loc":{"start":{"line":28,"column":13},"end":{"line":41,"column":9}},"type":"if","locations":[{"start":{"line":28,"column":13},"end":{"line":41,"column":9}},{"start":{"line":30,"column":13},"end":{"line":41,"column":9}}],"line":28},"9":{"loc":{"start":{"line":30,"column":13},"end":{"line":41,"column":9}},"type":"if","locations":[{"start":{"line":30,"column":13},"end":{"line":41,"column":9}},{"start":{"line":34,"column":13},"end":{"line":41,"column":9}}],"line":30},"10":{"loc":{"start":{"line":34,"column":13},"end":{"line":41,"column":9}},"type":"if","locations":[{"start":{"line":34,"column":13},"end":{"line":41,"column":9}},{"start":{"line":38,"column":13},"end":{"line":41,"column":9}}],"line":34},"11":{"loc":{"start":{"line":38,"column":13},"end":{"line":41,"column":9}},"type":"if","locations":[{"start":{"line":38,"column":13},"end":{"line":41,"column":9}},{"start":{},"end":{}}],"line":38},"12":{"loc":{"start":{"line":45,"column":0},"end":{"line":46,"column":11}},"type":"if","locations":[{"start":{"line":45,"column":0},"end":{"line":46,"column":11}},{"start":{},"end":{}}],"line":45}},"s":{"0":0,"1":0,"2":0,"3":0,"4":0,"5":0,"6":0,"7":0,"8":0,"9":0,"10":0,"11":0,"12":0,"13":0,"14":0,"15":0,"16":0,"17":0,"18":0,"19":0,"20":0,"21":0,"22":0,"23":0,"24":0,"25":0,"26":0,"27":0,"28":0,"29":0,"30":0,"31":0,"32":0,"33":0,"34":0,"35":0},"f":{"0":0,"1":0,"2":0,"3":0,"4":0},"b":{"0":[0,0,0],"1":[0,0],"2":[0,0],"3":[0,0],"4":[0,0],"5":[0,0],"6":[0,0],"7":[0,0],"8":[0,0],"9":[0,0],"10":[0,0],"11":[0,0],"12":[0,0]}}
,"/workspace/AudioMixerPure/cliHarness.ts": {"path":"/workspace/AudioMixerPure/cliHarness.ts","statementMap":{"0":{"start":{"line":3,"column":4},"end":{"line":4,"column":19}},"1":{"start":{"line":4,"column":8},"end":{"line":4,"column":19}},"2":{"start":{"line":5,"column":4},"end":{"line":5,"column":66}},"3":{"start":{"line":9,"column":8},"end":{"line":9,"column":25}},"4":{"start":{"line":10,"column":8},"end":{"line":10,"column":23}},"5":{"start":{"line":12,"column":29},"end":{"line":12,"column":63}},"6":{"start":{"line":13,"column":27},"end":{"line":13,"column":59}},"7":{"start":{"line":14,"column":13},"end":{"line":14,"column":73}},"8":{"start":{"line":17,"column":14},"end":{"line":17,"column":28}},"9":{"start":{"line":18,"column":16},"end":{"line":18,"column":18}},"10":{"start":{"line":19,"column":4},"end":{"line":31,"column":5}},"11":{"start":{"line":20,"column":8},"end":{"line":30,"column":59}},"12":{"start":{"line":21,"column":12},"end":{"line":28,"column":13}},"13":{"start":{"line":22,"column":16},"end":{"line":22,"column":50}},"14":{"start":{"line":23,"column":16},"end":{"line":23,"column":45}},"15":{"start":{"line":25,"column":17},"end":{"line":28,"column":13}},"16":{"start":{"line":26,"column":16},"end":{"line":26,"column":48}},"17":{"start":{"line":27,"column":16},"end":{"line":27,"column":43}},"18":{"start":{"line":30,"column":13},"end":{"line":30,"column":59}},"19":{"start":{"line":32,"column":4},"end":{"line":32,"column":36}},"20":{"start":{"line":35,"column":20},"end":{"line":35,"column":35}},"21":{"start":{"line":36,"column":4},"end":{"line":39,"column":5}},"22":{"start":{"line":37,"column":8},"end":{"line":37,"column":62}},"23":{"start":{"line":38,"column":8},"end":{"line":38,"column":24}},"24":{"start":{"line":40,"column":17},"end":{"line":40,"column":73}},"25":{"start":{"line":41,"column":16},"end":{"line":41,"column":25}},"26":{"start":{"line":42,"column":4},"end":{"line":42,"column":46}},"27":{"start":{"line":44,"column":0},"end":{"line":45,"column":11}},"28":{"start":{"line":45,"column":4},"end":{"line":45,"column":11}}},"fnMap":{"0":{"name":"linearToDb","decl":{"start":{"line":2,"column":9},"end":{"line":2,"column":19}},"loc":{"start":{"line":2,"column":28},"end":{"line":6,"column":1}},"line":2},"1":{"name":"(anonymous_1)","decl":{"start":{"line":8,"column":4},"end":{"line":8,"column":5}},"loc":{"start":{"line":8,"column":18},"end":{"line":11,"column":5}},"line":8},"2":{"name":"(anonymous_2)","decl":{"start":{"line":12,"column":4},"end":{"line":12,"column":5}},"loc":{"start":{"line":12,"column":27},"end":{"line":12,"column":65}},"line":12},"3":{"name":"(anonymous_3)","decl":{"start":{"line":13,"column":4},"end":{"line":13,"column":5}},"loc":{"start":{"line":13,"column":25},"end":{"line":13,"column":61}},"line":13},"4":{"name":"(anonymous_4)","decl":{"start":{"line":14,"column":4},"end":{"line":14,"column":5}},"loc":{"start":{"line":14,"column":11},"end":{"line":14,"column":75}},"line":14},"5":{"name":"run","decl":{"start":{"line":16,"column":9},"end":{"line":16,"column":12}},"loc":{"start":{"line":16,"column":19},"end":{"line":33,"column":1}},"line":16},"6":{"name":"main","decl":{"start":{"line":34,"column":9},"end":{"line":34,"column":13}},"loc":{"start":{"line":34,"column":16},"end":{"line":43,"column":1}},"line":34}},"branchMap":{"0":{"loc":{"start":{"line":3,"column":4},"end":{"line":4,"column":19}},"type":"if","locations":[{"start":{"line":3,"column":4},"end":{"line":4,"column":19}},{"start":{},"end":{}}],"line":3},"1":{"loc":{"start":{"line":20,"column":8},"end":{"line":30,"column":59}},"type":"if","locations":[{"start":{"line":20,"column":8},"end":{"line":30,"column":59}},{"start":{"line":30,"column":13},"end":{"line":30,"column":59}}],"line":20},"2":{"loc":{"start":{"line":21,"column":12},"end":{"line":28,"column":13}},"type":"if","locations":[{"start":{"line":21,"column":12},"end":{"line":28,"column":13}},{"start":{"line":25,"column":17},"end":{"line":28,"column":13}}],"line":21},"3":{"loc":{"start":{"line":25,"column":17},"end":{"line":28,"column":13}},"type":"if","locations":[{"start":{"line":25,"column":17},"end":{"line":28,"column":13}},{"start":{},"end":{}}],"line":25},"4":{"loc":{"start":{"line":30,"column":13},"end":{"line":30,"column":59}},"type":"if","locations":[{"start":{"line":30,"column":13},"end":{"line":30,"column":59}},{"start":{},"end":{}}],"line":30},"5":{"loc":{"start":{"line":36,"column":4},"end":{"line":39,"column":5}},"type":"if","locations":[{"start":{"line":36,"column":4},"end":{"line":39,"column":5}},{"start":{},"end":{}}],"line":36},"6":{"loc":{"start":{"line":44,"column":0},"end":{"line":45,"column":11}},"type":"if","locations":[{"start":{"line":44,"column":0},"end":{"line":45,"column":11}},{"start":{},"end":{}}],"line":44}},"s":{"0":0,"1":0,"2":0,"3":0,"4":0,"5":0,"6":0,"7":0,"8":0,"9":0,"10":0,"11":0,"12":0,"13":0,"14":0,"15":0,"16":0,"17":0,"18":0,"19":0,"20":0,"21":0,"22":0,"23":0,"24":0,"25":0,"26":0,"27":0,"28":0},"f":{"0":0,"1":0,"2":0,"3":0,"4":0,"5":0,"6":0},"b":{"0":[0,0],"1":[0,0],"2":[0,0],"3":[0,0],"4":[0,0],"5":[0,0],"6":[0,0]}}
,"/workspace/CombatCorePure/CombatManager.ts": {"path":"/workspace/CombatCorePure/CombatManager.ts","statementMap":{"0":{"start":{"line":2,"column":0},"end":{"line":2,"column":62}},"1":{"start":{"line":3,"column":0},"end":{"line":3,"column":31}},"2":{"start":{"line":6,"column":8},"end":{"line":6,"column":34}},"3":{"start":{"line":8,"column":13},"end":{"line":8,"column":53}},"4":{"start":{"line":10,"column":23},"end":{"line":10,"column":43}},"5":{"start":{"line":11,"column":8},"end":{"line":11,"column":38}},"6":{"start":{"line":12,"column":8},"end":{"line":12,"column":22}},"7":{"start":{"line":14,"column":14},"end":{"line":14,"column":43}},"8":{"start":{"line":16,"column":25},"end":{"line":16,"column":48}},"9":{"start":{"line":17,"column":25},"end":{"line":17,"column":48}},"10":{"start":{"line":18,"column":20},"end":{"line":18,"column":47}},"11":{"start":{"line":19,"column":23},"end":{"line":19,"column":40}},"12":{"start":{"line":20,"column":8},"end":{"line":20,"column":56}},"13":{"start":{"line":21,"column":24},"end":{"line":21,"column":41}},"14":{"start":{"line":22,"column":8},"end":{"line":28,"column":10}},"15":{"start":{"line":31,"column":16},"end":{"line":31,"column":37}},"16":{"start":{"line":32,"column":8},"end":{"line":35,"column":9}},"17":{"start":{"line":33,"column":12},"end":{"line":33,"column":46}},"18":{"start":{"line":34,"column":12},"end":{"line":34,"column":37}},"19":{"start":{"line":36,"column":8},"end":{"line":36,"column":17}},"20":{"start":{"line":39,"column":0},"end":{"line":39,"column":38}}},"fnMap":{"0":{"name":"(anonymous_0)","decl":{"start":{"line":5,"column":4},"end":{"line":5,"column":5}},"loc":{"start":{"line":5,"column":18},"end":{"line":7,"column":5}},"line":5},"1":{"name":"(anonymous_1)","decl":{"start":{"line":8,"column":4},"end":{"line":8,"column":5}},"loc":{"start":{"line":8,"column":11},"end":{"line":8,"column":55}},"line":8},"2":{"name":"(anonymous_2)","decl":{"start":{"line":9,"column":4},"end":{"line":9,"column":5}},"loc":{"start":{"line":9,"column":29},"end":{"line":13,"column":5}},"line":9},"3":{"name":"(anonymous_3)","decl":{"start":{"line":14,"column":4},"end":{"line":14,"column":5}},"loc":{"start":{"line":14,"column":12},"end":{"line":14,"column":45}},"line":14},"4":{"name":"(anonymous_4)","decl":{"start":{"line":15,"column":4},"end":{"line":15,"column":5}},"loc":{"start":{"line":15,"column":37},"end":{"line":29,"column":5}},"line":15},"5":{"name":"(anonymous_5)","decl":{"start":{"line":30,"column":4},"end":{"line":30,"column":5}},"loc":{"start":{"line":30,"column":15},"end":{"line":37,"column":5}},"line":30}},"branchMap":{"0":{"loc":{"start":{"line":19,"column":23},"end":{"line":19,"column":40}},"type":"cond-expr","locations":[{"start":{"line":19,"column":33},"end":{"line":19,"column":36}},{"start":{"line":19,"column":39},"end":{"line":19,"column":40}}],"line":19},"1":{"loc":{"start":{"line":32,"column":8},"end":{"line":35,"column":9}},"type":"if","locations":[{"start":{"line":32,"column":8},"end":{"line":35,"column":9}},{"start":{},"end":{}}],"line":32}},"s":{"0":0,"1":0,"2":0,"3":0,"4":0,"5":0,"6":0,"7":0,"8":0,"9":0,"10":0,"11":0,"12":0,"13":0,"14":0,"15":0,"16":0,"17":0,"18":0,"19":0,"20":0},"f":{"0":0,"1":0,"2":0,"3":0,"4":0,"5":0},"b":{"0":[0,0],"1":[0,0]}}
,"/workspace/CombatCorePure/cliHarness.ts": {"path":"/workspace/CombatCorePure/cliHarness.ts","statementMap":{"0":{"start":{"line":3,"column":22},"end":{"line":5,"column":1}},"1":{"start":{"line":4,"column":4},"end":{"line":4,"column":62}},"2":{"start":{"line":6,"column":0},"end":{"line":6,"column":62}},"3":{"start":{"line":7,"column":13},"end":{"line":7,"column":43}},"4":{"start":{"line":8,"column":15},"end":{"line":8,"column":47}},"5":{"start":{"line":9,"column":24},"end":{"line":9,"column":50}},"6":{"start":{"line":11,"column":19},"end":{"line":11,"column":73}},"7":{"start":{"line":12,"column":21},"end":{"line":12,"column":42}},"8":{"start":{"line":13,"column":16},"end":{"line":13,"column":51}},"9":{"start":{"line":14,"column":4},"end":{"line":18,"column":5}},"10":{"start":{"line":15,"column":18},"end":{"line":15,"column":96}},"11":{"start":{"line":16,"column":8},"end":{"line":17,"column":49}},"12":{"start":{"line":17,"column":12},"end":{"line":17,"column":49}},"13":{"start":{"line":19,"column":17},"end":{"line":19,"column":127}},"14":{"start":{"line":20,"column":20},"end":{"line":20,"column":22}},"15":{"start":{"line":21,"column":4},"end":{"line":32,"column":5}},"16":{"start":{"line":22,"column":8},"end":{"line":31,"column":9}},"17":{"start":{"line":23,"column":12},"end":{"line":23,"column":58}},"18":{"start":{"line":24,"column":13},"end":{"line":31,"column":9}},"19":{"start":{"line":25,"column":12},"end":{"line":25,"column":63}},"20":{"start":{"line":26,"column":13},"end":{"line":31,"column":9}},"21":{"start":{"line":27,"column":12},"end":{"line":27,"column":67}},"22":{"start":{"line":28,"column":13},"end":{"line":31,"column":9}},"23":{"start":{"line":29,"column":22},"end":{"line":29,"column":35}},"24":{"start":{"line":30,"column":12},"end":{"line":30,"column":93}},"25":{"start":{"line":33,"column":4},"end":{"line":33,"column":54}},"26":{"start":{"line":35,"column":0},"end":{"line":36,"column":11}},"27":{"start":{"line":36,"column":4},"end":{"line":36,"column":11}}},"fnMap":{"0":{"name":"(anonymous_0)","decl":{"start":{"line":3,"column":56},"end":{"line":3,"column":57}},"loc":{"start":{"line":3,"column":71},"end":{"line":5,"column":1}},"line":3},"1":{"name":"main","decl":{"start":{"line":10,"column":9},"end":{"line":10,"column":13}},"loc":{"start":{"line":10,"column":16},"end":{"line":34,"column":1}},"line":10}},"branchMap":{"0":{"loc":{"start":{"line":3,"column":22},"end":{"line":5,"column":1}},"type":"binary-expr","locations":[{"start":{"line":3,"column":23},"end":{"line":3,"column":27}},{"start":{"line":3,"column":31},"end":{"line":3,"column":51}},{"start":{"line":3,"column":56},"end":{"line":5,"column":1}}],"line":3},"1":{"loc":{"start":{"line":4,"column":11},"end":{"line":4,"column":61}},"type":"cond-expr","locations":[{"start":{"line":4,"column":37},"end":{"line":4,"column":40}},{"start":{"line":4,"column":43},"end":{"line":4,"column":61}}],"line":4},"2":{"loc":{"start":{"line":4,"column":12},"end":{"line":4,"column":33}},"type":"binary-expr","locations":[{"start":{"line":4,"column":12},"end":{"line":4,"column":15}},{"start":{"line":4,"column":19},"end":{"line":4,"column":33}}],"line":4},"3":{"loc":{"start":{"line":11,"column":19},"end":{"line":11,"column":73}},"type":"binary-expr","locations":[{"start":{"line":11,"column":19},"end":{"line":11,"column":34}},{"start":{"line":11,"column":38},"end":{"line":11,"column":73}}],"line":11},"4":{"loc":{"start":{"line":12,"column":21},"end":{"line":12,"column":42}},"type":"binary-expr","locations":[{"start":{"line":12,"column":21},"end":{"line":12,"column":36}},{"start":{"line":12,"column":40},"end":{"line":12,"column":42}}],"line":12},"5":{"loc":{"start":{"line":14,"column":4},"end":{"line":18,"column":5}},"type":"if","locations":[{"start":{"line":14,"column":4},"end":{"line":18,"column":5}},{"start":{},"end":{}}],"line":14},"6":{"loc":{"start":{"line":19,"column":17},"end":{"line":19,"column":127}},"type":"cond-expr","locations":[{"start":{"line":19,"column":28},"end":{"line":19,"column":108}},{"start":{"line":19,"column":111},"end":{"line":19,"column":127}}],"line":19},"7":{"loc":{"start":{"line":22,"column":8},"end":{"line":31,"column":9}},"type":"if","locations":[{"start":{"line":22,"column":8},"end":{"line":31,"column":9}},{"start":{"line":24,"column":13},"end":{"line":31,"column":9}}],"line":22},"8":{"loc":{"start":{"line":24,"column":13},"end":{"line":31,"column":9}},"type":"if","locations":[{"start":{"line":24,"column":13},"end":{"line":31,"column":9}},{"start":{"line":26,"column":13},"end":{"line":31,"column":9}}],"line":24},"9":{"loc":{"start":{"line":26,"column":13},"end":{"line":31,"column":9}},"type":"if","locations":[{"start":{"line":26,"column":13},"end":{"line":31,"column":9}},{"start":{"line":28,"column":13},"end":{"line":31,"column":9}}],"line":26},"10":{"loc":{"start":{"line":28,"column":13},"end":{"line":31,"column":9}},"type":"if","locations":[{"start":{"line":28,"column":13},"end":{"line":31,"column":9}},{"start":{},"end":{}}],"line":28},"11":{"loc":{"start":{"line":30,"column":25},"end":{"line":30,"column":91}},"type":"cond-expr","locations":[{"start":{"line":30,"column":29},"end":{"line":30,"column":49}},{"start":{"line":30,"column":52},"end":{"line":30,"column":91}}],"line":30},"12":{"loc":{"start":{"line":35,"column":0},"end":{"line":36,"column":11}},"type":"if","locations":[{"start":{"line":35,"column":0},"end":{"line":36,"column":11}},{"start":{},"end":{}}],"line":35}},"s":{"0":0,"1":0,"2":0,"3":0,"4":0,"5":0,"6":0,"7":0,"8":0,"9":0,"10":0,"11":0,"12":0,"13":0,"14":0,"15":0,"16":0,"17":0,"18":0,"19":0,"20":0,"21":0,"22":0,"23":0,"24":0,"25":0,"26":0,"27":0},"f":{"0":0,"1":0},"b":{"0":[0,0,0],"1":[0,0],"2":[0,0],"3":[0,0],"4":[0,0],"5":[0,0],"6":[0,0],"7":[0,0],"8":[0,0],"9":[0,0],"10":[0,0],"11":[0,0],"12":[0,0]}}
,"/workspace/CombatPure/cliHarness.ts": {"path":"/workspace/CombatPure/cliHarness.ts","statementMap":{"0":{"start":{"line":3,"column":22},"end":{"line":5,"column":1}},"1":{"start":{"line":4,"column":4},"end":{"line":4,"column":62}},"2":{"start":{"line":6,"column":0},"end":{"line":6,"column":62}},"3":{"start":{"line":7,"column":13},"end":{"line":7,"column":43}},"4":{"start":{"line":8,"column":17},"end":{"line":8,"column":36}},"5":{"start":{"line":10,"column":16},"end":{"line":10,"column":43}},"6":{"start":{"line":11,"column":16},"end":{"line":11,"column":18}},"7":{"start":{"line":12,"column":4},"end":{"line":30,"column":5}},"8":{"start":{"line":13,"column":8},"end":{"line":29,"column":9}},"9":{"start":{"line":14,"column":23},"end":{"line":14,"column":136}},"10":{"start":{"line":15,"column":12},"end":{"line":15,"column":33}},"11":{"start":{"line":16,"column":12},"end":{"line":16,"column":36}},"12":{"start":{"line":18,"column":13},"end":{"line":29,"column":9}},"13":{"start":{"line":19,"column":22},"end":{"line":19,"column":98}},"14":{"start":{"line":20,"column":12},"end":{"line":20,"column":27}},"15":{"start":{"line":21,"column":12},"end":{"line":21,"column":51}},"16":{"start":{"line":23,"column":13},"end":{"line":29,"column":9}},"17":{"start":{"line":24,"column":12},"end":{"line":24,"column":27}},"18":{"start":{"line":25,"column":12},"end":{"line":25,"column":29}},"19":{"start":{"line":27,"column":13},"end":{"line":29,"column":9}},"20":{"start":{"line":31,"column":4},"end":{"line":31,"column":37}},"21":{"start":{"line":33,"column":31},"end":{"line":33,"column":46}},"22":{"start":{"line":33,"column":48},"end":{"line":36,"column":1}},"23":{"start":{"line":34,"column":4},"end":{"line":34,"column":58}},"24":{"start":{"line":35,"column":4},"end":{"line":35,"column":20}},"25":{"start":{"line":36,"column":15},"end":{"line":36,"column":67}},"26":{"start":{"line":36,"column":81},"end":{"line":36,"column":90}},"27":{"start":{"line":36,"column":92},"end":{"line":36,"column":134}},"28":{"start":{"line":37,"column":0},"end":{"line":38,"column":11}},"29":{"start":{"line":38,"column":4},"end":{"line":38,"column":11}}},"fnMap":{"0":{"name":"(anonymous_0)","decl":{"start":{"line":3,"column":56},"end":{"line":3,"column":57}},"loc":{"start":{"line":3,"column":71},"end":{"line":5,"column":1}},"line":3},"1":{"name":"run","decl":{"start":{"line":9,"column":9},"end":{"line":9,"column":12}},"loc":{"start":{"line":9,"column":19},"end":{"line":32,"column":1}},"line":9},"2":{"name":"main","decl":{"start":{"line":33,"column":9},"end":{"line":33,"column":13}},"loc":{"start":{"line":33,"column":16},"end":{"line":36,"column":136}},"line":33}},"branchMap":{"0":{"loc":{"start":{"line":3,"column":22},"end":{"line":5,"column":1}},"type":"binary-expr","locations":[{"start":{"line":3,"column":23},"end":{"line":3,"column":27}},{"start":{"line":3,"column":31},"end":{"line":3,"column":51}},{"start":{"line":3,"column":56},"end":{"line":5,"column":1}}],"line":3},"1":{"loc":{"start":{"line":4,"column":11},"end":{"line":4,"column":61}},"type":"cond-expr","locations":[{"start":{"line":4,"column":37},"end":{"line":4,"column":40}},{"start":{"line":4,"column":43},"end":{"line":4,"column":61}}],"line":4},"2":{"loc":{"start":{"line":4,"column":12},"end":{"line":4,"column":33}},"type":"binary-expr","locations":[{"start":{"line":4,"column":12},"end":{"line":4,"column":15}},{"start":{"line":4,"column":19},"end":{"line":4,"column":33}}],"line":4},"3":{"loc":{"start":{"line":13,"column":8},"end":{"line":29,"column":9}},"type":"if","locations":[{"start":{"line":13,"column":8},"end":{"line":29,"column":9}},{"start":{"line":18,"column":13},"end":{"line":29,"column":9}}],"line":13},"4":{"loc":{"start":{"line":18,"column":13},"end":{"line":29,"column":9}},"type":"if","locations":[{"start":{"line":18,"column":13},"end":{"line":29,"column":9}},{"start":{"line":23,"column":13},"end":{"line":29,"column":9}}],"line":18},"5":{"loc":{"start":{"line":23,"column":13},"end":{"line":29,"column":9}},"type":"if","locations":[{"start":{"line":23,"column":13},"end":{"line":29,"column":9}},{"start":{"line":27,"column":13},"end":{"line":29,"column":9}}],"line":23},"6":{"loc":{"start":{"line":27,"column":13},"end":{"line":29,"column":9}},"type":"if","locations":[{"start":{"line":27,"column":13},"end":{"line":29,"column":9}},{"start":{},"end":{}}],"line":27},"7":{"loc":{"start":{"line":33,"column":48},"end":{"line":36,"column":1}},"type":"if","locations":[{"start":{"line":33,"column":48},"end":{"line":36,"column":1}},{"start":{},"end":{}}],"line":33},"8":{"loc":{"start":{"line":37,"column":0},"end":{"line":38,"column":11}},"type":"if","locations":[{"start":{"line":37,"column":0},"end":{"line":38,"column":11}},{"start":{},"end":{}}],"line":37}},"s":{"0":0,"1":0,"2":0,"3":0,"4":0,"5":0,"6":0,"7":0,"8":0,"9":0,"10":0,"11":0,"12":0,"13":0,"14":0,"15":0,"16":0,"17":0,"18":0,"19":0,"20":0,"21":0,"22":0,"23":0,"24":0,"25":0,"26":0,"27":0,"28":0,"29":0},"f":{"0":0,"1":0,"2":0},"b":{"0":[0,0,0],"1":[0,0],"2":[0,0],"3":[0,0],"4":[0,0],"5":[0,0],"6":[0,0],"7":[0,0],"8":[0,0]}}
,"/workspace/CombatPure/engine.ts": {"path":"/workspace/CombatPure/engine.ts","statementMap":{"0":{"start":{"line":2,"column":0},"end":{"line":2,"column":62}},"1":{"start":{"line":3,"column":0},"end":{"line":3,"column":30}},"2":{"start":{"line":5,"column":20},"end":{"line":5,"column":74}},"3":{"start":{"line":6,"column":22},"end":{"line":6,"column":54}},"4":{"start":{"line":6,"column":55},"end":{"line":6,"column":75}},"5":{"start":{"line":7,"column":21},"end":{"line":7,"column":134}},"6":{"start":{"line":7,"column":92},"end":{"line":7,"column":117}},"7":{"start":{"line":7,"column":128},"end":{"line":7,"column":132}},"8":{"start":{"line":8,"column":17},"end":{"line":8,"column":42}},"9":{"start":{"line":9,"column":17},"end":{"line":10,"column":15}},"10":{"start":{"line":10,"column":8},"end":{"line":10,"column":15}},"11":{"start":{"line":10,"column":29},"end":{"line":10,"column":53}},"12":{"start":{"line":10,"column":55},"end":{"line":12,"column":5}},"13":{"start":{"line":11,"column":8},"end":{"line":11,"column":15}},"14":{"start":{"line":12,"column":6},"end":{"line":12,"column":25}},"15":{"start":{"line":12,"column":26},"end":{"line":12,"column":46}},"16":{"start":{"line":12,"column":47},"end":{"line":12,"column":85}},"17":{"start":{"line":14,"column":22},"end":{"line":14,"column":54}},"18":{"start":{"line":15,"column":8},"end":{"line":16,"column":19}},"19":{"start":{"line":16,"column":12},"end":{"line":16,"column":19}},"20":{"start":{"line":17,"column":8},"end":{"line":30,"column":9}},"21":{"start":{"line":19,"column":16},"end":{"line":19,"column":47}},"22":{"start":{"line":20,"column":16},"end":{"line":20,"column":22}},"23":{"start":{"line":22,"column":16},"end":{"line":22,"column":76}},"24":{"start":{"line":23,"column":16},"end":{"line":23,"column":22}},"25":{"start":{"line":25,"column":16},"end":{"line":25,"column":39}},"26":{"start":{"line":26,"column":16},"end":{"line":26,"column":22}},"27":{"start":{"line":28,"column":16},"end":{"line":28,"column":71}},"28":{"start":{"line":29,"column":16},"end":{"line":29,"column":22}},"29":{"start":{"line":32,"column":42},"end":{"line":32,"column":73}},"30":{"start":{"line":32,"column":75},"end":{"line":33,"column":15}},"31":{"start":{"line":33,"column":8},"end":{"line":33,"column":15}},"32":{"start":{"line":33,"column":29},"end":{"line":33,"column":73}},"33":{"start":{"line":33,"column":94},"end":{"line":33,"column":127}},"34":{"start":{"line":33,"column":142},"end":{"line":33,"column":183}},"35":{"start":{"line":33,"column":185},"end":{"line":33,"column":232}},"36":{"start":{"line":33,"column":233},"end":{"line":33,"column":315}},"37":{"start":{"line":35,"column":21},"end":{"line":35,"column":35}},"38":{"start":{"line":36,"column":8},"end":{"line":38,"column":9}},"39":{"start":{"line":37,"column":12},"end":{"line":37,"column":19}},"40":{"start":{"line":39,"column":8},"end":{"line":41,"column":9}},"41":{"start":{"line":40,"column":12},"end":{"line":40,"column":78}},"42":{"start":{"line":42,"column":8},"end":{"line":43,"column":45}},"43":{"start":{"line":43,"column":12},"end":{"line":43,"column":45}},"44":{"start":{"line":46,"column":22},"end":{"line":46,"column":31}},"45":{"start":{"line":47,"column":8},"end":{"line":54,"column":9}},"46":{"start":{"line":48,"column":22},"end":{"line":48,"column":64}},"47":{"start":{"line":49,"column":12},"end":{"line":50,"column":26}},"48":{"start":{"line":50,"column":16},"end":{"line":50,"column":26}},"49":{"start":{"line":51,"column":12},"end":{"line":52,"column":25}},"50":{"start":{"line":52,"column":16},"end":{"line":52,"column":25}},"51":{"start":{"line":53,"column":12},"end":{"line":53,"column":33}},"52":{"start":{"line":55,"column":27},"end":{"line":55,"column":86}},"53":{"start":{"line":55,"column":74},"end":{"line":55,"column":85}},"54":{"start":{"line":56,"column":8},"end":{"line":59,"column":9}},"55":{"start":{"line":57,"column":12},"end":{"line":57,"column":35}},"56":{"start":{"line":58,"column":12},"end":{"line":58,"column":68}},"57":{"start":{"line":62,"column":0},"end":{"line":62,"column":36}}},"fnMap":{"0":{"name":"(anonymous_0)","decl":{"start":{"line":5,"column":4},"end":{"line":5,"column":5}},"loc":{"start":{"line":5,"column":18},"end":{"line":5,"column":76}},"line":5},"1":{"name":"(anonymous_1)","decl":{"start":{"line":6,"column":4},"end":{"line":6,"column":5}},"loc":{"start":{"line":6,"column":20},"end":{"line":6,"column":77}},"line":6},"2":{"name":"(anonymous_2)","decl":{"start":{"line":7,"column":4},"end":{"line":7,"column":5}},"loc":{"start":{"line":7,"column":19},"end":{"line":7,"column":136}},"line":7},"3":{"name":"(anonymous_3)","decl":{"start":{"line":7,"column":82},"end":{"line":7,"column":83}},"loc":{"start":{"line":7,"column":92},"end":{"line":7,"column":117}},"line":7},"4":{"name":"(anonymous_4)","decl":{"start":{"line":7,"column":123},"end":{"line":7,"column":124}},"loc":{"start":{"line":7,"column":128},"end":{"line":7,"column":132}},"line":7},"5":{"name":"(anonymous_5)","decl":{"start":{"line":8,"column":4},"end":{"line":8,"column":5}},"loc":{"start":{"line":8,"column":15},"end":{"line":8,"column":44}},"line":8},"6":{"name":"(anonymous_6)","decl":{"start":{"line":9,"column":4},"end":{"line":9,"column":5}},"loc":{"start":{"line":9,"column":15},"end":{"line":12,"column":87}},"line":9},"7":{"name":"(anonymous_7)","decl":{"start":{"line":13,"column":4},"end":{"line":13,"column":5}},"loc":{"start":{"line":13,"column":15},"end":{"line":31,"column":5}},"line":13},"8":{"name":"(anonymous_8)","decl":{"start":{"line":32,"column":4},"end":{"line":32,"column":5}},"loc":{"start":{"line":32,"column":28},"end":{"line":33,"column":317}},"line":32},"9":{"name":"(anonymous_9)","decl":{"start":{"line":34,"column":4},"end":{"line":34,"column":5}},"loc":{"start":{"line":34,"column":22},"end":{"line":44,"column":5}},"line":34},"10":{"name":"(anonymous_10)","decl":{"start":{"line":45,"column":4},"end":{"line":45,"column":5}},"loc":{"start":{"line":45,"column":19},"end":{"line":60,"column":5}},"line":45},"11":{"name":"(anonymous_11)","decl":{"start":{"line":55,"column":62},"end":{"line":55,"column":63}},"loc":{"start":{"line":55,"column":74},"end":{"line":55,"column":85}},"line":55}},"branchMap":{"0":{"loc":{"start":{"line":9,"column":17},"end":{"line":10,"column":15}},"type":"if","locations":[{"start":{"line":9,"column":17},"end":{"line":10,"column":15}},{"start":{},"end":{}}],"line":9},"1":{"loc":{"start":{"line":10,"column":55},"end":{"line":12,"column":5}},"type":"if","locations":[{"start":{"line":10,"column":55},"end":{"line":12,"column":5}},{"start":{},"end":{}}],"line":10},"2":{"loc":{"start":{"line":15,"column":8},"end":{"line":16,"column":19}},"type":"if","locations":[{"start":{"line":15,"column":8},"end":{"line":16,"column":19}},{"start":{},"end":{}}],"line":15},"3":{"loc":{"start":{"line":15,"column":12},"end":{"line":15,"column":38}},"type":"binary-expr","locations":[{"start":{"line":15,"column":12},"end":{"line":15,"column":18}},{"start":{"line":15,"column":22},"end":{"line":15,"column":38}}],"line":15},"4":{"loc":{"start":{"line":17,"column":8},"end":{"line":30,"column":9}},"type":"switch","locations":[{"start":{"line":18,"column":12},"end":{"line":20,"column":22}},{"start":{"line":21,"column":12},"end":{"line":23,"column":22}},{"start":{"line":24,"column":12},"end":{"line":26,"column":22}},{"start":{"line":27,"column":12},"end":{"line":29,"column":22}}],"line":17},"5":{"loc":{"start":{"line":22,"column":37},"end":{"line":22,"column":55}},"type":"binary-expr","locations":[{"start":{"line":22,"column":37},"end":{"line":22,"column":49}},{"start":{"line":22,"column":53},"end":{"line":22,"column":55}}],"line":22},"6":{"loc":{"start":{"line":28,"column":37},"end":{"line":28,"column":55}},"type":"binary-expr","locations":[{"start":{"line":28,"column":37},"end":{"line":28,"column":49}},{"start":{"line":28,"column":53},"end":{"line":28,"column":55}}],"line":28},"7":{"loc":{"start":{"line":32,"column":75},"end":{"line":33,"column":15}},"type":"if","locations":[{"start":{"line":32,"column":75},"end":{"line":33,"column":15}},{"start":{},"end":{}}],"line":32},"8":{"loc":{"start":{"line":32,"column":79},"end":{"line":32,"column":101}},"type":"binary-expr","locations":[{"start":{"line":32,"column":79},"end":{"line":32,"column":83}},{"start":{"line":32,"column":87},"end":{"line":32,"column":101}}],"line":32},"9":{"loc":{"start":{"line":33,"column":94},"end":{"line":33,"column":127}},"type":"cond-expr","locations":[{"start":{"line":33,"column":118},"end":{"line":33,"column":121}},{"start":{"line":33,"column":124},"end":{"line":33,"column":127}}],"line":33},"10":{"loc":{"start":{"line":33,"column":252},"end":{"line":33,"column":268}},"type":"binary-expr","locations":[{"start":{"line":33,"column":252},"end":{"line":33,"column":262}},{"start":{"line":33,"column":266},"end":{"line":33,"column":268}}],"line":33},"11":{"loc":{"start":{"line":35,"column":21},"end":{"line":35,"column":35}},"type":"binary-expr","locations":[{"start":{"line":35,"column":21},"end":{"line":35,"column":29}},{"start":{"line":35,"column":33},"end":{"line":35,"column":35}}],"line":35},"12":{"loc":{"start":{"line":36,"column":8},"end":{"line":38,"column":9}},"type":"if","locations":[{"start":{"line":36,"column":8},"end":{"line":38,"column":9}},{"start":{},"end":{}}],"line":36},"13":{"loc":{"start":{"line":36,"column":12},"end":{"line":36,"column":59}},"type":"binary-expr","locations":[{"start":{"line":36,"column":12},"end":{"line":36,"column":26}},{"start":{"line":36,"column":30},"end":{"line":36,"column":59}}],"line":36},"14":{"loc":{"start":{"line":39,"column":8},"end":{"line":41,"column":9}},"type":"if","locations":[{"start":{"line":39,"column":8},"end":{"line":41,"column":9}},{"start":{},"end":{}}],"line":39},"15":{"loc":{"start":{"line":42,"column":8},"end":{"line":43,"column":45}},"type":"if","locations":[{"start":{"line":42,"column":8},"end":{"line":43,"column":45}},{"start":{},"end":{}}],"line":42},"16":{"loc":{"start":{"line":48,"column":22},"end":{"line":48,"column":64}},"type":"binary-expr","locations":[{"start":{"line":48,"column":22},"end":{"line":48,"column":39}},{"start":{"line":48,"column":43},"end":{"line":48,"column":64}}],"line":48},"17":{"loc":{"start":{"line":49,"column":12},"end":{"line":50,"column":26}},"type":"if","locations":[{"start":{"line":49,"column":12},"end":{"line":50,"column":26}},{"start":{},"end":{}}],"line":49},"18":{"loc":{"start":{"line":51,"column":12},"end":{"line":52,"column":25}},"type":"if","locations":[{"start":{"line":51,"column":12},"end":{"line":52,"column":25}},{"start":{},"end":{}}],"line":51},"19":{"loc":{"start":{"line":56,"column":8},"end":{"line":59,"column":9}},"type":"if","locations":[{"start":{"line":56,"column":8},"end":{"line":59,"column":9}},{"start":{},"end":{}}],"line":56},"20":{"loc":{"start":{"line":58,"column":36},"end":{"line":58,"column":67}},"type":"binary-expr","locations":[{"start":{"line":58,"column":36},"end":{"line":58,"column":54}},{"start":{"line":58,"column":58},"end":{"line":58,"column":67}}],"line":58}},"s":{"0":0,"1":0,"2":0,"3":0,"4":0,"5":0,"6":0,"7":0,"8":0,"9":0,"10":0,"11":0,"12":0,"13":0,"14":0,"15":0,"16":0,"17":0,"18":0,"19":0,"20":0,"21":0,"22":0,"23":0,"24":0,"25":0,"26":0,"27":0,"28":0,"29":0,"30":0,"31":0,"32":0,"33":0,"34":0,"35":0,"36":0,"37":0,"38":0,"39":0,"40":0,"41":0,"42":0,"43":0,"44":0,"45":0,"46":0,"47":0,"48":0,"49":0,"50":0,"51":0,"52":0,"53":0,"54":0,"55":0,"56":0,"57":0},"f":{"0":0,"1":0,"2":0,"3":0,"4":0,"5":0,"6":0,"7":0,"8":0,"9":0,"10":0,"11":0},"b":{"0":[0,0],"1":[0,0],"2":[0,0],"3":[0,0],"4":[0,0,0,0],"5":[0,0],"6":[0,0],"7":[0,0],"8":[0,0],"9":[0,0],"10":[0,0],"11":[0,0],"12":[0,0],"13":[0,0],"14":[0,0],"15":[0,0],"16":[0,0],"17":[0,0],"18":[0,0],"19":[0,0],"20":[0,0]}}
,"/workspace/CombatScenarioPure/cliHarness.ts": {"path":"/workspace/CombatScenarioPure/cliHarness.ts","statementMap":{"0":{"start":{"line":3,"column":22},"end":{"line":5,"column":1}},"1":{"start":{"line":4,"column":4},"end":{"line":4,"column":62}},"2":{"start":{"line":6,"column":0},"end":{"line":6,"column":62}},"3":{"start":{"line":7,"column":13},"end":{"line":7,"column":43}},"4":{"start":{"line":8,"column":15},"end":{"line":8,"column":47}},"5":{"start":{"line":10,"column":19},"end":{"line":10,"column":21}},"6":{"start":{"line":11,"column":13},"end":{"line":11,"column":14}},"7":{"start":{"line":12,"column":4},"end":{"line":17,"column":5}},"8":{"start":{"line":13,"column":23},"end":{"line":13,"column":45}},"9":{"start":{"line":14,"column":8},"end":{"line":14,"column":97}},"10":{"start":{"line":15,"column":8},"end":{"line":15,"column":37}},"11":{"start":{"line":16,"column":8},"end":{"line":16,"column":93}},"12":{"start":{"line":18,"column":23},"end":{"line":18,"column":84}},"13":{"start":{"line":19,"column":4},"end":{"line":19,"column":67}},"14":{"start":{"line":22,"column":25},"end":{"line":22,"column":78}},"15":{"start":{"line":23,"column":16},"end":{"line":23,"column":40}},"16":{"start":{"line":24,"column":14},"end":{"line":24,"column":98}},"17":{"start":{"line":25,"column":4},"end":{"line":28,"column":5}},"18":{"start":{"line":26,"column":8},"end":{"line":26,"column":125}},"19":{"start":{"line":27,"column":8},"end":{"line":27,"column":15}},"20":{"start":{"line":29,"column":16},"end":{"line":29,"column":30}},"21":{"start":{"line":30,"column":4},"end":{"line":30,"column":61}},"22":{"start":{"line":32,"column":0},"end":{"line":33,"column":11}},"23":{"start":{"line":33,"column":4},"end":{"line":33,"column":11}}},"fnMap":{"0":{"name":"(anonymous_0)","decl":{"start":{"line":3,"column":56},"end":{"line":3,"column":57}},"loc":{"start":{"line":3,"column":71},"end":{"line":5,"column":1}},"line":3},"1":{"name":"runScenario","decl":{"start":{"line":9,"column":9},"end":{"line":9,"column":20}},"loc":{"start":{"line":9,"column":24},"end":{"line":20,"column":1}},"line":9},"2":{"name":"main","decl":{"start":{"line":21,"column":9},"end":{"line":21,"column":13}},"loc":{"start":{"line":21,"column":16},"end":{"line":31,"column":1}},"line":21}},"branchMap":{"0":{"loc":{"start":{"line":3,"column":22},"end":{"line":5,"column":1}},"type":"binary-expr","locations":[{"start":{"line":3,"column":23},"end":{"line":3,"column":27}},{"start":{"line":3,"column":31},"end":{"line":3,"column":51}},{"start":{"line":3,"column":56},"end":{"line":5,"column":1}}],"line":3},"1":{"loc":{"start":{"line":4,"column":11},"end":{"line":4,"column":61}},"type":"cond-expr","locations":[{"start":{"line":4,"column":37},"end":{"line":4,"column":40}},{"start":{"line":4,"column":43},"end":{"line":4,"column":61}}],"line":4},"2":{"loc":{"start":{"line":4,"column":12},"end":{"line":4,"column":33}},"type":"binary-expr","locations":[{"start":{"line":4,"column":12},"end":{"line":4,"column":15}},{"start":{"line":4,"column":19},"end":{"line":4,"column":33}}],"line":4},"3":{"loc":{"start":{"line":22,"column":25},"end":{"line":22,"column":78}},"type":"binary-expr","locations":[{"start":{"line":22,"column":25},"end":{"line":22,"column":40}},{"start":{"line":22,"column":44},"end":{"line":22,"column":78}}],"line":22},"4":{"loc":{"start":{"line":23,"column":16},"end":{"line":23,"column":40}},"type":"binary-expr","locations":[{"start":{"line":23,"column":16},"end":{"line":23,"column":31}},{"start":{"line":23,"column":35},"end":{"line":23,"column":40}}],"line":23},"5":{"loc":{"start":{"line":25,"column":4},"end":{"line":28,"column":5}},"type":"if","locations":[{"start":{"line":25,"column":4},"end":{"line":28,"column":5}},{"start":{},"end":{}}],"line":25},"6":{"loc":{"start":{"line":32,"column":0},"end":{"line":33,"column":11}},"type":"if","locations":[{"start":{"line":32,"column":0},"end":{"line":33,"column":11}},{"start":{},"end":{}}],"line":32}},"s":{"0":0,"1":0,"2":0,"3":0,"4":0,"5":0,"6":0,"7":0,"8":0,"9":0,"10":0,"11":0,"12":0,"13":0,"14":0,"15":0,"16":0,"17":0,"18":0,"19":0,"20":0,"21":0,"22":0,"23":0},"f":{"0":0,"1":0,"2":0},"b":{"0":[0,0,0],"1":[0,0],"2":[0,0],"3":[0,0],"4":[0,0],"5":[0,0],"6":[0,0]}}
,"/workspace/CraftingPure/Manager.ts": {"path":"/workspace/CraftingPure/Manager.ts","statementMap":{"0":{"start":{"line":2,"column":0},"end":{"line":2,"column":62}},"1":{"start":{"line":3,"column":0},"end":{"line":3,"column":33}},"2":{"start":{"line":6,"column":8},"end":{"line":6,"column":33}},"3":{"start":{"line":8,"column":13},"end":{"line":8,"column":52}},"4":{"start":{"line":10,"column":8},"end":{"line":10,"column":34}},"5":{"start":{"line":11,"column":8},"end":{"line":11,"column":69}},"6":{"start":{"line":13,"column":15},"end":{"line":13,"column":93}},"7":{"start":{"line":15,"column":18},"end":{"line":15,"column":44}},"8":{"start":{"line":16,"column":8},"end":{"line":17,"column":126}},"9":{"start":{"line":17,"column":12},"end":{"line":17,"column":126}},"10":{"start":{"line":19,"column":8},"end":{"line":22,"column":9}},"11":{"start":{"line":20,"column":12},"end":{"line":21,"column":134}},"12":{"start":{"line":21,"column":16},"end":{"line":21,"column":134}},"13":{"start":{"line":23,"column":26},"end":{"line":23,"column":36}},"14":{"start":{"line":24,"column":8},"end":{"line":25,"column":53}},"15":{"start":{"line":25,"column":12},"end":{"line":25,"column":53}},"16":{"start":{"line":26,"column":24},"end":{"line":26,"column":26}},"17":{"start":{"line":27,"column":8},"end":{"line":28,"column":29}},"18":{"start":{"line":28,"column":12},"end":{"line":28,"column":29}},"19":{"start":{"line":29,"column":8},"end":{"line":29,"column":114}},"20":{"start":{"line":32,"column":0},"end":{"line":32,"column":42}}},"fnMap":{"0":{"name":"(anonymous_0)","decl":{"start":{"line":5,"column":4},"end":{"line":5,"column":5}},"loc":{"start":{"line":5,"column":18},"end":{"line":7,"column":5}},"line":5},"1":{"name":"(anonymous_1)","decl":{"start":{"line":8,"column":4},"end":{"line":8,"column":5}},"loc":{"start":{"line":8,"column":11},"end":{"line":8,"column":54}},"line":8},"2":{"name":"(anonymous_2)","decl":{"start":{"line":9,"column":4},"end":{"line":9,"column":5}},"loc":{"start":{"line":9,"column":14},"end":{"line":12,"column":5}},"line":9},"3":{"name":"(anonymous_3)","decl":{"start":{"line":13,"column":4},"end":{"line":13,"column":5}},"loc":{"start":{"line":13,"column":13},"end":{"line":13,"column":95}},"line":13},"4":{"name":"(anonymous_4)","decl":{"start":{"line":14,"column":4},"end":{"line":14,"column":5}},"loc":{"start":{"line":14,"column":33},"end":{"line":30,"column":5}},"line":14}},"branchMap":{"0":{"loc":{"start":{"line":16,"column":8},"end":{"line":17,"column":126}},"type":"if","locations":[{"start":{"line":16,"column":8},"end":{"line":17,"column":126}},{"start":{},"end":{}}],"line":16},"1":{"loc":{"start":{"line":20,"column":12},"end":{"line":21,"column":134}},"type":"if","locations":[{"start":{"line":20,"column":12},"end":{"line":21,"column":134}},{"start":{},"end":{}}],"line":20},"2":{"loc":{"start":{"line":20,"column":17},"end":{"line":20,"column":28}},"type":"binary-expr","locations":[{"start":{"line":20,"column":17},"end":{"line":20,"column":23}},{"start":{"line":20,"column":27},"end":{"line":20,"column":28}}],"line":20},"3":{"loc":{"start":{"line":25,"column":28},"end":{"line":25,"column":45}},"type":"binary-expr","locations":[{"start":{"line":25,"column":28},"end":{"line":25,"column":40}},{"start":{"line":25,"column":44},"end":{"line":25,"column":45}}],"line":25}},"s":{"0":0,"1":0,"2":0,"3":0,"4":0,"5":0,"6":0,"7":0,"8":0,"9":0,"10":0,"11":0,"12":0,"13":0,"14":0,"15":0,"16":0,"17":0,"18":0,"19":0,"20":0},"f":{"0":0,"1":0,"2":0,"3":0,"4":0},"b":{"0":[0,0],"1":[0,0],"2":[0,0],"3":[0,0]}}
,"/workspace/CraftingPure/cliHarness.ts": {"path":"/workspace/CraftingPure/cliHarness.ts","statementMap":{"0":{"start":{"line":3,"column":22},"end":{"line":5,"column":1}},"1":{"start":{"line":4,"column":4},"end":{"line":4,"column":62}},"2":{"start":{"line":6,"column":0},"end":{"line":6,"column":62}},"3":{"start":{"line":7,"column":13},"end":{"line":7,"column":43}},"4":{"start":{"line":8,"column":15},"end":{"line":8,"column":47}},"5":{"start":{"line":9,"column":18},"end":{"line":9,"column":38}},"6":{"start":{"line":11,"column":19},"end":{"line":11,"column":72}},"7":{"start":{"line":12,"column":21},"end":{"line":12,"column":42}},"8":{"start":{"line":13,"column":16},"end":{"line":13,"column":47}},"9":{"start":{"line":14,"column":4},"end":{"line":18,"column":5}},"10":{"start":{"line":15,"column":18},"end":{"line":15,"column":96}},"11":{"start":{"line":16,"column":8},"end":{"line":17,"column":26}},"12":{"start":{"line":17,"column":12},"end":{"line":17,"column":26}},"13":{"start":{"line":19,"column":17},"end":{"line":19,"column":127}},"14":{"start":{"line":20,"column":20},"end":{"line":20,"column":22}},"15":{"start":{"line":21,"column":4},"end":{"line":30,"column":5}},"16":{"start":{"line":22,"column":8},"end":{"line":29,"column":41}},"17":{"start":{"line":23,"column":12},"end":{"line":23,"column":87}},"18":{"start":{"line":24,"column":13},"end":{"line":29,"column":41}},"19":{"start":{"line":25,"column":12},"end":{"line":25,"column":47}},"20":{"start":{"line":26,"column":13},"end":{"line":29,"column":41}},"21":{"start":{"line":27,"column":12},"end":{"line":27,"column":69}},"22":{"start":{"line":28,"column":13},"end":{"line":29,"column":41}},"23":{"start":{"line":29,"column":12},"end":{"line":29,"column":41}},"24":{"start":{"line":31,"column":4},"end":{"line":31,"column":54}},"25":{"start":{"line":33,"column":0},"end":{"line":34,"column":11}},"26":{"start":{"line":34,"column":4},"end":{"line":34,"column":11}}},"fnMap":{"0":{"name":"(anonymous_0)","decl":{"start":{"line":3,"column":56},"end":{"line":3,"column":57}},"loc":{"start":{"line":3,"column":71},"end":{"line":5,"column":1}},"line":3},"1":{"name":"main","decl":{"start":{"line":10,"column":9},"end":{"line":10,"column":13}},"loc":{"start":{"line":10,"column":16},"end":{"line":32,"column":1}},"line":10}},"branchMap":{"0":{"loc":{"start":{"line":3,"column":22},"end":{"line":5,"column":1}},"type":"binary-expr","locations":[{"start":{"line":3,"column":23},"end":{"line":3,"column":27}},{"start":{"line":3,"column":31},"end":{"line":3,"column":51}},{"start":{"line":3,"column":56},"end":{"line":5,"column":1}}],"line":3},"1":{"loc":{"start":{"line":4,"column":11},"end":{"line":4,"column":61}},"type":"cond-expr","locations":[{"start":{"line":4,"column":37},"end":{"line":4,"column":40}},{"start":{"line":4,"column":43},"end":{"line":4,"column":61}}],"line":4},"2":{"loc":{"start":{"line":4,"column":12},"end":{"line":4,"column":33}},"type":"binary-expr","locations":[{"start":{"line":4,"column":12},"end":{"line":4,"column":15}},{"start":{"line":4,"column":19},"end":{"line":4,"column":33}}],"line":4},"3":{"loc":{"start":{"line":11,"column":19},"end":{"line":11,"column":72}},"type":"binary-expr","locations":[{"start":{"line":11,"column":19},"end":{"line":11,"column":34}},{"start":{"line":11,"column":38},"end":{"line":11,"column":72}}],"line":11},"4":{"loc":{"start":{"line":12,"column":21},"end":{"line":12,"column":42}},"type":"binary-expr","locations":[{"start":{"line":12,"column":21},"end":{"line":12,"column":36}},{"start":{"line":12,"column":40},"end":{"line":12,"column":42}}],"line":12},"5":{"loc":{"start":{"line":14,"column":4},"end":{"line":18,"column":5}},"type":"if","locations":[{"start":{"line":14,"column":4},"end":{"line":18,"column":5}},{"start":{},"end":{}}],"line":14},"6":{"loc":{"start":{"line":19,"column":17},"end":{"line":19,"column":127}},"type":"cond-expr","locations":[{"start":{"line":19,"column":28},"end":{"line":19,"column":108}},{"start":{"line":19,"column":111},"end":{"line":19,"column":127}}],"line":19},"7":{"loc":{"start":{"line":22,"column":8},"end":{"line":29,"column":41}},"type":"if","locations":[{"start":{"line":22,"column":8},"end":{"line":29,"column":41}},{"start":{"line":24,"column":13},"end":{"line":29,"column":41}}],"line":22},"8":{"loc":{"start":{"line":24,"column":13},"end":{"line":29,"column":41}},"type":"if","locations":[{"start":{"line":24,"column":13},"end":{"line":29,"column":41}},{"start":{"line":26,"column":13},"end":{"line":29,"column":41}}],"line":24},"9":{"loc":{"start":{"line":26,"column":13},"end":{"line":29,"column":41}},"type":"if","locations":[{"start":{"line":26,"column":13},"end":{"line":29,"column":41}},{"start":{"line":28,"column":13},"end":{"line":29,"column":41}}],"line":26},"10":{"loc":{"start":{"line":28,"column":13},"end":{"line":29,"column":41}},"type":"if","locations":[{"start":{"line":28,"column":13},"end":{"line":29,"column":41}},{"start":{},"end":{}}],"line":28},"11":{"loc":{"start":{"line":33,"column":0},"end":{"line":34,"column":11}},"type":"if","locations":[{"start":{"line":33,"column":0},"end":{"line":34,"column":11}},{"start":{},"end":{}}],"line":33}},"s":{"0":0,"1":0,"2":0,"3":0,"4":0,"5":0,"6":0,"7":0,"8":0,"9":0,"10":0,"11":0,"12":0,"13":0,"14":0,"15":0,"16":0,"17":0,"18":0,"19":0,"20":0,"21":0,"22":0,"23":0,"24":0,"25":0,"26":0},"f":{"0":0,"1":0},"b":{"0":[0,0,0],"1":[0,0],"2":[0,0],"3":[0,0],"4":[0,0],"5":[0,0],"6":[0,0],"7":[0,0],"8":[0,0],"9":[0,0],"10":[0,0],"11":[0,0]}}
,"/workspace/CreaturesPure/cliHarness.ts": {"path":"/workspace/CreaturesPure/cliHarness.ts","statementMap":{"0":{"start":{"line":3,"column":22},"end":{"line":5,"column":1}},"1":{"start":{"line":4,"column":4},"end":{"line":4,"column":62}},"2":{"start":{"line":6,"column":0},"end":{"line":6,"column":62}},"3":{"start":{"line":7,"column":13},"end":{"line":7,"column":43}},"4":{"start":{"line":8,"column":13},"end":{"line":8,"column":53}},"5":{"start":{"line":8,"column":22},"end":{"line":8,"column":53}},"6":{"start":{"line":11,"column":8},"end":{"line":11,"column":28}},"7":{"start":{"line":12,"column":8},"end":{"line":12,"column":24}},"8":{"start":{"line":13,"column":8},"end":{"line":13,"column":26}},"9":{"start":{"line":14,"column":8},"end":{"line":14,"column":29}},"10":{"start":{"line":15,"column":20},"end":{"line":15,"column":67}},"11":{"start":{"line":16,"column":21},"end":{"line":16,"column":36}},"12":{"start":{"line":17,"column":8},"end":{"line":18,"column":35}},"13":{"start":{"line":18,"column":12},"end":{"line":18,"column":35}},"14":{"start":{"line":21,"column":18},"end":{"line":21,"column":41}},"15":{"start":{"line":22,"column":19},"end":{"line":22,"column":54}},"16":{"start":{"line":23,"column":18},"end":{"line":25,"column":35}},"17":{"start":{"line":26,"column":8},"end":{"line":26,"column":31}},"18":{"start":{"line":27,"column":8},"end":{"line":27,"column":33}},"19":{"start":{"line":28,"column":8},"end":{"line":28,"column":17}},"20":{"start":{"line":30,"column":31},"end":{"line":30,"column":58}},"21":{"start":{"line":30,"column":60},"end":{"line":33,"column":5}},"22":{"start":{"line":31,"column":20},"end":{"line":31,"column":32}},"23":{"start":{"line":32,"column":8},"end":{"line":32,"column":36}},"24":{"start":{"line":33,"column":6},"end":{"line":33,"column":17}},"25":{"start":{"line":34,"column":21},"end":{"line":34,"column":45}},"26":{"start":{"line":34,"column":46},"end":{"line":37,"column":5}},"27":{"start":{"line":35,"column":8},"end":{"line":35,"column":28}},"28":{"start":{"line":36,"column":8},"end":{"line":36,"column":20}},"29":{"start":{"line":37,"column":6},"end":{"line":37,"column":19}},"30":{"start":{"line":38,"column":26},"end":{"line":38,"column":50}},"31":{"start":{"line":38,"column":61},"end":{"line":38,"column":83}},"32":{"start":{"line":38,"column":85},"end":{"line":41,"column":5}},"33":{"start":{"line":39,"column":8},"end":{"line":39,"column":32}},"34":{"start":{"line":40,"column":8},"end":{"line":40,"column":20}},"35":{"start":{"line":41,"column":6},"end":{"line":41,"column":19}},"36":{"start":{"line":42,"column":17},"end":{"line":43,"column":21}},"37":{"start":{"line":43,"column":8},"end":{"line":43,"column":21}},"38":{"start":{"line":43,"column":22},"end":{"line":43,"column":86}},"39":{"start":{"line":43,"column":87},"end":{"line":43,"column":99}},"40":{"start":{"line":44,"column":44},"end":{"line":44,"column":73}},"41":{"start":{"line":44,"column":75},"end":{"line":44,"column":84}},"42":{"start":{"line":45,"column":25},"end":{"line":45,"column":49}},"43":{"start":{"line":45,"column":61},"end":{"line":45,"column":98}},"44":{"start":{"line":45,"column":86},"end":{"line":45,"column":97}},"45":{"start":{"line":45,"column":110},"end":{"line":45,"column":136}},"46":{"start":{"line":45,"column":149},"end":{"line":45,"column":174}},"47":{"start":{"line":45,"column":176},"end":{"line":48,"column":5}},"48":{"start":{"line":46,"column":8},"end":{"line":46,"column":29}},"49":{"start":{"line":47,"column":8},"end":{"line":47,"column":31}},"50":{"start":{"line":48,"column":6},"end":{"line":48,"column":16}},"51":{"start":{"line":49,"column":13},"end":{"line":49,"column":69}},"52":{"start":{"line":52,"column":14},"end":{"line":52,"column":36}},"53":{"start":{"line":53,"column":16},"end":{"line":53,"column":18}},"54":{"start":{"line":54,"column":4},"end":{"line":80,"column":5}},"55":{"start":{"line":55,"column":8},"end":{"line":79,"column":49}},"56":{"start":{"line":56,"column":23},"end":{"line":56,"column":53}},"57":{"start":{"line":57,"column":12},"end":{"line":57,"column":75}},"58":{"start":{"line":59,"column":13},"end":{"line":79,"column":49}},"59":{"start":{"line":60,"column":23},"end":{"line":60,"column":41}},"60":{"start":{"line":61,"column":12},"end":{"line":61,"column":64}},"61":{"start":{"line":63,"column":13},"end":{"line":79,"column":49}},"62":{"start":{"line":64,"column":23},"end":{"line":64,"column":46}},"63":{"start":{"line":65,"column":12},"end":{"line":65,"column":67}},"64":{"start":{"line":67,"column":13},"end":{"line":79,"column":49}},"65":{"start":{"line":68,"column":23},"end":{"line":68,"column":39}},"66":{"start":{"line":69,"column":12},"end":{"line":69,"column":60}},"67":{"start":{"line":71,"column":13},"end":{"line":79,"column":49}},"68":{"start":{"line":72,"column":23},"end":{"line":72,"column":56}},"69":{"start":{"line":73,"column":12},"end":{"line":73,"column":59}},"70":{"start":{"line":75,"column":13},"end":{"line":79,"column":49}},"71":{"start":{"line":76,"column":23},"end":{"line":76,"column":45}},"72":{"start":{"line":77,"column":12},"end":{"line":77,"column":62}},"73":{"start":{"line":79,"column":13},"end":{"line":79,"column":49}},"74":{"start":{"line":81,"column":4},"end":{"line":81,"column":36}},"75":{"start":{"line":84,"column":24},"end":{"line":84,"column":39}},"76":{"start":{"line":85,"column":20},"end":{"line":85,"column":35}},"77":{"start":{"line":86,"column":4},"end":{"line":89,"column":5}},"78":{"start":{"line":87,"column":8},"end":{"line":87,"column":77}},"79":{"start":{"line":88,"column":8},"end":{"line":88,"column":24}},"80":{"start":{"line":90,"column":17},"end":{"line":90,"column":72}},"81":{"start":{"line":91,"column":16},"end":{"line":91,"column":38}},"82":{"start":{"line":92,"column":4},"end":{"line":92,"column":46}},"83":{"start":{"line":94,"column":0},"end":{"line":95,"column":11}},"84":{"start":{"line":95,"column":4},"end":{"line":95,"column":11}}},"fnMap":{"0":{"name":"(anonymous_0)","decl":{"start":{"line":3,"column":56},"end":{"line":3,"column":57}},"loc":{"start":{"line":3,"column":71},"end":{"line":5,"column":1}},"line":3},"1":{"name":"(anonymous_1)","decl":{"start":{"line":8,"column":13},"end":{"line":8,"column":14}},"loc":{"start":{"line":8,"column":22},"end":{"line":8,"column":53}},"line":8},"2":{"name":"(anonymous_2)","decl":{"start":{"line":10,"column":4},"end":{"line":10,"column":5}},"loc":{"start":{"line":10,"column":29},"end":{"line":19,"column":5}},"line":10},"3":{"name":"(anonymous_3)","decl":{"start":{"line":20,"column":4},"end":{"line":20,"column":5}},"loc":{"start":{"line":20,"column":29},"end":{"line":29,"column":5}},"line":20},"4":{"name":"(anonymous_4)","decl":{"start":{"line":30,"column":4},"end":{"line":30,"column":5}},"loc":{"start":{"line":30,"column":19},"end":{"line":33,"column":19}},"line":30},"5":{"name":"(anonymous_5)","decl":{"start":{"line":34,"column":4},"end":{"line":34,"column":5}},"loc":{"start":{"line":34,"column":19},"end":{"line":37,"column":21}},"line":34},"6":{"name":"(anonymous_6)","decl":{"start":{"line":38,"column":4},"end":{"line":38,"column":5}},"loc":{"start":{"line":38,"column":24},"end":{"line":41,"column":21}},"line":38},"7":{"name":"(anonymous_7)","decl":{"start":{"line":42,"column":4},"end":{"line":42,"column":5}},"loc":{"start":{"line":42,"column":15},"end":{"line":43,"column":101}},"line":42},"8":{"name":"(anonymous_8)","decl":{"start":{"line":44,"column":4},"end":{"line":44,"column":5}},"loc":{"start":{"line":44,"column":32},"end":{"line":44,"column":86}},"line":44},"9":{"name":"(anonymous_9)","decl":{"start":{"line":45,"column":4},"end":{"line":45,"column":5}},"loc":{"start":{"line":45,"column":23},"end":{"line":48,"column":18}},"line":45},"10":{"name":"(anonymous_10)","decl":{"start":{"line":45,"column":81},"end":{"line":45,"column":82}},"loc":{"start":{"line":45,"column":86},"end":{"line":45,"column":97}},"line":45},"11":{"name":"(anonymous_11)","decl":{"start":{"line":49,"column":4},"end":{"line":49,"column":5}},"loc":{"start":{"line":49,"column":11},"end":{"line":49,"column":71}},"line":49},"12":{"name":"run","decl":{"start":{"line":51,"column":9},"end":{"line":51,"column":12}},"loc":{"start":{"line":51,"column":32},"end":{"line":82,"column":1}},"line":51},"13":{"name":"main","decl":{"start":{"line":83,"column":9},"end":{"line":83,"column":13}},"loc":{"start":{"line":83,"column":16},"end":{"line":93,"column":1}},"line":83}},"branchMap":{"0":{"loc":{"start":{"line":3,"column":22},"end":{"line":5,"column":1}},"type":"binary-expr","locations":[{"start":{"line":3,"column":23},"end":{"line":3,"column":27}},{"start":{"line":3,"column":31},"end":{"line":3,"column":51}},{"start":{"line":3,"column":56},"end":{"line":5,"column":1}}],"line":3},"1":{"loc":{"start":{"line":4,"column":11},"end":{"line":4,"column":61}},"type":"cond-expr","locations":[{"start":{"line":4,"column":37},"end":{"line":4,"column":40}},{"start":{"line":4,"column":43},"end":{"line":4,"column":61}}],"line":4},"2":{"loc":{"start":{"line":4,"column":12},"end":{"line":4,"column":33}},"type":"binary-expr","locations":[{"start":{"line":4,"column":12},"end":{"line":4,"column":15}},{"start":{"line":4,"column":19},"end":{"line":4,"column":33}}],"line":4},"3":{"loc":{"start":{"line":30,"column":48},"end":{"line":30,"column":57}},"type":"binary-expr","locations":[{"start":{"line":30,"column":48},"end":{"line":30,"column":51}},{"start":{"line":30,"column":55},"end":{"line":30,"column":57}}],"line":30},"4":{"loc":{"start":{"line":30,"column":60},"end":{"line":33,"column":5}},"type":"if","locations":[{"start":{"line":30,"column":60},"end":{"line":33,"column":5}},{"start":{},"end":{}}],"line":30},"5":{"loc":{"start":{"line":34,"column":46},"end":{"line":37,"column":5}},"type":"if","locations":[{"start":{"line":34,"column":46},"end":{"line":37,"column":5}},{"start":{},"end":{}}],"line":34},"6":{"loc":{"start":{"line":34,"column":50},"end":{"line":34,"column":99}},"type":"binary-expr","locations":[{"start":{"line":34,"column":50},"end":{"line":34,"column":74}},{"start":{"line":34,"column":78},"end":{"line":34,"column":99}}],"line":34},"7":{"loc":{"start":{"line":38,"column":85},"end":{"line":41,"column":5}},"type":"if","locations":[{"start":{"line":38,"column":85},"end":{"line":41,"column":5}},{"start":{},"end":{}}],"line":38},"8":{"loc":{"start":{"line":42,"column":17},"end":{"line":43,"column":21}},"type":"if","locations":[{"start":{"line":42,"column":17},"end":{"line":43,"column":21}},{"start":{},"end":{}}],"line":42},"9":{"loc":{"start":{"line":42,"column":21},"end":{"line":42,"column":87}},"type":"binary-expr","locations":[{"start":{"line":42,"column":21},"end":{"line":42,"column":26}},{"start":{"line":42,"column":30},"end":{"line":42,"column":35}},{"start":{"line":42,"column":39},"end":{"line":42,"column":61}},{"start":{"line":42,"column":65},"end":{"line":42,"column":87}}],"line":42},"10":{"loc":{"start":{"line":45,"column":176},"end":{"line":48,"column":5}},"type":"if","locations":[{"start":{"line":45,"column":176},"end":{"line":48,"column":5}},{"start":{},"end":{}}],"line":45},"11":{"loc":{"start":{"line":55,"column":8},"end":{"line":79,"column":49}},"type":"if","locations":[{"start":{"line":55,"column":8},"end":{"line":79,"column":49}},{"start":{"line":59,"column":13},"end":{"line":79,"column":49}}],"line":55},"12":{"loc":{"start":{"line":59,"column":13},"end":{"line":79,"column":49}},"type":"if","locations":[{"start":{"line":59,"column":13},"end":{"line":79,"column":49}},{"start":{"line":63,"column":13},"end":{"line":79,"column":49}}],"line":59},"13":{"loc":{"start":{"line":63,"column":13},"end":{"line":79,"column":49}},"type":"if","locations":[{"start":{"line":63,"column":13},"end":{"line":79,"column":49}},{"start":{"line":67,"column":13},"end":{"line":79,"column":49}}],"line":63},"14":{"loc":{"start":{"line":67,"column":13},"end":{"line":79,"column":49}},"type":"if","locations":[{"start":{"line":67,"column":13},"end":{"line":79,"column":49}},{"start":{"line":71,"column":13},"end":{"line":79,"column":49}}],"line":67},"15":{"loc":{"start":{"line":71,"column":13},"end":{"line":79,"column":49}},"type":"if","locations":[{"start":{"line":71,"column":13},"end":{"line":79,"column":49}},{"start":{"line":75,"column":13},"end":{"line":79,"column":49}}],"line":71},"16":{"loc":{"start":{"line":75,"column":13},"end":{"line":79,"column":49}},"type":"if","locations":[{"start":{"line":75,"column":13},"end":{"line":79,"column":49}},{"start":{"line":79,"column":13},"end":{"line":79,"column":49}}],"line":75},"17":{"loc":{"start":{"line":79,"column":13},"end":{"line":79,"column":49}},"type":"if","locations":[{"start":{"line":79,"column":13},"end":{"line":79,"column":49}},{"start":{},"end":{}}],"line":79},"18":{"loc":{"start":{"line":86,"column":4},"end":{"line":89,"column":5}},"type":"if","locations":[{"start":{"line":86,"column":4},"end":{"line":89,"column":5}},{"start":{},"end":{}}],"line":86},"19":{"loc":{"start":{"line":86,"column":8},"end":{"line":86,"column":32}},"type":"binary-expr","locations":[{"start":{"line":86,"column":8},"end":{"line":86,"column":20}},{"start":{"line":86,"column":24},"end":{"line":86,"column":32}}],"line":86},"20":{"loc":{"start":{"line":94,"column":0},"end":{"line":95,"column":11}},"type":"if","locations":[{"start":{"line":94,"column":0},"end":{"line":95,"column":11}},{"start":{},"end":{}}],"line":94}},"s":{"0":0,"1":0,"2":0,"3":0,"4":0,"5":0,"6":0,"7":0,"8":0,"9":0,"10":0,"11":0,"12":0,"13":0,"14":0,"15":0,"16":0,"17":0,"18":0,"19":0,"20":0,"21":0,"22":0,"23":0,"24":0,"25":0,"26":0,"27":0,"28":0,"29":0,"30":0,"31":0,"32":0,"33":0,"34":0,"35":0,"36":0,"37":0,"38":0,"39":0,"40":0,"41":0,"42":0,"43":0,"44":0,"45":0,"46":0,"47":0,"48":0,"49":0,"50":0,"51":0,"52":0,"53":0,"54":0,"55":0,"56":0,"57":0,"58":0,"59":0,"60":0,"61":0,"62":0,"63":0,"64":0,"65":0,"66":0,"67":0,"68":0,"69":0,"70":0,"71":0,"72":0,"73":0,"74":0,"75":0,"76":0,"77":0,"78":0,"79":0,"80":0,"81":0,"82":0,"83":0,"84":0},"f":{"0":0,"1":0,"2":0,"3":0,"4":0,"5":0,"6":0,"7":0,"8":0,"9":0,"10":0,"11":0,"12":0,"13":0},"b":{"0":[0,0,0],"1":[0,0],"2":[0,0],"3":[0,0],"4":[0,0],"5":[0,0],"6":[0,0],"7":[0,0],"8":[0,0],"9":[0,0,0,0],"10":[0,0],"11":[0,0],"12":[0,0],"13":[0,0],"14":[0,0],"15":[0,0],"16":[0,0],"17":[0,0],"18":[0,0],"19":[0,0],"20":[0,0]}}
,"/workspace/DialogPure/DialogSim.ts": {"path":"/workspace/DialogPure/DialogSim.ts","statementMap":{"0":{"start":{"line":2,"column":0},"end":{"line":2,"column":62}},"1":{"start":{"line":3,"column":0},"end":{"line":3,"column":27}},"2":{"start":{"line":6,"column":8},"end":{"line":6,"column":33}},"3":{"start":{"line":7,"column":8},"end":{"line":7,"column":22}},"4":{"start":{"line":8,"column":8},"end":{"line":8,"column":35}},"5":{"start":{"line":9,"column":8},"end":{"line":9,"column":32}},"6":{"start":{"line":10,"column":8},"end":{"line":10,"column":27}},"7":{"start":{"line":13,"column":8},"end":{"line":13,"column":29}},"8":{"start":{"line":14,"column":8},"end":{"line":15,"column":38}},"9":{"start":{"line":15,"column":12},"end":{"line":15,"column":38}},"10":{"start":{"line":17,"column":20},"end":{"line":17,"column":59}},"11":{"start":{"line":18,"column":20},"end":{"line":18,"column":48}},"12":{"start":{"line":20,"column":18},"end":{"line":20,"column":38}},"13":{"start":{"line":21,"column":8},"end":{"line":21,"column":61}},"14":{"start":{"line":24,"column":18},"end":{"line":24,"column":44}},"15":{"start":{"line":25,"column":8},"end":{"line":26,"column":61}},"16":{"start":{"line":26,"column":12},"end":{"line":26,"column":61}},"17":{"start":{"line":27,"column":8},"end":{"line":27,"column":44}},"18":{"start":{"line":28,"column":22},"end":{"line":28,"column":58}},"19":{"start":{"line":28,"column":47},"end":{"line":28,"column":56}},"20":{"start":{"line":30,"column":18},"end":{"line":30,"column":28}},"21":{"start":{"line":31,"column":8},"end":{"line":43,"column":9}},"22":{"start":{"line":32,"column":12},"end":{"line":32,"column":55}},"23":{"start":{"line":33,"column":12},"end":{"line":34,"column":22}},"24":{"start":{"line":34,"column":16},"end":{"line":34,"column":22}},"25":{"start":{"line":35,"column":22},"end":{"line":35,"column":36}},"26":{"start":{"line":36,"column":12},"end":{"line":36,"column":42}},"27":{"start":{"line":37,"column":12},"end":{"line":38,"column":22}},"28":{"start":{"line":38,"column":16},"end":{"line":38,"column":22}},"29":{"start":{"line":39,"column":24},"end":{"line":39,"column":47}},"30":{"start":{"line":40,"column":12},"end":{"line":41,"column":22}},"31":{"start":{"line":41,"column":16},"end":{"line":41,"column":22}},"32":{"start":{"line":42,"column":12},"end":{"line":42,"column":22}},"33":{"start":{"line":44,"column":8},"end":{"line":44,"column":48}},"34":{"start":{"line":45,"column":8},"end":{"line":45,"column":41}},"35":{"start":{"line":48,"column":18},"end":{"line":48,"column":44}},"36":{"start":{"line":49,"column":8},"end":{"line":50,"column":61}},"37":{"start":{"line":50,"column":12},"end":{"line":50,"column":61}},"38":{"start":{"line":51,"column":8},"end":{"line":51,"column":60}},"39":{"start":{"line":52,"column":22},"end":{"line":52,"column":58}},"40":{"start":{"line":52,"column":47},"end":{"line":52,"column":56}},"41":{"start":{"line":53,"column":22},"end":{"line":53,"column":32}},"42":{"start":{"line":54,"column":23},"end":{"line":54,"column":73}},"43":{"start":{"line":54,"column":55},"end":{"line":54,"column":72}},"44":{"start":{"line":55,"column":8},"end":{"line":56,"column":75}},"45":{"start":{"line":56,"column":12},"end":{"line":56,"column":75}},"46":{"start":{"line":57,"column":8},"end":{"line":57,"column":43}},"47":{"start":{"line":58,"column":8},"end":{"line":62,"column":9}},"48":{"start":{"line":59,"column":24},"end":{"line":59,"column":52}},"49":{"start":{"line":60,"column":12},"end":{"line":61,"column":59}},"50":{"start":{"line":61,"column":16},"end":{"line":61,"column":59}},"51":{"start":{"line":63,"column":8},"end":{"line":63,"column":48}},"52":{"start":{"line":64,"column":8},"end":{"line":64,"column":41}},"53":{"start":{"line":67,"column":8},"end":{"line":67,"column":50}},"54":{"start":{"line":68,"column":8},"end":{"line":68,"column":56}},"55":{"start":{"line":69,"column":8},"end":{"line":74,"column":9}},"56":{"start":{"line":70,"column":22},"end":{"line":70,"column":40}},"57":{"start":{"line":71,"column":12},"end":{"line":71,"column":31}},"58":{"start":{"line":72,"column":12},"end":{"line":72,"column":39}},"59":{"start":{"line":73,"column":12},"end":{"line":73,"column":40}},"60":{"start":{"line":75,"column":8},"end":{"line":81,"column":9}},"61":{"start":{"line":76,"column":23},"end":{"line":76,"column":40}},"62":{"start":{"line":77,"column":22},"end":{"line":77,"column":55}},"63":{"start":{"line":78,"column":12},"end":{"line":78,"column":38}},"64":{"start":{"line":79,"column":12},"end":{"line":79,"column":40}},"65":{"start":{"line":80,"column":12},"end":{"line":80,"column":43}},"66":{"start":{"line":84,"column":8},"end":{"line":91,"column":10}},"67":{"start":{"line":94,"column":0},"end":{"line":94,"column":30}}},"fnMap":{"0":{"name":"(anonymous_0)","decl":{"start":{"line":5,"column":4},"end":{"line":5,"column":5}},"loc":{"start":{"line":5,"column":28},"end":{"line":11,"column":5}},"line":5},"1":{"name":"(anonymous_1)","decl":{"start":{"line":12,"column":4},"end":{"line":12,"column":5}},"loc":{"start":{"line":12,"column":24},"end":{"line":16,"column":5}},"line":12},"2":{"name":"(anonymous_2)","decl":{"start":{"line":17,"column":4},"end":{"line":17,"column":5}},"loc":{"start":{"line":17,"column":18},"end":{"line":17,"column":61}},"line":17},"3":{"name":"(anonymous_3)","decl":{"start":{"line":18,"column":4},"end":{"line":18,"column":5}},"loc":{"start":{"line":18,"column":18},"end":{"line":18,"column":50}},"line":18},"4":{"name":"(anonymous_4)","decl":{"start":{"line":19,"column":4},"end":{"line":19,"column":5}},"loc":{"start":{"line":19,"column":21},"end":{"line":22,"column":5}},"line":19},"5":{"name":"(anonymous_5)","decl":{"start":{"line":23,"column":4},"end":{"line":23,"column":5}},"loc":{"start":{"line":23,"column":29},"end":{"line":46,"column":5}},"line":23},"6":{"name":"(anonymous_6)","decl":{"start":{"line":28,"column":42},"end":{"line":28,"column":43}},"loc":{"start":{"line":28,"column":47},"end":{"line":28,"column":56}},"line":28},"7":{"name":"(anonymous_7)","decl":{"start":{"line":47,"column":4},"end":{"line":47,"column":5}},"loc":{"start":{"line":47,"column":39},"end":{"line":65,"column":5}},"line":47},"8":{"name":"(anonymous_8)","decl":{"start":{"line":52,"column":42},"end":{"line":52,"column":43}},"loc":{"start":{"line":52,"column":47},"end":{"line":52,"column":56}},"line":52},"9":{"name":"(anonymous_9)","decl":{"start":{"line":54
[...]
],"line":56},"10":{"loc":{"start":{"line":58,"column":12},"end":{"line":59,"column":25}},"type":"if","locations":[{"start":{"line":58,"column":12},"end":{"line":59,"column":25}},{"start":{},"end":{}}],"line":58},"11":{"loc":{"start":{"line":58,"column":16},"end":{"line":58,"column":70}},"type":"binary-expr","locations":[{"start":{"line":58,"column":16},"end":{"line":58,"column":31}},{"start":{"line":58,"column":35},"end":{"line":58,"column":45}},{"start":{"line":58,"column":49},"end":{"line":58,"column":70}}],"line":58},"12":{"loc":{"start":{"line":60,"column":12},"end":{"line":61,"column":35}},"type":"if","locations":[{"start":{"line":60,"column":12},"end":{"line":61,"column":35}},{"start":{},"end":{}}],"line":60},"13":{"loc":{"start":{"line":65,"column":8},"end":{"line":66,"column":25}},"type":"if","locations":[{"start":{"line":65,"column":8},"end":{"line":66,"column":25}},{"start":{},"end":{}}],"line":65},"14":{"loc":{"start":{"line":65,"column":12},"end":{"line":65,"column":99}},"type":"binary-expr","locations":[{"start":{"line":65,"column":12},"end":{"line":65,"column":22}},{"start":{"line":65,"column":26},"end":{"line":65,"column":42}},{"start":{"line":65,"column":46},"end":{"line":65,"column":64}},{"start":{"line":65,"column":68},"end":{"line":65,"column":99}}],"line":65},"15":{"loc":{"start":{"line":67,"column":8},"end":{"line":68,"column":25}},"type":"if","locations":[{"start":{"line":67,"column":8},"end":{"line":68,"column":25}},{"start":{},"end":{}}],"line":67},"16":{"loc":{"start":{"line":67,"column":12},"end":{"line":67,"column":75}},"type":"binary-expr","locations":[{"start":{"line":67,"column":12},"end":{"line":67,"column":20}},{"start":{"line":67,"column":24},"end":{"line":67,"column":42}},{"start":{"line":67,"column":46},"end":{"line":67,"column":75}}],"line":67},"17":{"loc":{"start":{"line":72,"column":8},"end":{"line":75,"column":9}},"type":"if","locations":[{"start":{"line":72,"column":8},"end":{"line":75,"column":9}},{"start":{},"end":{}}],"line":72},"18":{"loc":{"start":{"line":72,"column":34},"end":{"line":72,"column":52}},"type":"binary-expr","locations":[{"start":{"line":72,"column":34},"end":{"line":72,"column":46}},{"start":{"line":72,"column":50},"end":{"line":72,"column":52}}],"line":72},"19":{"loc":{"start":{"line":76,"column":26},"end":{"line":76,"column":41}},"type":"binary-expr","locations":[{"start":{"line":76,"column":26},"end":{"line":76,"column":35}},{"start":{"line":76,"column":39},"end":{"line":76,"column":41}}],"line":76},"20":{"loc":{"start":{"line":82,"column":12},"end":{"line":104,"column":13}},"type":"if","locations":[{"start":{"line":82,"column":12},"end":{"line":104,"column":13}},{"start":{"line":87,"column":17},"end":{"line":104,"column":13}}],"line":82},"21":{"loc":{"start":{"line":83,"column":28},"end":{"line":83,"column":43}},"type":"binary-expr","locations":[{"start":{"line":83,"column":28},"end":{"line":83,"column":38}},{"start":{"line":83,"column":42},"end":{"line":83,"column":43}}],"line":83},"22":{"loc":{"start":{"line":84,"column":16},"end":{"line":85,"column":33}},"type":"if","locations":[{"start":{"line":84,"column":16},"end":{"line":85,"column":33}},{"start":{},"end":{}}],"line":84},"23":{"loc":{"start":{"line":87,"column":17},"end":{"line":104,"column":13}},"type":"if","locations":[{"start":{"line":87,"column":17},"end":{"line":104,"column":13}},{"start":{"line":96,"column":17},"end":{"line":104,"column":13}}],"line":87},"24":{"loc":{"start":{"line":89,"column":16},"end":{"line":90,"column":33}},"type":"if","locations":[{"start":{"line":89,"column":16},"end":{"line":90,"column":33}},{"start":{},"end":{}}],"line":89},"25":{"loc":{"start":{"line":91,"column":16},"end":{"line":92,"column":33}},"type":"if","locations":[{"start":{"line":91,"column":16},"end":{"line":92,"column":33}},{"start":{},"end":{}}],"line":91},"26":{"loc":{"start":{"line":91,"column":20},"end":{"line":91,"column":53}},"type":"binary-expr","locations":[{"start":{"line":91,"column":20},"end":{"line":91,"column":28}},{"start":{"line":91,"column":32},"end":{"line":91,"column":53}}],"line":91},"27":{"loc":{"start":{"line":93,"column":16},"end":{"line":94,"column":33}},"type":"if","locations":[{"start":{"line":93,"column":16},"end":{"line":94,"column":33}},{"start":{},"end":{}}],"line":93},"28":{"loc":{"start":{"line":93,"column":20},"end":{"line":93,"column":59}},"type":"binary-expr","locations":[{"start":{"line":93,"column":20},"end":{"line":93,"column":37}},{"start":{"line":93,"column":41},"end":{"line":93,"column":59}}],"line":93},"29":{"loc":{"start":{"line":96,"column":17},"end":{"line":104,"column":13}},"type":"if","locations":[{"start":{"line":96,"column":17},"end":{"line":104,"column":13}},{"start":{},"end":{}}],"line":96},"30":{"loc":{"start":{"line":98,"column":16},"end":{"line":103,"column":33}},"type":"if","locations":[{"start":{"line":98,"column":16},"end":{"line":103,"column":33}},{"start":{"line":102,"column":21},"end":{"line":103,"column":33}}],"line":98},"31":{"loc":{"start":{"line":99,"column":20},"end":{"line":100,"column":37}},"type":"if","locations":[{"start":{"line":99,"column":20},"end":{"line":100,"column":37}},{"start":{},"end":{}}],"line":99},"32":{"loc":{"start":{"line":102,"column":21},"end":{"line":103,"column":33}},"type":"if","locations":[{"start":{"line":102,"column":21},"end":{"line":103,"column":33}},{"start":{},"end":{}}],"line":102},"33":{"loc":{"start":{"line":102,"column":25},"end":{"line":102,"column":78}},"type":"binary-expr","locations":[{"start":{"line":102,"column":25},"end":{"line":102,"column":40}},{"start":{"line":102,"column":44},"end":{"line":102,"column":55}},{"start":{"line":102,"column":59},"end":{"line":102,"column":66}},{"start":{"line":102,"column":70},"end":{"line":102,"column":78}}],"line":102},"34":{"loc":{"start":{"line":110,"column":12},"end":{"line":131,"column":13}},"type":"if","locations":[{"start":{"line":110,"column":12},"end":{"line":131,"column":13}},{"start":{"line":114,"column":17},"end":{"line":131,"column":13}}],"line":110},"35":{"loc":{"start":{"line":114,"column":17},"end":{"line":131,"column":13}},"type":"if","locations":[{"start":{"line":114,"column":17},"end":{"line":131,"column":13}},{"start":{"line":119,"column":17},"end":{"line":131,"column":13}}],"line":114},"36":{"loc":{"start":{"line":115,"column":26},"end":{"line":115,"column":41}},"type":"binary-expr","locations":[{"start":{"line":115,"column":26},"end":{"line":115,"column":36}},{"start":{"line":115,"column":40},"end":{"line":115,"column":41}}],"line":115},"37":{"loc":{"start":{"line":119,"column":17},"end":{"line":131,"column":13}},"type":"if","locations":[{"start":{"line":119,"column":17},"end":{"line":131,"column":13}},{"start":{"line":123,"column":17},"end":{"line":131,"column":13}}],"line":119},"38":{"loc":{"start":{"line":121,"column":55},"end":{"line":121,"column":71}},"type":"binary-expr","locations":[{"start":{"line":121,"column":55},"end":{"line":121,"column":61}},{"start":{"line":121,"column":65},"end":{"line":121,"column":71}}],"line":121},"39":{"loc":{"start":{"line":121,"column":82},"end":{"line":121,"column":100}},"type":"binary-expr","locations":[{"start":{"line":121,"column":82},"end":{"line":121,"column":90}},{"start":{"line":121,"column":94},"end":{"line":121,"column":100}}],"line":121},"40":{"loc":{"start":{"line":123,"column":17},"end":{"line":131,"column":13}},"type":"if","locations":[{"start":{"line":123,"column":17},"end":{"line":131,"column":13}},{"start":{"line":127,"column":17},"end":{"line":131,"column":13}}],"line":123},"41":{"loc":{"start":{"line":127,"column":17},"end":{"line":131,"column":13}},"type":"if","locations":[{"start":{"line":127,"column":17},"end":{"line":131,"column":13}},{"start":{},"end":{}}],"line":127},"42":{"loc":{"start":{"line":129,"column":26},"end":{"line":129,"column":41}},"type":"binary-expr","locations":[{"start":{"line":129,"column":26},"end":{"line":129,"column":36}},{"start":{"line":129,"column":40},"end":{"line":129,"column":41}}],"line":129},"43":{"loc":{"start":{"line":130,"column":47},"end":{"line":130,"column":75}},"type":"cond-expr","locations":[{"start":{"line":130,"column":57},"end":{"line":130,"column":70}},{"start":{"line":130,"column":73},"end":{"line":130,"column":75}}],"line":130}},"s":{"0":0,"1":0,"2":0,"3":0,"4":0,"5":0,"6":0,"7":0,"8":0,"9":0,"10":0,"11":0,"12":0,"13":0,"14":0,"15":0,"16":0,"17":0,"18":0,"19":0,"20":0,"21":0,"22":0,"23":0,"24":0,"25":0,"26":0,"27":0,"28":0,"29":0,"30":0,"31":0,"32":0,"33":0,"34":0,"35":0,"36":0,"37":0,"38":0,"39":0,"40":0,"41":0,"42":0,"43":0,"44":0,"45":0,"46":0,"47":0,"48":0,"49":0,"50":0,"51":0,"52":0,"53":0,"54":0,"55":0,"56":0,"57":0,"58":0,"59":0,"60":0,"61":0,"62":0,"63":0,"64":0,"65":0,"66":0,"67":0,"68":0,"69":0,"70":0,"71":0,"72":0,"73":0,"74":0,"75":0,"76":0,"77":0,"78":0,"79":0,"80":0,"81":0,"82":0,"83":0,"84":0,"85":0,"86":0,"87":0,"88":0,"89":0},"f":{"0":0,"1":0,"2":0,"3":0,"4":0,"5":0,"6":0,"7":0,"8":0,"9":0,"10":0,"11":0,"12":0,"13":0},"b":{"0":[0],"1":[0,0],"2":[0,0],"3":[0,0],"4":[0,0],"5":[0,0],"6":[0,0],"7":[0,0],"8":[0,0],"9":[0,0,0],"10":[0,0],"11":[0,0,0],"12":[0,0],"13":[0,0],"14":[0,0,0,0],"15":[0,0],"16":[0,0,0],"17":[0,0],"18":[0,0],"19":[0,0],"20":[0,0],"21":[0,0],"22":[0,0],"23":[0,0],"24":[0,0],"25":[0,0],"26":[0,0],"27":[0,0],"28":[0,0],"29":[0,0],"30":[0,0],"31":[0,0],"32":[0,0],"33":[0,0,0,0],"34":[0,0],"35":[0,0],"36":[0,0],"37":[0,0],"38":[0,0],"39":[0,0],"40":[0,0],"41":[0,0],"42":[0,0],"43":[0,0]}}
,"/workspace/zones_pure/harness.ts": {"path":"/workspace/zones_pure/harness.ts","statementMap":{"0":{"start":{"line":3,"column":22},"end":{"line":5,"column":1}},"1":{"start":{"line":4,"column":4},"end":{"line":4,"column":62}},"2":{"start":{"line":6,"column":0},"end":{"line":6,"column":62}},"3":{"start":{"line":7,"column":13},"end":{"line":7,"column":43}},"4":{"start":{"line":8,"column":15},"end":{"line":8,"column":47}},"5":{"start":{"line":9,"column":22},"end":{"line":9,"column":46}},"6":{"start":{"line":11,"column":17},"end":{"line":11,"column":32}},"7":{"start":{"line":12,"column":4},"end":{"line":15,"column":5}},"8":{"start":{"line":13,"column":8},"end":{"line":13,"column":70}},"9":{"start":{"line":14,"column":8},"end":{"line":14,"column":24}},"10":{"start":{"line":16,"column":17},"end":{"line":16,"column":93}},"11":{"start":{"line":17,"column":16},"end":{"line":17,"column":18}},"12":{"start":{"line":19,"column":22},"end":{"line":19,"column":31}},"13":{"start":{"line":20,"column":19},"end":{"line":20,"column":28}},"14":{"start":{"line":21,"column":18},"end":{"line":21,"column":33}},"15":{"start":{"line":22,"column":16},"end":{"line":50,"column":6}},"16":{"start":{"line":23,"column":23},"end":{"line":23,"column":34}},"17":{"start":{"line":24,"column":39},"end":{"line":24,"column":69}},"18":{"start":{"line":26,"column":32},"end":{"line":26,"column":79}},"19":{"start":{"line":27,"column":32},"end":{"line":27,"column":61}},"20":{"start":{"line":31,"column":28},"end":{"line":31,"column":76}},"21":{"start":{"line":32,"column":16},"end":{"line":33,"column":36}},"22":{"start":{"line":33,"column":20},"end":{"line":33,"column":36}},"23":{"start":{"line":34,"column":16},"end":{"line":35,"column":40}},"24":{"start":{"line":35,"column":20},"end":{"line":35,"column":40}},"25":{"start":{"line":36,"column":16},"end":{"line":36,"column":37}},"26":{"start":{"line":38,"column":31},"end":{"line":38,"column":46}},"27":{"start":{"line":42,"column":16},"end":{"line":42,"column":32}},"28":{"start":{"line":43,"column":16},"end":{"line":43,"column":43}},"29":{"start":{"line":46,"column":26},"end":{"line":46,"column":69}},"30":{"start":{"line":47,"column":16},"end":{"line":47,"column":38}},"31":{"start":{"line":51,"column":4},"end":{"line":64,"column":5}},"32":{"start":{"line":52,"column":8},"end":{"line":63,"column":31}},"33":{"start":{"line":53,"column":12},"end":{"line":53,"column":69}},"34":{"start":{"line":54,"column":13},"end":{"line":63,"column":31}},"35":{"start":{"line":55,"column":12},"end":{"line":55,"column":40}},"36":{"start":{"line":56,"column":13},"end":{"line":63,"column":31}},"37":{"start":{"line":57,"column":12},"end":{"line":57,"column":43}},"38":{"start":{"line":58,"column":13},"end":{"line":63,"column":31}},"39":{"start":{"line":59,"column":12},"end":{"line":59,"column":28}},"40":{"start":{"line":60,"column":13},"end":{"line":63,"column":31}},"41":{"start":{"line":61,"column":12},"end":{"line":61,"column":27}},"42":{"start":{"line":62,"column":13},"end":{"line":63,"column":31}},"43":{"start":{"line":63,"column":12},"end":{"line":63,"column":31}},"44":{"start":{"line":65,"column":16},"end":{"line":71,"column":5}},"45":{"start":{"line":68,"column":76},"end":{"line":68,"column":92}},"46":{"start":{"line":69,"column":63},"end":{"line":69,"column":101}},"47":{"start":{"line":72,"column":4},"end":{"line":72,"column":46}},"48":{"start":{"line":74,"column":0},"end":{"line":75,"column":11}},"49":{"start":{"line":75,"column":4},"end":{"line":75,"column":11}}},"fnMap":{"0":{"name":"(anonymous_0)","decl":{"start":{"line":3,"column":56},"end":{"line":3,"column":57}},"loc":{"start":{"line":3,"column":71},"end":{"line":5,"column":1}},"line":3},"1":{"name":"main","decl":{"start":{"line":10,"column":9},"end":{"line":10,"column":13}},"loc":{"start":{"line":10,"column":16},"end":{"line":73,"column":1}},"line":10},"2":{"name":"(anonymous_2)","decl":{"start":{"line":23,"column":16},"end":{"line":23,"column":17}},"loc":{"start":{"line":23,"column":23},"end":{"line":23,"column":34}},"line":23},"3":{"name":"(anonymous_3)","decl":{"start":{"line":24,"column":31},"end":{"line":24,"column":32}},"loc":{"start":{"line":24,"column":39},"end":{"line":24,"column":69}},"line":24},"4":{"name":"(anonymous_4)","decl":{"start":{"line":26,"column":21},"end":{"line":26,"column":22}},"loc":{"start":{"line":26,"column":32},"end":{"line":26,"column":79}},"line":26},"5":{"name":"(anonymous_5)","decl":{"start":{"line":27,"column":21},"end":{"line":27,"column":22}},"loc":{"start":{"line":27,"column":32},"end":{"line":27,"column":61}},"line":27},"6":{"name":"(anonymous_6)","decl":{"start":{"line":30,"column":21},"end":{"line":30,"column":22}},"loc":{"start":{"line":30,"column":44},"end":{"line":37,"column":13}},"line":30},"7":{"name":"(anonymous_7)","decl":{"start":{"line":38,"column":22},"end":{"line":38,"column":23}},"loc":{"start":{"line":38,"column":31},"end":{"line":38,"column":46}},"line":38},"8":{"name":"(anonymous_8)","decl":{"start":{"line":41,"column":31},"end":{"line":41,"column":32}},"loc":{"start":{"line":41,"column":38},"end":{"line":44,"column":13}},"line":41},"9":{"name":"(anonymous_9)","decl":{"start":{"line":45,"column":21},"end":{"line":45,"column":22}},"loc":{"start":{"line":45,"column":34},"end":{"line":48,"column":13}},"line":45},"10":{"name":"(anonymous_10)","decl":{"start":{"line":68,"column":55},"end":{"line":68,"column":56}},"loc":{"start":{"line":68,"column":76},"end":{"line":68,"column":92}},"line":68},"11":{"name":"(anonymous_11)","decl":{"start":{"line":69,"column":49},"end":{"line":69,"column":50}},"loc":{"start":{"line":69,"column":63},"end":{"line":69,"column":101}},"line":69}},"branchMap":{"0":{"loc":{"start":{"line":3,"column":22},"end":{"line":5,"column":1}},"type":"binary-expr","locations":[{"start":{"line":3,"column":23},"end":{"line":3,"column":27}},{"start":{"line":3,"column":31},"end":{"line":3,"column":51}},{"start":{"line":3,"column":56},"end":{"line":5,"column":1}}],"line":3},"1":{"loc":{"start":{"line":4,"column":11},"end":{"line":4,"column":61}},"type":"cond-expr","locations":[{"start":{"line":4,"column":37},"end":{"line":4,"column":40}},{"start":{"line":4,"column":43},"end":{"line":4,"column":61}}],"line":4},"2":{"loc":{"start":{"line":4,"column":12},"end":{"line":4,"column":33}},"type":"binary-expr","locations":[{"start":{"line":4,"column":12},"end":{"line":4,"column":15}},{"start":{"line":4,"column":19},"end":{"line":4,"column":33}}],"line":4},"3":{"loc":{"start":{"line":12,"column":4},"end":{"line":15,"column":5}},"type":"if","locations":[{"start":{"line":12,"column":4},"end":{"line":15,"column":5}},{"start":{},"end":{}}],"line":12},"4":{"loc":{"start":{"line":26,"column":51},"end":{"line":26,"column":73}},"type":"binary-expr","locations":[{"start":{"line":26,"column":51},"end":{"line":26,"column":68}},{"start":{"line":26,"column":72},"end":{"line":26,"column":73}}],"line":26},"5":{"loc":{"start":{"line":27,"column":33},"end":{"line":27,"column":55}},"type":"binary-expr","locations":[{"start":{"line":27,"column":33},"end":{"line":27,"column":50}},{"start":{"line":27,"column":54},"end":{"line":27,"column":55}}],"line":27},"6":{"loc":{"start":{"line":31,"column":28},"end":{"line":31,"column":76}},"type":"binary-expr","locations":[{"start":{"line":31,"column":28},"end":{"line":31,"column":43}},{"start":{"line":31,"column":47},"end":{"line":31,"column":76}}],"line":31},"7":{"loc":{"start":{"line":32,"column":16},"end":{"line":33,"column":36}},"type":"if","locations":[{"start":{"line":32,"column":16},"end":{"line":33,"column":36}},{"start":{},"end":{}}],"line":32},"8":{"loc":{"start":{"line":34,"column":16},"end":{"line":35,"column":40}},"type":"if","locations":[{"start":{"line":34,"column":16},"end":{"line":35,"column":40}},{"start":{},"end":{}}],"line":34},"9":{"loc":{"start":{"line":46,"column":41},"end":{"line":46,"column":57}},"type":"cond-expr","locations":[{"start":{"line":46,"column":45},"end":{"line":46,"column":52}},{"start":{"line":46,"column":55},"end":{"line":46,"column":57}}],"line":46},"10":{"loc":{"start":{"line":46,"column":61},"end":{"line":46,"column":67}},"type":"binary-expr","locations":[{"start":{"line":46,"column":61},"end":{"line":46,"column":62}},{"start":{"line":46,"column":66},"end":{"line":46,"column":67}}],"line":46},"11":{"loc":{"start":{"line":52,"column":8},"end":{"line":63,"column":31}},"type":"if","locations":[{"start":{"line":52,"column":8},"end":{"line":63,"column":31}},{"start":{"line":54,"column":13},"end":{"line":63,"column":31}}],"line":52},"12":{"loc":{"start":{"line":54,"column":13},"end":{"line":63,"column":31}},"type":"if","locations":[{"start":{"line":54,"column":13},"end":{"line":63,"column":31}},{"start":{"line":56,"column":13},"end":{"line":63,"column":31}}],"line":54},"13":{"loc":{"start":{"line":56,"column":13},"end":{"line":63,"column":31}},"type":"if","locations":[{"start":{"line":56,"column":13},"end":{"line":63,"column":31}},{"start":{"line":58,"column":13},"end":{"line":63,"column":31}}],"line":56},"14":{"loc":{"start":{"line":58,"column":13},"end":{"line":63,"column":31}},"type":"if","locations":[{"start":{"line":58,"column":13},"end":{"line":63,"column":31}},{"start":{"line":60,"column":13},"end":{"line":63,"column":31}}],"line":58},"15":{"loc":{"start":{"line":60,"column":13},"end":{"line":63,"column":31}},"type":"if","locations":[{"start":{"line":60,"column":13},"end":{"line":63,"column":31}},{"start":{"line":62,"column":13},"end":{"line":63,"column":31}}],"line":60},"16":{"loc":{"start":{"line":62,"column":13},"end":{"line":63,"column":31}},"type":"if","locations":[{"start":{"line":62,"column":13},"end":{"line":63,"column":31}},{"start":{},"end":{}}],"line":62},"17":{"loc":{"start":{"line":74,"column":0},"end":{"line":75,"column":11}},"type":"if","locations":[{"start":{"line":74,"column":0},"end":{"line":75,"column":11}},{"start":{},"end":{}}],"line":74}},"s":{"0":0,"1":0,"2":0,"3":0,"4":0,"5":0,"6":0,"7":0,"8":0,"9":0,"10":0,"11":0,"12":0,"13":0,"14":0,"15":0,"16":0,"17":0,"18":0,"19":0,"20":0,"21":0,"22":0,"23":0,"24":0,"25":0,"26":0,"27":0,"28":0,"29":0,"30":0,"31":0,"32":0,"33":0,"34":0,"35":0,"36":0,"37":0,"38":0,"39":0,"40":0,"41":0,"42":0,"43":0,"44":0,"45":0,"46":0,"47":0,"48":0,"49":0},"f":{"0":0,"1":0,"2":0,"3":0,"4":0,"5":0,"6":0,"7":0,"8":0,"9":0,"10":0,"11":0},"b":{"0":[0,0,0],"1":[0,0],"2":[0,0],"3":[0,0],"4":[0,0],"5":[0,0],"6":[0,0],"7":[0,0],"8":[0,0],"9":[0,0],"10":[0,0],"11":[0,0],"12":[0,0],"13":[0,0],"14":[0,0],"15":[0,0],"16":[0,0],"17":[0,0]}}
}
