TN:
SF:AIProfilesPure/AIProfileManager.ts
FN:5,(anonymous_0)
FN:9,(anonymous_1)
FN:14,(anonymous_2)
FN:17,(anonymous_3)
FN:20,(anonymous_4)
FN:25,(anonymous_5)
FN:29,(anonymous_6)
FN:33,(anonymous_7)
FN:36,(anonymous_8)
FN:73,(anonymous_9)
FNF:10
FNH:0
FNDA:0,(anonymous_0)
FNDA:0,(anonymous_1)
FNDA:0,(anonymous_2)
FNDA:0,(anonymous_3)
FNDA:0,(anonymous_4)
FNDA:0,(anonymous_5)
FNDA:0,(anonymous_6)
FNDA:0,(anonymous_7)
FNDA:0,(anonymous_8)
FNDA:0,(anonymous_9)
DA:2,0
DA:3,0
DA:6,0
DA:7,0
DA:10,0
DA:11,0
DA:12,0
DA:15,0
DA:18,0
DA:21,0
DA:22,0
DA:23,0
DA:26,0
DA:27,0
DA:30,0
DA:31,0
DA:34,0
DA:37,0
DA:38,0
DA:39,0
DA:40,0
DA:42,0
DA:43,0
DA:44,0
DA:45,0
DA:47,0
DA:48,0
DA:49,0
DA:50,0
DA:51,0
DA:53,0
DA:54,0
DA:56,0
DA:57,0
DA:59,0
DA:60,0
DA:62,0
DA:63,0
DA:66,0
DA:67,0
DA:68,0
DA:69,0
DA:71,0
DA:74,0
DA:75,0
DA:76,0
DA:77,0
DA:79,0
DA:82,0
LF:49
LH:0
BRDA:5,0,0,0
BRDA:34,1,0,0
BRDA:34,1,1,0
BRDA:40,2,0,0
BRDA:40,2,1,0
BRDA:40,2,2,0
BRDA:40,2,3,0
BRDA:40,2,4,0
BRDA:43,3,0,0
BRDA:43,3,1,0
BRDA:47,4,0,0
BRDA:47,4,1,0
BRDA:49,5,0,0
BRDA:49,5,1,0
BRDA:59,6,0,0
BRDA:59,6,1,0
BRDA:66,7,0,0
BRDA:66,7,1,0
BRDA:67,8,0,0
BRDA:67,8,1,0
BRDA:75,9,0,0
BRDA:75,9,1,0
BRF:22
BRH:0
end_of_record
TN:
SF:AIProfilesPure/cliHarness.ts
FN:3,(anonymous_0)
FN:10,main
FN:18,(anonymous_2)
FN:25,(anonymous_3)
FN:32,(anonymous_4)
FNF:5
FNH:0
FNDA:0,(anonymous_0)
FNDA:0,main
FNDA:0,(anonymous_2)
FNDA:0,(anonymous_3)
FNDA:0,(anonymous_4)
DA:3,0
DA:4,0
DA:6,0
DA:7,0
DA:8,0
DA:9,0
DA:11,0
DA:12,0
DA:13,0
DA:14,0
DA:15,0
DA:16,0
DA:17,0
DA:19,0
DA:20,0
DA:21,0
DA:22,0
DA:26,0
DA:27,0
DA:28,0
DA:29,0
DA:32,0
DA:34,0
DA:35,0
DA:36,0
DA:37,0
DA:38,0
DA:39,0
DA:40,0
DA:41,0
DA:42,0
DA:43,0
DA:44,0
DA:45,0
DA:46,0
DA:48,0
DA:49,0
DA:50,0
DA:52,0
DA:53,0
DA:54,0
DA:57,0
DA:59,0
DA:60,0
LF:44
LH:0
BRDA:3,0,0,0
BRDA:3,0,1,0
BRDA:3,0,2,0
BRDA:4,1,0,0
BRDA:4,1,1,0
BRDA:4,2,0,0
BRDA:4,2,1,0
BRDA:11,3,0,0
BRDA:11,3,1,0
BRDA:12,4,0,0
BRDA:12,4,1,0
BRDA:20,5,0,0
BRDA:20,5,1,0
BRDA:27,6,0,0
BRDA:27,6,1,0
BRDA:35,7,0,0
BRDA:35,7,1,0
BRDA:38,8,0,0
BRDA:38,8,1,0
BRDA:40,9,0,0
BRDA:40,9,1,0
BRDA:42,10,0,0
BRDA:42,10,1,0
BRDA:44,11,0,0
BRDA:44,11,1,0
BRDA:48,12,0,0
BRDA:48,12,1,0
BRDA:52,13,0,0
BRDA:52,13,1,0
BRDA:59,14,0,0
BRDA:59,14,1,0
BRF:31
BRH:0
end_of_record
TN:
SF:AudioMixerPure/cliHarness.ts
FN:2,linearToDb
FN:8,(anonymous_1)
FN:12,(anonymous_2)
FN:13,(anonymous_3)
FN:14,(anonymous_4)
FN:16,run
FN:34,main
FNF:7
FNH:0
FNDA:0,linearToDb
FNDA:0,(anonymous_1)
FNDA:0,(anonymous_2)
FNDA:0,(anonymous_3)
FNDA:0,(anonymous_4)
FNDA:0,run
FNDA:0,main
DA:3,0
DA:4,0
DA:5,0
DA:9,0
DA:10,0
DA:12,0
DA:13,0
DA:14,0
DA:17,0
DA:18,0
DA:19,0
DA:20,0
DA:21,0
DA:22,0
DA:23,0
DA:25,0
DA:26,0
DA:27,0
DA:30,0
DA:32,0
DA:35,0
DA:36,0
DA:37,0
DA:38,0
DA:40,0
DA:41,0
DA:42,0
DA:44,0
DA:45,0
LF:29
LH:0
BRDA:3,0,0,0
BRDA:3,0,1,0
BRDA:20,1,0,0
BRDA:20,1,1,0
BRDA:21,2,0,0
BRDA:21,2,1,0
BRDA:25,3,0,0
BRDA:25,3,1,0
BRDA:30,4,0,0
BRDA:30,4,1,0
BRDA:36,5,0,0
BRDA:36,5,1,0
BRDA:44,6,0,0
BRDA:44,6,1,0
BRF:14
BRH:0
end_of_record
TN:
SF:AutoBuilderCLI/cli.ts
FN:3,(anonymous_0)
FN:10,parseArgs
FN:34,printUsage
FN:37,resolveScenarioModule
FN:46,toGameStateFromScenarioOutput
FN:50,(anonymous_5)
FN:65,buildHtml
FN:100,main
FNF:8
FNH:0
FNDA:0,(anonymous_0)
FNDA:0,parseArgs
FNDA:0,printUsage
FNDA:0,resolveScenarioModule
FNDA:0,toGameStateFromScenarioOutput
FNDA:0,(anonymous_5)
FNDA:0,buildHtml
FNDA:0,main
DA:3,0
DA:4,0
DA:6,0
DA:7,0
DA:8,0
DA:9,0
DA:11,0
DA:12,0
DA:13,0
DA:14,0
DA:16,0
DA:17,0
DA:18,0
DA:19,0
DA:20,0
DA:21,0
DA:22,0
DA:23,0
DA:25,0
DA:26,0
DA:28,0
DA:29,0
DA:32,0
DA:35,0
DA:39,0
DA:40,0
DA:41,0
DA:42,0
DA:44,0
DA:48,0
DA:50,0
DA:55,0
DA:58,0
DA:66,0
DA:67,0
DA:101,0
DA:102,0
DA:103,0
DA:105,0
DA:106,0
DA:107,0
DA:108,0
DA:110,0
DA:111,0
DA:113,0
DA:114,0
DA:115,0
DA:117,0
DA:118,0
DA:120,0
DA:121,0
DA:122,0
DA:123,0
DA:126,0
DA:127,0
DA:130,0
DA:131,0
LF:57
LH:0
BRDA:3,0,0,0
BRDA:3,0,1,0
BRDA:3,0,2,0
BRDA:4,1,0,0
BRDA:4,1,1,0
BRDA:4,2,0,0
BRDA:4,2,1,0
BRDA:12,3,0,0
BRDA:12,3,1,0
BRDA:12,4,0,0
BRDA:12,4,1,0
BRDA:12,4,2,0
BRDA:12,4,3,0
BRDA:22,5,0,0
BRDA:22,5,1,0
BRDA:23,6,0,0
BRDA:23,6,1,0
BRDA:23,7,0,0
BRDA:23,7,1,0
BRDA:25,8,0,0
BRDA:25,8,1,0
BRDA:28,9,0,0
BRDA:28,9,1,0
BRDA:29,10,0,0
BRDA:29,10,1,0
BRDA:41,11,0,0
BRDA:41,11,1,0
BRDA:48,12,0,0
BRDA:48,12,1,0
BRDA:48,13,0,0
BRDA:48,13,1,0
BRDA:48,13,2,0
BRDA:48,13,3,0
BRDA:85,14,0,0
BRDA:85,14,1,0
BRDA:91,15,0,0
BRDA:91,15,1,0
BRDA:107,16,0,0
BRDA:107,16,1,0
BRDA:110,17,0,0
BRDA:110,17,1,0
BRDA:113,18,0,0
BRDA:113,18,1,0
BRDA:117,19,0,0
BRDA:117,19,1,0
BRDA:130,20,0,0
BRDA:130,20,1,0
BRF:47
BRH:0
end_of_record
TN:
SF:BridgeInspectorPure/Manager.ts
FN:4,(anonymous_0)
FN:13,(anonymous_1)
FN:19,(anonymous_2)
FN:70,(anonymous_3)
FN:120,(anonymous_4)
FN:152,(anonymous_5)
FN:204,(anonymous_6)
FN:207,(anonymous_7)
FN:217,(anonymous_8)
FN:223,(anonymous_9)
FN:225,(anonymous_10)
FN:246,(anonymous_11)
FN:248,(anonymous_12)
FN:266,(anonymous_13)
FN:272,(anonymous_14)
FN:274,(anonymous_15)
FN:300,(anonymous_16)
FN:302,(anonymous_17)
FN:320,(anonymous_18)
FN:348,(anonymous_19)
FN:350,(anonymous_20)
FN:368,(anonymous_21)
FN:373,(anonymous_22)
FN:376,(anonymous_23)
FN:407,(anonymous_24)
FN:417,(anonymous_25)
FN:427,(anonymous_26)
FN:467,(anonymous_27)
FN:468,(anonymous_28)
FN:469,(anonymous_29)
FN:470,(anonymous_30)
FN:471,(anonymous_31)
FN:472,(anonymous_32)
FN:473,(anonymous_33)
FN:474,(anonymous_34)
FN:493,(anonymous_35)
FN:500,(anonymous_36)
FN:501,(anonymous_37)
FN:502,(anonymous_38)
FN:510,(anonymous_39)
FN:517,(anonymous_40)
FN:518,(anonymous_41)
FN:519,(anonymous_42)
FN:527,(anonymous_43)
FN:528,(anonymous_44)
FN:529,(anonymous_45)
FN:536,(anonymous_46)
FN:548,(anonymous_47)
FN:563,(anonymous_48)
FN:572,(anonymous_49)
FN:574,(anonymous_50)
FN:581,(anonymous_51)
FN:592,(anonymous_52)
FN:600,(anonymous_53)
FN:611,(anonymous_54)
FN:617,(anonymous_55)
FN:625,(anonymous_56)
FN:651,(anonymous_57)
FN:661,(anonymous_58)
FN:671,(anonymous_59)
FNF:60
FNH:0
FNDA:0,(anonymous_0)
FNDA:0,(anonymous_1)
FNDA:0,(anonymous_2)
FNDA:0,(anonymous_3)
FNDA:0,(anonymous_4)
FNDA:0,(anonymous_5)
FNDA:0,(anonymous_6)
FNDA:0,(anonymous_7)
FNDA:0,(anonymous_8)
FNDA:0,(anonymous_9)
FNDA:0,(anonymous_10)
FNDA:0,(anonymous_11)
FNDA:0,(anonymous_12)
FNDA:0,(anonymous_13)
FNDA:0,(anonymous_14)
FNDA:0,(anonymous_15)
FNDA:0,(anonymous_16)
FNDA:0,(anonymous_17)
FNDA:0,(anonymous_18)
FNDA:0,(anonymous_19)
FNDA:0,(anonymous_20)
FNDA:0,(anonymous_21)
FNDA:0,(anonymous_22)
FNDA:0,(anonymous_23)
FNDA:0,(anonymous_24)
FNDA:0,(anonymous_25)
FNDA:0,(anonymous_26)
FNDA:0,(anonymous_27)
FNDA:0,(anonymous_28)
FNDA:0,(anonymous_29)
FNDA:0,(anonymous_30)
FNDA:0,(anonymous_31)
FNDA:0,(anonymous_32)
FNDA:0,(anonymous_33)
FNDA:0,(anonymous_34)
FNDA:0,(anonymous_35)
FNDA:0,(anonymous_36)
FNDA:0,(anonymous_37)
FNDA:0,(anonymous_38)
FNDA:0,(anonymous_39)
FNDA:0,(anonymous_40)
FNDA:0,(anonymous_41)
FNDA:0,(anonymous_42)
FNDA:0,(anonymous_43)
FNDA:0,(anonymous_44)
FNDA:0,(anonymous_45)
FNDA:0,(anonymous_46)
FNDA:0,(anonymous_47)
FNDA:0,(anonymous_48)
FNDA:0,(anonymous_49)
FNDA:0,(anonymous_50)
FNDA:0,(anonymous_51)
FNDA:0,(anonymous_52)
FNDA:0,(anonymous_53)
FNDA:0,(anonymous_54)
FNDA:0,(anonymous_55)
FNDA:0,(anonymous_56)
FNDA:0,(anonymous_57)
FNDA:0,(anonymous_58)
FNDA:0,(anonymous_59)
DA:4,0
DA:5,0
DA:7,0
DA:8,0
DA:9,0
DA:10,0
DA:11,0
DA:14,0
DA:20,0
DA:22,0
DA:23,0
DA:24,0
DA:38,0
DA:39,0
DA:53,0
DA:71,0
DA:72,0
DA:73,0
DA:74,0
DA:75,0
DA:76,0
DA:77,0
DA:78,0
DA:80,0
DA:81,0
DA:82,0
DA:83,0
DA:84,0
DA:85,0
DA:88,0
DA:89,0
DA:103,0
DA:121,0
DA:123,0
DA:125,0
DA:126,0
DA:128,0
DA:129,0
DA:131,0
DA:132,0
DA:134,0
DA:137,0
DA:138,0
DA:139,0
DA:142,0
DA:143,0
DA:146,0
DA:153,0
DA:154,0
DA:156,0
DA:157,0
DA:158,0
DA:161,0
DA:162,0
DA:163,0
DA:164,0
DA:167,0
DA:168,0
DA:169,0
DA:170,0
DA:173,0
DA:174,0
DA:175,0
DA:176,0
DA:179,0
DA:180,0
DA:181,0
DA:182,0
DA:185,0
DA:186,0
DA:189,0
DA:190,0
DA:205,0
DA:206,0
DA:207,0
DA:208,0
DA:215,0
DA:218,0
DA:219,0
DA:220,0
DA:221,0
DA:222,0
DA:223,0
DA:224,0
DA:225,0
DA:226,0
DA:227,0
DA:229,0
DA:230,0
DA:235,0
DA:238,0
DA:247,0
DA:248,0
DA:249,0
DA:256,0
DA:257,0
DA:264,0
DA:267,0
DA:268,0
DA:269,0
DA:270,0
DA:271,0
DA:272,0
DA:273,0
DA:274,0
DA:275,0
DA:277,0
DA:278,0
DA:281,0
DA:284,0
DA:286,0
DA:287,0
DA:292,0
DA:301,0
DA:302,0
DA:303,0
DA:310,0
DA:311,0
DA:318,0
DA:321,0
DA:322,0
DA:323,0
DA:324,0
DA:325,0
DA:326,0
DA:327,0
DA:328,0
DA:329,0
DA:330,0
DA:331,0
DA:332,0
DA:333,0
DA:334,0
DA:336,0
DA:337,0
DA:339,0
DA:349,0
DA:350,0
DA:351,0
DA:358,0
DA:359,0
DA:366,0
DA:369,0
DA:370,0
DA:371,0
DA:372,0
DA:373,0
DA:375,0
DA:376,0
DA:377,0
DA:378,0
DA:380,0
DA:381,0
DA:383,0
DA:384,0
DA:389,0
DA:390,0
DA:392,0
DA:393,0
DA:396,0
DA:397,0
DA:398,0
DA:400,0
DA:408,0
DA:409,0
DA:410,0
DA:417,0
DA:418,0
DA:425,0
DA:428,0
DA:430,0
DA:431,0
DA:439,0
DA:440,0
DA:448,0
DA:449,0
DA:457,0
DA:458,0
DA:465,0
DA:468,0
DA:469,0
DA:470,0
DA:471,0
DA:472,0
DA:473,0
DA:474,0
DA:475,0
DA:476,0
DA:477,0
DA:479,0
DA:480,0
DA:482,0
DA:495,0
DA:496,0
DA:499,0
DA:500,0
DA:501,0
DA:502,0
DA:504,0
DA:505,0
DA:506,0
DA:508,0
DA:512,0
DA:513,0
DA:516,0
DA:517,0
DA:518,0
DA:519,0
DA:521,0
DA:522,0
DA:523,0
DA:525,0
DA:528,0
DA:529,0
DA:530,0
DA:531,0
DA:532,0
DA:533,0
DA:534,0
DA:537,0
DA:538,0
DA:539,0
DA:541,0
DA:542,0
DA:545,0
DA:549,0
DA:551,0
DA:552,0
DA:554,0
DA:555,0
DA:556,0
DA:559,0
DA:562,0
DA:563,0
DA:564,0
DA:565,0
DA:567,0
DA:568,0
DA:572,0
DA:575,0
DA:576,0
DA:577,0
DA:578,0
DA:579,0
DA:580,0
DA:581,0
DA:582,0
DA:583,0
DA:584,0
DA:585,0
DA:586,0
DA:587,0
DA:588,0
DA:589,0
DA:590,0
DA:591,0
DA:592,0
DA:593,0
DA:594,0
DA:596,0
DA:598,0
DA:599,0
DA:600,0
DA:601,0
DA:602,0
DA:603,0
DA:606,0
DA:608,0
DA:609,0
DA:610,0
DA:611,0
DA:612,0
DA:614,0
DA:615,0
DA:616,0
DA:617,0
DA:618,0
DA:620,0
DA:623,0
DA:626,0
DA:627,0
DA:628,0
DA:629,0
DA:630,0
DA:631,0
DA:632,0
DA:633,0
DA:634,0
DA:635,0
DA:636,0
DA:637,0
DA:638,0
DA:639,0
DA:640,0
DA:641,0
DA:642,0
DA:643,0
DA:644,0
DA:645,0
DA:646,0
DA:647,0
DA:648,0
DA:649,0
DA:650,0
DA:651,0
DA:652,0
DA:653,0
DA:654,0
DA:655,0
DA:656,0
DA:657,0
DA:658,0
DA:659,0
DA:660,0
DA:661,0
DA:662,0
DA:663,0
DA:664,0
DA:665,0
DA:666,0
DA:669,0
DA:670,0
DA:671,0
DA:672,0
DA:673,0
DA:674,0
DA:675,0
DA:677,0
DA:680,0
DA:682,0
DA:683,0
DA:684,0
DA:687,0
LF:333
LH:0
BRDA:4,0,0,0
BRDA:4,0,1,0
BRDA:4,0,2,0
BRDA:5,1,0,0
BRDA:5,1,1,0
BRDA:5,2,0,0
BRDA:5,2,1,0
BRDA:23,3,0,0
BRDA:23,3,1,0
BRDA:63,4,0,0
BRDA:63,4,1,0
BRDA:77,5,0,0
BRDA:77,5,1,0
BRDA:113,6,0,0
BRDA:113,6,1,0
BRDA:123,7,0,0
BRDA:123,7,1,0
BRDA:123,7,2,0
BRDA:123,7,3,0
BRDA:138,8,0,0
BRDA:138,8,1,0
BRDA:148,9,0,0
BRDA:148,9,1,0
BRDA:156,10,0,0
BRDA:156,10,1,0
BRDA:162,11,0,0
BRDA:162,11,1,0
BRDA:168,12,0,0
BRDA:168,12,1,0
BRDA:174,13,0,0
BRDA:174,13,1,0
BRDA:180,14,0,0
BRDA:180,14,1,0
BRDA:185,15,0,0
BRDA:185,15,1,0
BRDA:193,16,0,0
BRDA:193,16,1,0
BRDA:194,17,0,0
BRDA:194,17,1,0
BRDA:224,18,0,0
BRDA:224,18,1,0
BRDA:226,19,0,0
BRDA:226,19,1,0
BRDA:229,20,0,0
BRDA:229,20,1,0
BRDA:229,21,0,0
BRDA:229,21,1,0
BRDA:229,21,2,0
BRDA:256,22,0,0
BRDA:256,22,1,0
BRDA:273,23,0,0
BRDA:273,23,1,0
BRDA:277,24,0,0
BRDA:277,24,1,0
BRDA:278,25,0,0
BRDA:278,25,1,0
BRDA:284,26,0,0
BRDA:284,26,1,0
BRDA:286,27,0,0
BRDA:286,27,1,0
BRDA:310,28,0,0
BRDA:310,28,1,0
BRDA:327,29,0,0
BRDA:327,29,1,0
BRDA:329,30,0,0
BRDA:329,30,1,0
BRDA:331,31,0,0
BRDA:331,31,1,0
BRDA:333,32,0,0
BRDA:333,32,1,0
BRDA:336,33,0,0
BRDA:336,33,1,0
BRDA:336,34,0,0
BRDA:336,34,1,0
BRDA:358,35,0,0
BRDA:358,35,1,0
BRDA:375,36,0,0
BRDA:375,36,1,0
BRDA:377,37,0,0
BRDA:377,37,1,0
BRDA:380,38,0,0
BRDA:380,38,1,0
BRDA:383,39,0,0
BRDA:383,39,1,0
BRDA:389,40,0,0
BRDA:389,40,1,0
BRDA:389,41,0,0
BRDA:389,41,1,0
BRDA:392,42,0,0
BRDA:392,42,1,0
BRDA:392,43,0,0
BRDA:392,43,1,0
BRDA:392,43,2,0
BRDA:396,44,0,0
BRDA:396,44,1,0
BRDA:409,45,0,0
BRDA:409,45,1,0
BRDA:430,46,0,0
BRDA:430,46,1,0
BRDA:430,47,0,0
BRDA:430,47,1,0
BRDA:439,48,0,0
BRDA:439,48,1,0
BRDA:448,49,0,0
BRDA:448,49,1,0
BRDA:457,50,0,0
BRDA:457,50,1,0
BRDA:470,51,0,0
BRDA:470,51,1,0
BRDA:471,52,0,0
BRDA:471,52,1,0
BRDA:472,53,0,0
BRDA:472,53,1,0
BRDA:473,54,0,0
BRDA:473,54,1,0
BRDA:474,55,0,0
BRDA:474,55,1,0
BRDA:476,56,0,0
BRDA:476,56,1,0
BRDA:479,57,0,0
BRDA:479,57,1,0
BRDA:479,58,0,0
BRDA:479,58,1,0
BRDA:495,59,0,0
BRDA:495,59,1,0
BRDA:499,60,0,0
BRDA:499,60,1,0
BRDA:502,61,0,0
BRDA:502,61,1,0
BRDA:505,62,0,0
BRDA:505,62,1,0
BRDA:512,63,0,0
BRDA:512,63,1,0
BRDA:516,64,0,0
BRDA:516,64,1,0
BRDA:519,65,0,0
BRDA:519,65,1,0
BRDA:522,66,0,0
BRDA:522,66,1,0
BRDA:530,67,0,0
BRDA:530,67,1,0
BRDA:532,68,0,0
BRDA:532,68,1,0
BRDA:538,69,0,0
BRDA:538,69,1,0
BRDA:551,70,0,0
BRDA:551,70,1,0
BRDA:554,71,0,0
BRDA:554,71,1,0
BRDA:555,72,0,0
BRDA:555,72,1,0
BRDA:562,73,0,0
BRDA:562,73,1,0
BRDA:564,74,0,0
BRDA:564,74,1,0
BRDA:567,75,0,0
BRDA:567,75,1,0
BRDA:572,76,0,0
BRDA:572,76,1,0
BRDA:590,77,0,0
BRDA:590,77,1,0
BRDA:593,78,0,0
BRDA:593,78,1,0
BRDA:593,79,0,0
BRDA:593,79,1,0
BRDA:598,80,0,0
BRDA:598,80,1,0
BRDA:602,81,0,0
BRDA:602,81,1,0
BRDA:608,82,0,0
BRDA:608,82,1,0
BRDA:659,83,0,0
BRDA:659,83,1,0
BRDA:663,84,0,0
BRDA:663,84,1,0
BRDA:663,85,0,0
BRDA:663,85,1,0
BRDA:669,86,0,0
BRDA:669,86,1,0
BRDA:674,87,0,0
BRDA:674,87,1,0
BRF:181
BRH:0
end_of_record
TN:
SF:BridgeInspectorPure/cliHarness.ts
FN:3,(anonymous_0)
FN:20,printUsage
FN:54,parseArgs
FN:94,(anonymous_3)
FN:96,updateConfig
FN:125,inspect
FN:152,inspectGolden
FN:171,exportInspection
FN:238,outputResult
FN:241,(anonymous_9)
FN:255,(anonymous_10)
FN:265,(anonymous_11)
FN:272,(anonymous_12)
FN:285,(anonymous_13)
FN:290,(anonymous_14)
FN:294,(anonymous_15)
FN:303,main
FNF:17
FNH:0
FNDA:0,(anonymous_0)
FNDA:0,printUsage
FNDA:0,parseArgs
FNDA:0,(anonymous_3)
FNDA:0,updateConfig
FNDA:0,inspect
FNDA:0,inspectGolden
FNDA:0,exportInspection
FNDA:0,outputResult
FNDA:0,(anonymous_9)
FNDA:0,(anonymous_10)
FNDA:0,(anonymous_11)
FNDA:0,(anonymous_12)
FNDA:0,(anonymous_13)
FNDA:0,(anonymous_14)
FNDA:0,(anonymous_15)
FNDA:0,main
DA:3,0
DA:4,0
DA:6,0
DA:7,0
DA:8,0
DA:9,0
DA:21,0
DA:55,0
DA:56,0
DA:57,0
DA:58,0
DA:60,0
DA:61,0
DA:62,0
DA:63,0
DA:65,0
DA:66,0
DA:68,0
DA:69,0
DA:71,0
DA:72,0
DA:74,0
DA:75,0
DA:77,0
DA:78,0
DA:80,0
DA:81,0
DA:83,0
DA:84,0
DA:86,0
DA:87,0
DA:89,0
DA:91,0
DA:94,0
DA:97,0
DA:98,0
DA:100,0
DA:101,0
DA:103,0
DA:104,0
DA:106,0
DA:107,0
DA:109,0
DA:110,0
DA:112,0
DA:113,0
DA:115,0
DA:116,0
DA:118,0
DA:119,0
DA:121,0
DA:122,0
DA:126,0
DA:127,0
DA:128,0
DA:129,0
DA:131,0
DA:132,0
DA:133,0
DA:134,0
DA:135,0
DA:136,0
DA:137,0
DA:138,0
DA:139,0
DA:140,0
DA:141,0
DA:142,0
DA:143,0
DA:144,0
DA:145,0
DA:148,0
DA:149,0
DA:153,0
DA:154,0
DA:155,0
DA:156,0
DA:158,0
DA:159,0
DA:160,0
DA:161,0
DA:162,0
DA:163,0
DA:164,0
DA:165,0
DA:166,0
DA:167,0
DA:168,0
DA:169,0
DA:172,0
DA:173,0
DA:174,0
DA:175,0
DA:177,0
DA:178,0
DA:179,0
DA:180,0
DA:181,0
DA:182,0
DA:183,0
DA:186,0
DA:222,0
DA:223,0
DA:224,0
DA:225,0
DA:226,0
DA:229,0
DA:230,0
DA:234,0
DA:235,0
DA:239,0
DA:240,0
DA:241,0
DA:242,0
DA:244,0
DA:246,0
DA:247,0
DA:248,0
DA:249,0
DA:250,0
DA:251,0
DA:252,0
DA:254,0
DA:255,0
DA:256,0
DA:258,0
DA:259,0
DA:260,0
DA:261,0
DA:262,0
DA:263,0
DA:264,0
DA:265,0
DA:266,0
DA:267,0
DA:270,0
DA:271,0
DA:272,0
DA:273,0
DA:274,0
DA:275,0
DA:279,0
DA:282,0
DA:283,0
DA:284,0
DA:285,0
DA:286,0
DA:287,0
DA:289,0
DA:290,0
DA:291,0
DA:293,0
DA:294,0
DA:295,0
DA:298,0
DA:299,0
DA:300,0
DA:304,0
DA:305,0
DA:306,0
DA:307,0
DA:309,0
DA:311,0
DA:312,0
DA:314,0
DA:315,0
DA:317,0
DA:318,0
DA:320,0
DA:321,0
DA:322,0
DA:325,0
DA:326,0
LF:173
LH:0
BRDA:3,0,0,0
BRDA:3,0,1,0
BRDA:3,0,2,0
BRDA:4,1,0,0
BRDA:4,1,1,0
BRDA:4,2,0,0
BRDA:4,2,1,0
BRDA:62,3,0,0
BRDA:62,3,1,0
BRDA:65,4,0,0
BRDA:65,4,1,0
BRDA:68,5,0,0
BRDA:68,5,1,0
BRDA:71,6,0,0
BRDA:71,6,1,0
BRDA:74,7,0,0
BRDA:74,7,1,0
BRDA:77,8,0,0
BRDA:77,8,1,0
BRDA:80,9,0,0
BRDA:80,9,1,0
BRDA:83,10,0,0
BRDA:83,10,1,0
BRDA:86,11,0,0
BRDA:86,11,1,0
BRDA:89,12,0,0
BRDA:89,12,1,0
BRDA:97,13,0,0
BRDA:97,13,1,0
BRDA:100,14,0,0
BRDA:100,14,1,0
BRDA:103,15,0,0
BRDA:103,15,1,0
BRDA:106,16,0,0
BRDA:106,16,1,0
BRDA:109,17,0,0
BRDA:109,17,1,0
BRDA:112,18,0,0
BRDA:112,18,1,0
BRDA:115,19,0,0
BRDA:115,19,1,0
BRDA:118,20,0,0
BRDA:118,20,1,0
BRDA:121,21,0,0
BRDA:121,21,1,0
BRDA:126,22,0,0
BRDA:126,22,1,0
BRDA:134,23,0,0
BRDA:134,23,1,0
BRDA:135,24,0,0
BRDA:135,24,1,0
BRDA:136,25,0,0
BRDA:136,25,1,0
BRDA:137,26,0,0
BRDA:137,26,1,0
BRDA:138,27,0,0
BRDA:138,27,1,0
BRDA:148,28,0,0
BRDA:148,28,1,0
BRDA:153,29,0,0
BRDA:153,29,1,0
BRDA:161,30,0,0
BRDA:161,30,1,0
BRDA:162,31,0,0
BRDA:162,31,1,0
BRDA:163,32,0,0
BRDA:163,32,1,0
BRDA:164,33,0,0
BRDA:164,33,1,0
BRDA:165,34,0,0
BRDA:165,34,1,0
BRDA:172,35,0,0
BRDA:172,35,1,0
BRDA:223,36,0,0
BRDA:223,36,1,0
BRDA:225,37,0,0
BRDA:225,37,1,0
BRDA:239,38,0,0
BRDA:239,38,1,0
BRDA:256,39,0,0
BRDA:256,39,1,0
BRDA:257,40,0,0
BRDA:257,40,1,0
BRDA:263,41,0,0
BRDA:263,41,1,0
BRDA:266,42,0,0
BRDA:266,42,1,0
BRDA:266,43,0,0
BRDA:266,43,1,0
BRDA:270,44,0,0
BRDA:270,44,1,0
BRDA:274,45,0,0
BRDA:274,45,1,0
BRDA:286,46,0,0
BRDA:286,46,1,0
BRDA:287,47,0,0
BRDA:287,47,1,0
BRDA:298,48,0,0
BRDA:298,48,1,0
BRDA:305,49,0,0
BRDA:305,49,1,0
BRDA:305,50,0,0
BRDA:305,50,1,0
BRDA:305,50,2,0
BRDA:305,50,3,0
BRDA:309,51,0,0
BRDA:309,51,1,0
BRDA:309,51,2,0
BRDA:309,51,3,0
BRDA:325,52,0,0
BRDA:325,52,1,0
BRF:111
BRH:0
end_of_record
TN:
SF:BridgeSchemaPure/schema.ts
FN:8,(anonymous_0)
FN:57,(anonymous_1)
FN:59,(anonymous_2)
FN:69,(anonymous_3)
FN:84,(anonymous_4)
FN:102,(anonymous_5)
FN:104,(anonymous_6)
FN:113,(anonymous_7)
FN:131,(anonymous_8)
FN:132,(anonymous_9)
FN:140,(anonymous_10)
FN:157,(anonymous_11)
FN:158,(anonymous_12)
FN:166,(anonymous_13)
FN:184,(anonymous_14)
FN:185,(anonymous_15)
FN:193,(anonymous_16)
FN:206,(anonymous_17)
FN:219,(anonymous_18)
FN:232,(anonymous_19)
FN:244,(anonymous_20)
FN:245,(anonymous_21)
FN:245,(anonymous_22)
FN:252,(anonymous_23)
FN:263,(anonymous_24)
FN:264,(anonymous_25)
FN:264,(anonymous_26)
FN:271,(anonymous_27)
FN:281,(anonymous_28)
FN:282,(anonymous_29)
FN:282,(anonymous_30)
FN:289,(anonymous_31)
FN:299,(anonymous_32)
FN:309,(anonymous_33)
FNF:34
FNH:0
FNDA:0,(anonymous_0)
FNDA:0,(anonymous_1)
FNDA:0,(anonymous_2)
FNDA:0,(anonymous_3)
FNDA:0,(anonymous_4)
FNDA:0,(anonymous_5)
FNDA:0,(anonymous_6)
FNDA:0,(anonymous_7)
FNDA:0,(anonymous_8)
FNDA:0,(anonymous_9)
FNDA:0,(anonymous_10)
FNDA:0,(anonymous_11)
FNDA:0,(anonymous_12)
FNDA:0,(anonymous_13)
FNDA:0,(anonymous_14)
FNDA:0,(anonymous_15)
FNDA:0,(anonymous_16)
FNDA:0,(anonymous_17)
FNDA:0,(anonymous_18)
FNDA:0,(anonymous_19)
FNDA:0,(anonymous_20)
FNDA:0,(anonymous_21)
FNDA:0,(anonymous_22)
FNDA:0,(anonymous_23)
FNDA:0,(anonymous_24)
FNDA:0,(anonymous_25)
FNDA:0,(anonymous_26)
FNDA:0,(anonymous_27)
FNDA:0,(anonymous_28)
FNDA:0,(anonymous_29)
FNDA:0,(anonymous_30)
FNDA:0,(anonymous_31)
FNDA:0,(anonymous_32)
FNDA:0,(anonymous_33)
DA:4,0
DA:5,0
DA:9,0
DA:11,0
DA:12,0
DA:14,0
DA:15,0
DA:18,0
DA:19,0
DA:22,0
DA:23,0
DA:24,0
DA:25,0
DA:26,0
DA:27,0
DA:28,0
DA:29,0
DA:30,0
DA:32,0
DA:33,0
DA:37,0
DA:38,0
DA:39,0
DA:41,0
DA:42,0
DA:46,0
DA:47,0
DA:48,0
DA:52,0
DA:53,0
DA:54,0
DA:57,0
DA:58,0
DA:59,0
DA:64,0
DA:65,0
DA:66,0
DA:69,0
DA:70,0
DA:71,0
DA:73,0
DA:74,0
DA:76,0
DA:77,0
DA:82,0
DA:85,0
DA:87,0
DA:88,0
DA:90,0
DA:91,0
DA:93,0
DA:94,0
DA:97,0
DA:98,0
DA:101,0
DA:102,0
DA:103,0
DA:104,0
DA:108,0
DA:109,0
DA:111,0
DA:114,0
DA:131,0
DA:132,0
DA:141,0
DA:157,0
DA:158,0
DA:167,0
DA:184,0
DA:185,0
DA:194,0
DA:195,0
DA:196,0
DA:197,0
DA:198,0
DA:199,0
DA:200,0
DA:201,0
DA:202,0
DA:203,0
DA:204,0
DA:207,0
DA:208,0
DA:209,0
DA:210,0
DA:211,0
DA:212,0
DA:213,0
DA:214,0
DA:215,0
DA:216,0
DA:217,0
DA:220,0
DA:221,0
DA:222,0
DA:223,0
DA:224,0
DA:225,0
DA:226,0
DA:227,0
DA:228,0
DA:229,0
DA:230,0
DA:233,0
DA:244,0
DA:245,0
DA:253,0
DA:263,0
DA:264,0
DA:272,0
DA:281,0
DA:282,0
DA:290,0
DA:291,0
DA:292,0
DA:293,0
DA:294,0
DA:295,0
DA:296,0
DA:300,0
DA:301,0
DA:302,0
DA:303,0
DA:304,0
DA:305,0
DA:306,0
DA:310,0
DA:311,0
DA:312,0
DA:313,0
DA:314,0
DA:315,0
DA:316,0
DA:320,0
LF:134
LH:0
BRDA:11,0,0,0
BRDA:11,0,1,0
BRDA:14,1,0,0
BRDA:14,1,1,0
BRDA:18,2,0,0
BRDA:18,2,1,0
BRDA:18,3,0,0
BRDA:18,3,1,0
BRDA:22,4,0,0
BRDA:22,4,1,0
BRDA:25,5,0,0
BRDA:25,5,1,0
BRDA:25,6,0,0
BRDA:25,6,1,0
BRDA:27,7,0,0
BRDA:27,7,1,0
BRDA:29,8,0,0
BRDA:29,8,1,0
BRDA:32,9,0,0
BRDA:32,9,1,0
BRDA:32,10,0,0
BRDA:32,10,1,0
BRDA:37,11,0,0
BRDA:37,11,1,0
BRDA:38,12,0,0
BRDA:38,12,1,0
BRDA:38,13,0,0
BRDA:38,13,1,0
BRDA:41,14,0,0
BRDA:41,14,1,0
BRDA:41,15,0,0
BRDA:41,15,1,0
BRDA:46,16,0,0
BRDA:46,16,1,0
BRDA:47,17,0,0
BRDA:47,17,1,0
BRDA:47,18,0,0
BRDA:47,18,1,0
BRDA:47,18,2,0
BRDA:52,19,0,0
BRDA:52,19,1,0
BRDA:53,20,0,0
BRDA:53,20,1,0
BRDA:64,21,0,0
BRDA:64,21,1,0
BRDA:65,22,0,0
BRDA:65,22,1,0
BRDA:70,23,0,0
BRDA:70,23,1,0
BRDA:73,24,0,0
BRDA:73,24,1,0
BRDA:73,25,0,0
BRDA:73,25,1,0
BRDA:76,26,0,0
BRDA:76,26,1,0
BRDA:76,27,0,0
BRDA:76,27,1,0
BRDA:87,28,0,0
BRDA:87,28,1,0
BRDA:90,29,0,0
BRDA:90,29,1,0
BRDA:93,30,0,0
BRDA:93,30,1,0
BRDA:97,31,0,0
BRDA:97,31,1,0
BRDA:97,32,0,0
BRDA:97,32,1,0
BRDA:101,33,0,0
BRDA:101,33,1,0
BRDA:108,34,0,0
BRDA:108,34,1,0
BRDA:108,35,0,0
BRDA:108,35,1,0
BRDA:115,36,0,0
BRDA:115,36,1,0
BRDA:146,37,0,0
BRDA:146,37,1,0
BRDA:146,38,0,0
BRDA:146,38,1,0
BRDA:147,39,0,0
BRDA:147,39,1,0
BRDA:173,40,0,0
BRDA:173,40,1,0
BRDA:174,41,0,0
BRDA:174,41,1,0
BRDA:194,42,0,0
BRDA:194,42,1,0
BRDA:196,43,0,0
BRDA:196,43,1,0
BRDA:198,44,0,0
BRDA:198,44,1,0
BRDA:200,45,0,0
BRDA:200,45,1,0
BRDA:202,46,0,0
BRDA:202,46,1,0
BRDA:207,47,0,0
BRDA:207,47,1,0
BRDA:209,48,0,0
BRDA:209,48,1,0
BRDA:211,49,0,0
BRDA:211,49,1,0
BRDA:213,50,0,0
BRDA:213,50,1,0
BRDA:215,51,0,0
BRDA:215,51,1,0
BRDA:215,52,0,0
BRDA:215,52,1,0
BRDA:220,53,0,0
BRDA:220,53,1,0
BRDA:222,54,0,0
BRDA:222,54,1,0
BRDA:224,55,0,0
BRDA:224,55,1,0
BRDA:226,56,0,0
BRDA:226,56,1,0
BRDA:228,57,0,0
BRDA:228,57,1,0
BRDA:228,58,0,0
BRDA:228,58,1,0
BRDA:235,59,0,0
BRDA:235,59,1,0
BRDA:290,60,0,0
BRDA:290,60,1,0
BRDA:290,60,2,0
BRDA:290,60,3,0
BRDA:290,60,4,0
BRDA:290,60,5,0
BRDA:300,61,0,0
BRDA:300,61,1,0
BRDA:300,61,2,0
BRDA:300,61,3,0
BRDA:300,61,4,0
BRDA:300,61,5,0
BRDA:310,62,0,0
BRDA:310,62,1,0
BRDA:310,62,2,0
BRDA:310,62,3,0
BRDA:310,62,4,0
BRDA:310,62,5,0
BRF:139
BRH:0
end_of_record
TN:
SF:CollisionSystemPure/Manager.ts
FN:5,(anonymous_0)
FN:8,(anonymous_1)
FN:13,(anonymous_2)
FN:14,(anonymous_3)
FN:15,(anonymous_4)
FN:16,(anonymous_5)
FN:35,(anonymous_6)
FN:59,(anonymous_7)
FN:66,(anonymous_8)
FN:67,(anonymous_9)
FN:68,(anonymous_10)
FNF:11
FNH:0
FNDA:0,(anonymous_0)
FNDA:0,(anonymous_1)
FNDA:0,(anonymous_2)
FNDA:0,(anonymous_3)
FNDA:0,(anonymous_4)
FNDA:0,(anonymous_5)
FNDA:0,(anonymous_6)
FNDA:0,(anonymous_7)
FNDA:0,(anonymous_8)
FNDA:0,(anonymous_9)
FNDA:0,(anonymous_10)
DA:2,0
DA:3,0
DA:6,0
DA:9,0
DA:10,0
DA:11,0
DA:13,0
DA:14,0
DA:15,0
DA:17,0
DA:18,0
DA:19,0
DA:20,0
DA:21,0
DA:22,0
DA:23,0
DA:24,0
DA:25,0
DA:26,0
DA:27,0
DA:29,0
DA:33,0
DA:36,0
DA:37,0
DA:39,0
DA:40,0
DA:41,0
DA:42,0
DA:43,0
DA:45,0
DA:46,0
DA:47,0
DA:51,0
DA:52,0
DA:53,0
DA:55,0
DA:57,0
DA:60,0
DA:61,0
DA:62,0
DA:63,0
DA:64,0
DA:66,0
DA:67,0
DA:68,0
DA:70,0
LF:46
LH:0
BRDA:15,0,0,0
BRDA:15,0,1,0
BRDA:25,1,0,0
BRDA:25,1,1,0
BRDA:26,2,0,0
BRDA:26,2,1,0
BRDA:26,3,0,0
BRDA:26,3,1,0
BRDA:43,4,0,0
BRDA:43,4,1,0
BRDA:45,5,0,0
BRDA:45,5,1,0
BRDA:51,6,0,0
BRDA:51,6,1,0
BRDA:62,7,0,0
BRDA:62,7,1,0
BRDA:62,8,0,0
BRDA:62,8,1,0
BRF:18
BRH:0
end_of_record
TN:
SF:CollisionSystemPure/cliHarness.ts
FN:3,(anonymous_0)
FN:10,main
FNF:2
FNH:0
FNDA:0,(anonymous_0)
FNDA:0,main
DA:3,0
DA:4,0
DA:6,0
DA:7,0
DA:8,0
DA:9,0
DA:11,0
DA:12,0
DA:13,0
DA:14,0
DA:15,0
DA:16,0
DA:18,0
DA:19,0
DA:20,0
DA:21,0
DA:22,0
DA:23,0
DA:24,0
DA:25,0
DA:27,0
DA:28,0
DA:29,0
DA:30,0
DA:31,0
DA:32,0
DA:34,0
DA:36,0
DA:37,0
LF:29
LH:0
BRDA:3,0,0,0
BRDA:3,0,1,0
BRDA:3,0,2,0
BRDA:4,1,0,0
BRDA:4,1,1,0
BRDA:4,2,0,0
BRDA:4,2,1,0
BRDA:11,3,0,0
BRDA:11,3,1,0
BRDA:12,4,0,0
BRDA:12,4,1,0
BRDA:14,5,0,0
BRDA:14,5,1,0
BRDA:18,6,0,0
BRDA:18,6,1,0
BRDA:21,7,0,0
BRDA:21,7,1,0
BRDA:23,8,0,0
BRDA:23,8,1,0
BRDA:27,9,0,0
BRDA:27,9,1,0
BRDA:29,10,0,0
BRDA:29,10,1,0
BRDA:31,11,0,0
BRDA:31,11,1,0
BRDA:36,12,0,0
BRDA:36,12,1,0
BRF:27
BRH:0
end_of_record
TN:
SF:CombatCorePure/CombatManager.ts
FN:5,(anonymous_0)
FN:8,(anonymous_1)
FN:9,(anonymous_2)
FN:14,(anonymous_3)
FN:15,(anonymous_4)
FN:30,(anonymous_5)
FNF:6
FNH:0
FNDA:0,(anonymous_0)
FNDA:0,(anonymous_1)
FNDA:0,(anonymous_2)
FNDA:0,(anonymous_3)
FNDA:0,(anonymous_4)
FNDA:0,(anonymous_5)
DA:2,0
DA:3,0
DA:6,0
DA:8,0
DA:10,0
DA:11,0
DA:12,0
DA:14,0
DA:16,0
DA:17,0
DA:18,0
DA:19,0
DA:20,0
DA:21,0
DA:22,0
DA:31,0
DA:32,0
DA:33,0
DA:34,0
DA:36,0
DA:39,0
LF:21
LH:0
BRDA:19,0,0,0
BRDA:19,0,1,0
BRDA:32,1,0,0
BRDA:32,1,1,0
BRF:4
BRH:0
end_of_record
TN:
SF:CombatCorePure/Manager.ts
FN:5,(anonymous_0)
FNF:1
FNH:0
FNDA:0,(anonymous_0)
DA:2,0
DA:3,0
DA:4,0
DA:5,0
LF:4
LH:0
BRF:0
BRH:0
end_of_record
TN:
SF:CombatCorePure/cliHarness.ts
FN:3,(anonymous_0)
FN:10,main
FNF:2
FNH:0
FNDA:0,(anonymous_0)
FNDA:0,main
DA:3,0
DA:4,0
DA:6,0
DA:7,0
DA:8,0
DA:9,0
DA:11,0
DA:12,0
DA:13,0
DA:14,0
DA:15,0
DA:16,0
DA:17,0
DA:19,0
DA:20,0
DA:21,0
DA:22,0
DA:23,0
DA:24,0
DA:25,0
DA:26,0
DA:27,0
DA:28,0
DA:29,0
DA:30,0
DA:33,0
DA:35,0
DA:36,0
LF:28
LH:0
BRDA:3,0,0,0
BRDA:3,0,1,0
BRDA:3,0,2,0
BRDA:4,1,0,0
BRDA:4,1,1,0
BRDA:4,2,0,0
BRDA:4,2,1,0
BRDA:11,3,0,0
BRDA:11,3,1,0
BRDA:12,4,0,0
BRDA:12,4,1,0
BRDA:14,5,0,0
BRDA:14,5,1,0
BRDA:19,6,0,0
BRDA:19,6,1,0
BRDA:22,7,0,0
BRDA:22,7,1,0
BRDA:24,8,0,0
BRDA:24,8,1,0
BRDA:26,9,0,0
BRDA:26,9,1,0
BRDA:28,10,0,0
BRDA:28,10,1,0
BRDA:30,11,0,0
BRDA:30,11,1,0
BRDA:35,12,0,0
BRDA:35,12,1,0
BRF:27
BRH:0
end_of_record
TN:
SF:CombatPure/cliHarness.ts
FN:3,(anonymous_0)
FN:9,run
FN:33,main
FNF:3
FNH:0
FNDA:0,(anonymous_0)
FNDA:0,run
FNDA:0,main
DA:3,0
DA:4,0
DA:6,0
DA:7,0
DA:8,0
DA:10,0
DA:11,0
DA:12,0
DA:13,0
DA:14,0
DA:15,0
DA:16,0
DA:18,0
DA:19,0
DA:20,0
DA:21,0
DA:23,0
DA:24,0
DA:25,0
DA:27,0
DA:31,0
DA:33,0
DA:34,0
DA:35,0
DA:36,0
DA:37,0
DA:38,0
LF:27
LH:0
BRDA:3,0,0,0
BRDA:3,0,1,0
BRDA:3,0,2,0
BRDA:4,1,0,0
BRDA:4,1,1,0
BRDA:4,2,0,0
BRDA:4,2,1,0
BRDA:13,3,0,0
BRDA:13,3,1,0
BRDA:18,4,0,0
BRDA:18,4,1,0
BRDA:23,5,0,0
BRDA:23,5,1,0
BRDA:27,6,0,0
BRDA:27,6,1,0
BRDA:33,7,0,0
BRDA:33,7,1,0
BRDA:37,8,0,0
BRDA:37,8,1,0
BRF:19
BRH:0
end_of_record
TN:
SF:CombatPure/engine.ts
FN:5,(anonymous_0)
FN:6,(anonymous_1)
FN:7,(anonymous_2)
FN:7,(anonymous_3)
FN:7,(anonymous_4)
FN:8,(anonymous_5)
FN:9,(anonymous_6)
FN:13,(anonymous_7)
FN:32,(anonymous_8)
FN:34,(anonymous_9)
FN:45,(anonymous_10)
FN:55,(anonymous_11)
FNF:12
FNH:0
FNDA:0,(anonymous_0)
FNDA:0,(anonymous_1)
FNDA:0,(anonymous_2)
FNDA:0,(anonymous_3)
FNDA:0,(anonymous_4)
FNDA:0,(anonymous_5)
FNDA:0,(anonymous_6)
FNDA:0,(anonymous_7)
FNDA:0,(anonymous_8)
FNDA:0,(anonymous_9)
FNDA:0,(anonymous_10)
FNDA:0,(anonymous_11)
DA:2,0
DA:3,0
DA:5,0
DA:6,0
DA:7,0
DA:8,0
DA:9,0
DA:10,0
DA:11,0
DA:12,0
DA:14,0
DA:15,0
DA:16,0
DA:17,0
DA:19,0
DA:20,0
DA:22,0
DA:23,0
DA:25,0
DA:26,0
DA:28,0
DA:29,0
DA:32,0
DA:33,0
DA:35,0
DA:36,0
DA:37,0
DA:39,0
DA:40,0
DA:42,0
DA:43,0
DA:46,0
DA:47,0
DA:48,0
DA:49,0
DA:50,0
DA:51,0
DA:52,0
DA:53,0
DA:55,0
DA:56,0
DA:57,0
DA:58,0
DA:62,0
LF:44
LH:0
BRDA:9,0,0,0
BRDA:9,0,1,0
BRDA:10,1,0,0
BRDA:10,1,1,0
BRDA:15,2,0,0
BRDA:15,2,1,0
BRDA:15,3,0,0
BRDA:15,3,1,0
BRDA:17,4,0,0
BRDA:17,4,1,0
BRDA:17,4,2,0
BRDA:17,4,3,0
BRDA:22,5,0,0
BRDA:22,5,1,0
BRDA:28,6,0,0
BRDA:28,6,1,0
BRDA:32,7,0,0
BRDA:32,7,1,0
BRDA:32,8,0,0
BRDA:32,8,1,0
BRDA:33,9,0,0
BRDA:33,9,1,0
BRDA:33,10,0,0
BRDA:33,10,1,0
BRDA:35,11,0,0
BRDA:35,11,1,0
BRDA:36,12,0,0
BRDA:36,12,1,0
BRDA:36,13,0,0
BRDA:36,13,1,0
BRDA:39,14,0,0
BRDA:39,14,1,0
BRDA:42,15,0,0
BRDA:42,15,1,0
BRDA:48,16,0,0
BRDA:48,16,1,0
BRDA:49,17,0,0
BRDA:49,17,1,0
BRDA:51,18,0,0
BRDA:51,18,1,0
BRDA:56,19,0,0
BRDA:56,19,1,0
BRDA:58,20,0,0
BRDA:58,20,1,0
BRF:44
BRH:0
end_of_record
TN:
SF:CombatScenarioPure/cliHarness.ts
FN:3,(anonymous_0)
FN:9,runScenario
FN:21,main
FNF:3
FNH:0
FNDA:0,(anonymous_0)
FNDA:0,runScenario
FNDA:0,main
DA:3,0
DA:4,0
DA:6,0
DA:7,0
DA:8,0
DA:10,0
DA:11,0
DA:12,0
DA:13,0
DA:14,0
DA:15,0
DA:16,0
DA:18,0
DA:19,0
DA:22,0
DA:23,0
DA:24,0
DA:25,0
DA:26,0
DA:27,0
DA:29,0
DA:30,0
DA:32,0
DA:33,0
LF:24
LH:0
BRDA:3,0,0,0
BRDA:3,0,1,0
BRDA:3,0,2,0
BRDA:4,1,0,0
BRDA:4,1,1,0
BRDA:4,2,0,0
BRDA:4,2,1,0
BRDA:22,3,0,0
BRDA:22,3,1,0
BRDA:23,4,0,0
BRDA:23,4,1,0
BRDA:25,5,0,0
BRDA:25,5,1,0
BRDA:32,6,0,0
BRDA:32,6,1,0
BRF:15
BRH:0
end_of_record
TN:
SF:ConvertToGodotPure/Manager.ts
FN:7,(anonymous_0)
FN:9,(anonymous_1)
FNF:2
FNH:0
FNDA:0,(anonymous_0)
FNDA:0,(anonymous_1)
DA:2,0
DA:3,0
DA:5,0
DA:8,0
DA:9,0
DA:10,0
DA:19,0
LF:7
LH:0
BRDA:9,0,0,0
BRDA:9,0,1,0
BRDA:12,1,0,0
BRDA:12,1,1,0
BRF:4
BRH:0
end_of_record
TN:
SF:ConvertToGodotPure/cliHarness.ts
FN:3,(anonymous_0)
FN:10,main
FNF:2
FNH:0
FNDA:0,(anonymous_0)
FNDA:0,main
DA:3,0
DA:4,0
DA:6,0
DA:7,0
DA:8,0
DA:9,0
DA:11,0
DA:12,0
DA:13,0
DA:14,0
DA:16,0
DA:17,0
DA:18,0
DA:19,0
DA:21,0
DA:22,0
LF:16
LH:0
BRDA:3,0,0,0
BRDA:3,0,1,0
BRDA:3,0,2,0
BRDA:4,1,0,0
BRDA:4,1,1,0
BRDA:4,2,0,0
BRDA:4,2,1,0
BRDA:12,3,0,0
BRDA:12,3,1,0
BRDA:21,4,0,0
BRDA:21,4,1,0
BRF:11
BRH:0
end_of_record
TN:
SF:ConvertToUnityPure/Manager.ts
FN:7,(anonymous_0)
FN:9,(anonymous_1)
FNF:2
FNH:0
FNDA:0,(anonymous_0)
FNDA:0,(anonymous_1)
DA:2,0
DA:3,0
DA:5,0
DA:8,0
DA:9,0
DA:10,0
DA:19,0
LF:7
LH:0
BRDA:9,0,0,0
BRDA:9,0,1,0
BRDA:12,1,0,0
BRDA:12,1,1,0
BRF:4
BRH:0
end_of_record
TN:
SF:ConvertToUnityPure/cliHarness.ts
FN:3,(anonymous_0)
FN:10,printUsage
FN:18,main
FNF:3
FNH:0
FNDA:0,(anonymous_0)
FNDA:0,printUsage
FNDA:0,main
DA:3,0
DA:4,0
DA:6,0
DA:7,0
DA:8,0
DA:9,0
DA:11,0
DA:19,0
DA:20,0
DA:21,0
DA:22,0
DA:24,0
DA:25,0
DA:26,0
DA:27,0
DA:29,0
DA:30,0
LF:17
LH:0
BRDA:3,0,0,0
BRDA:3,0,1,0
BRDA:3,0,2,0
BRDA:4,1,0,0
BRDA:4,1,1,0
BRDA:4,2,0,0
BRDA:4,2,1,0
BRDA:20,3,0,0
BRDA:20,3,1,0
BRDA:29,4,0,0
BRDA:29,4,1,0
BRF:11
BRH:0
end_of_record
TN:
SF:ConvertToWebPure/CanvasPlayer.ts
FN:7,(anonymous_0)
FN:30,(anonymous_1)
FN:35,(anonymous_2)
FN:57,(anonymous_3)
FN:67,(anonymous_4)
FN:73,(anonymous_5)
FN:74,(anonymous_6)
FN:75,(anonymous_7)
FN:76,(anonymous_8)
FN:77,(anonymous_9)
FN:84,(anonymous_10)
FN:121,lerp
FN:122,colorFromId
FNF:13
FNH:0
FNDA:0,(anonymous_0)
FNDA:0,(anonymous_1)
FNDA:0,(anonymous_2)
FNDA:0,(anonymous_3)
FNDA:0,(anonymous_4)
FNDA:0,(anonymous_5)
FNDA:0,(anonymous_6)
FNDA:0,(anonymous_7)
FNDA:0,(anonymous_8)
FNDA:0,(anonymous_9)
FNDA:0,(anonymous_10)
FNDA:0,lerp
FNDA:0,colorFromId
DA:4,0
DA:5,0
DA:8,0
DA:9,0
DA:10,0
DA:11,0
DA:12,0
DA:13,0
DA:14,0
DA:15,0
DA:16,0
DA:17,0
DA:18,0
DA:19,0
DA:27,0
DA:28,0
DA:31,0
DA:32,0
DA:33,0
DA:34,0
DA:35,0
DA:36,0
DA:37,0
DA:38,0
DA:39,0
DA:40,0
DA:41,0
DA:42,0
DA:43,0
DA:44,0
DA:45,0
DA:46,0
DA:47,0
DA:48,0
DA:50,0
DA:51,0
DA:53,0
DA:55,0
DA:58,0
DA:59,0
DA:60,0
DA:61,0
DA:62,0
DA:63,0
DA:65,0
DA:68,0
DA:69,0
DA:70,0
DA:71,0
DA:73,0
DA:74,0
DA:75,0
DA:76,0
DA:78,0
DA:79,0
DA:80,0
DA:81,0
DA:82,0
DA:85,0
DA:86,0
DA:87,0
DA:89,0
DA:90,0
DA:91,0
DA:92,0
DA:94,0
DA:95,0
DA:96,0
DA:97,0
DA:98,0
DA:100,0
DA:101,0
DA:102,0
DA:104,0
DA:105,0
DA:106,0
DA:107,0
DA:108,0
DA:109,0
DA:112,0
DA:113,0
DA:114,0
DA:115,0
DA:116,0
DA:120,0
DA:121,0
DA:123,0
DA:124,0
DA:125,0
DA:126,0
DA:127,0
DA:128,0
DA:129,0
LF:93
LH:0
BRDA:7,0,0,0
BRDA:14,1,0,0
BRDA:14,1,1,0
BRDA:20,2,0,0
BRDA:20,2,1,0
BRDA:21,3,0,0
BRDA:21,3,1,0
BRDA:22,4,0,0
BRDA:22,4,1,0
BRDA:23,5,0,0
BRDA:23,5,1,0
BRDA:24,6,0,0
BRDA:24,6,1,0
BRDA:25,7,0,0
BRDA:25,7,1,0
BRDA:31,8,0,0
BRDA:31,8,1,0
BRDA:36,9,0,0
BRDA:36,9,1,0
BRDA:47,10,0,0
BRDA:47,10,1,0
BRDA:48,11,0,0
BRDA:48,11,1,0
BRDA:58,12,0,0
BRDA:58,12,1,0
BRDA:61,13,0,0
BRDA:61,13,1,0
BRDA:73,14,0,0
BRDA:73,14,1,0
BRDA:78,15,0,0
BRDA:78,15,1,0
BRDA:91,16,0,0
BRDA:91,16,1,0
BRDA:94,17,0,0
BRDA:94,17,1,0
BRDA:95,18,0,0
BRDA:95,18,1,0
BRDA:96,19,0,0
BRDA:96,19,1,0
BRDA:96,20,0,0
BRDA:96,20,1,0
BRDA:96,20,2,0
BRDA:106,21,0,0
BRDA:106,21,1,0
BRDA:113,22,0,0
BRDA:113,22,1,0
BRF:46
BRH:0
end_of_record
TN:
SF:ConvertToWebPure/Manager.ts
FN:7,(anonymous_0)
FN:9,(anonymous_1)
FNF:2
FNH:0
FNDA:0,(anonymous_0)
FNDA:0,(anonymous_1)
DA:2,0
DA:3,0
DA:5,0
DA:8,0
DA:9,0
DA:10,0
DA:19,0
LF:7
LH:0
BRDA:9,0,0,0
BRDA:9,0,1,0
BRDA:12,1,0,0
BRDA:12,1,1,0
BRF:4
BRH:0
end_of_record
TN:
SF:ConvertToWebPure/cliHarness.ts
FN:3,(anonymous_0)
FN:10,main
FNF:2
FNH:0
FNDA:0,(anonymous_0)
FNDA:0,main
DA:3,0
DA:4,0
DA:6,0
DA:7,0
DA:8,0
DA:9,0
DA:11,0
DA:12,0
DA:13,0
DA:14,0
DA:16,0
DA:17,0
DA:18,0
DA:19,0
DA:21,0
DA:22,0
LF:16
LH:0
BRDA:3,0,0,0
BRDA:3,0,1,0
BRDA:3,0,2,0
BRDA:4,1,0,0
BRDA:4,1,1,0
BRDA:4,2,0,0
BRDA:4,2,1,0
BRDA:12,3,0,0
BRDA:12,3,1,0
BRDA:21,4,0,0
BRDA:21,4,1,0
BRF:11
BRH:0
end_of_record
TN:
SF:CraftingPure/Manager.ts
FN:5,(anonymous_0)
FN:8,(anonymous_1)
FN:9,(anonymous_2)
FN:13,(anonymous_3)
FN:14,(anonymous_4)
FNF:5
FNH:0
FNDA:0,(anonymous_0)
FNDA:0,(anonymous_1)
FNDA:0,(anonymous_2)
FNDA:0,(anonymous_3)
FNDA:0,(anonymous_4)
DA:2,0
DA:3,0
DA:6,0
DA:8,0
DA:10,0
DA:11,0
DA:13,0
DA:15,0
DA:16,0
DA:17,0
DA:19,0
DA:20,0
DA:21,0
DA:23,0
DA:24,0
DA:25,0
DA:26,0
DA:27,0
DA:28,0
DA:29,0
DA:32,0
LF:21
LH:0
BRDA:16,0,0,0
BRDA:16,0,1,0
BRDA:20,1,0,0
BRDA:20,1,1,0
BRDA:20,2,0,0
BRDA:20,2,1,0
BRDA:25,3,0,0
BRDA:25,3,1,0
BRF:8
BRH:0
end_of_record
TN:
SF:CraftingPure/cliHarness.ts
FN:3,(anonymous_0)
FN:10,main
FNF:2
FNH:0
FNDA:0,(anonymous_0)
FNDA:0,main
DA:3,0
DA:4,0
DA:6,0
DA:7,0
DA:8,0
DA:9,0
DA:11,0
DA:12,0
DA:13,0
DA:14,0
DA:15,0
DA:16,0
DA:17,0
DA:19,0
DA:20,0
DA:21,0
DA:22,0
DA:23,0
DA:24,0
DA:25,0
DA:26,0
DA:27,0
DA:28,0
DA:29,0
DA:31,0
DA:33,0
DA:34,0
LF:27
LH:0
BRDA:3,0,0,0
BRDA:3,0,1,0
BRDA:3,0,2,0
BRDA:4,1,0,0
BRDA:4,1,1,0
BRDA:4,2,0,0
BRDA:4,2,1,0
BRDA:11,3,0,0
BRDA:11,3,1,0
BRDA:12,4,0,0
BRDA:12,4,1,0
BRDA:14,5,0,0
BRDA:14,5,1,0
BRDA:19,6,0,0
BRDA:19,6,1,0
BRDA:22,7,0,0
BRDA:22,7,1,0
BRDA:24,8,0,0
BRDA:24,8,1,0
BRDA:26,9,0,0
BRDA:26,9,1,0
BRDA:28,10,0,0
BRDA:28,10,1,0
BRDA:33,11,0,0
BRDA:33,11,1,0
BRF:25
BRH:0
end_of_record
TN:
SF:CreaturesPure/cliHarness.ts
FN:3,(anonymous_0)
FN:8,(anonymous_1)
FN:10,(anonymous_2)
FN:20,(anonymous_3)
FN:30,(anonymous_4)
FN:34,(anonymous_5)
FN:38,(anonymous_6)
FN:42,(anonymous_7)
FN:44,(anonymous_8)
FN:45,(anonymous_9)
FN:45,(anonymous_10)
FN:49,(anonymous_11)
FN:51,run
FN:83,main
FNF:14
FNH:0
FNDA:0,(anonymous_0)
FNDA:0,(anonymous_1)
FNDA:0,(anonymous_2)
FNDA:0,(anonymous_3)
FNDA:0,(anonymous_4)
FNDA:0,(anonymous_5)
FNDA:0,(anonymous_6)
FNDA:0,(anonymous_7)
FNDA:0,(anonymous_8)
FNDA:0,(anonymous_9)
FNDA:0,(anonymous_10)
FNDA:0,(anonymous_11)
FNDA:0,run
FNDA:0,main
DA:3,0
DA:4,0
DA:6,0
DA:7,0
DA:8,0
DA:11,0
DA:12,0
DA:13,0
DA:14,0
DA:15,0
DA:16,0
DA:17,0
DA:18,0
DA:21,0
DA:22,0
DA:23,0
DA:26,0
DA:27,0
DA:28,0
DA:30,0
DA:31,0
DA:32,0
DA:33,0
DA:34,0
DA:35,0
DA:36,0
DA:37,0
DA:38,0
DA:39,0
DA:40,0
DA:41,0
DA:42,0
DA:43,0
DA:44,0
DA:45,0
DA:46,0
DA:47,0
DA:48,0
DA:49,0
DA:52,0
DA:53,0
DA:54,0
DA:55,0
DA:56,0
DA:57,0
DA:59,0
DA:60,0
DA:61,0
DA:63,0
DA:64,0
DA:65,0
DA:67,0
DA:68,0
DA:69,0
DA:71,0
DA:72,0
DA:73,0
DA:75,0
DA:76,0
DA:77,0
DA:79,0
DA:81,0
DA:84,0
DA:85,0
DA:86,0
DA:87,0
DA:88,0
DA:90,0
DA:91,0
DA:92,0
DA:94,0
DA:95,0
LF:72
LH:0
BRDA:3,0,0,0
BRDA:3,0,1,0
BRDA:3,0,2,0
BRDA:4,1,0,0
BRDA:4,1,1,0
BRDA:4,2,0,0
BRDA:4,2,1,0
BRDA:30,3,0,0
BRDA:30,3,1,0
BRDA:30,4,0,0
BRDA:30,4,1,0
BRDA:34,5,0,0
BRDA:34,5,1,0
BRDA:34,6,0,0
BRDA:34,6,1,0
BRDA:38,7,0,0
BRDA:38,7,1,0
BRDA:42,8,0,0
BRDA:42,8,1,0
BRDA:42,9,0,0
BRDA:42,9,1,0
BRDA:42,9,2,0
BRDA:42,9,3,0
BRDA:45,10,0,0
BRDA:45,10,1,0
BRDA:55,11,0,0
BRDA:55,11,1,0
BRDA:59,12,0,0
BRDA:59,12,1,0
BRDA:63,13,0,0
BRDA:63,13,1,0
BRDA:67,14,0,0
BRDA:67,14,1,0
BRDA:71,15,0,0
BRDA:71,15,1,0
BRDA:75,16,0,0
BRDA:75,16,1,0
BRDA:79,17,0,0
BRDA:79,17,1,0
BRDA:86,18,0,0
BRDA:86,18,1,0
BRDA:86,19,0,0
BRDA:86,19,1,0
BRDA:94,20,0,0
BRDA:94,20,1,0
BRF:45
BRH:0
end_of_record
TN:
SF:DebugOverlayPure/Manager.ts
FN:4,(anonymous_0)
FN:13,(anonymous_1)
FN:20,(anonymous_2)
FN:62,(anonymous_3)
FN:67,(anonymous_4)
FN:101,(anonymous_5)
FN:138,(anonymous_6)
FN:173,(anonymous_7)
FN:218,(anonymous_8)
FN:235,(anonymous_9)
FN:251,(anonymous_10)
FN:270,(anonymous_11)
FN:273,(anonymous_12)
FN:274,(anonymous_13)
FN:275,(anonymous_14)
FN:279,(anonymous_15)
FN:296,(anonymous_16)
FN:299,(anonymous_17)
FN:312,(anonymous_18)
FN:313,(anonymous_19)
FN:314,(anonymous_20)
FN:338,(anonymous_21)
FN:353,(anonymous_22)
FN:365,(anonymous_23)
FN:380,(anonymous_24)
FN:389,(anonymous_25)
FN:391,(anonymous_26)
FN:394,(anonymous_27)
FN:440,(anonymous_28)
FN:449,(anonymous_29)
FN:460,(anonymous_30)
FNF:31
FNH:0
FNDA:0,(anonymous_0)
FNDA:0,(anonymous_1)
FNDA:0,(anonymous_2)
FNDA:0,(anonymous_3)
FNDA:0,(anonymous_4)
FNDA:0,(anonymous_5)
FNDA:0,(anonymous_6)
FNDA:0,(anonymous_7)
FNDA:0,(anonymous_8)
FNDA:0,(anonymous_9)
FNDA:0,(anonymous_10)
FNDA:0,(anonymous_11)
FNDA:0,(anonymous_12)
FNDA:0,(anonymous_13)
FNDA:0,(anonymous_14)
FNDA:0,(anonymous_15)
FNDA:0,(anonymous_16)
FNDA:0,(anonymous_17)
FNDA:0,(anonymous_18)
FNDA:0,(anonymous_19)
FNDA:0,(anonymous_20)
FNDA:0,(anonymous_21)
FNDA:0,(anonymous_22)
FNDA:0,(anonymous_23)
FNDA:0,(anonymous_24)
FNDA:0,(anonymous_25)
FNDA:0,(anonymous_26)
FNDA:0,(anonymous_27)
FNDA:0,(anonymous_28)
FNDA:0,(anonymous_29)
FNDA:0,(anonymous_30)
DA:4,0
DA:5,0
DA:7,0
DA:8,0
DA:9,0
DA:10,0
DA:11,0
DA:14,0
DA:15,0
DA:21,0
DA:23,0
DA:24,0
DA:25,0
DA:33,0
DA:34,0
DA:35,0
DA:36,0
DA:37,0
DA:43,0
DA:51,0
DA:63,0
DA:65,0
DA:66,0
DA:67,0
DA:68,0
DA:69,0
DA:70,0
DA:71,0
DA:78,0
DA:79,0
DA:87,0
DA:90,0
DA:102,0
DA:104,0
DA:105,0
DA:106,0
DA:114,0
DA:115,0
DA:116,0
DA:124,0
DA:127,0
DA:139,0
DA:141,0
DA:143,0
DA:144,0
DA:146,0
DA:147,0
DA:149,0
DA:150,0
DA:152,0
DA:155,0
DA:156,0
DA:157,0
DA:160,0
DA:161,0
DA:164,0
DA:174,0
DA:176,0
DA:177,0
DA:180,0
DA:182,0
DA:184,0
DA:185,0
DA:186,0
DA:188,0
DA:189,0
DA:190,0
DA:191,0
DA:193,0
DA:194,0
DA:195,0
DA:197,0
DA:198,0
DA:199,0
DA:201,0
DA:202,0
DA:203,0
DA:205,0
DA:206,0
DA:207,0
DA:209,0
DA:211,0
DA:212,0
DA:213,0
DA:216,0
DA:218,0
DA:219,0
DA:222,0
DA:223,0
DA:225,0
DA:228,0
DA:229,0
DA:230,0
DA:233,0
DA:235,0
DA:236,0
DA:237,0
DA:239,0
DA:242,0
DA:243,0
DA:244,0
DA:247,0
DA:249,0
DA:250,0
DA:251,0
DA:252,0
DA:253,0
DA:254,0
DA:255,0
DA:256,0
DA:258,0
DA:259,0
DA:260,0
DA:263,0
DA:264,0
DA:265,0
DA:268,0
DA:271,0
DA:272,0
DA:273,0
DA:274,0
DA:275,0
DA:277,0
DA:278,0
DA:279,0
DA:280,0
DA:297,0
DA:300,0
DA:302,0
DA:304,0
DA:306,0
DA:307,0
DA:310,0
DA:311,0
DA:312,0
DA:313,0
DA:314,0
DA:316,0
DA:317,0
DA:318,0
DA:322,0
DA:323,0
DA:324,0
DA:326,0
DA:327,0
DA:329,0
DA:330,0
DA:334,0
DA:335,0
DA:336,0
DA:339,0
DA:354,0
DA:355,0
DA:356,0
DA:358,0
DA:359,0
DA:362,0
DA:366,0
DA:368,0
DA:369,0
DA:371,0
DA:372,0
DA:373,0
DA:376,0
DA:379,0
DA:380,0
DA:381,0
DA:382,0
DA:384,0
DA:385,0
DA:389,0
DA:392,0
DA:395,0
DA:396,0
DA:397,0
DA:398,0
DA:399,0
DA:400,0
DA:401,0
DA:402,0
DA:403,0
DA:404,0
DA:405,0
DA:406,0
DA:407,0
DA:408,0
DA:409,0
DA:410,0
DA:411,0
DA:412,0
DA:413,0
DA:414,0
DA:415,0
DA:416,0
DA:417,0
DA:418,0
DA:419,0
DA:420,0
DA:422,0
DA:423,0
DA:424,0
DA:425,0
DA:426,0
DA:427,0
DA:428,0
DA:429,0
DA:431,0
DA:432,0
DA:433,0
DA:435,0
DA:437,0
DA:438,0
DA:439,0
DA:440,0
DA:441,0
DA:443,0
DA:446,0
DA:447,0
DA:448,0
DA:449,0
DA:450,0
DA:452,0
DA:455,0
DA:456,0
DA:457,0
DA:458,0
DA:459,0
DA:460,0
DA:461,0
DA:462,0
DA:463,0
DA:465,0
DA:466,0
DA:469,0
DA:470,0
DA:472,0
DA:474,0
DA:475,0
DA:476,0
DA:479,0
LF:240
LH:0
BRDA:4,0,0,0
BRDA:4,0,1,0
BRDA:4,0,2,0
BRDA:5,1,0,0
BRDA:5,1,1,0
BRDA:5,2,0,0
BRDA:5,2,1,0
BRDA:24,3,0,0
BRDA:24,3,1,0
BRDA:35,4,0,0
BRDA:35,4,1,0
BRDA:55,5,0,0
BRDA:55,5,1,0
BRDA:70,6,0,0
BRDA:70,6,1,0
BRDA:70,7,0,0
BRDA:70,7,1,0
BRDA:78,8,0,0
BRDA:78,8,1,0
BRDA:94,9,0,0
BRDA:94,9,1,0
BRDA:105,10,0,0
BRDA:105,10,1,0
BRDA:115,11,0,0
BRDA:115,11,1,0
BRDA:131,12,0,0
BRDA:131,12,1,0
BRDA:141,13,0,0
BRDA:141,13,1,0
BRDA:141,13,2,0
BRDA:141,13,3,0
BRDA:156,14,0,0
BRDA:156,14,1,0
BRDA:166,15,0,0
BRDA:166,15,1,0
BRDA:176,16,0,0
BRDA:176,16,1,0
BRDA:184,17,0,0
BRDA:184,17,1,0
BRDA:186,18,0,0
BRDA:186,18,1,0
BRDA:188,19,0,0
BRDA:188,19,1,0
BRDA:189,20,0,0
BRDA:189,20,1,0
BRDA:191,21,0,0
BRDA:191,21,1,0
BRDA:193,22,0,0
BRDA:193,22,1,0
BRDA:195,23,0,0
BRDA:195,23,1,0
BRDA:197,24,0,0
BRDA:197,24,1,0
BRDA:199,25,0,0
BRDA:199,25,1,0
BRDA:201,26,0,0
BRDA:201,26,1,0
BRDA:201,27,0,0
BRDA:201,27,1,0
BRDA:203,28,0,0
BRDA:203,28,1,0
BRDA:205,29,0,0
BRDA:205,29,1,0
BRDA:207,30,0,0
BRDA:207,30,1,0
BRDA:211,31,0,0
BRDA:211,31,1,0
BRDA:211,32,0,0
BRDA:211,32,1,0
BRDA:212,33,0,0
BRDA:212,33,1,0
BRDA:219,34,0,0
BRDA:219,34,1,0
BRDA:220,35,0,0
BRDA:220,35,1,0
BRDA:223,36,0,0
BRDA:223,36,1,0
BRDA:228,37,0,0
BRDA:228,37,1,0
BRDA:229,38,0,0
BRDA:229,38,1,0
BRDA:237,39,0,0
BRDA:237,39,1,0
BRDA:242,40,0,0
BRDA:242,40,1,0
BRDA:242,41,0,0
BRDA:242,41,1,0
BRDA:243,42,0,0
BRDA:243,42,1,0
BRDA:249,43,0,0
BRDA:249,43,1,0
BRDA:253,44,0,0
BRDA:253,44,1,0
BRDA:254,45,0,0
BRDA:254,45,1,0
BRDA:256,46,0,0
BRDA:256,46,1,0
BRDA:258,47,0,0
BRDA:258,47,1,0
BRDA:260,48,0,0
BRDA:260,48,1,0
BRDA:263,49,0,0
BRDA:263,49,1,0
BRDA:265,50,0,0
BRDA:265,50,1,0
BRDA:272,51,0,0
BRDA:272,51,1,0
BRDA:275,52,0,0
BRDA:275,52,1,0
BRDA:278,53,0,0
BRDA:278,53,1,0
BRDA:279,54,0,0
BRDA:279,54,1,0
BRDA:285,55,0,0
BRDA:285,55,1,0
BRDA:291,56,0,0
BRDA:291,56,1,0
BRDA:292,57,0,0
BRDA:292,57,1,0
BRDA:297,58,0,0
BRDA:297,58,1,0
BRDA:306,59,0,0
BRDA:306,59,1,0
BRDA:310,60,0,0
BRDA:310,60,1,0
BRDA:310,61,0,0
BRDA:310,61,1,0
BRDA:314,62,0,0
BRDA:314,62,1,0
BRDA:317,63,0,0
BRDA:317,63,1,0
BRDA:322,64,0,0
BRDA:322,64,1,0
BRDA:323,65,0,0
BRDA:323,65,1,0
BRDA:326,66,0,0
BRDA:326,66,1,0
BRDA:329,67,0,0
BRDA:329,67,1,0
BRDA:355,68,0,0
BRDA:355,68,1,0
BRDA:368,69,0,0
BRDA:368,69,1,0
BRDA:371,70,0,0
BRDA:371,70,1,0
BRDA:372,71,0,0
BRDA:372,71,1,0
BRDA:379,72,0,0
BRDA:379,72,1,0
BRDA:381,73,0,0
BRDA:381,73,1,0
BRDA:384,74,0,0
BRDA:384,74,1,0
BRDA:389,75,0,0
BRDA:389,75,1,0
BRDA:428,76,0,0
BRDA:428,76,1,0
BRDA:428,77,0,0
BRDA:428,77,1,0
BRDA:432,78,0,0
BRDA:432,78,1,0
BRDA:437,79,0,0
BRDA:437,79,1,0
BRDA:446,80,0,0
BRDA:446,80,1,0
BRDA:455,81,0,0
BRDA:455,81,1,0
BRDA:458,82,0,0
BRDA:458,82,1,0
BRDA:462,83,0,0
BRDA:462,83,1,0
BRDA:465,84,0,0
BRDA:465,84,1,0
BRDA:469,85,0,0
BRDA:469,85,1,0
BRF:175
BRH:0
end_of_record
TN:
SF:DebugOverlayPure/cliHarness.ts
FN:3,(anonymous_0)
FN:24,printUsage
FN:66,parseArgs
FN:118,(anonymous_3)
FN:120,updateConfig
FN:161,overlay
FN:185,overlayCLI
FN:208,overlayGolden
FN:224,exportOverlay
FN:279,outputResult
FN:282,(anonymous_10)
FN:304,main
FNF:12
FNH:0
FNDA:0,(anonymous_0)
FNDA:0,printUsage
FNDA:0,parseArgs
FNDA:0,(anonymous_3)
FNDA:0,updateConfig
FNDA:0,overlay
FNDA:0,overlayCLI
FNDA:0,overlayGolden
FNDA:0,exportOverlay
FNDA:0,outputResult
FNDA:0,(anonymous_10)
FNDA:0,main
DA:3,0
DA:4,0
DA:6,0
DA:7,0
DA:8,0
DA:9,0
DA:25,0
DA:67,0
DA:68,0
DA:69,0
DA:70,0
DA:72,0
DA:73,0
DA:74,0
DA:75,0
DA:77,0
DA:78,0
DA:80,0
DA:81,0
DA:83,0
DA:84,0
DA:86,0
DA:87,0
DA:89,0
DA:90,0
DA:92,0
DA:93,0
DA:95,0
DA:96,0
DA:98,0
DA:99,0
DA:101,0
DA:102,0
DA:104,0
DA:105,0
DA:107,0
DA:108,0
DA:110,0
DA:111,0
DA:113,0
DA:115,0
DA:118,0
DA:121,0
DA:122,0
DA:124,0
DA:125,0
DA:127,0
DA:128,0
DA:130,0
DA:131,0
DA:133,0
DA:134,0
DA:136,0
DA:137,0
DA:139,0
DA:140,0
DA:142,0
DA:143,0
DA:145,0
DA:146,0
DA:148,0
DA:149,0
DA:151,0
DA:152,0
DA:154,0
DA:155,0
DA:157,0
DA:158,0
DA:162,0
DA:163,0
DA:164,0
DA:165,0
DA:167,0
DA:168,0
DA:169,0
DA:170,0
DA:171,0
DA:172,0
DA:173,0
DA:174,0
DA:175,0
DA:176,0
DA:177,0
DA:178,0
DA:181,0
DA:182,0
DA:186,0
DA:187,0
DA:188,0
DA:189,0
DA:191,0
DA:192,0
DA:193,0
DA:194,0
DA:195,0
DA:196,0
DA:197,0
DA:198,0
DA:199,0
DA:200,0
DA:201,0
DA:204,0
DA:205,0
DA:209,0
DA:210,0
DA:211,0
DA:212,0
DA:214,0
DA:215,0
DA:216,0
DA:217,0
DA:218,0
DA:219,0
DA:220,0
DA:221,0
DA:222,0
DA:225,0
DA:226,0
DA:227,0
DA:228,0
DA:230,0
DA:231,0
DA:232,0
DA:233,0
DA:234,0
DA:235,0
DA:236,0
DA:239,0
DA:263,0
DA:264,0
DA:265,0
DA:266,0
DA:267,0
DA:270,0
DA:271,0
DA:275,0
DA:276,0
DA:280,0
DA:281,0
DA:282,0
DA:283,0
DA:285,0
DA:287,0
DA:288,0
DA:289,0
DA:290,0
DA:291,0
DA:292,0
DA:293,0
DA:294,0
DA:296,0
DA:297,0
DA:299,0
DA:300,0
DA:301,0
DA:305,0
DA:306,0
DA:307,0
DA:308,0
DA:310,0
DA:312,0
DA:313,0
DA:315,0
DA:316,0
DA:318,0
DA:319,0
DA:321,0
DA:322,0
DA:324,0
DA:325,0
DA:326,0
DA:329,0
DA:330,0
LF:173
LH:0
BRDA:3,0,0,0
BRDA:3,0,1,0
BRDA:3,0,2,0
BRDA:4,1,0,0
BRDA:4,1,1,0
BRDA:4,2,0,0
BRDA:4,2,1,0
BRDA:74,3,0,0
BRDA:74,3,1,0
BRDA:77,4,0,0
BRDA:77,4,1,0
BRDA:80,5,0,0
BRDA:80,5,1,0
BRDA:83,6,0,0
BRDA:83,6,1,0
BRDA:86,7,0,0
BRDA:86,7,1,0
BRDA:89,8,0,0
BRDA:89,8,1,0
BRDA:92,9,0,0
BRDA:92,9,1,0
BRDA:95,10,0,0
BRDA:95,10,1,0
BRDA:98,11,0,0
BRDA:98,11,1,0
BRDA:101,12,0,0
BRDA:101,12,1,0
BRDA:104,13,0,0
BRDA:104,13,1,0
BRDA:107,14,0,0
BRDA:107,14,1,0
BRDA:110,15,0,0
BRDA:110,15,1,0
BRDA:113,16,0,0
BRDA:113,16,1,0
BRDA:121,17,0,0
BRDA:121,17,1,0
BRDA:124,18,0,0
BRDA:124,18,1,0
BRDA:127,19,0,0
BRDA:127,19,1,0
BRDA:130,20,0,0
BRDA:130,20,1,0
BRDA:133,21,0,0
BRDA:133,21,1,0
BRDA:136,22,0,0
BRDA:136,22,1,0
BRDA:139,23,0,0
BRDA:139,23,1,0
BRDA:142,24,0,0
BRDA:142,24,1,0
BRDA:145,25,0,0
BRDA:145,25,1,0
BRDA:148,26,0,0
BRDA:148,26,1,0
BRDA:151,27,0,0
BRDA:151,27,1,0
BRDA:154,28,0,0
BRDA:154,28,1,0
BRDA:157,29,0,0
BRDA:157,29,1,0
BRDA:162,30,0,0
BRDA:162,30,1,0
BRDA:170,31,0,0
BRDA:170,31,1,0
BRDA:171,32,0,0
BRDA:171,32,1,0
BRDA:181,33,0,0
BRDA:181,33,1,0
BRDA:186,34,0,0
BRDA:186,34,1,0
BRDA:194,35,0,0
BRDA:194,35,1,0
BRDA:195,36,0,0
BRDA:195,36,1,0
BRDA:204,37,0,0
BRDA:204,37,1,0
BRDA:209,38,0,0
BRDA:209,38,1,0
BRDA:217,39,0,0
BRDA:217,39,1,0
BRDA:218,40,0,0
BRDA:218,40,1,0
BRDA:225,41,0,0
BRDA:225,41,1,0
BRDA:264,42,0,0
BRDA:264,42,1,0
BRDA:266,43,0,0
BRDA:266,43,1,0
BRDA:280,44,0,0
BRDA:280,44,1,0
BRDA:299,45,0,0
BRDA:299,45,1,0
BRDA:306,46,0,0
BRDA:306,46,1,0
BRDA:306,47,0,0
BRDA:306,47,1,0
BRDA:306,47,2,0
BRDA:306,47,3,0
BRDA:310,48,0,0
BRDA:310,48,1,0
BRDA:310,48,2,0
BRDA:310,48,3,0
BRDA:310,48,4,0
BRDA:329,49,0,0
BRDA:329,49,1,0
BRF:106
BRH:0
end_of_record
TN:
SF:DialogPure/DialogSim.ts
FN:5,(anonymous_0)
FN:12,(anonymous_1)
FN:17,(anonymous_2)
FN:18,(anonymous_3)
FN:19,(anonymous_4)
FN:23,(anonymous_5)
FN:31,(anonymous_6)
FN:50,(anonymous_7)
FN:58,(anonymous_8)
FN:60,(anonymous_9)
FN:72,(anonymous_10)
FN:89,(anonymous_11)
FNF:12
FNH:0
FNDA:0,(anonymous_0)
FNDA:0,(anonymous_1)
FNDA:0,(anonymous_2)
FNDA:0,(anonymous_3)
FNDA:0,(anonymous_4)
FNDA:0,(anonymous_5)
FNDA:0,(anonymous_6)
FNDA:0,(anonymous_7)
FNDA:0,(anonymous_8)
FNDA:0,(anonymous_9)
FNDA:0,(anonymous_10)
FNDA:0,(anonymous_11)
DA:2,0
DA:3,0
DA:6,0
DA:7,0
DA:8,0
DA:9,0
DA:10,0
DA:13,0
DA:14,0
DA:15,0
DA:17,0
DA:18,0
DA:20,0
DA:21,0
DA:24,0
DA:25,0
DA:26,0
DA:27,0
DA:28,0
DA:29,0
DA:30,0
DA:31,0
DA:33,0
DA:34,0
DA:35,0
DA:36,0
DA:37,0
DA:38,0
DA:39,0
DA:40,0
DA:41,0
DA:42,0
DA:43,0
DA:44,0
DA:45,0
DA:47,0
DA:48,0
DA:51,0
DA:52,0
DA:53,0
DA:54,0
DA:55,0
DA:56,0
DA:57,0
DA:58,0
DA:59,0
DA:60,0
DA:61,0
DA:62,0
DA:63,0
DA:64,0
DA:65,0
DA:66,0
DA:67,0
DA:69,0
DA:70,0
DA:73,0
DA:74,0
DA:75,0
DA:76,0
DA:77,0
DA:78,0
DA:79,0
DA:81,0
DA:82,0
DA:83,0
DA:84,0
DA:85,0
DA:86,0
DA:90,0
DA:100,0
LF:71
LH:0
BRDA:5,0,0,0
BRDA:21,1,0,0
BRDA:21,1,1,0
BRDA:25,2,0,0
BRDA:25,2,1,0
BRDA:36,3,0,0
BRDA:36,3,1,0
BRDA:36,4,0,0
BRDA:36,4,1,0
BRDA:40,5,0,0
BRDA:40,5,1,0
BRDA:43,6,0,0
BRDA:43,6,1,0
BRDA:52,7,0,0
BRDA:52,7,1,0
BRDA:60,8,0,0
BRDA:60,8,1,0
BRDA:61,9,0,0
BRDA:61,9,1,0
BRDA:64,10,0,0
BRDA:64,10,1,0
BRDA:66,11,0,0
BRDA:66,11,1,0
BRDA:75,12,0,0
BRDA:75,12,1,0
BRDA:81,13,0,0
BRDA:81,13,1,0
BRDA:83,14,0,0
BRDA:83,14,1,0
BRF:29
BRH:0
end_of_record
TN:
SF:DialogPure/cliHarness.ts
FN:3,(anonymous_0)
FN:10,main
FN:15,(anonymous_2)
FN:16,(anonymous_3)
FN:17,(anonymous_4)
FN:18,(anonymous_5)
FNF:6
FNH:0
FNDA:0,(anonymous_0)
FNDA:0,main
FNDA:0,(anonymous_2)
FNDA:0,(anonymous_3)
FNDA:0,(anonymous_4)
FNDA:0,(anonymous_5)
DA:3,0
DA:4,0
DA:6,0
DA:7,0
DA:8,0
DA:9,0
DA:11,0
DA:12,0
DA:13,0
DA:14,0
DA:20,0
DA:21,0
DA:22,0
DA:23,0
DA:24,0
DA:25,0
DA:26,0
DA:28,0
DA:30,0
DA:32,0
DA:33,0
DA:35,0
DA:36,0
DA:38,0
DA:39,0
DA:42,0
DA:44,0
DA:45,0
LF:28
LH:0
BRDA:3,0,0,0
BRDA:3,0,1,0
BRDA:3,0,2,0
BRDA:4,1,0,0
BRDA:4,1,1,0
BRDA:4,2,0,0
BRDA:4,2,1,0
BRDA:11,3,0,0
BRDA:11,3,1,0
BRDA:12,4,0,0
BRDA:12,4,1,0
BRDA:22,5,0,0
BRDA:22,5,1,0
BRDA:25,6,0,0
BRDA:25,6,1,0
BRDA:28,7,0,0
BRDA:28,7,1,0
BRDA:32,8,0,0
BRDA:32,8,1,0
BRDA:35,9,0,0
BRDA:35,9,1,0
BRDA:38,10,0,0
BRDA:38,10,1,0
BRDA:44,11,0,0
BRDA:44,11,1,0
BRF:25
BRH:0
end_of_record
TN:
SF:EconomyPure/Manager.ts
FN:5,(anonymous_0)
FN:9,(anonymous_1)
FN:10,(anonymous_2)
FN:11,(anonymous_3)
FN:12,(anonymous_4)
FN:13,(anonymous_5)
FN:14,(anonymous_6)
FN:16,(anonymous_7)
FNF:8
FNH:0
FNDA:0,(anonymous_0)
FNDA:0,(anonymous_1)
FNDA:0,(anonymous_2)
FNDA:0,(anonymous_3)
FNDA:0,(anonymous_4)
FNDA:0,(anonymous_5)
FNDA:0,(anonymous_6)
FNDA:0,(anonymous_7)
DA:2,0
DA:3,0
DA:6,0
DA:7,0
DA:9,0
DA:10,0
DA:11,0
DA:12,0
DA:13,0
DA:15,0
DA:16,0
DA:17,0
DA:18,0
DA:19,0
DA:20,0
DA:21,0
DA:22,0
DA:25,0
LF:18
LH:0
BRDA:17,0,0,0
BRDA:17,0,1,0
BRDA:17,1,0,0
BRDA:17,1,1,0
BRDA:18,2,0,0
BRDA:18,2,1,0
BRF:6
BRH:0
end_of_record
TN:
SF:EconomyPure/cliHarness.ts
FN:3,(anonymous_0)
FN:10,main
FNF:2
FNH:0
FNDA:0,(anonymous_0)
FNDA:0,main
DA:3,0
DA:4,0
DA:6,0
DA:7,0
DA:8,0
DA:9,0
DA:11,0
DA:12,0
DA:13,0
DA:14,0
DA:15,0
DA:16,0
DA:17,0
DA:18,0
DA:19,0
DA:21,0
DA:22,0
DA:23,0
DA:24,0
DA:25,0
DA:26,0
DA:27,0
DA:28,0
DA:29,0
DA:30,0
DA:31,0
DA:32,0
DA:33,0
DA:34,0
DA:36,0
DA:37,0
DA:38,0
DA:41,0
DA:43,0
DA:44,0
LF:35
LH:0
BRDA:3,0,0,0
BRDA:3,0,1,0
BRDA:3,0,2,0
BRDA:4,1,0,0
BRDA:4,1,1,0
BRDA:4,2,0,0
BRDA:4,2,1,0
BRDA:11,3,0,0
BRDA:11,3,1,0
BRDA:12,4,0,0
BRDA:12,4,1,0
BRDA:14,5,0,0
BRDA:14,5,1,0
BRDA:21,6,0,0
BRDA:21,6,1,0
BRDA:24,7,0,0
BRDA:24,7,1,0
BRDA:26,8,0,0
BRDA:26,8,1,0
BRDA:28,9,0,0
BRDA:28,9,1,0
BRDA:30,10,0,0
BRDA:30,10,1,0
BRDA:32,11,0,0
BRDA:32,11,1,0
BRDA:36,12,0,0
BRDA:36,12,1,0
BRDA:43,13,0,0
BRDA:43,13,1,0
BRF:29
BRH:0
end_of_record
TN:
SF:EntityLinkerPure/Manager.ts
FN:5,(anonymous_0)
FN:9,(anonymous_1)
FN:10,(anonymous_2)
FN:39,(anonymous_3)
FNF:4
FNH:0
FNDA:0,(anonymous_0)
FNDA:0,(anonymous_1)
FNDA:0,(anonymous_2)
FNDA:0,(anonymous_3)
DA:2,0
DA:3,0
DA:6,0
DA:7,0
DA:9,0
DA:11,0
DA:12,0
DA:14,0
DA:15,0
DA:16,0
DA:18,0
DA:19,0
DA:20,0
DA:21,0
DA:24,0
DA:25,0
DA:26,0
DA:27,0
DA:28,0
DA:31,0
DA:32,0
DA:33,0
DA:34,0
DA:35,0
DA:37,0
DA:39,0
DA:41,0
LF:27
LH:0
BRDA:14,0,0,0
BRDA:14,0,1,0
BRDA:15,1,0,0
BRDA:15,1,1,0
BRDA:19,2,0,0
BRDA:19,2,1,0
BRDA:20,3,0,0
BRDA:20,3,1,0
BRDA:24,4,0,0
BRDA:24,4,1,0
BRDA:26,5,0,0
BRDA:26,5,1,0
BRDA:27,6,0,0
BRDA:27,6,1,0
BRDA:31,7,0,0
BRDA:31,7,1,0
BRDA:33,8,0,0
BRDA:33,8,1,0
BRDA:34,9,0,0
BRDA:34,9,1,0
BRDA:37,10,0,0
BRDA:37,10,1,0
BRF:22
BRH:0
end_of_record
TN:
SF:EntityLinkerPure/cliHarness.ts
FN:3,(anonymous_0)
FN:10,main
FNF:2
FNH:0
FNDA:0,(anonymous_0)
FNDA:0,main
DA:3,0
DA:4,0
DA:6,0
DA:7,0
DA:8,0
DA:9,0
DA:11,0
DA:12,0
DA:13,0
DA:14,0
DA:15,0
DA:16,0
DA:17,0
DA:19,0
DA:22,0
DA:23,0
DA:24,0
DA:25,0
DA:26,0
DA:27,0
DA:28,0
DA:30,0
DA:32,0
DA:33,0
LF:24
LH:0
BRDA:3,0,0,0
BRDA:3,0,1,0
BRDA:3,0,2,0
BRDA:4,1,0,0
BRDA:4,1,1,0
BRDA:4,2,0,0
BRDA:4,2,1,0
BRDA:11,3,0,0
BRDA:11,3,1,0
BRDA:12,4,0,0
BRDA:12,4,1,0
BRDA:13,5,0,0
BRDA:13,5,1,0
BRDA:15,6,0,0
BRDA:15,6,1,0
BRDA:19,7,0,0
BRDA:19,7,1,0
BRDA:22,8,0,0
BRDA:22,8,1,0
BRDA:25,9,0,0
BRDA:25,9,1,0
BRDA:27,10,0,0
BRDA:27,10,1,0
BRDA:32,11,0,0
BRDA:32,11,1,0
BRF:25
BRH:0
end_of_record
TN:
SF:EquipmentPure/EquipmentManager.ts
FN:5,(anonymous_0)
FN:10,(anonymous_1)
FN:13,(anonymous_2)
FN:14,(anonymous_3)
FN:17,(anonymous_4)
FN:27,(anonymous_5)
FN:46,(anonymous_6)
FNF:7
FNH:0
FNDA:0,(anonymous_0)
FNDA:0,(anonymous_1)
FNDA:0,(anonymous_2)
FNDA:0,(anonymous_3)
FNDA:0,(anonymous_4)
FNDA:0,(anonymous_5)
FNDA:0,(anonymous_6)
DA:2,0
DA:3,0
DA:6,0
DA:7,0
DA:8,0
DA:11,0
DA:13,0
DA:15,0
DA:18,0
DA:19,0
DA:20,0
DA:21,0
DA:22,0
DA:25,0
DA:28,0
DA:29,0
DA:30,0
DA:31,0
DA:32,0
DA:33,0
DA:34,0
DA:35,0
DA:36,0
DA:39,0
DA:40,0
DA:41,0
DA:42,0
DA:43,0
DA:44,0
DA:47,0
DA:48,0
DA:49,0
DA:50,0
DA:51,0
DA:52,0
DA:53,0
DA:56,0
LF:37
LH:0
BRDA:5,0,0,0
BRDA:29,1,0,0
BRDA:29,1,1,0
BRDA:31,2,0,0
BRDA:31,2,1,0
BRDA:33,3,0,0
BRDA:33,3,1,0
BRDA:35,4,0,0
BRDA:35,4,1,0
BRDA:40,5,0,0
BRDA:40,5,1,0
BRDA:40,6,0,0
BRDA:40,6,1,0
BRDA:48,7,0,0
BRDA:48,7,1,0
BRDA:50,8,0,0
BRDA:50,8,1,0
BRF:17
BRH:0
end_of_record
TN:
SF:EquipmentPure/cliHarness.ts
FN:3,(anonymous_0)
FN:10,main
FN:18,(anonymous_2)
FN:19,(anonymous_3)
FN:20,(anonymous_4)
FN:28,(anonymous_5)
FN:28,(anonymous_6)
FN:31,(anonymous_7)
FN:32,(anonymous_8)
FN:33,(anonymous_9)
FN:39,(anonymous_10)
FN:55,(anonymous_11)
FN:58,(anonymous_12)
FNF:13
FNH:0
FNDA:0,(anonymous_0)
FNDA:0,main
FNDA:0,(anonymous_2)
FNDA:0,(anonymous_3)
FNDA:0,(anonymous_4)
FNDA:0,(anonymous_5)
FNDA:0,(anonymous_6)
FNDA:0,(anonymous_7)
FNDA:0,(anonymous_8)
FNDA:0,(anonymous_9)
FNDA:0,(anonymous_10)
FNDA:0,(anonymous_11)
FNDA:0,(anonymous_12)
DA:3,0
DA:4,0
DA:6,0
DA:7,0
DA:8,0
DA:9,0
DA:11,0
DA:12,0
DA:13,0
DA:14,0
DA:15,0
DA:16,0
DA:17,0
DA:18,0
DA:19,0
DA:21,0
DA:22,0
DA:23,0
DA:24,0
DA:25,0
DA:28,0
DA:29,0
DA:30,0
DA:31,0
DA:32,0
DA:35,0
DA:36,0
DA:37,0
DA:38,0
DA:39,0
DA:40,0
DA:42,0
DA:43,0
DA:44,0
DA:46,0
DA:47,0
DA:48,0
DA:50,0
DA:51,0
DA:53,0
DA:55,0
DA:58,0
DA:59,0
DA:61,0
DA:62,0
LF:45
LH:0
BRDA:3,0,0,0
BRDA:3,0,1,0
BRDA:3,0,2,0
BRDA:4,1,0,0
BRDA:4,1,1,0
BRDA:4,2,0,0
BRDA:4,2,1,0
BRDA:11,3,0,0
BRDA:11,3,1,0
BRDA:12,4,0,0
BRDA:12,4,1,0
BRDA:15,5,0,0
BRDA:15,5,1,0
BRDA:18,6,0,0
BRDA:18,6,1,0
BRDA:19,7,0,0
BRDA:19,7,1,0
BRDA:21,8,0,0
BRDA:21,8,1,0
BRDA:22,9,0,0
BRDA:22,9,1,0
BRDA:32,10,0,0
BRDA:32,10,1,0
BRDA:35,11,0,0
BRDA:35,11,1,0
BRDA:38,12,0,0
BRDA:38,12,1,0
BRDA:39,13,0,0
BRDA:39,13,1,0
BRDA:42,14,0,0
BRDA:42,14,1,0
BRDA:46,15,0,0
BRDA:46,15,1,0
BRDA:50,16,0,0
BRDA:50,16,1,0
BRDA:53,17,0,0
BRDA:53,17,1,0
BRDA:61,18,0,0
BRDA:61,18,1,0
BRF:39
BRH:0
end_of_record
TN:
SF:GodotBridgePure/Bridge.ts
FN:12,(anonymous_0)
FN:21,(anonymous_1)
FN:61,(anonymous_2)
FN:73,(anonymous_3)
FN:118,(anonymous_4)
FN:130,(anonymous_5)
FN:167,(anonymous_6)
FN:230,(anonymous_7)
FN:251,(anonymous_8)
FN:296,(anonymous_9)
FN:317,(anonymous_10)
FN:352,(anonymous_11)
FN:366,(anonymous_12)
FN:369,(anonymous_13)
FN:371,(anonymous_14)
FN:376,(anonymous_15)
FN:379,(anonymous_16)
FN:381,(anonymous_17)
FN:388,(anonymous_18)
FNF:19
FNH:0
FNDA:0,(anonymous_0)
FNDA:0,(anonymous_1)
FNDA:0,(anonymous_2)
FNDA:0,(anonymous_3)
FNDA:0,(anonymous_4)
FNDA:0,(anonymous_5)
FNDA:0,(anonymous_6)
FNDA:0,(anonymous_7)
FNDA:0,(anonymous_8)
FNDA:0,(anonymous_9)
FNDA:0,(anonymous_10)
FNDA:0,(anonymous_11)
FNDA:0,(anonymous_12)
FNDA:0,(anonymous_13)
FNDA:0,(anonymous_14)
FNDA:0,(anonymous_15)
FNDA:0,(anonymous_16)
FNDA:0,(anonymous_17)
FNDA:0,(anonymous_18)
DA:2,0
DA:3,0
DA:4,0
DA:5,0
DA:6,0
DA:7,0
DA:8,0
DA:9,0
DA:10,0
DA:13,0
DA:14,0
DA:15,0
DA:16,0
DA:17,0
DA:18,0
DA:19,0
DA:22,0
DA:24,0
DA:26,0
DA:27,0
DA:29,0
DA:30,0
DA:32,0
DA:33,0
DA:35,0
DA:36,0
DA:38,0
DA:39,0
DA:41,0
DA:47,0
DA:54,0
DA:62,0
DA:63,0
DA:64,0
DA:65,0
DA:66,0
DA:67,0
DA:68,0
DA:69,0
DA:71,0
DA:72,0
DA:73,0
DA:74,0
DA:75,0
DA:76,0
DA:77,0
DA:78,0
DA:80,0
DA:83,0
DA:84,0
DA:85,0
DA:89,0
DA:90,0
DA:91,0
DA:93,0
DA:94,0
DA:95,0
DA:96,0
DA:97,0
DA:98,0
DA:99,0
DA:101,0
DA:107,0
DA:118,0
DA:123,0
DA:131,0
DA:133,0
DA:135,0
DA:137,0
DA:138,0
DA:140,0
DA:141,0
DA:143,0
DA:144,0
DA:145,0
DA:147,0
DA:153,0
DA:160,0
DA:168,0
DA:203,0
DA:204,0
DA:216,0
DA:217,0
DA:228,0
DA:231,0
DA:252,0
DA:297,0
DA:318,0
DA:353,0
DA:367,0
DA:368,0
DA:369,0
DA:372,0
DA:374,0
DA:377,0
DA:378,0
DA:379,0
DA:383,0
DA:390,0
DA:391,0
DA:392,0
DA:393,0
DA:394,0
DA:395,0
DA:397,0
DA:398,0
DA:399,0
DA:400,0
DA:402,0
DA:405,0
LF:110
LH:0
BRDA:24,0,0,0
BRDA:24,0,1,0
BRDA:24,0,2,0
BRDA:24,0,3,0
BRDA:24,0,4,0
BRDA:24,0,5,0
BRDA:57,1,0,0
BRDA:57,1,1,0
BRDA:69,2,0,0
BRDA:69,2,1,0
BRDA:69,2,2,0
BRDA:69,2,3,0
BRDA:72,3,0,0
BRDA:72,3,1,0
BRDA:72,4,0,0
BRDA:72,4,1,0
BRDA:83,5,0,0
BRDA:83,5,1,0
BRDA:83,5,2,0
BRDA:84,6,0,0
BRDA:84,6,1,0
BRDA:84,6,2,0
BRDA:126,7,0,0
BRDA:126,7,1,0
BRDA:135,8,0,0
BRDA:135,8,1,0
BRDA:135,8,2,0
BRDA:135,8,3,0
BRDA:163,9,0,0
BRDA:163,9,1,0
BRDA:178,10,0,0
BRDA:178,10,1,0
BRDA:194,11,0,0
BRDA:194,11,1,0
BRDA:203,12,0,0
BRDA:203,12,1,0
BRDA:216,13,0,0
BRDA:216,13,1,0
BRDA:257,14,0,0
BRDA:257,14,1,0
BRDA:257,15,0,0
BRDA:257,15,1,0
BRDA:261,16,0,0
BRDA:261,16,1,0
BRDA:262,17,0,0
BRDA:262,17,1,0
BRDA:281,18,0,0
BRDA:281,18,1,0
BRDA:282,19,0,0
BRDA:282,19,1,0
BRDA:286,20,0,0
BRDA:286,20,1,0
BRDA:342,21,0,0
BRDA:342,21,1,0
BRDA:368,22,0,0
BRDA:368,22,1,0
BRDA:378,23,0,0
BRDA:378,23,1,0
BRDA:397,24,0,0
BRDA:397,24,1,0
BRDA:397,25,0,0
BRDA:397,25,1,0
BRF:62
BRH:0
end_of_record
TN:
SF:GodotBridgePure/cliHarness.ts
FN:2,(anonymous_0)
FN:9,printUsage
FN:31,loadConfig
FN:54,main
FNF:4
FNH:0
FNDA:0,(anonymous_0)
FNDA:0,printUsage
FNDA:0,loadConfig
FNDA:0,main
DA:2,0
DA:3,0
DA:5,0
DA:6,0
DA:7,0
DA:8,0
DA:10,0
DA:32,0
DA:42,0
DA:43,0
DA:45,0
DA:46,0
DA:47,0
DA:50,0
DA:51,0
DA:55,0
DA:56,0
DA:57,0
DA:58,0
DA:60,0
DA:62,0
DA:63,0
DA:65,0
DA:66,0
DA:67,0
DA:69,0
DA:70,0
DA:71,0
DA:72,0
DA:73,0
DA:74,0
DA:75,0
DA:77,0
DA:78,0
DA:79,0
DA:81,0
DA:82,0
DA:83,0
DA:84,0
DA:85,0
DA:86,0
DA:87,0
DA:89,0
DA:90,0
DA:91,0
DA:93,0
DA:94,0
DA:95,0
DA:96,0
DA:97,0
DA:98,0
DA:99,0
DA:101,0
DA:102,0
DA:103,0
DA:105,0
DA:107,0
DA:119,0
DA:121,0
DA:122,0
DA:123,0
DA:126,0
DA:129,0
DA:134,0
DA:135,0
DA:138,0
DA:139,0
LF:67
LH:0
BRDA:2,0,0,0
BRDA:2,0,1,0
BRDA:2,0,2,0
BRDA:3,1,0,0
BRDA:3,1,1,0
BRDA:3,2,0,0
BRDA:3,2,1,0
BRDA:42,3,0,0
BRDA:42,3,1,0
BRDA:56,4,0,0
BRDA:56,4,1,0
BRDA:63,5,0,0
BRDA:63,5,1,0
BRDA:63,5,2,0
BRDA:63,5,3,0
BRDA:63,5,4,0
BRDA:65,6,0,0
BRDA:65,6,1,0
BRDA:77,7,0,0
BRDA:77,7,1,0
BRDA:89,8,0,0
BRDA:89,8,1,0
BRDA:101,9,0,0
BRDA:101,9,1,0
BRDA:132,10,0,0
BRDA:132,10,1,0
BRDA:138,11,0,0
BRDA:138,11,1,0
BRF:28
BRH:0
end_of_record
TN:
SF:InventoryPure/cliHarness.ts
FN:3,(anonymous_0)
FN:8,run
FN:11,(anonymous_2)
FN:12,(anonymous_3)
FN:24,(anonymous_4)
FN:26,main
FNF:6
FNH:0
FNDA:0,(anonymous_0)
FNDA:0,run
FNDA:0,(anonymous_2)
FNDA:0,(anonymous_3)
FNDA:0,(anonymous_4)
FNDA:0,main
DA:3,0
DA:4,0
DA:6,0
DA:7,0
DA:9,0
DA:10,0
DA:11,0
DA:12,0
DA:13,0
DA:14,0
DA:15,0
DA:16,0
DA:17,0
DA:18,0
DA:19,0
DA:20,0
DA:21,0
DA:22,0
DA:24,0
DA:27,0
DA:28,0
DA:29,0
DA:30,0
DA:32,0
DA:33,0
DA:34,0
DA:36,0
DA:37,0
LF:28
LH:0
BRDA:3,0,0,0
BRDA:3,0,1,0
BRDA:3,0,2,0
BRDA:4,1,0,0
BRDA:4,1,1,0
BRDA:4,2,0,0
BRDA:4,2,1,0
BRDA:11,3,0,0
BRDA:11,4,0,0
BRDA:11,4,1,0
BRDA:12,5,0,0
BRDA:12,6,0,0
BRDA:12,6,1,0
BRDA:12,7,0,0
BRDA:12,7,1,0
BRDA:17,8,0,0
BRDA:17,8,1,0
BRDA:17,9,0,0
BRDA:17,9,1,0
BRDA:18,10,0,0
BRDA:18,10,1,0
BRDA:19,11,0,0
BRDA:19,11,1,0
BRDA:19,12,0,0
BRDA:19,12,1,0
BRDA:20,13,0,0
BRDA:20,13,1,0
BRDA:21,14,0,0
BRDA:21,14,1,0
BRDA:28,15,0,0
BRDA:28,15,1,0
BRDA:36,16,0,0
BRDA:36,16,1,0
BRF:33
BRH:0
end_of_record
TN:
SF:LicenseAuditPure/Manager.ts
FN:5,(anonymous_0)
FN:20,(anonymous_1)
FN:23,(anonymous_2)
FN:26,(anonymous_3)
FN:127,(anonymous_4)
FN:139,(anonymous_5)
FN:159,(anonymous_6)
FN:201,(anonymous_7)
FN:259,(anonymous_8)
FN:272,(anonymous_9)
FN:283,(anonymous_10)
FN:288,(anonymous_11)
FN:318,(anonymous_12)
FN:322,(anonymous_13)
FN:325,(anonymous_14)
FN:359,(anonymous_15)
FN:362,(anonymous_16)
FN:365,(anonymous_17)
FN:366,(anonymous_18)
FN:368,(anonymous_19)
FN:369,(anonymous_20)
FN:371,(anonymous_21)
FN:391,(anonymous_22)
FN:393,(anonymous_23)
FN:394,(anonymous_24)
FN:414,(anonymous_25)
FNF:26
FNH:0
FNDA:0,(anonymous_0)
FNDA:0,(anonymous_1)
FNDA:0,(anonymous_2)
FNDA:0,(anonymous_3)
FNDA:0,(anonymous_4)
FNDA:0,(anonymous_5)
FNDA:0,(anonymous_6)
FNDA:0,(anonymous_7)
FNDA:0,(anonymous_8)
FNDA:0,(anonymous_9)
FNDA:0,(anonymous_10)
FNDA:0,(anonymous_11)
FNDA:0,(anonymous_12)
FNDA:0,(anonymous_13)
FNDA:0,(anonymous_14)
FNDA:0,(anonymous_15)
FNDA:0,(anonymous_16)
FNDA:0,(anonymous_17)
FNDA:0,(anonymous_18)
FNDA:0,(anonymous_19)
FNDA:0,(anonymous_20)
FNDA:0,(anonymous_21)
FNDA:0,(anonymous_22)
FNDA:0,(anonymous_23)
FNDA:0,(anonymous_24)
FNDA:0,(anonymous_25)
DA:2,0
DA:3,0
DA:6,0
DA:7,0
DA:8,0
DA:18,0
DA:21,0
DA:24,0
DA:27,0
DA:29,0
DA:51,0
DA:68,0
DA:88,0
DA:108,0
DA:125,0
DA:128,0
DA:130,0
DA:131,0
DA:132,0
DA:133,0
DA:134,0
DA:135,0
DA:136,0
DA:137,0
DA:139,0
DA:140,0
DA:142,0
DA:143,0
DA:145,0
DA:146,0
DA:148,0
DA:149,0
DA:153,0
DA:154,0
DA:155,0
DA:156,0
DA:157,0
DA:160,0
DA:162,0
DA:163,0
DA:171,0
DA:172,0
DA:173,0
DA:182,0
DA:183,0
DA:191,0
DA:192,0
DA:199,0
DA:202,0
DA:203,0
DA:204,0
DA:206,0
DA:207,0
DA:208,0
DA:209,0
DA:216,0
DA:228,0
DA:231,0
DA:232,0
DA:234,0
DA:235,0
DA:243,0
DA:244,0
DA:245,0
DA:248,0
DA:249,0
DA:251,0
DA:252,0
DA:254,0
DA:255,0
DA:257,0
DA:260,0
DA:262,0
DA:263,0
DA:264,0
DA:272,0
DA:273,0
DA:274,0
DA:281,0
DA:286,0
DA:287,0
DA:288,0
DA:289,0
DA:290,0
DA:292,0
DA:293,0
DA:295,0
DA:296,0
DA:297,0
DA:298,0
DA:299,0
DA:300,0
DA:301,0
DA:302,0
DA:303,0
DA:307,0
DA:308,0
DA:310,0
DA:311,0
DA:312,0
DA:313,0
DA:316,0
DA:319,0
DA:321,0
DA:322,0
DA:323,0
DA:325,0
DA:326,0
DA:329,0
DA:340,0
DA:341,0
DA:360,0
DA:363,0
DA:366,0
DA:369,0
DA:372,0
DA:377,0
DA:389,0
DA:390,0
DA:391,0
DA:393,0
DA:394,0
DA:395,0
DA:397,0
DA:398,0
DA:400,0
DA:402,0
DA:403,0
DA:406,0
DA:415,0
DA:418,0
LF:131
LH:0
BRDA:5,0,0,0
BRDA:130,1,0,0
BRDA:130,1,1,0
BRDA:132,2,0,0
BRDA:132,2,1,0
BRDA:134,3,0,0
BRDA:134,3,1,0
BRDA:136,4,0,0
BRDA:136,4,1,0
BRDA:140,5,0,0
BRDA:140,5,1,0
BRDA:140,5,2,0
BRDA:153,6,0,0
BRDA:153,6,1,0
BRDA:153,7,0,0
BRDA:153,7,1,0
BRDA:155,8,0,0
BRDA:155,8,1,0
BRDA:162,9,0,0
BRDA:162,9,1,0
BRDA:171,10,0,0
BRDA:171,10,1,0
BRDA:171,11,0,0
BRDA:171,11,1,0
BRDA:172,12,0,0
BRDA:172,12,1,0
BRDA:182,13,0,0
BRDA:182,13,1,0
BRDA:182,14,0,0
BRDA:182,14,1,0
BRDA:191,15,0,0
BRDA:191,15,1,0
BRDA:191,16,0,0
BRDA:191,16,1,0
BRDA:201,17,0,0
BRDA:201,18,0,0
BRDA:207,19,0,0
BRDA:207,19,1,0
BRDA:208,20,0,0
BRDA:208,20,1,0
BRDA:234,21,0,0
BRDA:234,21,1,0
BRDA:234,22,0,0
BRDA:234,22,1,0
BRDA:243,23,0,0
BRDA:243,23,1,0
BRDA:243,24,0,0
BRDA:243,24,1,0
BRDA:248,25,0,0
BRDA:248,25,1,0
BRDA:251,26,0,0
BRDA:251,26,1,0
BRDA:254,27,0,0
BRDA:254,27,1,0
BRDA:263,28,0,0
BRDA:263,28,1,0
BRDA:273,29,0,0
BRDA:273,29,1,0
BRDA:289,30,0,0
BRDA:289,30,1,0
BRDA:292,31,0,0
BRDA:292,31,1,0
BRDA:298,32,0,0
BRDA:298,32,1,0
BRDA:301,33,0,0
BRDA:301,33,1,0
BRDA:312,34,0,0
BRDA:312,34,1,0
BRDA:322,35,0,0
BRDA:322,35,1,0
BRDA:325,36,0,0
BRDA:325,36,1,0
BRDA:325,37,0,0
BRDA:325,37,1,0
BRDA:360,38,0,0
BRDA:360,38,1,0
BRDA:393,39,0,0
BRDA:393,39,1,0
BRDA:394,40,0,0
BRDA:394,40,1,0
BRDA:394,41,0,0
BRDA:394,41,1,0
BRDA:398,42,0,0
BRDA:398,42,1,0
BRDA:402,43,0,0
BRDA:402,43,1,0
BRDA:402,44,0,0
BRDA:402,44,1,0
BRDA:410,45,0,0
BRDA:410,45,1,0
BRF:90
BRH:0
end_of_record
TN:
SF:LicenseAuditPure/cliHarness.ts
FN:2,(anonymous_0)
FN:9,main
FNF:2
FNH:0
FNDA:0,(anonymous_0)
FNDA:0,main
DA:2,0
DA:3,0
DA:5,0
DA:6,0
DA:7,0
DA:8,0
DA:10,0
DA:11,0
DA:12,0
DA:14,0
DA:15,0
DA:16,0
DA:19,0
DA:22,0
DA:23,0
DA:24,0
DA:26,0
DA:27,0
DA:29,0
DA:30,0
DA:36,0
DA:38,0
DA:39,0
DA:46,0
DA:48,0
DA:49,0
DA:55,0
DA:57,0
DA:62,0
DA:64,0
DA:65,0
DA:71,0
DA:73,0
DA:80,0
DA:82,0
DA:83,0
LF:36
LH:0
BRDA:2,0,0,0
BRDA:2,0,1,0
BRDA:2,0,2,0
BRDA:3,1,0,0
BRDA:3,1,1,0
BRDA:3,2,0,0
BRDA:3,2,1,0
BRDA:10,3,0,0
BRDA:10,3,1,0
BRDA:11,4,0,0
BRDA:11,4,1,0
BRDA:14,5,0,0
BRDA:14,5,1,0
BRDA:14,6,0,0
BRDA:14,6,1,0
BRDA:19,7,0,0
BRDA:19,7,1,0
BRDA:19,8,0,0
BRDA:19,8,1,0
BRDA:24,9,0,0
BRDA:24,9,1,0
BRDA:24,9,2,0
BRDA:24,9,3,0
BRDA:24,9,4,0
BRDA:24,9,5,0
BRDA:24,9,6,0
BRDA:26,10,0,0
BRDA:26,10,1,0
BRDA:26,11,0,0
BRDA:26,11,1,0
BRDA:32,12,0,0
BRDA:32,12,1,0
BRDA:38,13,0,0
BRDA:38,13,1,0
BRDA:42,14,0,0
BRDA:42,14,1,0
BRDA:67,15,0,0
BRDA:67,15,1,0
BRDA:82,16,0,0
BRDA:82,16,1,0
BRF:40
BRH:0
end_of_record
TN:
SF:LicenseAuditPure/override.ts
FN:4,getOverride
FN:6,(anonymous_1)
FN:17,(anonymous_2)
FN:67,(anonymous_3)
FNF:4
FNH:0
FNDA:0,getOverride
FNDA:0,(anonymous_1)
FNDA:0,(anonymous_2)
FNDA:0,(anonymous_3)
DA:2,0
DA:3,0
DA:5,0
DA:8,0
DA:9,0
DA:12,0
DA:13,0
DA:15,0
DA:19,0
DA:65,0
DA:69,0
DA:89,0
LF:12
LH:0
BRDA:8,0,0,0
BRDA:8,0,1,0
BRDA:8,1,0,0
BRDA:8,1,1,0
BRDA:12,2,0,0
BRDA:12,2,1,0
BRDA:12,3,0,0
BRDA:12,3,1,0
BRDA:65,4,0,0
BRDA:65,4,1,0
BRDA:89,5,0,0
BRDA:89,5,1,0
BRF:12
BRH:0
end_of_record
TN:
SF:LootTablesPure/Manager.ts
FN:5,(anonymous_0)
FN:8,(anonymous_1)
FN:9,(anonymous_2)
FN:10,(anonymous_3)
FN:11,(anonymous_4)
FN:16,(anonymous_5)
FN:18,(anonymous_6)
FN:18,(anonymous_7)
FNF:8
FNH:0
FNDA:0,(anonymous_0)
FNDA:0,(anonymous_1)
FNDA:0,(anonymous_2)
FNDA:0,(anonymous_3)
FNDA:0,(anonymous_4)
FNDA:0,(anonymous_5)
FNDA:0,(anonymous_6)
FNDA:0,(anonymous_7)
DA:2,0
DA:3,0
DA:6,0
DA:8,0
DA:9,0
DA:10,0
DA:12,0
DA:13,0
DA:14,0
DA:16,0
DA:17,0
DA:18,0
DA:19,0
DA:22,0
LF:14
LH:0
BRDA:13,0,0,0
BRDA:13,0,1,0
BRDA:18,1,0,0
BRDA:18,1,1,0
BRF:4
BRH:0
end_of_record
TN:
SF:LootTablesPure/cliHarness.ts
FN:3,(anonymous_0)
FN:10,main
FNF:2
FNH:0
FNDA:0,(anonymous_0)
FNDA:0,main
DA:3,0
DA:4,0
DA:6,0
DA:7,0
DA:8,0
DA:9,0
DA:11,0
DA:12,0
DA:13,0
DA:14,0
DA:15,0
DA:16,0
DA:17,0
DA:19,0
DA:20,0
DA:21,0
DA:22,0
DA:23,0
DA:24,0
DA:25,0
DA:26,0
DA:27,0
DA:28,0
DA:29,0
DA:31,0
DA:33,0
DA:34,0
LF:27
LH:0
BRDA:3,0,0,0
BRDA:3,0,1,0
BRDA:3,0,2,0
BRDA:4,1,0,0
BRDA:4,1,1,0
BRDA:4,2,0,0
BRDA:4,2,1,0
BRDA:11,3,0,0
BRDA:11,3,1,0
BRDA:12,4,0,0
BRDA:12,4,1,0
BRDA:14,5,0,0
BRDA:14,5,1,0
BRDA:19,6,0,0
BRDA:19,6,1,0
BRDA:22,7,0,0
BRDA:22,7,1,0
BRDA:24,8,0,0
BRDA:24,8,1,0
BRDA:26,9,0,0
BRDA:26,9,1,0
BRDA:28,10,0,0
BRDA:28,10,1,0
BRDA:33,11,0,0
BRDA:33,11,1,0
BRF:25
BRH:0
end_of_record
TN:
SF:LorePure/cliHarness.ts
FN:3,(anonymous_0)
FN:9,(anonymous_1)
FN:14,(anonymous_2)
FN:18,(anonymous_3)
FN:20,(anonymous_4)
FN:22,(anonymous_5)
FN:23,(anonymous_6)
FN:23,(anonymous_7)
FN:24,(anonymous_8)
FN:26,run
FN:40,(anonymous_10)
FN:46,main
FNF:12
FNH:0
FNDA:0,(anonymous_0)
FNDA:0,(anonymous_1)
FNDA:0,(anonymous_2)
FNDA:0,(anonymous_3)
FNDA:0,(anonymous_4)
FNDA:0,(anonymous_5)
FNDA:0,(anonymous_6)
FNDA:0,(anonymous_7)
FNDA:0,(anonymous_8)
FNDA:0,run
FNDA:0,(anonymous_10)
FNDA:0,main
DA:3,0
DA:4,0
DA:6,0
DA:7,0
DA:10,0
DA:15,0
DA:16,0
DA:18,0
DA:19,0
DA:20,0
DA:21,0
DA:22,0
DA:23,0
DA:24,0
DA:27,0
DA:28,0
DA:29,0
DA:30,0
DA:31,0
DA:32,0
DA:34,0
DA:35,0
DA:36,0
DA:38,0
DA:39,0
DA:40,0
DA:42,0
DA:44,0
DA:47,0
DA:48,0
DA:49,0
DA:50,0
DA:52,0
DA:53,0
DA:54,0
DA:56,0
DA:57,0
LF:37
LH:0
BRDA:3,0,0,0
BRDA:3,0,1,0
BRDA:3,0,2,0
BRDA:4,1,0,0
BRDA:4,1,1,0
BRDA:4,2,0,0
BRDA:4,2,1,0
BRDA:20,3,0,0
BRDA:20,3,1,0
BRDA:30,4,0,0
BRDA:30,4,1,0
BRDA:34,5,0,0
BRDA:34,5,1,0
BRDA:38,6,0,0
BRDA:38,6,1,0
BRDA:42,7,0,0
BRDA:42,7,1,0
BRDA:48,8,0,0
BRDA:48,8,1,0
BRDA:56,9,0,0
BRDA:56,9,1,0
BRF:21
BRH:0
end_of_record
TN:
SF:MiffAttributionPure/Manager.ts
FN:5,(anonymous_0)
FN:8,(anonymous_1)
FN:11,(anonymous_2)
FN:21,(anonymous_3)
FN:34,(anonymous_4)
FN:37,(anonymous_5)
FN:88,(anonymous_6)
FN:91,(anonymous_7)
FN:94,(anonymous_8)
FNF:9
FNH:0
FNDA:0,(anonymous_0)
FNDA:0,(anonymous_1)
FNDA:0,(anonymous_2)
FNDA:0,(anonymous_3)
FNDA:0,(anonymous_4)
FNDA:0,(anonymous_5)
FNDA:0,(anonymous_6)
FNDA:0,(anonymous_7)
FNDA:0,(anonymous_8)
DA:2,0
DA:3,0
DA:6,0
DA:9,0
DA:12,0
DA:22,0
DA:35,0
DA:38,0
DA:39,0
DA:40,0
DA:41,0
DA:42,0
DA:49,0
DA:50,0
DA:51,0
DA:52,0
DA:53,0
DA:54,0
DA:55,0
DA:61,0
DA:62,0
DA:64,0
DA:65,0
DA:67,0
DA:68,0
DA:70,0
DA:79,0
DA:80,0
DA:89,0
DA:92,0
DA:95,0
DA:96,0
DA:101,0
DA:104,0
LF:34
LH:0
BRDA:40,0,0,0
BRDA:40,0,1,0
BRDA:41,1,0,0
BRDA:41,1,1,0
BRDA:50,2,0,0
BRDA:50,2,1,0
BRDA:52,3,0,0
BRDA:52,3,1,0
BRDA:53,4,0,0
BRDA:53,4,1,0
BRDA:61,5,0,0
BRDA:61,5,1,0
BRDA:64,6,0,0
BRDA:64,6,1,0
BRDA:67,7,0,0
BRDA:67,7,1,0
BRDA:79,8,0,0
BRDA:79,8,1,0
BRDA:89,9,0,0
BRDA:89,9,1,0
BRDA:92,10,0,0
BRDA:92,10,1,0
BRDA:96,11,0,0
BRDA:96,11,1,0
BRDA:98,12,0,0
BRDA:98,12,1,0
BRF:26
BRH:0
end_of_record
TN:
SF:MiffAttributionPure/cliHarness.ts
FN:2,(anonymous_0)
FN:10,main
FNF:2
FNH:0
FNDA:0,(anonymous_0)
FNDA:0,main
DA:2,0
DA:3,0
DA:5,0
DA:6,0
DA:7,0
DA:8,0
DA:9,0
DA:11,0
DA:12,0
DA:13,0
DA:14,0
DA:15,0
DA:16,0
DA:17,0
DA:18,0
DA:19,0
DA:20,0
DA:21,0
DA:22,0
DA:24,0
DA:26,0
DA:27,0
LF:22
LH:0
BRDA:2,0,0,0
BRDA:2,0,1,0
BRDA:2,0,2,0
BRDA:3,1,0,0
BRDA:3,1,1,0
BRDA:3,2,0,0
BRDA:3,2,1,0
BRDA:11,3,0,0
BRDA:11,3,1,0
BRDA:12,4,0,0
BRDA:12,4,1,0
BRDA:15,5,0,0
BRDA:15,5,1,0
BRDA:17,6,0,0
BRDA:17,6,1,0
BRDA:18,7,0,0
BRDA:18,7,1,0
BRDA:21,8,0,0
BRDA:21,8,1,0
BRDA:26,9,0,0
BRDA:26,9,1,0
BRF:21
BRH:0
end_of_record
TN:
SF:MiffAttributionPure/override.ts
FN:4,getOverride
FN:7,(anonymous_1)
FN:8,(anonymous_2)
FNF:3
FNH:0
FNDA:0,getOverride
FNDA:0,(anonymous_1)
FNDA:0,(anonymous_2)
DA:2,0
DA:3,0
DA:6,0
DA:7,0
LF:4
LH:0
BRF:0
BRH:0
end_of_record
TN:
SF:MovementPure/cliHarness.ts
FN:3,(anonymous_0)
FN:8,run
FN:33,main
FNF:3
FNH:0
FNDA:0,(anonymous_0)
FNDA:0,run
FNDA:0,main
DA:3,0
DA:4,0
DA:6,0
DA:7,0
DA:9,0
DA:10,0
DA:11,0
DA:12,0
DA:13,0
DA:14,0
DA:15,0
DA:16,0
DA:17,0
DA:18,0
DA:20,0
DA:21,0
DA:22,0
DA:23,0
DA:24,0
DA:25,0
DA:27,0
DA:28,0
DA:31,0
DA:34,0
DA:35,0
DA:36,0
DA:37,0
DA:39,0
DA:40,0
DA:41,0
DA:43,0
DA:44,0
LF:32
LH:0
BRDA:3,0,0,0
BRDA:3,0,1,0
BRDA:3,0,2,0
BRDA:4,1,0,0
BRDA:4,1,1,0
BRDA:4,2,0,0
BRDA:4,2,1,0
BRDA:12,3,0,0
BRDA:12,3,1,0
BRDA:13,4,0,0
BRDA:13,4,1,0
BRDA:15,5,0,0
BRDA:15,5,1,0
BRDA:20,6,0,0
BRDA:20,6,1,0
BRDA:21,7,0,0
BRDA:21,7,1,0
BRDA:27,8,0,0
BRDA:27,8,1,0
BRDA:35,9,0,0
BRDA:35,9,1,0
BRDA:43,10,0,0
BRDA:43,10,1,0
BRF:23
BRH:0
end_of_record
TN:
SF:NPCsPure/Manager.ts
FN:5,(anonymous_0)
FN:9,(anonymous_1)
FN:62,(anonymous_2)
FN:64,(anonymous_3)
FN:79,(anonymous_4)
FN:96,(anonymous_5)
FN:110,(anonymous_6)
FN:125,(anonymous_7)
FN:128,(anonymous_8)
FN:149,(anonymous_9)
FN:166,(anonymous_10)
FN:206,(anonymous_11)
FN:207,(anonymous_12)
FN:209,(anonymous_13)
FN:210,(anonymous_14)
FN:212,(anonymous_15)
FN:213,(anonymous_16)
FNF:17
FNH:0
FNDA:0,(anonymous_0)
FNDA:0,(anonymous_1)
FNDA:0,(anonymous_2)
FNDA:0,(anonymous_3)
FNDA:0,(anonymous_4)
FNDA:0,(anonymous_5)
FNDA:0,(anonymous_6)
FNDA:0,(anonymous_7)
FNDA:0,(anonymous_8)
FNDA:0,(anonymous_9)
FNDA:0,(anonymous_10)
FNDA:0,(anonymous_11)
FNDA:0,(anonymous_12)
FNDA:0,(anonymous_13)
FNDA:0,(anonymous_14)
FNDA:0,(anonymous_15)
FNDA:0,(anonymous_16)
DA:2,0
DA:3,0
DA:6,0
DA:7,0
DA:11,0
DA:62,0
DA:65,0
DA:66,0
DA:72,0
DA:73,0
DA:80,0
DA:81,0
DA:82,0
DA:88,0
DA:89,0
DA:90,0
DA:97,0
DA:99,0
DA:104,0
DA:105,0
DA:111,0
DA:112,0
DA:113,0
DA:119,0
DA:126,0
DA:127,0
DA:128,0
DA:129,0
DA:130,0
DA:131,0
DA:132,0
DA:133,0
DA:134,0
DA:135,0
DA:136,0
DA:137,0
DA:138,0
DA:140,0
DA:143,0
DA:150,0
DA:151,0
DA:152,0
DA:158,0
DA:164,0
DA:165,0
DA:166,0
DA:167,0
DA:168,0
DA:172,0
DA:174,0
DA:175,0
DA:177,0
DA:178,0
DA:180,0
DA:181,0
DA:183,0
DA:186,0
DA:188,0
DA:189,0
DA:191,0
DA:192,0
DA:194,0
DA:195,0
DA:197,0
DA:199,0
DA:207,0
DA:210,0
DA:213,0
DA:216,0
LF:69
LH:0
BRDA:65,0,0,0
BRDA:65,0,1,0
BRDA:81,1,0,0
BRDA:81,1,1,0
BRDA:97,2,0,0
BRDA:97,2,1,0
BRDA:112,3,0,0
BRDA:112,3,1,0
BRDA:127,4,0,0
BRDA:127,4,1,0
BRDA:129,5,0,0
BRDA:129,5,1,0
BRDA:129,6,0,0
BRDA:129,6,1,0
BRDA:131,7,0,0
BRDA:131,7,1,0
BRDA:131,8,0,0
BRDA:131,8,1,0
BRDA:133,9,0,0
BRDA:133,9,1,0
BRDA:133,10,0,0
BRDA:133,10,1,0
BRDA:135,11,0,0
BRDA:135,11,1,0
BRDA:137,12,0,0
BRDA:137,12,1,0
BRDA:151,13,0,0
BRDA:151,13,1,0
BRDA:165,14,0,0
BRDA:165,14,1,0
BRDA:167,15,0,0
BRDA:167,15,1,0
BRDA:172,16,0,0
BRDA:172,16,1,0
BRDA:172,16,2,0
BRDA:172,16,3,0
BRDA:186,17,0,0
BRDA:186,17,1,0
BRDA:186,17,2,0
BRDA:186,17,3,0
BRF:40
BRH:0
end_of_record
TN:
SF:NPCsPure/cliHarness.ts
FN:2,(anonymous_0)
FN:9,printUsage
FN:32,parseFilter
FN:50,main
FNF:4
FNH:0
FNDA:0,(anonymous_0)
FNDA:0,printUsage
FNDA:0,parseFilter
FNDA:0,main
DA:2,0
DA:3,0
DA:5,0
DA:6,0
DA:7,0
DA:8,0
DA:10,0
DA:33,0
DA:34,0
DA:35,0
DA:36,0
DA:37,0
DA:41,0
DA:42,0
DA:44,0
DA:45,0
DA:48,0
DA:51,0
DA:52,0
DA:53,0
DA:54,0
DA:56,0
DA:58,0
DA:59,0
DA:61,0
DA:62,0
DA:63,0
DA:64,0
DA:66,0
DA:67,0
DA:68,0
DA:70,0
DA:71,0
DA:72,0
DA:73,0
DA:75,0
DA:76,0
DA:77,0
DA:79,0
DA:80,0
DA:81,0
DA:82,0
DA:83,0
DA:85,0
DA:86,0
DA:87,0
DA:89,0
DA:90,0
DA:92,0
DA:93,0
DA:94,0
DA:96,0
DA:97,0
DA:99,0
DA:100,0
DA:101,0
DA:103,0
DA:104,0
DA:105,0
DA:106,0
DA:107,0
DA:109,0
DA:110,0
DA:113,0
DA:114,0
DA:115,0
DA:117,0
DA:118,0
DA:119,0
DA:122,0
DA:125,0
DA:130,0
DA:131,0
DA:134,0
DA:135,0
LF:75
LH:0
BRDA:2,0,0,0
BRDA:2,0,1,0
BRDA:2,0,2,0
BRDA:3,1,0,0
BRDA:3,1,1,0
BRDA:3,2,0,0
BRDA:3,2,1,0
BRDA:35,3,0,0
BRDA:35,3,1,0
BRDA:37,4,0,0
BRDA:37,4,1,0
BRDA:37,4,2,0
BRDA:37,4,3,0
BRDA:52,5,0,0
BRDA:52,5,1,0
BRDA:59,6,0,0
BRDA:59,6,1,0
BRDA:59,6,2,0
BRDA:59,6,3,0
BRDA:59,6,4,0
BRDA:59,6,5,0
BRDA:59,6,6,0
BRDA:59,6,7,0
BRDA:62,7,0,0
BRDA:62,7,1,0
BRDA:66,8,0,0
BRDA:66,8,1,0
BRDA:75,9,0,0
BRDA:75,9,1,0
BRDA:85,10,0,0
BRDA:85,10,1,0
BRDA:92,11,0,0
BRDA:92,11,1,0
BRDA:99,12,0,0
BRDA:99,12,1,0
BRDA:105,13,0,0
BRDA:105,13,1,0
BRDA:128,14,0,0
BRDA:128,14,1,0
BRDA:134,15,0,0
BRDA:134,15,1,0
BRF:41
BRH:0
end_of_record
TN:
SF:PathfindingPure/PathfindingManager.ts
FN:5,(anonymous_0)
FN:8,(anonymous_1)
FN:9,(anonymous_2)
FN:10,(anonymous_3)
FN:11,(anonymous_4)
FN:11,(anonymous_5)
FN:12,(anonymous_6)
FN:13,(anonymous_7)
FN:14,(anonymous_8)
FNF:9
FNH:0
FNDA:0,(anonymous_0)
FNDA:0,(anonymous_1)
FNDA:0,(anonymous_2)
FNDA:0,(anonymous_3)
FNDA:0,(anonymous_4)
FNDA:0,(anonymous_5)
FNDA:0,(anonymous_6)
FNDA:0,(anonymous_7)
FNDA:0,(anonymous_8)
DA:2,0
DA:3,0
DA:6,0
DA:8,0
DA:9,0
DA:10,0
DA:11,0
DA:12,0
DA:14,0
DA:15,0
DA:16,0
DA:17,0
DA:18,0
DA:19,0
DA:20,0
DA:21,0
DA:23,0
DA:26,0
DA:27,0
DA:28,0
DA:29,0
DA:30,0
DA:31,0
DA:32,0
DA:33,0
DA:34,0
DA:37,0
DA:38,0
DA:39,0
DA:40,0
DA:41,0
DA:42,0
DA:43,0
DA:44,0
DA:46,0
DA:49,0
LF:36
LH:0
BRDA:11,0,0,0
BRDA:11,0,1,0
BRDA:12,1,0,0
BRDA:12,1,1,0
BRDA:12,1,2,0
BRDA:12,1,3,0
BRDA:20,2,0,0
BRDA:20,2,1,0
BRDA:20,3,0,0
BRDA:20,3,1,0
BRDA:23,4,0,0
BRDA:23,4,1,0
BRDA:29,5,0,0
BRDA:29,5,1,0
BRDA:29,6,0,0
BRDA:29,6,1,0
BRDA:31,7,0,0
BRDA:31,7,1,0
BRDA:39,8,0,0
BRDA:39,8,1,0
BRF:20
BRH:0
end_of_record
TN:
SF:PathfindingPure/cliHarness.ts
FN:3,(anonymous_0)
FN:10,main
FNF:2
FNH:0
FNDA:0,(anonymous_0)
FNDA:0,main
DA:3,0
DA:4,0
DA:6,0
DA:7,0
DA:8,0
DA:9,0
DA:11,0
DA:12,0
DA:13,0
DA:14,0
DA:15,0
DA:16,0
DA:18,0
DA:19,0
DA:20,0
DA:21,0
DA:22,0
DA:23,0
DA:24,0
DA:25,0
DA:27,0
DA:28,0
DA:29,0
DA:30,0
DA:32,0
DA:34,0
DA:35,0
LF:27
LH:0
BRDA:3,0,0,0
BRDA:3,0,1,0
BRDA:3,0,2,0
BRDA:4,1,0,0
BRDA:4,1,1,0
BRDA:4,2,0,0
BRDA:4,2,1,0
BRDA:11,3,0,0
BRDA:11,3,1,0
BRDA:12,4,0,0
BRDA:12,4,1,0
BRDA:14,5,0,0
BRDA:14,5,1,0
BRDA:18,6,0,0
BRDA:18,6,1,0
BRDA:21,7,0,0
BRDA:21,7,1,0
BRDA:23,8,0,0
BRDA:23,8,1,0
BRDA:27,9,0,0
BRDA:27,9,1,0
BRDA:29,10,0,0
BRDA:29,10,1,0
BRDA:34,11,0,0
BRDA:34,11,1,0
BRF:25
BRH:0
end_of_record
TN:
SF:PhysicsSystemPure/Manager.ts
FN:5,(anonymous_0)
FN:10,(anonymous_1)
FN:18,(anonymous_2)
FN:19,(anonymous_3)
FN:25,(anonymous_4)
FN:46,(anonymous_5)
FN:50,(anonymous_6)
FN:51,(anonymous_7)
FN:52,(anonymous_8)
FNF:9
FNH:0
FNDA:0,(anonymous_0)
FNDA:0,(anonymous_1)
FNDA:0,(anonymous_2)
FNDA:0,(anonymous_3)
FNDA:0,(anonymous_4)
FNDA:0,(anonymous_5)
FNDA:0,(anonymous_6)
FNDA:0,(anonymous_7)
FNDA:0,(anonymous_8)
DA:2,0
DA:3,0
DA:6,0
DA:7,0
DA:8,0
DA:11,0
DA:12,0
DA:13,0
DA:14,0
DA:15,0
DA:18,0
DA:20,0
DA:21,0
DA:22,0
DA:23,0
DA:26,0
DA:27,0
DA:28,0
DA:29,0
DA:31,0
DA:32,0
DA:34,0
DA:35,0
DA:36,0
DA:38,0
DA:39,0
DA:40,0
DA:41,0
DA:42,0
DA:44,0
DA:47,0
DA:48,0
DA:50,0
DA:51,0
DA:53,0
DA:60,0
LF:36
LH:0
BRDA:12,0,0,0
BRDA:12,0,1,0
BRDA:13,1,0,0
BRDA:13,1,1,0
BRDA:20,2,0,0
BRDA:20,2,1,0
BRDA:28,3,0,0
BRDA:28,3,1,0
BRDA:29,4,0,0
BRDA:29,4,1,0
BRDA:48,5,0,0
BRDA:48,5,1,0
BRF:12
BRH:0
end_of_record
TN:
SF:PhysicsSystemPure/cliHarness.ts
FN:3,(anonymous_0)
FN:10,main
FNF:2
FNH:0
FNDA:0,(anonymous_0)
FNDA:0,main
DA:3,0
DA:4,0
DA:6,0
DA:7,0
DA:8,0
DA:9,0
DA:11,0
DA:12,0
DA:13,0
DA:14,0
DA:15,0
DA:16,0
DA:18,0
DA:19,0
DA:20,0
DA:21,0
DA:22,0
DA:23,0
DA:24,0
DA:25,0
DA:26,0
DA:27,0
DA:28,0
DA:30,0
DA:32,0
DA:33,0
LF:26
LH:0
BRDA:3,0,0,0
BRDA:3,0,1,0
BRDA:3,0,2,0
BRDA:4,1,0,0
BRDA:4,1,1,0
BRDA:4,2,0,0
BRDA:4,2,1,0
BRDA:11,3,0,0
BRDA:11,3,1,0
BRDA:12,4,0,0
BRDA:12,4,1,0
BRDA:14,5,0,0
BRDA:14,5,1,0
BRDA:18,6,0,0
BRDA:18,6,1,0
BRDA:21,7,0,0
BRDA:21,7,1,0
BRDA:23,8,0,0
BRDA:23,8,1,0
BRDA:25,9,0,0
BRDA:25,9,1,0
BRDA:27,10,0,0
BRDA:27,10,1,0
BRDA:32,11,0,0
BRDA:32,11,1,0
BRF:25
BRH:0
end_of_record
TN:
SF:QuestScenarioPure/cliHarness.ts
FN:3,(anonymous_0)
FN:9,runScenario
FN:22,main
FNF:3
FNH:0
FNDA:0,(anonymous_0)
FNDA:0,runScenario
FNDA:0,main
DA:3,0
DA:4,0
DA:6,0
DA:7,0
DA:8,0
DA:10,0
DA:12,0
DA:13,0
DA:14,0
DA:15,0
DA:16,0
DA:17,0
DA:18,0
DA:19,0
DA:20,0
DA:23,0
DA:24,0
DA:25,0
DA:26,0
DA:27,0
DA:28,0
DA:30,0
DA:31,0
DA:33,0
DA:34,0
LF:25
LH:0
BRDA:3,0,0,0
BRDA:3,0,1,0
BRDA:3,0,2,0
BRDA:4,1,0,0
BRDA:4,1,1,0
BRDA:4,2,0,0
BRDA:4,2,1,0
BRDA:13,3,0,0
BRDA:13,3,1,0
BRDA:15,4,0,0
BRDA:15,4,1,0
BRDA:16,5,0,0
BRDA:16,5,1,0
BRDA:17,6,0,0
BRDA:17,6,1,0
BRDA:19,7,0,0
BRDA:19,7,1,0
BRDA:23,8,0,0
BRDA:23,8,1,0
BRDA:24,9,0,0
BRDA:24,9,1,0
BRDA:26,10,0,0
BRDA:26,10,1,0
BRDA:33,11,0,0
BRDA:33,11,1,0
BRF:25
BRH:0
end_of_record
TN:
SF:QuestsPure/Manager.ts
FN:5,(anonymous_0)
FN:8,(anonymous_1)
FN:9,(anonymous_2)
FNF:3
FNH:0
FNDA:0,(anonymous_0)
FNDA:0,(anonymous_1)
FNDA:0,(anonymous_2)
DA:2,0
DA:3,0
DA:6,0
DA:8,0
DA:10,0
DA:11,0
DA:14,0
LF:7
LH:0
BRDA:10,0,0,0
BRDA:10,0,1,0
BRF:2
BRH:0
end_of_record
TN:
SF:QuestsPure/cliHarness.ts
FN:3,(anonymous_0)
FN:9,(anonymous_1)
FN:12,(anonymous_2)
FN:14,(anonymous_3)
FN:16,(anonymous_4)
FN:18,simulate
FN:21,(anonymous_6)
FN:51,main
FNF:8
FNH:0
FNDA:0,(anonymous_0)
FNDA:0,(anonymous_1)
FNDA:0,(anonymous_2)
FNDA:0,(anonymous_3)
FNDA:0,(anonymous_4)
FNDA:0,simulate
FNDA:0,(anonymous_6)
FNDA:0,main
DA:3,0
DA:4,0
DA:6,0
DA:7,0
DA:10,0
DA:12,0
DA:13,0
DA:14,0
DA:15,0
DA:16,0
DA:19,0
DA:20,0
DA:21,0
DA:22,0
DA:23,0
DA:24,0
DA:25,0
DA:26,0
DA:27,0
DA:29,0
DA:30,0
DA:32,0
DA:33,0
DA:34,0
DA:35,0
DA:36,0
DA:37,0
DA:38,0
DA:39,0
DA:40,0
DA:42,0
DA:43,0
DA:44,0
DA:45,0
DA:47,0
DA:49,0
DA:52,0
DA:53,0
DA:54,0
DA:55,0
DA:57,0
DA:58,0
DA:59,0
DA:60,0
DA:62,0
DA:63,0
LF:46
LH:0
BRDA:3,0,0,0
BRDA:3,0,1,0
BRDA:3,0,2,0
BRDA:4,1,0,0
BRDA:4,1,1,0
BRDA:4,2,0,0
BRDA:4,2,1,0
BRDA:12,3,0,0
BRDA:12,3,1,0
BRDA:14,4,0,0
BRDA:14,4,1,0
BRDA:25,5,0,0
BRDA:25,5,1,0
BRDA:32,6,0,0
BRDA:32,6,1,0
BRDA:35,7,0,0
BRDA:35,7,1,0
BRDA:36,8,0,0
BRDA:36,8,1,0
BRDA:37,9,0,0
BRDA:37,9,1,0
BRDA:37,10,0,0
BRDA:37,10,1,0
BRDA:38,11,0,0
BRDA:38,11,1,0
BRDA:39,12,0,0
BRDA:39,12,1,0
BRDA:43,13,0,0
BRDA:43,13,1,0
BRDA:44,14,0,0
BRDA:44,14,1,0
BRDA:47,15,0,0
BRDA:47,15,1,0
BRDA:53,16,0,0
BRDA:53,16,1,0
BRDA:58,17,0,0
BRDA:58,17,1,0
BRDA:62,18,0,0
BRDA:62,18,1,0
BRF:39
BRH:0
end_of_record
TN:
SF:RemixTaggingPure/Manager.ts
FN:5,(anonymous_0)
FN:16,(anonymous_1)
FN:19,(anonymous_2)
FN:22,(anonymous_3)
FN:34,(anonymous_4)
FN:47,(anonymous_5)
FN:57,(anonymous_6)
FN:75,(anonymous_7)
FN:94,(anonymous_8)
FN:115,(anonymous_9)
FN:118,(anonymous_10)
FN:133,(anonymous_11)
FN:158,(anonymous_12)
FN:161,(anonymous_13)
FN:164,(anonymous_14)
FN:165,(anonymous_15)
FN:167,(anonymous_16)
FN:170,(anonymous_17)
FN:176,(anonymous_18)
FN:180,(anonymous_19)
FNF:20
FNH:0
FNDA:0,(anonymous_0)
FNDA:0,(anonymous_1)
FNDA:0,(anonymous_2)
FNDA:0,(anonymous_3)
FNDA:0,(anonymous_4)
FNDA:0,(anonymous_5)
FNDA:0,(anonymous_6)
FNDA:0,(anonymous_7)
FNDA:0,(anonymous_8)
FNDA:0,(anonymous_9)
FNDA:0,(anonymous_10)
FNDA:0,(anonymous_11)
FNDA:0,(anonymous_12)
FNDA:0,(anonymous_13)
FNDA:0,(anonymous_14)
FNDA:0,(anonymous_15)
FNDA:0,(anonymous_16)
FNDA:0,(anonymous_17)
FNDA:0,(anonymous_18)
FNDA:0,(anonymous_19)
DA:2,0
DA:3,0
DA:6,0
DA:7,0
DA:8,0
DA:17,0
DA:20,0
DA:24,0
DA:25,0
DA:26,0
DA:27,0
DA:30,0
DA:31,0
DA:34,0
DA:35,0
DA:36,0
DA:38,0
DA:39,0
DA:42,0
DA:43,0
DA:45,0
DA:49,0
DA:55,0
DA:58,0
DA:60,0
DA:64,0
DA:68,0
DA:72,0
DA:76,0
DA:77,0
DA:79,0
DA:80,0
DA:83,0
DA:85,0
DA:87,0
DA:89,0
DA:90,0
DA:93,0
DA:94,0
DA:95,0
DA:96,0
DA:100,0
DA:111,0
DA:112,0
DA:115,0
DA:116,0
DA:118,0
DA:119,0
DA:134,0
DA:136,0
DA:143,0
DA:149,0
DA:155,0
DA:159,0
DA:162,0
DA:165,0
DA:168,0
DA:171,0
DA:176,0
DA:177,0
DA:179,0
DA:180,0
DA:182,0
DA:189,0
LF:64
LH:0
BRDA:5,0,0,0
BRDA:24,1,0,0
BRDA:24,1,1,0
BRDA:26,2,0,0
BRDA:26,2,1,0
BRDA:30,3,0,0
BRDA:30,3,1,0
BRDA:38,4,0,0
BRDA:38,4,1,0
BRDA:42,5,0,0
BRDA:42,5,1,0
BRDA:55,6,0,0
BRDA:55,6,1,0
BRDA:58,7,0,0
BRDA:58,7,1,0
BRDA:58,7,2,0
BRDA:58,7,3,0
BRDA:60,8,0,0
BRDA:60,8,1,0
BRDA:64,9,0,0
BRDA:64,9,1,0
BRDA:68,10,0,0
BRDA:68,10,1,0
BRDA:79,11,0,0
BRDA:79,11,1,0
BRDA:79,12,0,0
BRDA:79,12,1,0
BRDA:83,13,0,0
BRDA:83,13,1,0
BRDA:85,14,0,0
BRDA:85,14,1,0
BRDA:87,15,0,0
BRDA:87,15,1,0
BRDA:89,16,0,0
BRDA:89,16,1,0
BRDA:89,17,0,0
BRDA:89,17,1,0
BRDA:93,18,0,0
BRDA:93,18,1,0
BRDA:95,19,0,0
BRDA:95,19,1,0
BRDA:111,20,0,0
BRDA:111,20,1,0
BRDA:111,21,0,0
BRDA:111,21,1,0
BRDA:115,22,0,0
BRDA:115,22,1,0
BRDA:115,23,0,0
BRDA:115,23,1,0
BRDA:118,24,0,0
BRDA:118,24,1,0
BRDA:118,25,0,0
BRDA:118,25,1,0
BRDA:134,26,0,0
BRDA:134,26,1,0
BRDA:134,26,2,0
BRDA:134,26,3,0
BRDA:159,27,0,0
BRDA:159,27,1,0
BRDA:179,28,0,0
BRDA:179,28,1,0
BRDA:185,29,0,0
BRDA:185,29,1,0
BRF:63
BRH:0
end_of_record
TN:
SF:RemixTaggingPure/cliHarness.ts
FN:2,(anonymous_0)
FN:9,main
FNF:2
FNH:0
FNDA:0,(anonymous_0)
FNDA:0,main
DA:2,0
DA:3,0
DA:5,0
DA:6,0
DA:7,0
DA:8,0
DA:10,0
DA:11,0
DA:12,0
DA:14,0
DA:15,0
[...]
FN:53,(anonymous_5)
FN:82,(anonymous_6)
FNF:7
FNH:0
FNDA:0,round
FNDA:0,roundVec
FNDA:0,runScenario
FNDA:0,upsertBlockBox
FNDA:0,centerFromBox
FNDA:0,(anonymous_5)
FNDA:0,(anonymous_6)
DA:5,0
DA:6,0
DA:7,0
DA:8,0
DA:9,0
DA:10,0
DA:11,0
DA:17,0
DA:18,0
DA:19,0
DA:20,0
DA:21,0
DA:23,0
DA:35,0
DA:37,0
DA:38,0
DA:40,0
DA:42,0
DA:47,0
DA:50,0
DA:53,0
DA:54,0
DA:55,0
DA:56,0
DA:58,0
DA:59,0
DA:60,0
DA:62,0
DA:63,0
DA:65,0
DA:66,0
DA:67,0
DA:69,0
DA:70,0
DA:71,0
DA:73,0
DA:74,0
DA:75,0
DA:76,0
DA:77,0
DA:80,0
DA:81,0
DA:82,0
DA:83,0
DA:85,0
DA:86,0
DA:87,0
DA:88,0
DA:89,0
DA:93,0
DA:94,0
DA:96,0
DA:97,0
DA:98,0
DA:101,0
DA:102,0
DA:103,0
DA:106,0
LF:58
LH:0
BRDA:16,0,0,0
BRDA:17,1,0,0
BRDA:17,1,1,0
BRDA:18,2,0,0
BRDA:18,2,1,0
BRDA:76,3,0,0
BRDA:76,3,1,0
BRDA:76,4,0,0
BRDA:76,4,1,0
BRDA:76,4,2,0
BRDA:76,4,3,0
BRDA:80,5,0,0
BRDA:80,5,1,0
BRDA:83,6,0,0
BRDA:83,6,1,0
BRDA:93,7,0,0
BRDA:93,7,1,0
BRDA:101,8,0,0
BRDA:101,8,1,0
BRF:19
BRH:0
end_of_record
TN:
SF:TopplerDemoPure/cliHarness.ts
FN:5,main
FNF:1
FNH:0
FNDA:0,main
DA:3,0
DA:4,0
DA:6,0
DA:7,0
DA:9,0
DA:10,0
LF:6
LH:0
BRDA:9,0,0,0
BRDA:9,0,1,0
BRF:2
BRH:0
end_of_record
TN:
SF:TutorialScenarioPure/cliHarness.ts
FN:3,(anonymous_0)
FN:9,runScenario
FN:12,(anonymous_2)
FN:13,(anonymous_3)
FN:20,main
FNF:5
FNH:0
FNDA:0,(anonymous_0)
FNDA:0,runScenario
FNDA:0,(anonymous_2)
FNDA:0,(anonymous_3)
FNDA:0,main
DA:3,0
DA:4,0
DA:6,0
DA:7,0
DA:8,0
DA:10,0
DA:12,0
DA:13,0
DA:14,0
DA:15,0
DA:16,0
DA:17,0
DA:18,0
DA:21,0
DA:22,0
DA:23,0
DA:24,0
DA:25,0
DA:26,0
DA:28,0
DA:29,0
DA:31,0
DA:32,0
LF:23
LH:0
BRDA:3,0,0,0
BRDA:3,0,1,0
BRDA:3,0,2,0
BRDA:4,1,0,0
BRDA:4,1,1,0
BRDA:4,2,0,0
BRDA:4,2,1,0
BRDA:13,3,0,0
BRDA:13,3,1,0
BRDA:21,4,0,0
BRDA:21,4,1,0
BRDA:22,5,0,0
BRDA:22,5,1,0
BRDA:24,6,0,0
BRDA:24,6,1,0
BRDA:31,7,0,0
BRDA:31,7,1,0
BRF:17
BRH:0
end_of_record
TN:
SF:UnityBridgePure/Bridge.ts
FN:12,(anonymous_0)
FN:21,(anonymous_1)
FN:61,(anonymous_2)
FN:71,(anonymous_3)
FN:116,(anonymous_4)
FN:153,(anonymous_5)
FN:169,(anonymous_6)
FN:170,(anonymous_7)
FN:181,(anonymous_8)
FN:194,(anonymous_9)
FN:203,(anonymous_10)
FN:204,(anonymous_11)
FN:213,(anonymous_12)
FN:222,(anonymous_13)
FN:229,(anonymous_14)
FNF:15
FNH:0
FNDA:0,(anonymous_0)
FNDA:0,(anonymous_1)
FNDA:0,(anonymous_2)
FNDA:0,(anonymous_3)
FNDA:0,(anonymous_4)
FNDA:0,(anonymous_5)
FNDA:0,(anonymous_6)
FNDA:0,(anonymous_7)
FNDA:0,(anonymous_8)
FNDA:0,(anonymous_9)
FNDA:0,(anonymous_10)
FNDA:0,(anonymous_11)
FNDA:0,(anonymous_12)
FNDA:0,(anonymous_13)
FNDA:0,(anonymous_14)
DA:2,0
DA:3,0
DA:4,0
DA:5,0
DA:6,0
DA:7,0
DA:8,0
DA:9,0
DA:10,0
DA:13,0
DA:14,0
DA:15,0
DA:16,0
DA:17,0
DA:18,0
DA:19,0
DA:22,0
DA:24,0
DA:26,0
DA:27,0
DA:29,0
DA:30,0
DA:32,0
DA:33,0
DA:35,0
DA:36,0
DA:38,0
DA:39,0
DA:41,0
DA:47,0
DA:54,0
DA:62,0
DA:63,0
DA:64,0
DA:65,0
DA:66,0
DA:67,0
DA:69,0
DA:70,0
DA:71,0
DA:72,0
DA:73,0
DA:74,0
DA:76,0
DA:78,0
DA:79,0
DA:80,0
DA:81,0
DA:82,0
DA:84,0
DA:85,0
DA:86,0
DA:87,0
DA:88,0
DA:90,0
DA:96,0
DA:109,0
DA:117,0
DA:119,0
DA:121,0
DA:123,0
DA:124,0
DA:126,0
DA:127,0
DA:129,0
DA:130,0
DA:131,0
DA:133,0
DA:139,0
DA:146,0
DA:154,0
DA:170,0
DA:182,0
DA:195,0
DA:204,0
DA:214,0
DA:224,0
DA:230,0
DA:239,0
LF:79
LH:0
BRDA:24,0,0,0
BRDA:24,0,1,0
BRDA:24,0,2,0
BRDA:24,0,3,0
BRDA:24,0,4,0
BRDA:24,0,5,0
BRDA:57,1,0,0
BRDA:57,1,1,0
BRDA:67,2,0,0
BRDA:67,2,1,0
BRDA:67,2,2,0
BRDA:67,2,3,0
BRDA:70,3,0,0
BRDA:70,3,1,0
BRDA:70,4,0,0
BRDA:70,4,1,0
BRDA:112,5,0,0
BRDA:112,5,1,0
BRDA:121,6,0,0
BRDA:121,6,1,0
BRDA:121,6,2,0
BRDA:121,6,3,0
BRDA:149,7,0,0
BRDA:149,7,1,0
BRDA:158,8,0,0
BRDA:158,8,1,0
BRDA:204,9,0,0
BRDA:204,9,1,0
BRF:28
BRH:0
end_of_record
TN:
SF:UnityBridgePure/cliHarness.ts
FN:2,(anonymous_0)
FN:9,printUsage
FN:31,loadConfig
FN:51,main
FNF:4
FNH:0
FNDA:0,(anonymous_0)
FNDA:0,printUsage
FNDA:0,loadConfig
FNDA:0,main
DA:2,0
DA:3,0
DA:5,0
DA:6,0
DA:7,0
DA:8,0
DA:10,0
DA:32,0
DA:39,0
DA:40,0
DA:42,0
DA:43,0
DA:44,0
DA:47,0
DA:48,0
DA:52,0
DA:53,0
DA:54,0
DA:55,0
DA:57,0
DA:59,0
DA:60,0
DA:62,0
DA:63,0
DA:64,0
DA:66,0
DA:67,0
DA:68,0
DA:69,0
DA:70,0
DA:71,0
DA:72,0
DA:74,0
DA:75,0
DA:76,0
DA:78,0
DA:79,0
DA:80,0
DA:81,0
DA:82,0
DA:83,0
DA:84,0
DA:86,0
DA:87,0
DA:88,0
DA:90,0
DA:91,0
DA:92,0
DA:93,0
DA:94,0
DA:95,0
DA:96,0
DA:98,0
DA:99,0
DA:100,0
DA:102,0
DA:104,0
DA:115,0
DA:117,0
DA:118,0
DA:119,0
DA:122,0
DA:125,0
DA:130,0
DA:131,0
DA:134,0
DA:135,0
LF:67
LH:0
BRDA:2,0,0,0
BRDA:2,0,1,0
BRDA:2,0,2,0
BRDA:3,1,0,0
BRDA:3,1,1,0
BRDA:3,2,0,0
BRDA:3,2,1,0
BRDA:39,3,0,0
BRDA:39,3,1,0
BRDA:53,4,0,0
BRDA:53,4,1,0
BRDA:60,5,0,0
BRDA:60,5,1,0
BRDA:60,5,2,0
BRDA:60,5,3,0
BRDA:60,5,4,0
BRDA:62,6,0,0
BRDA:62,6,1,0
BRDA:74,7,0,0
BRDA:74,7,1,0
BRDA:86,8,0,0
BRDA:86,8,1,0
BRDA:98,9,0,0
BRDA:98,9,1,0
BRDA:128,10,0,0
BRDA:128,10,1,0
BRDA:134,11,0,0
BRDA:134,11,1,0
BRF:28
BRH:0
end_of_record
TN:
SF:ValidationPure/Manager.ts
FN:5,(anonymous_0)
FN:9,(anonymous_1)
FN:10,(anonymous_2)
FN:43,(anonymous_3)
FN:54,(anonymous_4)
FNF:5
FNH:0
FNDA:0,(anonymous_0)
FNDA:0,(anonymous_1)
FNDA:0,(anonymous_2)
FNDA:0,(anonymous_3)
FNDA:0,(anonymous_4)
DA:2,0
DA:3,0
DA:6,0
DA:7,0
DA:9,0
DA:11,0
DA:13,0
DA:14,0
DA:15,0
DA:16,0
DA:19,0
DA:20,0
DA:21,0
DA:22,0
DA:23,0
DA:28,0
DA:29,0
DA:30,0
DA:31,0
DA:32,0
DA:33,0
DA:34,0
DA:35,0
DA:39,0
DA:40,0
DA:41,0
DA:42,0
DA:43,0
DA:44,0
DA:45,0
DA:46,0
DA:51,0
DA:52,0
DA:54,0
DA:56,0
LF:35
LH:0
BRDA:13,0,0,0
BRDA:13,0,1,0
BRDA:14,1,0,0
BRDA:14,1,1,0
BRDA:15,2,0,0
BRDA:15,2,1,0
BRDA:19,3,0,0
BRDA:19,3,1,0
BRDA:20,4,0,0
BRDA:20,4,1,0
BRDA:22,5,0,0
BRDA:22,5,1,0
BRDA:22,6,0,0
BRDA:22,6,1,0
BRDA:28,7,0,0
BRDA:28,7,1,0
BRDA:29,8,0,0
BRDA:29,8,1,0
BRDA:33,9,0,0
BRDA:33,9,1,0
BRDA:33,9,2,0
BRDA:33,9,3,0
BRDA:34,10,0,0
BRDA:34,10,1,0
BRDA:39,11,0,0
BRDA:39,11,1,0
BRDA:40,12,0,0
BRDA:40,12,1,0
BRDA:41,13,0,0
BRDA:41,13,1,0
BRDA:42,14,0,0
BRDA:42,14,1,0
BRDA:43,15,0,0
BRDA:43,15,1,0
BRDA:45,16,0,0
BRDA:45,16,1,0
BRDA:52,17,0,0
BRDA:52,17,1,0
BRF:38
BRH:0
end_of_record
TN:
SF:ValidationPure/cliHarness.ts
FN:3,(anonymous_0)
FN:10,main
FNF:2
FNH:0
FNDA:0,(anonymous_0)
FNDA:0,main
DA:3,0
DA:4,0
DA:6,0
DA:7,0
DA:8,0
DA:9,0
DA:11,0
DA:12,0
DA:13,0
DA:14,0
DA:15,0
DA:16,0
DA:17,0
DA:19,0
DA:22,0
DA:23,0
DA:24,0
DA:25,0
DA:26,0
DA:27,0
DA:28,0
DA:30,0
DA:32,0
DA:33,0
LF:24
LH:0
BRDA:3,0,0,0
BRDA:3,0,1,0
BRDA:3,0,2,0
BRDA:4,1,0,0
BRDA:4,1,1,0
BRDA:4,2,0,0
BRDA:4,2,1,0
BRDA:11,3,0,0
BRDA:11,3,1,0
BRDA:12,4,0,0
BRDA:12,4,1,0
BRDA:13,5,0,0
BRDA:13,5,1,0
BRDA:15,6,0,0
BRDA:15,6,1,0
BRDA:15,7,0,0
BRDA:15,7,1,0
BRDA:19,8,0,0
BRDA:19,8,1,0
BRDA:22,9,0,0
BRDA:22,9,1,0
BRDA:25,10,0,0
BRDA:25,10,1,0
BRDA:27,11,0,0
BRDA:27,11,1,0
BRDA:32,12,0,0
BRDA:32,12,1,0
BRF:27
BRH:0
end_of_record
TN:
SF:WebBridgePure/Bridge.ts
FN:12,(anonymous_0)
FN:21,(anonymous_1)
FN:61,(anonymous_2)
FN:73,(anonymous_3)
FN:125,(anonymous_4)
FN:162,(anonymous_5)
FN:194,(anonymous_6)
FN:195,(anonymous_7)
FN:207,(anonymous_8)
FN:237,(anonymous_9)
FN:246,(anonymous_10)
FN:275,(anonymous_11)
FN:284,(anonymous_12)
FN:291,(anonymous_13)
FNF:14
FNH:0
FNDA:0,(anonymous_0)
FNDA:0,(anonymous_1)
FNDA:0,(anonymous_2)
FNDA:0,(anonymous_3)
FNDA:0,(anonymous_4)
FNDA:0,(anonymous_5)
FNDA:0,(anonymous_6)
FNDA:0,(anonymous_7)
FNDA:0,(anonymous_8)
FNDA:0,(anonymous_9)
FNDA:0,(anonymous_10)
FNDA:0,(anonymous_11)
FNDA:0,(anonymous_12)
FNDA:0,(anonymous_13)
DA:2,0
DA:3,0
DA:4,0
DA:5,0
DA:6,0
DA:7,0
DA:8,0
DA:9,0
DA:10,0
DA:13,0
DA:14,0
DA:15,0
DA:16,0
DA:17,0
DA:18,0
DA:19,0
DA:22,0
DA:24,0
DA:26,0
DA:27,0
DA:29,0
DA:30,0
DA:32,0
DA:33,0
DA:35,0
DA:36,0
DA:38,0
DA:39,0
DA:41,0
DA:47,0
DA:54,0
DA:62,0
DA:63,0
DA:64,0
DA:65,0
DA:66,0
DA:67,0
DA:68,0
DA:69,0
DA:71,0
DA:72,0
DA:73,0
DA:74,0
DA:75,0
DA:76,0
DA:77,0
DA:78,0
DA:80,0
DA:82,0
DA:83,0
DA:84,0
DA:85,0
DA:86,0
DA:87,0
DA:88,0
DA:90,0
DA:91,0
DA:92,0
DA:93,0
DA:94,0
DA:95,0
DA:96,0
DA:98,0
DA:104,0
DA:118,0
DA:126,0
DA:128,0
DA:130,0
DA:132,0
DA:133,0
DA:135,0
DA:136,0
DA:138,0
DA:139,0
DA:140,0
DA:142,0
DA:148,0
DA:155,0
DA:163,0
DA:178,0
DA:179,0
DA:192,0
DA:195,0
DA:208,0
DA:238,0
DA:247,0
DA:276,0
DA:286,0
DA:292,0
DA:302,0
LF:90
LH:0
BRDA:24,0,0,0
BRDA:24,0,1,0
BRDA:24,0,2,0
BRDA:24,0,3,0
BRDA:24,0,4,0
BRDA:24,0,5,0
BRDA:57,1,0,0
BRDA:57,1,1,0
BRDA:69,2,0,0
BRDA:69,2,1,0
BRDA:69,2,2,0
BRDA:69,2,3,0
BRDA:72,3,0,0
BRDA:72,3,1,0
BRDA:72,4,0,0
BRDA:72,4,1,0
BRDA:121,5,0,0
BRDA:121,5,1,0
BRDA:130,6,0,0
BRDA:130,6,1,0
BRDA:130,6,2,0
BRDA:130,6,3,0
BRDA:158,7,0,0
BRDA:158,7,1,0
BRDA:173,8,0,0
BRDA:173,8,1,0
BRDA:178,9,0,0
BRDA:178,9,1,0
BRDA:212,10,0,0
BRDA:212,10,1,0
BRDA:213,11,0,0
BRDA:213,11,1,0
BRDA:219,12,0,0
BRDA:219,12,1,0
BRDA:225,13,0,0
BRDA:225,13,1,0
BRDA:226,14,0,0
BRDA:226,14,1,0
BRDA:232,15,0,0
BRDA:232,15,1,0
BRF:40
BRH:0
end_of_record
TN:
SF:WebBridgePure/cliHarness.ts
FN:2,(anonymous_0)
FN:9,printUsage
FN:31,loadConfig
FN:52,main
FNF:4
FNH:0
FNDA:0,(anonymous_0)
FNDA:0,printUsage
FNDA:0,loadConfig
FNDA:0,main
DA:2,0
DA:3,0
DA:5,0
DA:6,0
DA:7,0
DA:8,0
DA:10,0
DA:32,0
DA:40,0
DA:41,0
DA:43,0
DA:44,0
DA:45,0
DA:48,0
DA:49,0
DA:53,0
DA:54,0
DA:55,0
DA:56,0
DA:58,0
DA:60,0
DA:61,0
DA:63,0
DA:64,0
DA:65,0
DA:67,0
DA:68,0
DA:69,0
DA:70,0
DA:71,0
DA:72,0
DA:73,0
DA:75,0
DA:76,0
DA:77,0
DA:79,0
DA:80,0
DA:81,0
DA:82,0
DA:83,0
DA:84,0
DA:85,0
DA:87,0
DA:88,0
DA:89,0
DA:91,0
DA:92,0
DA:93,0
DA:94,0
DA:95,0
DA:96,0
DA:97,0
DA:99,0
DA:100,0
DA:101,0
DA:103,0
DA:105,0
DA:117,0
DA:119,0
DA:120,0
DA:121,0
DA:124,0
DA:127,0
DA:132,0
DA:133,0
DA:136,0
DA:137,0
LF:67
LH:0
BRDA:2,0,0,0
BRDA:2,0,1,0
BRDA:2,0,2,0
BRDA:3,1,0,0
BRDA:3,1,1,0
BRDA:3,2,0,0
BRDA:3,2,1,0
BRDA:40,3,0,0
BRDA:40,3,1,0
BRDA:54,4,0,0
BRDA:54,4,1,0
BRDA:61,5,0,0
BRDA:61,5,1,0
BRDA:61,5,2,0
BRDA:61,5,3,0
BRDA:61,5,4,0
BRDA:63,6,0,0
BRDA:63,6,1,0
BRDA:75,7,0,0
BRDA:75,7,1,0
BRDA:87,8,0,0
BRDA:87,8,1,0
BRDA:99,9,0,0
BRDA:99,9,1,0
BRDA:130,10,0,0
BRDA:130,10,1,0
BRDA:136,11,0,0
BRDA:136,11,1,0
BRF:28
BRH:0
end_of_record
TN:
SF:WorldEnhancementsPure/cliHarness.ts
FN:3,(anonymous_0)
FN:9,(anonymous_1)
FN:12,(anonymous_2)
FN:13,(anonymous_3)
FN:14,(anonymous_4)
FN:15,(anonymous_5)
FN:18,(anonymous_6)
FN:21,(anonymous_7)
FN:22,(anonymous_8)
FN:25,(anonymous_9)
FN:28,(anonymous_10)
FN:31,(anonymous_11)
FN:34,(anonymous_12)
FN:35,(anonymous_13)
FN:37,run
FN:69,main
FNF:16
FNH:0
FNDA:0,(anonymous_0)
FNDA:0,(anonymous_1)
FNDA:0,(anonymous_2)
FNDA:0,(anonymous_3)
FNDA:0,(anonymous_4)
FNDA:0,(anonymous_5)
FNDA:0,(anonymous_6)
FNDA:0,(anonymous_7)
FNDA:0,(anonymous_8)
FNDA:0,(anonymous_9)
FNDA:0,(anonymous_10)
FNDA:0,(anonymous_11)
FNDA:0,(anonymous_12)
FNDA:0,(anonymous_13)
FNDA:0,run
FNDA:0,main
DA:3,0
DA:4,0
DA:6,0
DA:7,0
DA:10,0
DA:12,0
DA:13,0
DA:14,0
DA:15,0
DA:19,0
DA:21,0
DA:22,0
DA:26,0
DA:28,0
DA:32,0
DA:34,0
DA:38,0
DA:39,0
DA:40,0
DA:41,0
DA:42,0
DA:43,0
DA:44,0
DA:45,0
DA:46,0
DA:47,0
DA:48,0
DA:49,0
DA:50,0
DA:51,0
DA:52,0
DA:54,0
DA:55,0
DA:56,0
DA:58,0
DA:59,0
DA:60,0
DA:62,0
DA:63,0
DA:64,0
DA:67,0
DA:70,0
DA:71,0
DA:72,0
DA:73,0
DA:75,0
DA:76,0
DA:77,0
DA:79,0
DA:80,0
LF:50
LH:0
BRDA:3,0,0,0
BRDA:3,0,1,0
BRDA:3,0,2,0
BRDA:4,1,0,0
BRDA:4,1,1,0
BRDA:4,2,0,0
BRDA:4,2,1,0
BRDA:44,3,0,0
BRDA:44,3,1,0
BRDA:45,4,0,0
BRDA:45,4,1,0
BRDA:47,5,0,0
BRDA:47,5,1,0
BRDA:49,6,0,0
BRDA:49,6,1,0
BRDA:51,7,0,0
BRDA:51,7,1,0
BRDA:54,8,0,0
BRDA:54,8,1,0
BRDA:58,9,0,0
BRDA:58,9,1,0
BRDA:59,10,0,0
BRDA:59,10,1,0
BRDA:60,11,0,0
BRDA:60,11,1,0
BRDA:62,12,0,0
BRDA:62,12,1,0
BRDA:71,13,0,0
BRDA:71,13,1,0
BRDA:79,14,0,0
BRDA:79,14,1,0
BRF:31
BRH:0
end_of_record
TN:
SF:WorldLayoutPure/cliHarness.ts
FN:3,(anonymous_0)
FN:8,run
FN:30,main
FNF:3
FNH:0
FNDA:0,(anonymous_0)
FNDA:0,run
FNDA:0,main
DA:3,0
DA:4,0
DA:6,0
DA:7,0
DA:9,0
DA:10,0
DA:11,0
DA:12,0
DA:13,0
DA:14,0
DA:15,0
DA:17,0
DA:18,0
DA:19,0
DA:20,0
DA:22,0
DA:23,0
DA:24,0
DA:28,0
DA:31,0
DA:32,0
DA:33,0
DA:34,0
DA:36,0
DA:37,0
DA:38,0
DA:40,0
DA:41,0
LF:28
LH:0
BRDA:3,0,0,0
BRDA:3,0,1,0
BRDA:3,0,2,0
BRDA:4,1,0,0
BRDA:4,1,1,0
BRDA:4,2,0,0
BRDA:4,2,1,0
BRDA:13,3,0,0
BRDA:13,3,1,0
BRDA:17,4,0,0
BRDA:17,4,1,0
BRDA:18,5,0,0
BRDA:18,5,1,0
BRDA:22,6,0,0
BRDA:22,6,1,0
BRDA:23,7,0,0
BRDA:23,7,1,0
BRDA:32,8,0,0
BRDA:32,8,1,0
BRDA:40,9,0,0
BRDA:40,9,1,0
BRF:21
BRH:0
end_of_record
TN:
SF:XPLevelingPure/cliHarness.ts
FN:3,(anonymous_0)
FN:9,(anonymous_1)
FN:13,(anonymous_2)
FN:15,(anonymous_3)
FN:16,(anonymous_4)
FN:17,(anonymous_5)
FN:18,(anonymous_6)
FN:20,(anonymous_7)
FN:22,run
FN:47,main
FNF:10
FNH:0
FNDA:0,(anonymous_0)
FNDA:0,(anonymous_1)
FNDA:0,(anonymous_2)
FNDA:0,(anonymous_3)
FNDA:0,(anonymous_4)
FNDA:0,(anonymous_5)
FNDA:0,(anonymous_6)
FNDA:0,(anonymous_7)
FNDA:0,run
FNDA:0,main
DA:3,0
DA:4,0
DA:6,0
DA:7,0
DA:10,0
DA:11,0
DA:13,0
DA:14,0
DA:15,0
DA:16,0
DA:17,0
DA:18,0
DA:19,0
DA:20,0
DA:23,0
DA:24,0
DA:25,0
DA:26,0
DA:27,0
DA:28,0
DA:30,0
DA:31,0
DA:32,0
DA:34,0
DA:35,0
DA:37,0
DA:38,0
DA:40,0
DA:41,0
DA:42,0
DA:45,0
DA:47,0
DA:48,0
DA:49,0
DA:50,0
DA:51,0
DA:52,0
LF:37
LH:0
BRDA:3,0,0,0
BRDA:3,0,1,0
BRDA:3,0,2,0
BRDA:4,1,0,0
BRDA:4,1,1,0
BRDA:4,2,0,0
BRDA:4,2,1,0
BRDA:15,3,0,0
BRDA:15,3,1,0
BRDA:15,4,0,0
BRDA:15,4,1,0
BRDA:16,5,0,0
BRDA:16,5,1,0
BRDA:17,6,0,0
BRDA:17,6,1,0
BRDA:17,7,0,0
BRDA:17,7,1,0
BRDA:18,8,0,0
BRDA:18,8,1,0
BRDA:18,9,0,0
BRDA:18,9,1,0
BRDA:18,10,0,0
BRDA:18,10,1,0
BRDA:19,11,0,0
BRDA:19,11,1,0
BRDA:26,12,0,0
BRDA:26,12,1,0
BRDA:30,13,0,0
BRDA:30,13,1,0
BRDA:34,14,0,0
BRDA:34,14,1,0
BRDA:37,15,0,0
BRDA:37,15,1,0
BRDA:40,16,0,0
BRDA:40,16,1,0
BRDA:47,17,0,0
BRDA:47,17,1,0
BRDA:51,18,0,0
BRDA:51,18,1,0
BRF:39
BRH:0
end_of_record
TN:
SF:cli/miff-diff.ts
FN:3,(anonymous_0)
FN:9,diffEvents
FN:19,diffObjects
FN:32,main
FNF:4
FNH:0
FNDA:0,(anonymous_0)
FNDA:0,diffEvents
FNDA:0,diffObjects
FNDA:0,main
DA:3,0
DA:4,0
DA:6,0
DA:7,0
DA:8,0
DA:10,0
DA:11,0
DA:12,0
DA:13,0
DA:14,0
DA:15,0
DA:17,0
DA:20,0
DA:21,0
DA:22,0
DA:23,0
DA:24,0
DA:25,0
DA:26,0
DA:27,0
DA:28,0
DA:30,0
DA:33,0
DA:34,0
DA:35,0
DA:36,0
DA:37,0
DA:39,0
DA:40,0
DA:41,0
DA:42,0
DA:43,0
DA:44,0
DA:45,0
DA:46,0
DA:48,0
DA:49,0
LF:37
LH:0
BRDA:3,0,0,0
BRDA:3,0,1,0
BRDA:3,0,2,0
BRDA:4,1,0,0
BRDA:4,1,1,0
BRDA:4,2,0,0
BRDA:4,2,1,0
BRDA:9,3,0,0
BRDA:9,4,0,0
BRDA:14,5,0,0
BRDA:14,5,1,0
BRDA:19,6,0,0
BRDA:19,7,0,0
BRDA:19,8,0,0
BRDA:20,9,0,0
BRDA:20,9,1,0
BRDA:20,10,0,0
BRDA:20,10,1,0
BRDA:24,11,0,0
BRDA:24,11,1,0
BRDA:25,12,0,0
BRDA:25,12,1,0
BRDA:25,13,0,0
BRDA:25,13,1,0
BRDA:25,13,2,0
BRDA:25,13,3,0
BRDA:27,14,0,0
BRDA:27,14,1,0
BRDA:35,15,0,0
BRDA:35,15,1,0
BRDA:35,16,0,0
BRDA:35,16,1,0
BRDA:41,17,0,0
BRDA:41,17,1,0
BRDA:42,18,0,0
BRDA:42,18,1,0
BRDA:43,19,0,0
BRDA:43,19,1,0
BRDA:44,20,0,0
BRDA:44,20,1,0
BRDA:48,21,0,0
BRDA:48,21,1,0
BRF:42
BRH:0
end_of_record
TN:
SF:cli/miff-init.ts
FN:3,(anonymous_0)
FN:9,main
FNF:2
FNH:0
FNDA:0,(anonymous_0)
FNDA:0,main
DA:3,0
DA:4,0
DA:6,0
DA:7,0
DA:8,0
DA:10,0
DA:11,0
DA:12,0
DA:13,0
DA:14,0
DA:21,0
DA:22,0
DA:28,0
DA:29,0
DA:31,0
DA:32,0
DA:44,0
DA:45,0
DA:46,0
DA:48,0
DA:49,0
LF:21
LH:0
BRDA:3,0,0,0
BRDA:3,0,1,0
BRDA:3,0,2,0
BRDA:4,1,0,0
BRDA:4,1,1,0
BRDA:4,2,0,0
BRDA:4,2,1,0
BRDA:10,3,0,0
BRDA:10,3,1,0
BRDA:11,4,0,0
BRDA:11,4,1,0
BRDA:14,5,0,0
BRDA:14,5,1,0
BRDA:16,6,0,0
BRDA:16,6,1,0
BRDA:48,7,0,0
BRDA:48,7,1,0
BRF:17
BRH:0
end_of_record
TN:
SF:cli/miff-simulate.ts
FN:3,(anonymous_0)
FN:9,parseArgs
FN:26,simulate
FN:32,main
FNF:4
FNH:0
FNDA:0,(anonymous_0)
FNDA:0,parseArgs
FNDA:0,simulate
FNDA:0,main
DA:3,0
DA:4,0
DA:6,0
DA:7,0
DA:8,0
DA:10,0
DA:11,0
DA:12,0
DA:13,0
DA:14,0
DA:15,0
DA:16,0
DA:17,0
DA:18,0
DA:20,0
DA:21,0
DA:24,0
DA:28,0
DA:29,0
DA:30,0
DA:33,0
DA:34,0
DA:35,0
DA:36,0
DA:37,0
DA:38,0
DA:40,0
DA:41,0
DA:42,0
DA:43,0
DA:45,0
DA:46,0
LF:32
LH:0
BRDA:3,0,0,0
BRDA:3,0,1,0
BRDA:3,0,2,0
BRDA:4,1,0,0
BRDA:4,1,1,0
BRDA:4,2,0,0
BRDA:4,2,1,0
BRDA:13,3,0,0
BRDA:13,3,1,0
BRDA:15,4,0,0
BRDA:15,4,1,0
BRDA:17,5,0,0
BRDA:17,5,1,0
BRDA:20,6,0,0
BRDA:20,6,1,0
BRDA:28,7,0,0
BRDA:28,7,1,0
BRDA:34,8,0,0
BRDA:34,8,1,0
BRDA:36,9,0,0
BRDA:36,9,1,0
BRDA:41,10,0,0
BRDA:41,10,1,0
BRDA:45,11,0,0
BRDA:45,11,1,0
BRF:25
BRH:0
end_of_record
TN:
SF:zones_pure/ZoneManager.ts
FN:5,(anonymous_0)
FN:12,(anonymous_1)
FN:16,(anonymous_2)
FN:20,(anonymous_3)
FN:24,(anonymous_4)
FN:27,(anonymous_5)
FN:32,(anonymous_6)
FN:38,(anonymous_7)
FN:52,(anonymous_8)
FN:64,(anonymous_9)
FN:71,(anonymous_10)
FN:80,(anonymous_11)
FN:108,(anonymous_12)
FN:134,(anonymous_13)
FNF:14
FNH:0
FNDA:0,(anonymous_0)
FNDA:0,(anonymous_1)
FNDA:0,(anonymous_2)
FNDA:0,(anonymous_3)
FNDA:0,(anonymous_4)
FNDA:0,(anonymous_5)
FNDA:0,(anonymous_6)
FNDA:0,(anonymous_7)
FNDA:0,(anonymous_8)
FNDA:0,(anonymous_9)
FNDA:0,(anonymous_10)
FNDA:0,(anonymous_11)
FNDA:0,(anonymous_12)
FNDA:0,(anonymous_13)
DA:2,0
DA:3,0
DA:6,0
DA:7,0
DA:8,0
DA:9,0
DA:10,0
DA:13,0
DA:14,0
DA:17,0
DA:18,0
DA:21,0
DA:22,0
DA:25,0
DA:28,0
DA:29,0
DA:30,0
DA:33,0
DA:34,0
DA:35,0
DA:36,0
DA:39,0
DA:40,0
DA:41,0
DA:42,0
DA:43,0
DA:47,0
DA:48,0
DA:49,0
DA:53,0
DA:54,0
DA:55,0
DA:56,0
DA:57,0
DA:58,0
DA:59,0
DA:60,0
DA:61,0
DA:65,0
DA:66,0
DA:67,0
DA:68,0
DA:69,0
DA:72,0
DA:73,0
DA:74,0
DA:76,0
DA:77,0
DA:78,0
DA:81,0
DA:82,0
DA:83,0
DA:84,0
DA:85,0
DA:87,0
DA:88,0
DA:89,0
DA:90,0
DA:91,0
DA:92,0
DA:93,0
DA:94,0
DA:96,0
DA:97,0
DA:98,0
DA:99,0
DA:100,0
DA:102,0
DA:103,0
DA:106,0
DA:109,0
DA:110,0
DA:111,0
DA:112,0
DA:114,0
DA:115,0
DA:116,0
DA:117,0
DA:119,0
DA:120,0
DA:121,0
DA:123,0
DA:124,0
DA:125,0
DA:127,0
DA:128,0
DA:129,0
DA:130,0
DA:135,0
DA:138,0
LF:90
LH:0
BRDA:5,0,0,0
BRDA:33,1,0,0
BRDA:33,1,1,0
BRDA:39,2,0,0
BRDA:39,2,1,0
BRDA:41,3,0,0
BRDA:41,3,1,0
BRDA:41,4,0,0
BRDA:41,4,1,0
BRDA:48,5,0,0
BRDA:48,5,1,0
BRDA:48,6,0,0
BRDA:48,6,1,0
BRDA:54,7,0,0
BRDA:54,7,1,0
BRDA:56,8,0,0
BRDA:56,8,1,0
BRDA:56,9,0,0
BRDA:56,9,1,0
BRDA:56,9,2,0
BRDA:58,10,0,0
BRDA:58,10,1,0
BRDA:58,11,0,0
BRDA:58,11,1,0
BRDA:58,11,2,0
BRDA:60,12,0,0
BRDA:60,12,1,0
BRDA:65,13,0,0
BRDA:65,13,1,0
BRDA:65,14,0,0
BRDA:65,14,1,0
BRDA:65,14,2,0
BRDA:65,14,3,0
BRDA:67,15,0,0
BRDA:67,15,1,0
BRDA:67,16,0,0
BRDA:67,16,1,0
BRDA:67,16,2,0
BRDA:72,17,0,0
BRDA:72,17,1,0
BRDA:72,18,0,0
BRDA:72,18,1,0
BRDA:76,19,0,0
BRDA:76,19,1,0
BRDA:82,20,0,0
BRDA:82,20,1,0
BRDA:83,21,0,0
BRDA:83,21,1,0
BRDA:84,22,0,0
BRDA:84,22,1,0
BRDA:87,23,0,0
BRDA:87,23,1,0
BRDA:89,24,0,0
BRDA:89,24,1,0
BRDA:91,25,0,0
BRDA:91,25,1,0
BRDA:91,26,0,0
BRDA:91,26,1,0
BRDA:93,27,0,0
BRDA:93,27,1,0
BRDA:93,28,0,0
BRDA:93,28,1,0
BRDA:96,29,0,0
BRDA:96,29,1,0
BRDA:98,30,0,0
BRDA:98,30,1,0
BRDA:99,31,0,0
BRDA:99,31,1,0
BRDA:102,32,0,0
BRDA:102,32,1,0
BRDA:102,33,0,0
BRDA:102,33,1,0
BRDA:102,33,2,0
BRDA:102,33,3,0
BRDA:110,34,0,0
BRDA:110,34,1,0
BRDA:114,35,0,0
BRDA:114,35,1,0
BRDA:115,36,0,0
BRDA:115,36,1,0
BRDA:119,37,0,0
BRDA:119,37,1,0
BRDA:121,38,0,0
BRDA:121,38,1,0
BRDA:121,39,0,0
BRDA:121,39,1,0
BRDA:123,40,0,0
BRDA:123,40,1,0
BRDA:127,41,0,0
BRDA:127,41,1,0
BRDA:129,42,0,0
BRDA:129,42,1,0
BRDA:130,43,0,0
BRDA:130,43,1,0
BRF:94
BRH:0
end_of_record
TN:
SF:zones_pure/harness.ts
FN:3,(anonymous_0)
FN:10,main
FN:23,(anonymous_2)
FN:24,(anonymous_3)
FN:26,(anonymous_4)
FN:27,(anonymous_5)
FN:30,(anonymous_6)
FN:38,(anonymous_7)
FN:41,(anonymous_8)
FN:45,(anonymous_9)
FN:68,(anonymous_10)
FN:69,(anonymous_11)
FNF:12
FNH:0
FNDA:0,(anonymous_0)
FNDA:0,main
FNDA:0,(anonymous_2)
FNDA:0,(anonymous_3)
FNDA:0,(anonymous_4)
FNDA:0,(anonymous_5)
FNDA:0,(anonymous_6)
FNDA:0,(anonymous_7)
FNDA:0,(anonymous_8)
FNDA:0,(anonymous_9)
FNDA:0,(anonymous_10)
FNDA:0,(anonymous_11)
DA:3,0
DA:4,0
DA:6,0
DA:7,0
DA:8,0
DA:9,0
DA:11,0
DA:12,0
DA:13,0
DA:14,0
DA:16,0
DA:17,0
DA:19,0
DA:20,0
DA:21,0
DA:22,0
DA:23,0
DA:24,0
DA:26,0
DA:27,0
DA:31,0
DA:32,0
DA:33,0
DA:34,0
DA:35,0
DA:36,0
DA:38,0
DA:42,0
DA:43,0
DA:46,0
DA:47,0
DA:51,0
DA:52,0
DA:53,0
DA:54,0
DA:55,0
DA:56,0
DA:57,0
DA:58,0
DA:59,0
DA:60,0
DA:61,0
DA:62,0
DA:63,0
DA:65,0
DA:68,0
DA:69,0
DA:72,0
DA:74,0
DA:75,0
LF:50
LH:0
BRDA:3,0,0,0
BRDA:3,0,1,0
BRDA:3,0,2,0
BRDA:4,1,0,0
BRDA:4,1,1,0
BRDA:4,2,0,0
BRDA:4,2,1,0
BRDA:12,3,0,0
BRDA:12,3,1,0
BRDA:26,4,0,0
BRDA:26,4,1,0
BRDA:27,5,0,0
BRDA:27,5,1,0
BRDA:31,6,0,0
BRDA:31,6,1,0
BRDA:32,7,0,0
BRDA:32,7,1,0
BRDA:34,8,0,0
BRDA:34,8,1,0
BRDA:46,9,0,0
BRDA:46,9,1,0
BRDA:46,10,0,0
BRDA:46,10,1,0
BRDA:52,11,0,0
BRDA:52,11,1,0
BRDA:54,12,0,0
BRDA:54,12,1,0
BRDA:56,13,0,0
BRDA:56,13,1,0
BRDA:58,14,0,0
BRDA:58,14,1,0
BRDA:60,15,0,0
BRDA:60,15,1,0
BRDA:62,16,0,0
BRDA:62,16,1,0
BRDA:74,17,0,0
BRDA:74,17,1,0
BRF:37
BRH:0
end_of_record
